Log file open, 03/30/17 10:42:38
LogInit:Display: Running engine for game: Beauftragte
LogPlatformFile: Not using cached read wrapper
LogInit:Display: RandInit(679018424) SRandInit(679018424).
LogTaskGraph: Started task graph with 5 named threads and 8 total threads with 1 sets of task threads.
LogStats: Stats thread started at 0.079136
LogInit: Using libcurl 7.47.1
LogInit:  - built for x86_64-pc-win32
LogInit:  - supports SSL with OpenSSL/1.0.2g
LogInit:  - supports HTTP deflate (compression) using libz 1.2.8
LogInit:  - other features:
LogInit:      CURL_VERSION_SSL
LogInit:      CURL_VERSION_LIBZ
LogInit:      CURL_VERSION_IPV6
LogInit:      CURL_VERSION_ASYNCHDNS
LogInit:      CURL_VERSION_LARGEFILE
LogInit:      CURL_VERSION_IDN
LogInit:  CurlRequestOptions (configurable via config and command line):
LogInit:  - bVerifyPeer = false  - Libcurl will NOT verify peer certificate
LogInit:  - bUseHttpProxy = false  - Libcurl will NOT use HTTP proxy
LogInit:  - bDontReuseConnections = false  - Libcurl will reuse connections
LogInit:  - CertBundlePath = nullptr  - Libcurl will use whatever was configured at build time.
LogInit: Build: ++UE4+Release-4.15-CL-3348071
LogInit: Engine Version: 4.15.1-3348071+++UE4+Release-4.15
LogInit: Compatible Engine Version: 4.15.0-3299760+++UE4+Release-4.15
LogInit: Net CL: 3299760
LogDevObjectVersion: Number of dev versions registered: 14
LogDevObjectVersion:   Dev-Blueprints (B0D832E4-1F89-4F0D-ACCF-7EB736FD4AA2): 8
LogDevObjectVersion:   Dev-Build (E1C64328-A22C-4D53-A36C-8E866417BD8C): 0
LogDevObjectVersion:   Dev-Core (375EC13C-06E4-48FB-B500-84F0262A717E): 2
LogDevObjectVersion:   Dev-Editor (E4B068ED-F494-42E9-A231-DA0B2E46BB41): 14
LogDevObjectVersion:   Dev-Framework (CFFC743F-43B0-4480-9391-14DF171D2073): 22
LogDevObjectVersion:   Dev-Mobile (B02B49B5-BB20-44E9-A304-32B752E40360): 0
LogDevObjectVersion:   Dev-Networking (A4E4105C-59A1-49B5-A7C5-40C4547EDFEE): 0
LogDevObjectVersion:   Dev-Online (39C831C9-5AE6-47DC-9A44-9C173E1C8E7C): 0
LogDevObjectVersion:   Dev-Physics (78F01B33-EBEA-4F98-B9B4-84EACCB95AA2): 0
LogDevObjectVersion:   Dev-Platform (6631380F-2D4D-43E0-8009-CF276956A95A): 0
LogDevObjectVersion:   Dev-Rendering (12F88B9F-8875-4AFC-A67C-D90C383ABD29): 12
LogDevObjectVersion:   Dev-Sequencer (7B5AE74C-D270-4C10-A958-57980B212A5A): 3
LogDevObjectVersion:   Dev-VR (D7296918-1DD6-4BDD-9DE2-64A83CC13884): 0
LogDevObjectVersion:   Dev-LoadTimes (C2A15278-BFE7-4AFE-6C17-90FF531DF755): 1
LogInit: Compiled (64-bit): Mar 15 2017 16:52:47
LogInit: Compiled with Visual C++: 19.00.23026.00
LogInit: Build Configuration: Development
LogInit: Branch Name: ++UE4+Release-4.15
LogInit: Command line: -EpicPortal 
LogInit: Base directory: C:/Program Files/Epic Games/UE_4.15/Engine/Binaries/Win64/
LogInit: Installed Engine Build: 1
LogInit: Presizing for max 8388607 objects, including 0 objects not considered by GC, pre-allocating 0 bytes for permanent pool.
LogInit: Object subsystem initialized
[2017.03.30-08.42.39:835][  0]LogInit: Selected Device Profile: [Windows]
[2017.03.30-08.42.39:835][  0]LogInit: Applying CVar settings loaded from the selected device profile: [Windows]
[2017.03.30-08.42.39:847][  0]LogInit: Computer: XARANA-PC
[2017.03.30-08.42.39:847][  0]LogInit: User: Xarana
[2017.03.30-08.42.39:847][  0]LogInit: CPU Page size=65536, Cores=4
[2017.03.30-08.42.39:847][  0]LogInit: High frequency timer resolution =2.742919 MHz
[2017.03.30-08.42.39:847][  0]LogMemory: Memory total: Physical=12.0GB (12GB approx)
[2017.03.30-08.42.39:847][  0]LogMemory: Platform Memory Stats for Windows
[2017.03.30-08.42.39:847][  0]LogMemory: Process Physical Memory: 263.48 MB used, 263.48 MB peak
[2017.03.30-08.42.39:847][  0]LogMemory: Process Virtual Memory: 264.10 MB used, 264.10 MB peak
[2017.03.30-08.42.39:847][  0]LogMemory: Physical Memory: 5101.25 MB used,  7184.80 MB free, 12286.05 MB total
[2017.03.30-08.42.39:847][  0]LogMemory: Virtual Memory: 632.63 MB used,  7184.80 MB free, 8388608.00 MB total
[2017.03.30-08.42.39:950][  0]LogTextLocalizationManager: No translations for ('de-DE') exist, falling back to 'en' for localization and internationalization data.
[2017.03.30-08.42.40:789][  0]LogD3D11RHI: D3D11 adapters:
[2017.03.30-08.42.40:805][  0]LogD3D11RHI:    0. 'NVIDIA GeForce GTX 550 Ti' (Feature Level 11_0)
[2017.03.30-08.42.40:805][  0]LogD3D11RHI:       977/0/3071 MB DedicatedVideo/DedicatedSystem/SharedSystem, Outputs:1, VendorId:0x10de
[2017.03.30-08.42.40:805][  0]LogD3D11RHI: Chosen D3D11 Adapter: 0
[2017.03.30-08.42.40:808][  0]LogD3D11RHI: Creating new Direct3DDevice
[2017.03.30-08.42.40:808][  0]LogD3D11RHI:     GPU DeviceId: 0x1244 (for the marketing name, search the web for "GPU Device Id")
[2017.03.30-08.42.40:808][  0]LogWindows: EnumDisplayDevices:
[2017.03.30-08.42.40:808][  0]LogWindows:    0. 'NVIDIA GeForce GTX 550 Ti' (P:1 D:1)
[2017.03.30-08.42.40:809][  0]LogWindows:    1. 'NVIDIA GeForce GTX 550 Ti' (P:0 D:0)
[2017.03.30-08.42.40:809][  0]LogWindows:    2. 'RDPDD Chained DD' (P:0 D:0)
[2017.03.30-08.42.40:809][  0]LogWindows:    3. 'RDP Encoder Mirror Driver' (P:0 D:0)
[2017.03.30-08.42.40:809][  0]LogWindows:    4. 'RDP Reflector Display Driver' (P:0 D:0)
[2017.03.30-08.42.40:809][  0]LogWindows: DebugString: GetVideoDriverDetailsInvalid PrimaryIsNotTheChoosenAdapter GetVideoDriverDetailsInvalid PrimaryIsNotTheChoosenAdapter GetVideoDriverDetailsInvalid PrimaryIsNotTheChoosenAdapter FoundDriverCount:2 
[2017.03.30-08.42.40:809][  0]LogD3D11RHI:     Adapter Name: NVIDIA GeForce GTX 550 Ti
[2017.03.30-08.42.40:809][  0]LogD3D11RHI:   Driver Version: 361.43 (internal:10.18.13.6143, unified:361.43)
[2017.03.30-08.42.40:809][  0]LogD3D11RHI:      Driver Date: 12-16-2015
[2017.03.30-08.42.40:809][  0]LogRHI: Texture pool is 684 MB (70% of 977 MB)
[2017.03.30-08.42.40:817][  0]LogD3D11RHI:Warning: Timestamp queries are currently disabled on this hardware due to instability. Realtime GPU stats will not be available. You can override this behaviour by setting r.NVIDIATimestampWorkaround to 0
[2017.03.30-08.42.40:817][  0]LogD3D11RHI: NvAPI_D3D_GetCurrentSLIState failed: 0xfffffff7
[2017.03.30-08.42.40:817][  0]LogD3D11RHI: Async texture creation enabled
[2017.03.30-08.42.40:834][  0]LogD3D11RHI: GPU Timing Frequency: 1000.000000 (Debug: 2 2)
[2017.03.30-08.42.40:835][  0]LogShaderCompilers: Guid format shader working directory is -27 characters bigger than the processId version (../../../../../../Users/Xarana/Desktop/Die Beauftragten_GITHUB/Beauftragte/Intermediate/Shaders/WorkingDirectory/3524/).
[2017.03.30-08.42.40:836][  0]LogShaderCompilers: Cleaned the shader compiler working directory 'C:/Users/Xarana/AppData/Local/Temp/UnrealShaderWorkingDir/956253A841D41EC65A4D90A1D703ABF9/'.
[2017.03.30-08.42.40:836][  0]LogShaderCompilers:Display: Using Local Shader Compiler.
[2017.03.30-08.42.42:408][  0]LogTemp:Display: Loaded TP AllDesktopTargetPlatform
[2017.03.30-08.42.42:494][  0]LogTemp:Display: Loaded TP MacClientTargetPlatform
[2017.03.30-08.42.42:571][  0]LogTemp:Display: Loaded TP MacNoEditorTargetPlatform
[2017.03.30-08.42.42:650][  0]LogTemp:Display: Loaded TP MacServerTargetPlatform
[2017.03.30-08.42.42:728][  0]LogTemp:Display: Loaded TP MacTargetPlatform
[2017.03.30-08.42.42:804][  0]LogTemp:Display: Loaded TP WindowsClientTargetPlatform
[2017.03.30-08.42.42:884][  0]LogTemp:Display: Loaded TP WindowsNoEditorTargetPlatform
[2017.03.30-08.42.42:958][  0]LogTemp:Display: Loaded TP WindowsServerTargetPlatform
[2017.03.30-08.42.43:022][  0]LogTemp:Display: Loaded TP WindowsTargetPlatform
[2017.03.30-08.42.43:105][  0]LogTemp:Display: Loaded TP AndroidTargetPlatform
[2017.03.30-08.42.43:183][  0]LogTemp:Display: Loaded TP Android_ASTCTargetPlatform
[2017.03.30-08.42.43:258][  0]LogTemp:Display: Loaded TP Android_ATCTargetPlatform
[2017.03.30-08.42.43:335][  0]LogTemp:Display: Loaded TP Android_DXTTargetPlatform
[2017.03.30-08.42.43:417][  0]LogTemp:Display: Loaded TP Android_ETC1TargetPlatform
[2017.03.30-08.42.43:498][  0]LogTemp:Display: Loaded TP Android_ETC2TargetPlatform
[2017.03.30-08.42.43:653][  0]LogTemp:Display: Loaded TP Android_MultiTargetPlatform
[2017.03.30-08.42.43:653][  0]LogTemp:Display: Loaded TP Android_PVRTCTargetPlatform
[2017.03.30-08.42.43:702][  0]LogTemp:Display: Loaded TP HTML5TargetPlatform
[2017.03.30-08.42.43:823][  0]LogTemp:Display: Loaded TP IOSTargetPlatform
[2017.03.30-08.42.43:872][  0]LogTemp:Display: Loaded TP TVOSTargetPlatform
[2017.03.30-08.42.43:948][  0]LogTemp:Display: Loaded TP LinuxClientTargetPlatform
[2017.03.30-08.42.44:023][  0]LogTemp:Display: Loaded TP LinuxNoEditorTargetPlatform
[2017.03.30-08.42.44:095][  0]LogTemp:Display: Loaded TP LinuxServerTargetPlatform
[2017.03.30-08.42.44:179][  0]LogTemp:Display: Loaded TP LinuxTargetPlatform
[2017.03.30-08.42.44:179][  0]LogTargetPlatformManager:Display: Building Assets For Windows
[2017.03.30-08.42.44:677][  0]LogDerivedDataCache:Display: Max Cache Size: 512 MB
[2017.03.30-08.42.44:753][  0]LogDerivedDataCache: Loaded boot cache 0.08s 50MB C:/Users/Xarana/AppData/Local/UnrealEngine/4.15/DerivedDataCache/Boot.ddc.
[2017.03.30-08.42.44:753][  0]LogDerivedDataCache:Display: Loaded Boot cache: C:/Users/Xarana/AppData/Local/UnrealEngine/4.15/DerivedDataCache/Boot.ddc
[2017.03.30-08.42.44:753][  0]LogDerivedDataCache: FDerivedDataBackendGraph:  Pak pak cache file ../../../../../../Users/Xarana/Desktop/Die Beauftragten_GITHUB/Beauftragte/DerivedDataCache/DDC.ddp not found, will not use a pak cache.
[2017.03.30-08.42.44:753][  0]LogDerivedDataCache: Unable to find inner node Pak for hierarchical cache Hierarchy.
[2017.03.30-08.42.44:753][  0]LogDerivedDataCache: FDerivedDataBackendGraph:  CompressedPak pak cache file ../../../../../../Users/Xarana/Desktop/Die Beauftragten_GITHUB/Beauftragte/DerivedDataCache/Compressed.ddp not found, will not use a pak cache.
[2017.03.30-08.42.44:753][  0]LogDerivedDataCache: Unable to find inner node CompressedPak for hierarchical cache Hierarchy.
[2017.03.30-08.42.44:782][  0]LogDerivedDataCache:Display: Pak cache opened for reading ../../../Engine/DerivedDataCache/Compressed.ddp.
[2017.03.30-08.42.44:793][  0]LogDerivedDataCache: Using Local data cache path C:/Users/Xarana/AppData/Local/UnrealEngine/Common/DerivedDataCache: Writable
[2017.03.30-08.42.44:805][  0]LogSlate: Using Freetype 2.6.0
[2017.03.30-08.42.44:806][  0]LogSlate: SlateFontCache - WITH_FREETYPE: 1, WITH_HARFBUZZ: 1
[2017.03.30-08.42.44:806][  0]LogSlate: SlateFontCache - WITH_FREETYPE: 1, WITH_HARFBUZZ: 1
[2017.03.30-08.42.45:215][  0]LogInit: Selected Device Profile: [Windows]
[2017.03.30-08.42.45:220][  0]LogContentStreaming: Texture pool size is 0.00 MB
[2017.03.30-08.42.45:485][  0]LogMeshUtilities: Using QuadricMeshReduction for automatic static mesh reduction
[2017.03.30-08.42.45:532][  0]LogSimplygon: Simplygon DLL not present - disabling.
[2017.03.30-08.42.45:584][  0]LogMeshUtilities: Using SimplygonSwarm for distributed automatic mesh merging
[2017.03.30-08.42.45:584][  0]LogMeshUtilities: No automatic skeletal mesh reduction module available
[2017.03.30-08.42.45:584][  0]LogMeshUtilities: No automatic mesh merging module available
[2017.03.30-08.42.46:271][  0]LogNetVersion: GetLocalNetworkVersion: CL: 3299760, ProjectName: beauftragte, ProjectVersion: , EngineNetworkVersion: 2, GameNetworkVersion: 0, NetworkChecksum: 1917097569
[2017.03.30-08.42.46:320][  0]LogAssetRegistry: FAssetRegistry took 0.0203 seconds to start up
[2017.03.30-08.42.46:355][  0]LogPackageLocalizationCache: Processed 3 localized package path(s) for 1 prioritized culture(s) in 0.012276 seconds
[2017.03.30-08.42.46:363][  0]LogUObjectArray: 32493 objects as part of root set at end of initial load.
[2017.03.30-08.42.46:363][  0]LogUObjectAllocator: 7077032 out of 0 bytes used by permanent object pool.
[2017.03.30-08.42.46:363][  0]LogUObjectArray: CloseDisregardForGC: 0/0 objects in disregard for GC pool
[2017.03.30-08.42.46:436][  0]LogInit: WinSock: version 1.1 (2.2), MaxSocks=32767, MaxUdp=65467
[2017.03.30-08.42.47:918][  0]LogWmfMedia: Failed to load mf.dll
[2017.03.30-08.42.47:918][  0]LogWmfMedia: Failed to load required Windows Media Foundation libraries
[2017.03.30-08.42.47:967][  0]LogWindowsMoviePlayer: Could not load mf.dll. Library not found.
[2017.03.30-08.42.47:967][  0]LogWindowsMoviePlayer: Could not load mfplat.dll. Library not found.
[2017.03.30-08.42.47:967][  0]LogWindowsMoviePlayer: Could not load mfplay.dll. Library not found.
[2017.03.30-08.42.48:293][  0]LogTcpMessaging: Initializing TcpMessaging bridge
[2017.03.30-08.42.48:332][  0]LogUdpMessaging: Initializing bridge on interface 0.0.0.0:0 to multicast group 230.0.0.1:6666.
[2017.03.30-08.42.48:854][  0]LogMaterial: Uniform references updated for custom material expression Custom.
[2017.03.30-08.42.49:307][  0]SourceControl: Info Source control is disabled
[2017.03.30-08.42.49:308][  0]SourceControl: Info Source control is disabled
[2017.03.30-08.42.49:360][  0]SourceControl: Info Source control is disabled
[2017.03.30-08.42.49:411][  0]SourceControl: Info Source control is disabled
[2017.03.30-08.42.50:789][  0]LogEngine: Initializing Engine...
[2017.03.30-08.42.50:789][  0]LogHMD: Failed to initialize OpenVR with code 110
[2017.03.30-08.42.51:079][  0]LogAIModule: Creating AISystem for world Untitled
[2017.03.30-08.42.51:090][  0]LogInit: XAudio2 using 'Speakers (High Definition Audio Device)' : 2 channels at 44.1 kHz using 16 bits per sample (channel mask 0x3)
[2017.03.30-08.42.51:098][  0]LogInit: FAudioDevice initialized.
[2017.03.30-08.42.51:130][  0]LogDerivedDataCache: Saved boot cache 0.03s 50MB C:/Users/Xarana/AppData/Local/UnrealEngine/4.15/DerivedDataCache/Boot.ddc.
[2017.03.30-08.42.51:140][  0]LogInit: Texture streaming: Enabled
[2017.03.30-08.42.51:242][  0]LogEngineSessionManager: EngineSessionManager initialized
[2017.03.30-08.42.51:338][  0]LogInit: Transaction tracking system initialized
[2017.03.30-08.42.51:731][  0]BlueprintLog: New page: Editor Load
[2017.03.30-08.42.52:715][  0]LocalizationService: Info Localization service is disabled
[2017.03.30-08.42.53:459][  0]LogConsoleResponse:Display: 
[2017.03.30-08.42.53:622][  0]LogCook:Display: Max memory allowance for cook 16384mb min free memory 0mb
[2017.03.30-08.42.53:622][  0]LogCook:Display: Mobile HDR setting 1
[2017.03.30-08.42.53:984][  0]LogFileCache: Scanning file cache for directory 'C:/Users/Xarana/Desktop/Die Beauftragten_GITHUB/Beauftragte/Content/' took 0.01s
[2017.03.30-08.42.54:758][  0]SourceControl: Info Source control is disabled
[2017.03.30-08.42.54:758][  0]Cmd: MAP LOAD FILE="../../../../../../Users/Xarana/Desktop/Die Beauftragten_GITHUB/Beauftragte/Content/TileBased/Maps/TestMap.umap" TEMPLATE=0 SHOWPROGRESS=1 FEATURELEVEL=3
[2017.03.30-08.42.54:758][  0]LightingResults: New page: Lighting Build
[2017.03.30-08.42.54:804][  0]MapCheck: New page: Map Check
[2017.03.30-08.42.54:804][  0]LightingResults: New page: Lighting Build
[2017.03.30-08.42.55:851][  0]LogBlueprint:Warning: [TB_PlayerController] 'DisplayPathAsSpline' variable not found. Base class was probably changed.
[2017.03.30-08.42.55:853][  0]LogBlueprint:Warning: [TB_PlayerController] 'Square Visibility' variable not found. Base class was probably changed.
[2017.03.30-08.42.55:998][  0]LogBlueprint:Warning: [TB_AI_Controller] 'Square Visibility' variable not found. Base class was probably changed.
[2017.03.30-08.42.58:863][  0]LogBlueprint:Warning: [TB_AI_Controller] 'Square Visibility' variable not found. Base class was probably changed.
[2017.03.30-08.42.59:013][  0]LogBlueprint:Warning: [TB_PlayerController] 'DisplayPathAsSpline' variable not found. Base class was probably changed.
[2017.03.30-08.42.59:014][  0]LogBlueprint:Warning: [TB_PlayerController] 'Square Visibility' variable not found. Base class was probably changed.
[2017.03.30-08.43.03:252][  0]LogAIModule: Creating AISystem for world TestMap
[2017.03.30-08.43.03:413][  0]LogEditorServer: Finished looking for orphan Actors (0.000 secs)
[2017.03.30-08.43.03:413][  0]Cmd: MAP CHECKDEP NOCLEARLOG
[2017.03.30-08.43.03:480][  0]MapCheck: Info Map check complete: 0 Error(s), 0 Warning(s), took 66.711ms to complete.
[2017.03.30-08.43.03:480][  0]LogFileHelpers: Loading map 'TestMap' took 8.723
[2017.03.30-08.43.03:679][  0]LogCollectionManager: Loaded 0 collections in 0.001659 seconds
[2017.03.30-08.43.03:768][  0]LogFileCache: Scanning file cache for directory 'C:/Users/Xarana/Desktop/Die Beauftragten_GITHUB/Beauftragte/Saved/Collections/' took 0.01s
[2017.03.30-08.43.03:768][  0]LogFileCache: Scanning file cache for directory 'C:/Users/Xarana/Desktop/Die Beauftragten_GITHUB/Beauftragte/Content/Developers/Xarana/Collections/' took 0.01s
[2017.03.30-08.43.03:768][  0]LogFileCache: Scanning file cache for directory 'C:/Users/Xarana/Desktop/Die Beauftragten_GITHUB/Beauftragte/Content/Collections/' took 0.01s
[2017.03.30-08.43.03:768][  0]LogCollectionManager: Rebuilt the GUID cache for 0 collections in 0.000002 seconds
[2017.03.30-08.43.03:780][  0]LogContentBrowser: Native class hierarchy populated in 0.0125 seconds. Added 2245 classes and 453 folders.
[2017.03.30-08.43.03:785][  0]LogStats: UGameplayTagsManager::ConstructGameplayTagTree: Construct from data asset -  0.000 s
[2017.03.30-08.43.03:785][  0]LogStats: UGameplayTagsManager::ConstructGameplayTagTree: GameplayTagTreeChangedEvent.Broadcast -  0.000 s
[2017.03.30-08.43.03:851][  0]LogContentBrowser: Native class hierarchy updated for 'WidgetCarousel' in 0.0006 seconds. Added 0 classes and 0 folders.
[2017.03.30-08.43.03:894][  0]LogContentBrowser: Native class hierarchy updated for 'AddContentDialog' in 0.0006 seconds. Added 0 classes and 0 folders.
[2017.03.30-08.43.03:942][  0]LogContentBrowser: Native class hierarchy updated for 'SceneOutliner' in 0.0006 seconds. Added 1 classes and 2 folders.
[2017.03.30-08.43.04:000][  0]LogCrashTracker: Crashtracker disabled due to settings.
[2017.03.30-08.43.04:005][  0]LogUObjectGlobals:Warning: Failed to find object 'Class None.'
[2017.03.30-08.43.04:073][  0]LogContentBrowser: Native class hierarchy updated for 'HierarchicalLODOutliner' in 0.0007 seconds. Added 1 classes and 2 folders.
[2017.03.30-08.43.04:074][  0]LogLoad: (Engine Initialization) Total time: 26.76 seconds
[2017.03.30-08.43.04:074][  0]LogLoad: (Engine Initialization) Total Blueprint compile time: 3.70 seconds
[2017.03.30-08.43.04:074][  0]LogExternalProfiler: No external profilers were discovered.  External profiling features will not be available.
[2017.03.30-08.43.04:413][  0]LogOcInput: OculusInput pre-init called
[2017.03.30-08.43.04:440][  0]LogContentStreaming: Texture pool size now 800 MB
[2017.03.30-08.43.04:442][  0]LogSlate: Took 0.000314 seconds to synchronously load lazily loaded font '../../../Engine/Content/Slate/Fonts/Roboto-Regular.ttf' (155K)
[2017.03.30-08.43.04:453][  0]LogSlate: Took 0.000323 seconds to synchronously load lazily loaded font '../../../Engine/Content/Slate/Fonts/Roboto-Bold.ttf' (160K)
[2017.03.30-08.43.04:471][  0]LogSlate: Took 0.000410 seconds to synchronously load lazily loaded font '../../../Engine/Content/Editor/Slate/Fonts/FontAwesome.ttf' (139K)
[2017.03.30-08.43.04:703][  0]LogRenderer: Reallocating scene render targets to support 1084x480 NumSamples 1 (Frame:2).
[2017.03.30-08.43.05:518][  3]LogAssetRegistry: Asset discovery search completed in 19.2183 seconds
[2017.03.30-08.43.05:518][  3]LogCollectionManager: Rebuilt the object cache for 0 collections in 0.000008 seconds (found 0 objects)
[2017.03.30-08.43.05:518][  3]LogCollectionManager: Fixed up redirectors for 0 collections in 0.000049 seconds (updated 0 objects)
[2017.03.30-08.43.08:855][ 13]LogSlate: Took 0.000287 seconds to synchronously load lazily loaded font '../../../Engine/Content/Slate/Fonts/Roboto-Light.ttf' (159K)
[2017.03.30-08.44.24:668][559]LogSlate: Took 0.000269 seconds to synchronously load lazily loaded font '../../../Engine/Content/Slate/Fonts/Roboto-Light.ttf' (159K)
[2017.03.30-08.44.25:554][559]LogSlate: Took 0.000262 seconds to synchronously load lazily loaded font '../../../Engine/Content/Slate/Fonts/Roboto-Regular.ttf' (155K)
[2017.03.30-08.44.25:589][559]LogAIModule: Creating AISystem for world Base
[2017.03.30-08.44.25:726][559]Cmd: MAP LOAD FILE="../../../../../../Users/Xarana/Desktop/Die Beauftragten_GITHUB/Beauftragte/Content/Base/Base.umap" TEMPLATE=0 SHOWPROGRESS=1 FEATURELEVEL=3
[2017.03.30-08.44.25:726][559]LightingResults: New page: Lighting Build
[2017.03.30-08.44.25:729][559]LoadErrors: New page: Loading map: Base.umap
[2017.03.30-08.44.25:731][559]MapCheck: New page: Map Check
[2017.03.30-08.44.25:731][559]LightingResults: New page: Lighting Build
[2017.03.30-08.44.25:758][559]LogEditorServer: Finished looking for orphan Actors (0.000 secs)
[2017.03.30-08.44.25:796][559]Cmd: MAP CHECKDEP NOCLEARLOG
[2017.03.30-08.44.25:867][559]MapCheck: Info Map check complete: 0 Error(s), 0 Warning(s), took 70.699ms to complete.
[2017.03.30-08.44.25:867][559]LogFileHelpers: Loading map 'Base' took 0.142
[2017.03.30-08.44.28:163][787]LogTemp: Repeting last play command: Selected Viewport
[2017.03.30-08.44.28:184][787]LogBlueprintUserMessages: Early PlayInEditor Detection: Level '/Game/Base/Base.Base:PersistentLevel' has LevelScriptBlueprint '/Game/Base/Base.Base:PersistentLevel.Base' with GeneratedClass '/Game/Base/Base.Base_C' with ClassGeneratedBy '/Game/Base/Base.Base:PersistentLevel.Base'
[2017.03.30-08.44.28:184][787]LogPlayLevel: PlayLevel: No blueprints needed recompiling
[2017.03.30-08.44.28:185][787]PIE: New page: PIE session: Base (Mar 30, 2017, 12:44:28 PM)
[2017.03.30-08.44.28:185][787]LogPlayLevel: Creating play world package: /Game/Base/UEDPIE_0_Base
[2017.03.30-08.44.28:186][787]LogPlayLevel: PIE: StaticDuplicateObject took: (0.001319s)
[2017.03.30-08.44.28:187][787]LogAIModule: Creating AISystem for world Base
[2017.03.30-08.44.28:187][787]LogPlayLevel: PIE: World Init took: (0.000781s)
[2017.03.30-08.44.28:187][787]LogPlayLevel: PIE: Created PIE world by copying editor world from /Game/Base/Base.Base to /Game/Base/UEDPIE_0_Base.Base (0.002541s)
[2017.03.30-08.44.28:209][787]LogInit: XAudio2 using 'Speakers (High Definition Audio Device)' : 2 channels at 44.1 kHz using 16 bits per sample (channel mask 0x3)
[2017.03.30-08.44.28:213][787]LogInit: FAudioDevice initialized.
[2017.03.30-08.44.28:255][787]LogLoad: Game class is 'Base_GameMode_C'
[2017.03.30-08.44.28:257][787]LogWorld: Bringing World /Game/Base/UEDPIE_0_Base.Base up for play (max tick rate 0) at 2017.03.30-10.44.28
[2017.03.30-08.44.28:257][787]LogWorld: Bringing up level for play took: 0.000955
[2017.03.30-08.44.28:306][787]LogContentBrowser: Native class hierarchy updated for 'MovieSceneCapture' in 0.0007 seconds. Added 11 classes and 0 folders.
[2017.03.30-08.44.28:306][787]LogGameMode:Display: Match State Changed from EnteringMap to WaitingToStart
[2017.03.30-08.44.28:306][787]LogGameState: Match State Changed from EnteringMap to WaitingToStart
[2017.03.30-08.44.28:306][787]LogGameMode:Display: Match State Changed from WaitingToStart to InProgress
[2017.03.30-08.44.28:310][787]LogGameState: Match State Changed from WaitingToStart to InProgress
[2017.03.30-08.44.28:310][787]PIE: Info Play in editor start time for /Game/Base/UEDPIE_0_Base 0.258
[2017.03.30-08.44.28:310][787]LogBlueprintUserMessages: Late PlayInEditor Detection: Level '/Game/Base/Base.Base:PersistentLevel' has LevelScriptBlueprint '/Game/Base/Base.Base:PersistentLevel.Base' with GeneratedClass '/Game/Base/Base.Base_C' with ClassGeneratedBy '/Game/Base/Base.Base:PersistentLevel.Base'
[2017.03.30-08.44.41:658][ 70]LogBlueprintUserMessages: Early EndPlayMap Detection: Level '/Game/Base/Base.Base:PersistentLevel' has LevelScriptBlueprint '/Game/Base/Base.Base:PersistentLevel.Base' with GeneratedClass '/Game/Base/Base.Base_C' with ClassGeneratedBy '/Game/Base/Base.Base:PersistentLevel.Base'
[2017.03.30-08.44.41:700][ 70]LogBlueprintUserMessages: Late EndPlayMap Detection: Level '/Game/Base/Base.Base:PersistentLevel' has LevelScriptBlueprint '/Game/Base/Base.Base:PersistentLevel.Base' with GeneratedClass '/Game/Base/Base.Base_C' with ClassGeneratedBy '/Game/Base/Base.Base:PersistentLevel.Base'
[2017.03.30-08.45.27:401][387]LogContentBrowser: Native class hierarchy updated for 'BlueprintGraph' in 0.0013 seconds. Added 112 classes and 0 folders.
[2017.03.30-08.45.28:629][387]LogSlate: Took 0.000215 seconds to synchronously load lazily loaded font '../../../Engine/Content/Slate/Fonts/Roboto-Light.ttf' (159K)
[2017.03.30-08.45.28:630][387]LogSlate: Took 0.000168 seconds to synchronously load lazily loaded font '../../../Engine/Content/Editor/Slate/Fonts/Roboto-BoldCondensed.ttf' (158K)
[2017.03.30-08.45.37:785][247]LogMetaData: Removing '/Game/Base/Interfaces/Barrack_Interface.SKEL_Barrack_Interface_C' ref from Metadata '/Game/Base/Interfaces/Default_Interface_2.PackageMetaData'
[2017.03.30-08.45.37:785][247]LogMetaData: Removing '/Game/Base/Interfaces/Barrack_Interface.Barrack_Interface_C' ref from Metadata '/Game/Base/Interfaces/Default_Interface_2.PackageMetaData'
[2017.03.30-08.45.38:073][247]LogSavePackage: Save=257.64ms
[2017.03.30-08.45.38:073][247]LogSavePackage: Moving '../../../../../../Users/Xarana/Desktop/Die Beauftragten_GITHUB/Beauftragte/Saved/Barrack_Interface711FE2244B0C4DE4E9AFE6B2380B0BE0.tmp' to '../../../../../../Users/Xarana/Desktop/Die Beauftragten_GITHUB/Beauftragte/Content/Base/Interfaces/Barrack_Interface.uasset'
[2017.03.30-08.45.38:075][247]LogSavePackage:Display: Finished SavePackage ../../../../../../Users/Xarana/Desktop/Die Beauftragten_GITHUB/Beauftragte/Content/Base/Interfaces/Barrack_Interface.uasset
[2017.03.30-08.49.17:987][646]BlueprintLog: New page: Compile Barrack_Interface
[2017.03.30-08.49.25:930][964]BlueprintLog: New page: Compile Barrack_Interface
[2017.03.30-08.50.02:990][893]LogSlate: Took 0.018151 seconds to synchronously load lazily loaded font '../../../Engine/Content/Editor/Slate/Fonts/Roboto-Italic.ttf' (157K)
[2017.03.30-08.50.33:329][210]BlueprintLog: New page: Compile Base_Interface
[2017.03.30-08.50.34:928][325]LogTemp: Repeting last play command: Selected Viewport
[2017.03.30-08.50.34:952][325]LogBlueprintUserMessages: Early PlayInEditor Detection: Level '/Game/Base/Base.Base:PersistentLevel' has LevelScriptBlueprint '/Game/Base/Base.Base:PersistentLevel.Base' with GeneratedClass '/Game/Base/Base.Base_C' with ClassGeneratedBy '/Game/Base/Base.Base:PersistentLevel.Base'
[2017.03.30-08.50.34:952][325]LogPlayLevel: PlayLevel: No blueprints needed recompiling
[2017.03.30-08.50.34:952][325]PIE: New page: PIE session: Base (Mar 30, 2017, 12:50:34 PM)
[2017.03.30-08.50.34:952][325]LogPlayLevel: Creating play world package: /Game/Base/UEDPIE_0_Base
[2017.03.30-08.50.34:953][325]LogPlayLevel: PIE: StaticDuplicateObject took: (0.001213s)
[2017.03.30-08.50.34:954][325]LogAIModule: Creating AISystem for world Base
[2017.03.30-08.50.34:954][325]LogPlayLevel: PIE: World Init took: (0.000783s)
[2017.03.30-08.50.34:954][325]LogPlayLevel: PIE: Created PIE world by copying editor world from /Game/Base/Base.Base to /Game/Base/UEDPIE_0_Base.Base (0.002241s)
[2017.03.30-08.50.34:984][325]LogInit: XAudio2 using 'Speakers (High Definition Audio Device)' : 2 channels at 44.1 kHz using 16 bits per sample (channel mask 0x3)
[2017.03.30-08.50.34:990][325]LogInit: FAudioDevice initialized.
[2017.03.30-08.50.35:022][325]LogLoad: Game class is 'Base_GameMode_C'
[2017.03.30-08.50.35:025][325]LogWorld: Bringing World /Game/Base/UEDPIE_0_Base.Base up for play (max tick rate 0) at 2017.03.30-10.50.35
[2017.03.30-08.50.35:025][325]LogWorld: Bringing up level for play took: 0.000942
[2017.03.30-08.50.35:026][325]LogGameMode:Display: Match State Changed from EnteringMap to WaitingToStart
[2017.03.30-08.50.35:026][325]LogGameState: Match State Changed from EnteringMap to WaitingToStart
[2017.03.30-08.50.35:026][325]LogGameMode:Display: Match State Changed from WaitingToStart to InProgress
[2017.03.30-08.50.35:029][325]LogGameState: Match State Changed from WaitingToStart to InProgress
[2017.03.30-08.50.35:029][325]PIE: Info Play in editor start time for /Game/Base/UEDPIE_0_Base 0.972
[2017.03.30-08.50.35:029][325]LogBlueprintUserMessages: Late PlayInEditor Detection: Level '/Game/Base/Base.Base:PersistentLevel' has LevelScriptBlueprint '/Game/Base/Base.Base:PersistentLevel.Base' with GeneratedClass '/Game/Base/Base.Base_C' with ClassGeneratedBy '/Game/Base/Base.Base:PersistentLevel.Base'
[2017.03.30-08.50.39:528][762]LogBlueprintUserMessages: Early EndPlayMap Detection: Level '/Game/Base/Base.Base:PersistentLevel' has LevelScriptBlueprint '/Game/Base/Base.Base:PersistentLevel.Base' with GeneratedClass '/Game/Base/Base.Base_C' with ClassGeneratedBy '/Game/Base/Base.Base:PersistentLevel.Base'
[2017.03.30-08.50.39:560][762]LogBlueprintUserMessages: Late EndPlayMap Detection: Level '/Game/Base/Base.Base:PersistentLevel' has LevelScriptBlueprint '/Game/Base/Base.Base:PersistentLevel.Base' with GeneratedClass '/Game/Base/Base.Base_C' with ClassGeneratedBy '/Game/Base/Base.Base:PersistentLevel.Base'
[2017.03.30-08.51.06:268][625]BlueprintLog: New page: Compile Base_Interface
[2017.03.30-08.51.43:873][302]BlueprintLog: New page: Compile Base_Interface
[2017.03.30-08.54.42:273][368]BlueprintLog: New page: Compile Base_GameMode
[2017.03.30-08.55.02:066][484]LogMetaData: Removing '/Game/Base/Interfaces/Headquater_Interface.Headquater_Interface_C' ref from Metadata '/Game/Base/Interfaces/Default_Interface.PackageMetaData'
[2017.03.30-08.55.02:066][484]LogMetaData: Removing '/Game/Base/Interfaces/Headquater_Interface.Headquater_Interface:EventGraph.K2Node_Event_0' ref from Metadata '/Game/Base/Interfaces/Default_Interface.PackageMetaData'
[2017.03.30-08.55.02:066][484]LogMetaData: Removing '/Game/Base/Interfaces/Headquater_Interface.Headquater_Interface:EventGraph.K2Node_Event_1' ref from Metadata '/Game/Base/Interfaces/Default_Interface.PackageMetaData'
[2017.03.30-08.55.02:066][484]LogMetaData: Removing '/Game/Base/Interfaces/Headquater_Interface.Headquater_Interface:Get_TopText_1_bIsEnabled_0.K2Node_FunctionResult_0' ref from Metadata '/Game/Base/Interfaces/Default_Interface.PackageMetaData'
[2017.03.30-08.55.02:066][484]LogMetaData: Removing '/Game/Base/Interfaces/Headquater_Interface.Headquater_Interface:Get_TopText_1_bIsEnabled_0.K2Node_FunctionEntry_438' ref from Metadata '/Game/Base/Interfaces/Default_Interface.PackageMetaData'
[2017.03.30-08.55.02:066][484]LogMetaData: Removing '/Game/Base/Interfaces/Headquater_Interface.Headquater_Interface:SetFilters.K2Node_FunctionEntry_859' ref from Metadata '/Game/Base/Interfaces/Default_Interface.PackageMetaData'
[2017.03.30-08.55.02:066][484]LogMetaData: Removing '/Game/Base/Interfaces/Headquater_Interface.Headquater_Interface:SetTopButton_Style.K2Node_FunctionEntry_91' ref from Metadata '/Game/Base/Interfaces/Default_Interface.PackageMetaData'
[2017.03.30-08.55.02:066][484]LogMetaData: Removing '/Game/Base/Interfaces/Headquater_Interface.Headquater_Interface:ApplySideButtons.K2Node_FunctionEntry_2963' ref from Metadata '/Game/Base/Interfaces/Default_Interface.PackageMetaData'
[2017.03.30-08.55.02:066][484]LogMetaData: Removing '/Game/Base/Interfaces/Headquater_Interface.Headquater_Interface:Highlight Current Filter Button.K2Node_FunctionEntry_81' ref from Metadata '/Game/Base/Interfaces/Default_Interface.PackageMetaData'
[2017.03.30-08.55.02:066][484]LogMetaData: Removing '/Game/Base/Interfaces/Headquater_Interface.Headquater_Interface:Clear Content.K2Node_FunctionEntry_252' ref from Metadata '/Game/Base/Interfaces/Default_Interface.PackageMetaData'
[2017.03.30-08.55.02:066][484]LogMetaData: Removing '/Game/Base/Interfaces/Headquater_Interface.SKEL_Headquater_Interface_C' ref from Metadata '/Game/Base/Interfaces/Default_Interface.PackageMetaData'
[2017.03.30-08.55.02:345][484]LogSavePackage: Save=257.20ms
[2017.03.30-08.55.02:345][484]LogSavePackage: Moving '../../../../../../Users/Xarana/Desktop/Die Beauftragten_GITHUB/Beauftragte/Saved/Headquater_InterfaceC56B284145AADE8AA00222BD20BFF937.tmp' to '../../../../../../Users/Xarana/Desktop/Die Beauftragten_GITHUB/Beauftragte/Content/Base/Interfaces/Headquater_Interface.uasset'
[2017.03.30-08.55.02:346][484]LogSavePackage:Display: Finished SavePackage ../../../../../../Users/Xarana/Desktop/Die Beauftragten_GITHUB/Beauftragte/Content/Base/Interfaces/Headquater_Interface.uasset
[2017.03.30-08.55.02:534][484]Cmd: OBJ SAVEPACKAGE PACKAGE="/Game/Base/Base_GameMode" FILE="../../../../../../Users/Xarana/Desktop/Die Beauftragten_GITHUB/Beauftragte/Content/Base/Base_GameMode.uasset" SILENT=true
[2017.03.30-08.55.02:579][484]LogSavePackage: Save=20.50ms
[2017.03.30-08.55.02:579][484]LogSavePackage: Moving '../../../../../../Users/Xarana/Desktop/Die Beauftragten_GITHUB/Beauftragte/Saved/Base_GameMode969E80104276F7760222778AF093D267.tmp' to '../../../../../../Users/Xarana/Desktop/Die Beauftragten_GITHUB/Beauftragte/Content/Base/Base_GameMode.uasset'
[2017.03.30-08.55.02:580][484]LogSavePackage:Display: Finished SavePackage ../../../../../../Users/Xarana/Desktop/Die Beauftragten_GITHUB/Beauftragte/Content/Base/Base_GameMode.uasset
[2017.03.30-08.55.02:681][484]LogSavePackage: Save=84.41ms
[2017.03.30-08.55.02:681][484]LogSavePackage: Moving '../../../../../../Users/Xarana/Desktop/Die Beauftragten_GITHUB/Beauftragte/Saved/Base_FilterButtonE732365C4AC04EF219B9D1BF765F469B.tmp' to '../../../../../../Users/Xarana/Desktop/Die Beauftragten_GITHUB/Beauftragte/Content/Base/Interfaces/Base_FilterButton.uasset'
[2017.03.30-08.55.02:683][484]LogSavePackage:Display: Finished SavePackage ../../../../../../Users/Xarana/Desktop/Die Beauftragten_GITHUB/Beauftragte/Content/Base/Interfaces/Base_FilterButton.uasset
[2017.03.30-08.55.02:740][484]LogSavePackage: Save=45.04ms
[2017.03.30-08.55.02:740][484]LogSavePackage: Moving '../../../../../../Users/Xarana/Desktop/Die Beauftragten_GITHUB/Beauftragte/Saved/Base_InterfaceDCE8E1724B3D86B554C09886252BB754.tmp' to '../../../../../../Users/Xarana/Desktop/Die Beauftragten_GITHUB/Beauftragte/Content/Base/Interfaces/Base_Interface.uasset'
[2017.03.30-08.55.02:753][484]LogSavePackage:Display: Finished SavePackage ../../../../../../Users/Xarana/Desktop/Die Beauftragten_GITHUB/Beauftragte/Content/Base/Interfaces/Base_Interface.uasset
[2017.03.30-08.55.57:677][352]BlueprintLog: New page: Compile Base_GameMode
[2017.03.30-08.59.34:327][111]LogSlate: Took 0.016401 seconds to synchronously load lazily loaded font '../../../Engine/Content/Editor/Slate/Fonts/Roboto-BoldCondensedItalic.ttf' (160K)
[2017.03.30-09.02.00:872][437]BlueprintLog: New page: Compile Base_Interface
[2017.03.30-09.02.35:146][273]BlueprintLog: New page: Compile Base_Interface
[2017.03.30-09.02.37:471][346]LogTemp: Repeting last play command: Selected Viewport
[2017.03.30-09.02.37:498][346]LogBlueprintUserMessages: Early PlayInEditor Detection: Level '/Game/Base/Base.Base:PersistentLevel' has LevelScriptBlueprint '/Game/Base/Base.Base:PersistentLevel.Base' with GeneratedClass '/Game/Base/Base.Base_C' with ClassGeneratedBy '/Game/Base/Base.Base:PersistentLevel.Base'
[2017.03.30-09.02.37:499][346]LogPlayLevel: PlayLevel: No blueprints needed recompiling
[2017.03.30-09.02.37:499][346]PIE: New page: PIE session: Base (Mar 30, 2017, 1:02:37 PM)
[2017.03.30-09.02.37:499][346]LogPlayLevel: Creating play world package: /Game/Base/UEDPIE_0_Base
[2017.03.30-09.02.37:500][346]LogPlayLevel: PIE: StaticDuplicateObject took: (0.001342s)
[2017.03.30-09.02.37:501][346]LogAIModule: Creating AISystem for world Base
[2017.03.30-09.02.37:501][346]LogPlayLevel: PIE: World Init took: (0.000898s)
[2017.03.30-09.02.37:501][346]LogPlayLevel: PIE: Created PIE world by copying editor world from /Game/Base/Base.Base to /Game/Base/UEDPIE_0_Base.Base (0.002506s)
[2017.03.30-09.02.37:532][346]LogInit: XAudio2 using 'Speakers (High Definition Audio Device)' : 2 channels at 44.1 kHz using 16 bits per sample (channel mask 0x3)
[2017.03.30-09.02.37:537][346]LogInit: FAudioDevice initialized.
[2017.03.30-09.02.37:567][346]LogLoad: Game class is 'Base_GameMode_C'
[2017.03.30-09.02.37:569][346]LogWorld: Bringing World /Game/Base/UEDPIE_0_Base.Base up for play (max tick rate 0) at 2017.03.30-11.02.37
[2017.03.30-09.02.37:569][346]LogWorld: Bringing up level for play took: 0.001155
[2017.03.30-09.02.37:570][346]LogGameMode:Display: Match State Changed from EnteringMap to WaitingToStart
[2017.03.30-09.02.37:570][346]LogGameState: Match State Changed from EnteringMap to WaitingToStart
[2017.03.30-09.02.37:570][346]LogGameMode:Display: Match State Changed from WaitingToStart to InProgress
[2017.03.30-09.02.37:574][346]LogGameState: Match State Changed from WaitingToStart to InProgress
[2017.03.30-09.02.37:574][346]PIE: Info Play in editor start time for /Game/Base/UEDPIE_0_Base -0.49
[2017.03.30-09.02.37:575][346]LogBlueprintUserMessages: Late PlayInEditor Detection: Level '/Game/Base/Base.Base:PersistentLevel' has LevelScriptBlueprint '/Game/Base/Base.Base:PersistentLevel.Base' with GeneratedClass '/Game/Base/Base.Base_C' with ClassGeneratedBy '/Game/Base/Base.Base:PersistentLevel.Base'
[2017.03.30-09.02.41:288][451]LogBlueprintUserMessages: Early EndPlayMap Detection: Level '/Game/Base/Base.Base:PersistentLevel' has LevelScriptBlueprint '/Game/Base/Base.Base:PersistentLevel.Base' with GeneratedClass '/Game/Base/Base.Base_C' with ClassGeneratedBy '/Game/Base/Base.Base:PersistentLevel.Base'
[2017.03.30-09.02.41:372][451]LogBlueprintUserMessages: Late EndPlayMap Detection: Level '/Game/Base/Base.Base:PersistentLevel' has LevelScriptBlueprint '/Game/Base/Base.Base:PersistentLevel.Base' with GeneratedClass '/Game/Base/Base.Base_C' with ClassGeneratedBy '/Game/Base/Base.Base:PersistentLevel.Base'
[2017.03.30-09.03.39:231][882]BlueprintLog: New page: Compile Base_Interface
[2017.03.30-09.03.40:243][901]LogSavePackage: Save=54.39ms
[2017.03.30-09.03.40:243][901]LogSavePackage: Moving '../../../../../../Users/Xarana/Desktop/Die Beauftragten_GITHUB/Beauftragte/Saved/Base_Interface51AE7A3D4A153C9D9B5036A8EC9927E9.tmp' to '../../../../../../Users/Xarana/Desktop/Die Beauftragten_GITHUB/Beauftragte/Content/Base/Interfaces/Base_Interface.uasset'
[2017.03.30-09.03.40:244][901]LogSavePackage:Display: Finished SavePackage ../../../../../../Users/Xarana/Desktop/Die Beauftragten_GITHUB/Beauftragte/Content/Base/Interfaces/Base_Interface.uasset
[2017.03.30-09.03.42:377][972]LogTemp: Repeting last play command: Selected Viewport
[2017.03.30-09.03.42:399][972]LogBlueprintUserMessages: Early PlayInEditor Detection: Level '/Game/Base/Base.Base:PersistentLevel' has LevelScriptBlueprint '/Game/Base/Base.Base:PersistentLevel.Base' with GeneratedClass '/Game/Base/Base.Base_C' with ClassGeneratedBy '/Game/Base/Base.Base:PersistentLevel.Base'
[2017.03.30-09.03.42:400][972]LogPlayLevel: PlayLevel: No blueprints needed recompiling
[2017.03.30-09.03.42:400][972]PIE: New page: PIE session: Base (Mar 30, 2017, 1:03:42 PM)
[2017.03.30-09.03.42:400][972]LogPlayLevel: Creating play world package: /Game/Base/UEDPIE_0_Base
[2017.03.30-09.03.42:401][972]LogPlayLevel: PIE: StaticDuplicateObject took: (0.001232s)
[2017.03.30-09.03.42:402][972]LogAIModule: Creating AISystem for world Base
[2017.03.30-09.03.42:402][972]LogPlayLevel: PIE: World Init took: (0.000909s)
[2017.03.30-09.03.42:402][972]LogPlayLevel: PIE: Created PIE world by copying editor world from /Game/Base/Base.Base to /Game/Base/UEDPIE_0_Base.Base (0.002394s)
[2017.03.30-09.03.42:440][972]LogInit: XAudio2 using 'Speakers (High Definition Audio Device)' : 2 channels at 44.1 kHz using 16 bits per sample (channel mask 0x3)
[2017.03.30-09.03.42:445][972]LogInit: FAudioDevice initialized.
[2017.03.30-09.03.42:474][972]LogLoad: Game class is 'Base_GameMode_C'
[2017.03.30-09.03.42:476][972]LogWorld: Bringing World /Game/Base/UEDPIE_0_Base.Base up for play (max tick rate 0) at 2017.03.30-11.03.42
[2017.03.30-09.03.42:476][972]LogWorld: Bringing up level for play took: 0.000926
[2017.03.30-09.03.42:477][972]LogGameMode:Display: Match State Changed from EnteringMap to WaitingToStart
[2017.03.30-09.03.42:477][972]LogGameState: Match State Changed from EnteringMap to WaitingToStart
[2017.03.30-09.03.42:477][972]LogGameMode:Display: Match State Changed from WaitingToStart to InProgress
[2017.03.30-09.03.42:481][972]LogGameState: Match State Changed from WaitingToStart to InProgress
[2017.03.30-09.03.42:481][972]PIE: Info Play in editor start time for /Game/Base/UEDPIE_0_Base 0.415
[2017.03.30-09.03.42:482][972]LogBlueprintUserMessages: Late PlayInEditor Detection: Level '/Game/Base/Base.Base:PersistentLevel' has LevelScriptBlueprint '/Game/Base/Base.Base:PersistentLevel.Base' with GeneratedClass '/Game/Base/Base.Base_C' with ClassGeneratedBy '/Game/Base/Base.Base:PersistentLevel.Base'
[2017.03.30-09.03.44:963][ 42]PIE:Warning: Warning The widget 'Barrack_Interface_C' was already added to the screen.
[2017.03.30-09.03.45:883][ 70]PIE:Warning: Warning The widget 'Barrack_Interface_C' was already added to the screen.
[2017.03.30-09.03.49:973][177]LogBlueprintUserMessages: Early EndPlayMap Detection: Level '/Game/Base/Base.Base:PersistentLevel' has LevelScriptBlueprint '/Game/Base/Base.Base:PersistentLevel.Base' with GeneratedClass '/Game/Base/Base.Base_C' with ClassGeneratedBy '/Game/Base/Base.Base:PersistentLevel.Base'
[2017.03.30-09.03.50:035][177]LogBlueprintUserMessages: Late EndPlayMap Detection: Level '/Game/Base/Base.Base:PersistentLevel' has LevelScriptBlueprint '/Game/Base/Base.Base:PersistentLevel.Base' with GeneratedClass '/Game/Base/Base.Base_C' with ClassGeneratedBy '/Game/Base/Base.Base:PersistentLevel.Base'
[2017.03.30-09.03.50:536][184]LogTemp: Repeting last play command: Selected Viewport
[2017.03.30-09.03.50:571][184]LogBlueprintUserMessages: Early PlayInEditor Detection: Level '/Game/Base/Base.Base:PersistentLevel' has LevelScriptBlueprint '/Game/Base/Base.Base:PersistentLevel.Base' with GeneratedClass '/Game/Base/Base.Base_C' with ClassGeneratedBy '/Game/Base/Base.Base:PersistentLevel.Base'
[2017.03.30-09.03.50:571][184]LogPlayLevel: PlayLevel: No blueprints needed recompiling
[2017.03.30-09.03.50:572][184]PIE: New page: PIE session: Base (Mar 30, 2017, 1:03:50 PM)
[2017.03.30-09.03.50:573][184]LogPlayLevel: Creating play world package: /Game/Base/UEDPIE_0_Base
[2017.03.30-09.03.50:574][184]LogPlayLevel: PIE: StaticDuplicateObject took: (0.001703s)
[2017.03.30-09.03.50:575][184]LogAIModule: Creating AISystem for world Base
[2017.03.30-09.03.50:575][184]LogPlayLevel: PIE: World Init took: (0.000947s)
[2017.03.30-09.03.50:575][184]LogPlayLevel: PIE: Created PIE world by copying editor world from /Game/Base/Base.Base to /Game/Base/UEDPIE_0_Base.Base (0.002940s)
[2017.03.30-09.03.50:608][184]LogInit: XAudio2 using 'Speakers (High Definition Audio Device)' : 2 channels at 44.1 kHz using 16 bits per sample (channel mask 0x3)
[2017.03.30-09.03.50:612][184]LogInit: FAudioDevice initialized.
[2017.03.30-09.03.50:641][184]LogLoad: Game class is 'Base_GameMode_C'
[2017.03.30-09.03.50:643][184]LogWorld: Bringing World /Game/Base/UEDPIE_0_Base.Base up for play (max tick rate 0) at 2017.03.30-11.03.50
[2017.03.30-09.03.50:643][184]LogWorld: Bringing up level for play took: 0.001055
[2017.03.30-09.03.50:644][184]LogGameMode:Display: Match State Changed from EnteringMap to WaitingToStart
[2017.03.30-09.03.50:644][184]LogGameState: Match State Changed from EnteringMap to WaitingToStart
[2017.03.30-09.03.50:644][184]LogGameMode:Display: Match State Changed from WaitingToStart to InProgress
[2017.03.30-09.03.50:649][184]LogGameState: Match State Changed from WaitingToStart to InProgress
[2017.03.30-09.03.50:649][184]PIE: Info Play in editor start time for /Game/Base/UEDPIE_0_Base 0.583
[2017.03.30-09.03.50:649][184]LogBlueprintUserMessages: Late PlayInEditor Detection: Level '/Game/Base/Base.Base:PersistentLevel' has LevelScriptBlueprint '/Game/Base/Base.Base:PersistentLevel.Base' with GeneratedClass '/Game/Base/Base.Base_C' with ClassGeneratedBy '/Game/Base/Base.Base:PersistentLevel.Base'
[2017.03.30-09.03.54:118][254]PIE:Warning: Warning The widget 'Barrack_Interface_C' was already added to the screen.
[2017.03.30-09.03.54:279][257]PIE:Warning: Warning The widget 'Barrack_Interface_C' was already added to the screen.
[2017.03.30-09.03.54:473][261]PIE:Warning: Warning The widget 'Barrack_Interface_C' was already added to the screen.
[2017.03.30-09.03.54:625][264]PIE:Warning: Warning The widget 'Barrack_Interface_C' was already added to the screen.
[2017.03.30-09.03.54:778][267]PIE:Warning: Warning The widget 'Barrack_Interface_C' was already added to the screen.
[2017.03.30-09.03.57:557][323]LogBlueprintUserMessages: Early EndPlayMap Detection: Level '/Game/Base/Base.Base:PersistentLevel' has LevelScriptBlueprint '/Game/Base/Base.Base:PersistentLevel.Base' with GeneratedClass '/Game/Base/Base.Base_C' with ClassGeneratedBy '/Game/Base/Base.Base:PersistentLevel.Base'
[2017.03.30-09.03.57:637][323]LogBlueprintUserMessages: Late EndPlayMap Detection: Level '/Game/Base/Base.Base:PersistentLevel' has LevelScriptBlueprint '/Game/Base/Base.Base:PersistentLevel.Base' with GeneratedClass '/Game/Base/Base.Base_C' with ClassGeneratedBy '/Game/Base/Base.Base:PersistentLevel.Base'
[2017.03.30-09.03.59:043][349]Cmd: OBJ SAVEPACKAGE PACKAGE="/Game/Base/Base" FILE="../../../../../../Users/Xarana/Desktop/Die Beauftragten_GITHUB/Beauftragte/Content/Base/Base.umap" SILENT=true AUTOSAVING=false KEEPDIRTY=false
[2017.03.30-09.03.59:305][349]LogSavePackage: Save=218.06ms
[2017.03.30-09.03.59:305][349]LogSavePackage: Moving '../../../../../../Users/Xarana/Desktop/Die Beauftragten_GITHUB/Beauftragte/Saved/BaseA1A0CB5D4B9FA63566149DB19A86CB3F.tmp' to '../../../../../../Users/Xarana/Desktop/Die Beauftragten_GITHUB/Beauftragte/Content/Base/Base.umap'
[2017.03.30-09.03.59:306][349]LogSavePackage:Display: Finished SavePackage ../../../../../../Users/Xarana/Desktop/Die Beauftragten_GITHUB/Beauftragte/Content/Base/Base.umap
[2017.03.30-09.04.05:369][434]LogSavePackage: Save=1.01ms
[2017.03.30-09.04.05:369][434]LogSavePackage: Moving '../../../../../../Users/Xarana/Desktop/Die Beauftragten_GITHUB/Beauftragte/Saved/Default_Interface_26F34B2044CDF46FE3933F6B68BDAA1EB.tmp' to '../../../../../../Users/Xarana/Desktop/Die Beauftragten_GITHUB/Beauftragte/Content/Base/Interfaces/Default_Interface_2.uasset'
[2017.03.30-09.04.05:370][434]LogSavePackage:Display: Finished SavePackage ../../../../../../Users/Xarana/Desktop/Die Beauftragten_GITHUB/Beauftragte/Content/Base/Interfaces/Default_Interface_2.uasset
[2017.03.30-09.04.05:405][434]Cmd: OBJ SAVEPACKAGE PACKAGE="/Game/Base/Base_GameMode" FILE="../../../../../../Users/Xarana/Desktop/Die Beauftragten_GITHUB/Beauftragte/Content/Base/Base_GameMode.uasset" SILENT=true
[2017.03.30-09.04.05:438][434]LogSavePackage: Save=23.66ms
[2017.03.30-09.04.05:438][434]LogSavePackage: Moving '../../../../../../Users/Xarana/Desktop/Die Beauftragten_GITHUB/Beauftragte/Saved/Base_GameModeEC23EAED4CE9C6C45FCF7BB192A60DDB.tmp' to '../../../../../../Users/Xarana/Desktop/Die Beauftragten_GITHUB/Beauftragte/Content/Base/Base_GameMode.uasset'
[2017.03.30-09.04.05:443][434]LogSavePackage:Display: Finished SavePackage ../../../../../../Users/Xarana/Desktop/Die Beauftragten_GITHUB/Beauftragte/Content/Base/Base_GameMode.uasset
[2017.03.30-09.04.05:583][434]LogSavePackage: Save=92.93ms
[2017.03.30-09.04.05:583][434]LogSavePackage: Moving '../../../../../../Users/Xarana/Desktop/Die Beauftragten_GITHUB/Beauftragte/Saved/Base_FilterButtonCCF019B2450AF7E222A3BEAEA2FEC16A.tmp' to '../../../../../../Users/Xarana/Desktop/Die Beauftragten_GITHUB/Beauftragte/Content/Base/Interfaces/Base_FilterButton.uasset'
[2017.03.30-09.04.05:585][434]LogSavePackage:Display: Finished SavePackage ../../../../../../Users/Xarana/Desktop/Die Beauftragten_GITHUB/Beauftragte/Content/Base/Interfaces/Base_FilterButton.uasset
[2017.03.30-09.04.05:903][434]LogSavePackage: Save=263.68ms
[2017.03.30-09.04.05:903][434]LogSavePackage: Moving '../../../../../../Users/Xarana/Desktop/Die Beauftragten_GITHUB/Beauftragte/Saved/Barrack_InterfaceADC1DD7443D199759DF2258D72F1AB64.tmp' to '../../../../../../Users/Xarana/Desktop/Die Beauftragten_GITHUB/Beauftragte/Content/Base/Interfaces/Barrack_Interface.uasset'
[2017.03.30-09.04.05:907][434]LogSavePackage:Display: Finished SavePackage ../../../../../../Users/Xarana/Desktop/Die Beauftragten_GITHUB/Beauftragte/Content/Base/Interfaces/Barrack_Interface.uasset
[2017.03.30-09.04.07:364][456]Cmd: QUIT_EDITOR
[2017.03.30-09.04.08:486][456]LogExit: Preparing to exit.
[2017.03.30-09.04.09:598][456]LogDirectoryWatcher: A directory notification for 'C:/Users/Xarana/Desktop/Die Beauftragten_GITHUB/Beauftragte/Content/' was aborted.
[2017.03.30-09.04.09:690][456]LogExit: Editor shut down
[2017.03.30-09.04.09:690][456]LogExit: Transaction tracking system shut down
[2017.03.30-09.04.09:856][456]LogObj: Freed 0b from 0 cluster array pools.
[2017.03.30-09.04.09:856][456]LogExit: Object subsystem successfully closed.
[2017.03.30-09.04.09:874][456]LogD3D11RHI: Shutdown
[2017.03.30-09.04.09:874][456]LogD3D11RHI: CleanupD3DDevice
[2017.03.30-09.04.10:657][456]LogD3D11RHI: ~FD3D11DynamicRHI
[2017.03.30-09.04.10:698][456]LogModuleManager: Shutting down and abandoning module SequencerWidgets (506)
[2017.03.30-09.04.10:698][456]LogModuleManager: Shutting down and abandoning module BlueprintGraph (504)
[2017.03.30-09.04.10:698][456]LogModuleManager: Shutting down and abandoning module BlueprintProfiler (502)
[2017.03.30-09.04.10:700][456]LogModuleManager: Shutting down and abandoning module MovieSceneCapture (500)
[2017.03.30-09.04.10:710][456]LogModuleManager: Shutting down and abandoning module HierarchicalLODOutliner (498)
[2017.03.30-09.04.10:710][456]LogModuleManager: Shutting down and abandoning module CrashTracker (496)
[2017.03.30-09.04.10:710][456]LogModuleManager: Shutting down and abandoning module SceneOutliner (494)
[2017.03.30-09.04.10:710][456]LogModuleManager: Shutting down and abandoning module AddContentDialog (492)
[2017.03.30-09.04.10:724][456]LogDirectoryWatcher: A directory notification for 'C:/Program Files/Epic Games/UE_4.15/FeaturePacks/' was aborted.
[2017.03.30-09.04.10:726][456]LogModuleManager: Shutting down and abandoning module WidgetCarousel (491)
[2017.03.30-09.04.10:726][456]LogModuleManager: Shutting down and abandoning module EditorWidgets (488)
[2017.03.30-09.04.10:726][456]LogModuleManager: Shutting down and abandoning module CollectionManager (486)
[2017.03.30-09.04.10:726][456]LogDirectoryWatcher: A directory notification for 'C:/Users/Xarana/Desktop/Die Beauftragten_GITHUB/Beauftragte/Content/Collections/' was aborted.
[2017.03.30-09.04.10:726][456]LogDirectoryWatcher: A directory notification for 'C:/Users/Xarana/Desktop/Die Beauftragten_GITHUB/Beauftragte/Content/Developers/Xarana/Collections/' was aborted.
[2017.03.30-09.04.10:726][456]LogDirectoryWatcher: A directory notification for 'C:/Users/Xarana/Desktop/Die Beauftragten_GITHUB/Beauftragte/Saved/Collections/' was aborted.
[2017.03.30-09.04.10:726][456]LogModuleManager: Shutting down and abandoning module StatsViewer (484)
[2017.03.30-09.04.10:726][456]LogModuleManager: Shutting down and abandoning module FoliageEdit (482)
[2017.03.30-09.04.10:726][456]LogModuleManager: Shutting down and abandoning module LandscapeEditor (480)
[2017.03.30-09.04.10:726][456]LogModuleManager: Shutting down and abandoning module SceneDepthPickerMode (478)
[2017.03.30-09.04.10:726][456]LogModuleManager: Shutting down and abandoning module ActorPickerMode (476)
[2017.03.30-09.04.10:726][456]LogModuleManager: Shutting down and abandoning module GeometryMode (474)
[2017.03.30-09.04.10:726][456]LogModuleManager: Shutting down and abandoning module TextureAlignMode (472)
[2017.03.30-09.04.10:726][456]LogModuleManager: Shutting down and abandoning module BspMode (470)
[2017.03.30-09.04.10:726][456]LogModuleManager: Shutting down and abandoning module HardwareSurvey (468)
[2017.03.30-09.04.10:726][456]LogModuleManager: Shutting down and abandoning module SequenceRecorderSections (466)
[2017.03.30-09.04.10:726][456]LogModuleManager: Shutting down and abandoning module AutomationWorker (464)
[2017.03.30-09.04.10:726][456]LogModuleManager: Shutting down and abandoning module MatineeToLevelSequence (462)
[2017.03.30-09.04.10:726][456]LogModuleManager: Shutting down and abandoning module LevelSequenceEditor (460)
[2017.03.30-09.04.10:727][456]LogModuleManager: Shutting down and abandoning module PlacementMode (459)
[2017.03.30-09.04.10:727][456]LogModuleManager: Shutting down and abandoning module WmfMediaFactory (456)
[2017.03.30-09.04.10:727][456]LogModuleManager: Shutting down and abandoning module WmfMediaEditor (454)
[2017.03.30-09.04.10:727][456]LogModuleManager: Shutting down and abandoning module MfMediaFactory (452)
[2017.03.30-09.04.10:727][456]LogModuleManager: Shutting down and abandoning module MfMediaEditor (450)
[2017.03.30-09.04.10:727][456]LogModuleManager: Shutting down and abandoning module AvfMediaFactory (448)
[2017.03.30-09.04.10:727][456]LogModuleManager: Shutting down and abandoning module AvfMediaEditor (446)
[2017.03.30-09.04.10:727][456]LogModuleManager: Shutting down and abandoning module AndroidMediaFactory (444)
[2017.03.30-09.04.10:727][456]LogModuleManager: Shutting down and abandoning module Media (443)
[2017.03.30-09.04.10:727][456]LogModuleManager: Shutting down and abandoning module AndroidMediaEditor (440)
[2017.03.30-09.04.10:727][456]LogModuleManager: Shutting down and abandoning module CharacterAI (438)
[2017.03.30-09.04.10:727][456]LogModuleManager: Shutting down and abandoning module AudioCapture (436)
[2017.03.30-09.04.10:727][456]LogModuleManager: Shutting down and abandoning module SequenceRecorder (435)
[2017.03.30-09.04.10:727][456]LogModuleManager: Shutting down and abandoning module SmartSnapping (432)
[2017.03.30-09.04.10:727][456]LogModuleManager: Shutting down and abandoning module SessionServices (430)
[2017.03.30-09.04.10:727][456]LogModuleManager: Shutting down and abandoning module ViewportSnapping (428)
[2017.03.30-09.04.10:727][456]LogModuleManager: Shutting down and abandoning module ViewportInteraction (426)
[2017.03.30-09.04.10:727][456]LogModuleManager: Shutting down and abandoning module LogVisualizer (424)
[2017.03.30-09.04.10:727][456]LogModuleManager: Shutting down and abandoning module IntroTutorials (422)
[2017.03.30-09.04.10:727][456]LogModuleManager: Shutting down and abandoning module GameProjectGeneration (421)
[2017.03.30-09.04.10:727][456]LogModuleManager: Shutting down and abandoning module EditorLiveStreaming (418)
[2017.03.30-09.04.10:727][456]LogModuleManager: Shutting down and abandoning module IOSPlatformEditor (416)
[2017.03.30-09.04.10:727][456]LogModuleManager: Shutting down and abandoning module HTML5PlatformEditor (414)
[2017.03.30-09.04.10:727][456]LogModuleManager: Shutting down and abandoning module AndroidPlatformEditor (412)
[2017.03.30-09.04.10:727][456]LogModuleManager: Shutting down and abandoning module AndroidDeviceDetection (411)
[2017.03.30-09.04.11:243][456]LogModuleManager: Shutting down and abandoning module IOSRuntimeSettings (408)
[2017.03.30-09.04.11:243][456]LogModuleManager: Shutting down and abandoning module AndroidRuntimeSettings (406)
[2017.03.30-09.04.11:243][456]LogModuleManager: Shutting down and abandoning module InputBindingEditor (404)
[2017.03.30-09.04.11:243][456]LogModuleManager: Shutting down and abandoning module NiagaraEditor (402)
[2017.03.30-09.04.11:243][456]LogModuleManager: Shutting down and abandoning module MergeActors (400)
[2017.03.30-09.04.11:243][456]LogModuleManager: Shutting down and abandoning module SizeMap (398)
[2017.03.30-09.04.11:243][456]LogModuleManager: Shutting down and abandoning module TreeMap (396)
[2017.03.30-09.04.11:243][456]LogModuleManager: Shutting down and abandoning module ReferenceViewer (394)
[2017.03.30-09.04.11:243][456]LogModuleManager: Shutting down and abandoning module LocalizationDashboard (392)
[2017.03.30-09.04.11:243][456]LogModuleManager: Shutting down and abandoning module LocalizationService (391)
[2017.03.30-09.04.11:243][456]LogModuleManager: Shutting down and abandoning module HardwareTargeting (388)
[2017.03.30-09.04.11:243][456]LogModuleManager: Shutting down and abandoning module DeviceProfileEditor (386)
[2017.03.30-09.04.11:243][456]LogModuleManager: Shutting down and abandoning module UndoHistory (384)
[2017.03.30-09.04.11:243][456]LogModuleManager: Shutting down and abandoning module UserFeedback (382)
[2017.03.30-09.04.11:243][456]LogModuleManager: Shutting down and abandoning module XmlParser (380)
[2017.03.30-09.04.11:243][456]LogModuleManager: Shutting down and abandoning module Blutility (378)
[2017.03.30-09.04.11:243][456]LogModuleManager: Shutting down and abandoning module ProjectSettingsViewer (376)
[2017.03.30-09.04.11:243][456]LogModuleManager: Shutting down and abandoning module ProjectTargetPlatformEditor (375)
[2017.03.30-09.04.11:244][456]LogModuleManager: Shutting down and abandoning module EditorSettingsViewer (372)
[2017.03.30-09.04.11:244][456]LogModuleManager: Shutting down and abandoning module SettingsEditor (370)
[2017.03.30-09.04.11:244][456]LogModuleManager: Shutting down and abandoning module ProjectLauncher (368)
[2017.03.30-09.04.11:244][456]LogModuleManager: Shutting down and abandoning module SessionFrontend (366)
[2017.03.30-09.04.11:244][456]LogModuleManager: Shutting down and abandoning module ProfilerClient (364)
[2017.03.30-09.04.11:244][456]LogModuleManager: Shutting down and abandoning module DeviceManager (362)
[2017.03.30-09.04.11:244][456]LogModuleManager: Shutting down and abandoning module TargetDeviceServices (361)
[2017.03.30-09.04.11:294][456]LogModuleManager: Shutting down and abandoning module AutomationController (358)
[2017.03.30-09.04.11:294][456]LogModuleManager: Shutting down and abandoning module AutomationWindow (356)
[2017.03.30-09.04.11:294][456]LogModuleManager: Shutting down and abandoning module Layers (354)
[2017.03.30-09.04.11:294][456]LogModuleManager: Shutting down and abandoning module ComponentVisualizers (352)
[2017.03.30-09.04.11:294][456]LogModuleManager: Shutting down and abandoning module DetailCustomizations (350)
[2017.03.30-09.04.11:294][456]LogModuleManager: Shutting down and abandoning module PackagesDialog (348)
[2017.03.30-09.04.11:294][456]LogModuleManager: Shutting down and abandoning module Persona (346)
[2017.03.30-09.04.11:294][456]LogModuleManager: Shutting down and abandoning module AnimGraph (345)
[2017.03.30-09.04.11:294][456]LogModuleManager: Shutting down and abandoning module Kismet (342)
[2017.03.30-09.04.11:324][456]LogModuleManager: Shutting down and abandoning module GraphEditor (340)
[2017.03.30-09.04.11:324][456]LogModuleManager: Shutting down and abandoning module ClassViewer (338)
[2017.03.30-09.04.11:326][456]LogModuleManager: Shutting down and abandoning module Toolbox (336)
[2017.03.30-09.04.11:326][456]LogModuleManager: Shutting down and abandoning module ModuleUI (334)
[2017.03.30-09.04.11:326][456]LogModuleManager: Shutting down and abandoning module MovieSceneTools (332)
[2017.03.30-09.04.11:326][456]LogModuleManager: Shutting down and abandoning module OutputLog (330)
[2017.03.30-09.04.11:326][456]LogModuleManager: Shutting down and abandoning module GammaUI (328)
[2017.03.30-09.04.11:326][456]LogModuleManager: Shutting down and abandoning module Documentation (326)
[2017.03.30-09.04.11:326][456]LogModuleManager: Shutting down and abandoning module Niagara (324)
[2017.03.30-09.04.11:326][456]LogModuleManager: Shutting down and abandoning module StreamingPauseRendering (322)
[2017.03.30-09.04.11:326][456]LogModuleManager: Shutting down and abandoning module AnalyticsET (320)
[2017.03.30-09.04.11:326][456]LogModuleManager: Shutting down and abandoning module PortalServices (318)
[2017.03.30-09.04.11:326][456]LogModuleManager: Shutting down and abandoning module PortalRpc (316)
[2017.03.30-09.04.11:326][456]LogModuleManager: Shutting down and abandoning module MessagingRpc (314)
[2017.03.30-09.04.11:326][456]LogModuleManager: Shutting down and abandoning module AIModule (312)
[2017.03.30-09.04.11:326][456]LogModuleManager: Shutting down and abandoning module GameplayDebugger (311)
[2017.03.30-09.04.11:326][456]LogModuleManager: Shutting down and abandoning module AITestSuite (309)
[2017.03.30-09.04.11:326][456]LogModuleManager: Shutting down and abandoning module ProfilerService (306)
[2017.03.30-09.04.11:349][456]LogModuleManager: Shutting down and abandoning module TaskGraph (304)
[2017.03.30-09.04.11:349][456]LogModuleManager: Shutting down and abandoning module SteamVRController (302)
[2017.03.30-09.04.11:349][456]LogModuleManager: Shutting down and abandoning module SteamVR (300)
[2017.03.30-09.04.11:349][456]LogModuleManager: Shutting down and abandoning module ProceduralMeshComponentEditor (298)
[2017.03.30-09.04.11:349][456]LogModuleManager: Shutting down and abandoning module ProceduralMeshComponent (296)
[2017.03.30-09.04.11:349][456]LogModuleManager: Shutting down and abandoning module OculusLibrary (294)
[2017.03.30-09.04.11:349][456]LogModuleManager: Shutting down and abandoning module OculusInput (292)
[2017.03.30-09.04.11:349][456]LogModuleManager: Shutting down and abandoning module MobilePatchingUtils (290)
[2017.03.30-09.04.11:349][456]LogModuleManager: Shutting down and abandoning module CustomMeshComponent (288)
[2017.03.30-09.04.11:349][456]LogModuleManager: Shutting down and abandoning module CableComponent (286)
[2017.03.30-09.04.11:349][456]LogModuleManager: Shutting down and abandoning module ArchVisCharacter (284)
[2017.03.30-09.04.11:349][456]LogModuleManager: Shutting down and abandoning module MediaPlayerEditor (280)
[2017.03.30-09.04.11:349][456]LogModuleManager: Shutting down and abandoning module HTML5Networking (278)
[2017.03.30-09.04.11:349][456]LogModuleManager: Shutting down and abandoning module AlembicImporter (276)
[2017.03.30-09.04.11:349][456]LogModuleManager: Shutting down and abandoning module AlembicLibrary (275)
[2017.03.30-09.04.11:349][456]LogModuleManager: Shutting down and abandoning module GeometryCache (274)
[2017.03.30-09.04.11:349][456]LogModuleManager: Shutting down and abandoning module GeometryCacheEd (273)
[2017.03.30-09.04.11:349][456]LogModuleManager: Shutting down and abandoning module SuperSearchEditor (268)
[2017.03.30-09.04.11:349][456]LogModuleManager: Shutting down and abandoning module SuperSearch (267)
[2017.03.30-09.04.11:349][456]LogModuleManager: Shutting down and abandoning module SpeedTreeImporter (264)
[2017.03.30-09.04.11:349][456]LogModuleManager: Shutting down and abandoning module PluginBrowser (262)
[2017.03.30-09.04.11:350][456]LogModuleManager: Shutting down and abandoning module MobileLauncherProfileWizard (260)
[2017.03.30-09.04.11:350][456]LogModuleManager: Shutting down and abandoning module EpicSurvey (258)
[2017.03.30-09.04.11:350][456]LogModuleManager: Shutting down and abandoning module VisualStudioSourceCodeAccess (256)
[2017.03.30-09.04.11:350][456]LogModuleManager: Shutting down and abandoning module DesktopPlatform (255)
[2017.03.30-09.04.11:350][456]LogModuleManager: Shutting down and abandoning module UObjectPlugin (252)
[2017.03.30-09.04.11:350][456]LogModuleManager: Shutting down and abandoning module SubversionSourceControl (250)
[2017.03.30-09.04.11:350][456]LogModuleManager: Shutting down and abandoning module PerforceSourceControl (248)
[2017.03.30-09.04.11:350][456]LogModuleManager: Shutting down and abandoning module GitSourceControl (246)
[2017.03.30-09.04.11:350][456]LogModuleManager: Shutting down and abandoning module SourceControl (245)
[2017.03.30-09.04.11:350][456]LogModuleManager: Shutting down and abandoning module LightPropagationVolumeEditor (242)
[2017.03.30-09.04.11:350][456]LogModuleManager: Shutting down and abandoning module PaperTiledImporter (240)
[2017.03.30-09.04.11:350][456]LogModuleManager: Shutting down and abandoning module PaperSpriteSheetImporter (238)
[2017.03.30-09.04.11:350][456]LogModuleManager: Shutting down and abandoning module Paper2DEditor (236)
[2017.03.30-09.04.11:350][456]LogModuleManager: Shutting down and abandoning module MeshPaint (235)
[2017.03.30-09.04.11:350][456]LogModuleManager: Shutting down and abandoning module LevelEditor (233)
[2017.03.30-09.04.11:351][456]LogModuleManager: Shutting down and abandoning module PixelInspectorModule (232)
[2017.03.30-09.04.11:351][456]LogModuleManager: Shutting down and abandoning module MainFrame (230)
[2017.03.30-09.04.11:351][456]LogModuleManager: Shutting down and abandoning module HotReload (229)
[2017.03.30-09.04.11:351][456]LogModuleManager: Shutting down and abandoning module ContentBrowser (225)
[2017.03.30-09.04.11:352][456]LogModuleManager: Shutting down and abandoning module PhysXVehiclesEditor (222)
[2017.03.30-09.04.11:352][456]LogModuleManager: Shutting down and abandoning module PhysXVehicles (220)
[2017.03.30-09.04.11:352][456]LogModuleManager: Shutting down and abandoning module LocationServicesBPLibrary (218)
[2017.03.30-09.04.11:352][456]LogModuleManager: Shutting down and abandoning module UdpMessaging (216)
[2017.03.30-09.04.11:452][456]LogModuleManager: Shutting down and abandoning module TcpMessaging (214)
[2017.03.30-09.04.11:552][456]LogModuleManager: Shutting down and abandoning module GameplayTagsEditor (212)
[2017.03.30-09.04.11:552][456]LogModuleManager: Shutting down and abandoning module FacialAnimationEditor (210)
[2017.03.30-09.04.11:552][456]LogModuleManager: Shutting down and abandoning module FacialAnimation (208)
[2017.03.30-09.04.11:552][456]LogModuleManager: Shutting down and abandoning module LightPropagationVolumeRuntime (206)
[2017.03.30-09.04.11:552][456]LogModuleManager: Shutting down and abandoning module Paper2D (204)
[2017.03.30-09.04.11:552][456]LogModuleManager: Shutting down and abandoning module WindowsMoviePlayer (202)
[2017.03.30-09.04.11:552][456]LogModuleManager: Shutting down and abandoning module WmfMedia (200)
[2017.03.30-09.04.11:552][456]LogModuleManager: Shutting down and abandoning module MfMedia (198)
[2017.03.30-09.04.11:552][456]LogModuleManager: Shutting down and abandoning module MediaAssets (196)
[2017.03.30-09.04.11:552][456]LogModuleManager: Shutting down and abandoning module GameLiveStreaming (194)
[2017.03.30-09.04.11:552][456]LogModuleManager: Shutting down and abandoning module VREditor (192)
[2017.03.30-09.04.11:552][456]LogModuleManager: Shutting down and abandoning module GameplayTasksEditor (190)
[2017.03.30-09.04.11:552][456]LogModuleManager: Shutting down and abandoning module BehaviorTreeEditor (188)
[2017.03.30-09.04.11:552][456]LogModuleManager: Shutting down and abandoning module FunctionalTesting (186)
[2017.03.30-09.04.11:552][456]LogModuleManager: Shutting down and abandoning module CollisionAnalyzer (184)
[2017.03.30-09.04.11:552][456]LogModuleManager: Shutting down and abandoning module UMG (182)
[2017.03.30-09.04.11:552][456]LogModuleManager: Shutting down and abandoning module UMGEditor (181)
[2017.03.30-09.04.11:552][456]LogModuleManager: Shutting down and abandoning module Sequencer (180)
[2017.03.30-09.04.11:552][456]LogModuleManager: Shutting down and abandoning module AssetTools (178)
[2017.03.30-09.04.11:552][456]LogModuleManager: Shutting down and abandoning module MessageLog (177)
[2017.03.30-09.04.11:552][456]LogModuleManager: Shutting down and abandoning module WorkspaceMenuStructure (176)
[2017.03.30-09.04.11:552][456]LogModuleManager: Shutting down and abandoning module SlateReflector (170)
[2017.03.30-09.04.11:552][456]LogModuleManager: Shutting down and abandoning module Slate (168)
[2017.03.30-09.04.11:552][456]LogModuleManager: Shutting down and abandoning module EditorStyle (166)
[2017.03.30-09.04.11:555][456]LogModuleManager: Shutting down and abandoning module SourceCodeAccess (164)
[2017.03.30-09.04.11:555][456]LogModuleManager: Shutting down and abandoning module HeadMountedDisplay (162)
[2017.03.30-09.04.11:555][456]LogModuleManager: Shutting down and abandoning module XAudio2 (160)
[2017.03.30-09.04.11:555][456]LogModuleManager: Shutting down and abandoning module Networking (158)
[2017.03.30-09.04.11:555][456]LogModuleManager: Shutting down and abandoning module Core (154)
[2017.03.30-09.04.11:555][456]LogModuleManager: Shutting down and abandoning module AssetRegistry (152)
[2017.03.30-09.04.11:729][456]LogDirectoryWatcher: A directory notification for '../../../Engine/Content/' was aborted.
[2017.03.30-09.04.11:729][456]LogDirectoryWatcher: A directory notification for '../../../../../../Users/Xarana/Desktop/Die Beauftragten_GITHUB/Beauftragte/Content/' was aborted.
[2017.03.30-09.04.11:729][456]LogDirectoryWatcher: A directory notification for '../../../Engine/Plugins/2D/Paper2D/Content/' was aborted.
[2017.03.30-09.04.11:729][456]LogModuleManager: Shutting down and abandoning module DirectoryWatcher (151)
[2017.03.30-09.04.11:730][456]LogModuleManager: Shutting down and abandoning module KismetCompiler (148)
[2017.03.30-09.04.11:730][456]LogModuleManager: Shutting down and abandoning module PhysXFormats (146)
[2017.03.30-09.04.11:730][456]LogModuleManager: Shutting down and abandoning module MeshUtilities (144)
[2017.03.30-09.04.11:730][456]LogModuleManager: Shutting down and abandoning module SimplygonSwarm (143)
[2017.03.30-09.04.11:730][456]LogModuleManager: Shutting down and abandoning module SimplygonMeshReduction (141)
[2017.03.30-09.04.11:730][456]LogModuleManager: Shutting down and abandoning module QuadricMeshReduction (139)
[2017.03.30-09.04.11:730][456]LogModuleManager: Shutting down and abandoning module PropertyEditor (137)
[2017.03.30-09.04.11:743][456]LogModuleManager: Shutting down and abandoning module DerivedDataCache (134)
[2017.03.30-09.04.11:837][456]LogDerivedDataCache: Shutdown
[2017.03.30-09.04.11:837][456]LogModuleManager: Shutting down and abandoning module TargetPlatform (132)
[2017.03.30-09.04.11:837][456]LogModuleManager: Shutting down and abandoning module VulkanShaderFormat (131)
[2017.03.30-09.04.11:837][456]LogModuleManager: Shutting down and abandoning module ShaderFormatOpenGL (129)
[2017.03.30-09.04.11:837][456]LogModuleManager: Shutting down and abandoning module ShaderFormatD3D (127)
[2017.03.30-09.04.11:837][456]LogModuleManager: Shutting down and abandoning module MetalShaderFormat (125)
[2017.03.30-09.04.11:837][456]LogModuleManager: Shutting down and abandoning module TextureFormatUncompressed (123)
[2017.03.30-09.04.11:837][456]LogModuleManager: Shutting down and abandoning module TextureFormatPVR (121)
[2017.03.30-09.04.11:837][456]LogModuleManager: Shutting down and abandoning module TextureFormatDXT (119)
[2017.03.30-09.04.11:837][456]LogModuleManager: Shutting down and abandoning module TextureFormatIntelISPCTexComp (117)
[2017.03.30-09.04.11:837][456]LogModuleManager: Shutting down and abandoning module TextureFormatASTC (115)
[2017.03.30-09.04.11:837][456]LogModuleManager: Shutting down and abandoning module ImageWrapper (114)
[2017.03.30-09.04.11:837][456]LogModuleManager: Shutting down and abandoning module TextureFormatAndroid (111)
[2017.03.30-09.04.11:837][456]LogModuleManager: Shutting down and abandoning module AudioFormatOpus (109)
[2017.03.30-09.04.11:837][456]LogModuleManager: Shutting down and abandoning module AudioFormatOgg (107)
[2017.03.30-09.04.11:837][456]LogModuleManager: Shutting down and abandoning module AudioFormatADPCM (105)
[2017.03.30-09.04.11:837][456]LogModuleManager: Shutting down and abandoning module LinuxTargetPlatform (103)
[2017.03.30-09.04.11:837][456]LogModuleManager: Shutting down and abandoning module LinuxServerTargetPlatform (101)
[2017.03.30-09.04.11:837][456]LogModuleManager: Shutting down and abandoning module LinuxNoEditorTargetPlatform (99)
[2017.03.30-09.04.11:837][456]LogModuleManager: Shutting down and abandoning module LinuxClientTargetPlatform (97)
[2017.03.30-09.04.11:837][456]LogModuleManager: Shutting down and abandoning module TVOSTargetPlatform (95)
[2017.03.30-09.04.11:837][456]LogModuleManager: Shutting down and abandoning module Messaging (93)
[2017.03.30-09.04.11:837][456]LogModuleManager: Shutting down and abandoning module IOSTargetPlatform (91)
[2017.03.30-09.04.11:838][456]LogModuleManager: Shutting down and abandoning module HTML5TargetPlatform (89)
[2017.03.30-09.04.11:838][456]LogModuleManager: Shutting down and abandoning module Android_PVRTCTargetPlatform (87)
[2017.03.30-09.04.11:838][456]LogModuleManager: Shutting down and abandoning module Android_MultiTargetPlatform (85)
[2017.03.30-09.04.11:838][456]LogModuleManager: Shutting down and abandoning module Android_ETC2TargetPlatform (83)
[2017.03.30-09.04.11:838][456]LogModuleManager: Shutting down and abandoning module Android_ETC1TargetPlatform (81)
[2017.03.30-09.04.11:838][456]LogModuleManager: Shutting down and abandoning module Android_DXTTargetPlatform (79)
[2017.03.30-09.04.11:838][456]LogModuleManager: Shutting down and abandoning module Android_ATCTargetPlatform (77)
[2017.03.30-09.04.11:838][456]LogModuleManager: Shutting down and abandoning module Android_ASTCTargetPlatform (75)
[2017.03.30-09.04.11:838][456]LogModuleManager: Shutting down and abandoning module AndroidTargetPlatform (73)
[2017.03.30-09.04.11:838][456]LogModuleManager: Shutting down and abandoning module WindowsTargetPlatform (71)
[2017.03.30-09.04.11:838][456]LogModuleManager: Shutting down and abandoning module WindowsServerTargetPlatform (69)
[2017.03.30-09.04.11:838][456]LogModuleManager: Shutting down and abandoning module WindowsNoEditorTargetPlatform (67)
[2017.03.30-09.04.11:838][456]LogModuleManager: Shutting down and abandoning module WindowsClientTargetPlatform (65)
[2017.03.30-09.04.11:838][456]LogModuleManager: Shutting down and abandoning module MacTargetPlatform (63)
[2017.03.30-09.04.11:838][456]LogModuleManager: Shutting down and abandoning module MacServerTargetPlatform (61)
[2017.03.30-09.04.11:838][456]LogModuleManager: Shutting down and abandoning module MacNoEditorTargetPlatform (59)
[2017.03.30-09.04.11:838][456]LogModuleManager: Shutting down and abandoning module MacClientTargetPlatform (57)
[2017.03.30-09.04.11:838][456]LogModuleManager: Shutting down and abandoning module AllDesktopTargetPlatform (55)
[2017.03.30-09.04.11:838][456]LogModuleManager: Shutting down and abandoning module InputCore (52)
[2017.03.30-09.04.11:838][456]LogModuleManager: Shutting down and abandoning module Settings (50)
[2017.03.30-09.04.11:838][456]LogModuleManager: Shutting down and abandoning module OculusRift (48)
[2017.03.30-09.04.11:838][456]LogModuleManager: Shutting down and abandoning module GearVR (46)
[2017.03.30-09.04.11:838][456]LogModuleManager: Shutting down and abandoning module ExampleDeviceProfileSelector (44)
[2017.03.30-09.04.11:838][456]LogModuleManager: Shutting down and abandoning module OnlineBlueprintSupport (42)
[2017.03.30-09.04.11:838][456]LogModuleManager: Shutting down and abandoning module OnlineSubsystem (38)
[2017.03.30-09.04.11:838][456]LogOnline:Display: Unloading online subsystem: NULL
[2017.03.30-09.04.11:838][456]LogModuleManager: Shutting down and abandoning module XMPP (37)
[2017.03.30-09.04.11:838][456]LogModuleManager: Shutting down and abandoning module HTTP (35)
[2017.03.30-09.04.11:838][456]LogHttp:Display: Http module shutting down, but needs to wait on 1 outstanding Http requests:
[2017.03.30-09.04.11:838][456]LogHttp:Display: 	verb=[POST] url=[https://datarouter.ol.epicgames.com/datarouter/api/v1/public/data?SessionID=%7BBA2A02C2-44F9-AB84-F980-12AA3D1B95C7%7D&AppID=UEEditor.Rocket.Release&AppVersion=4.15.1-3348071%2B%2B%2BUE4%2BRelease-4.15&UserID=88d668f44c400c760af3cea5f8517170%7C72ea6c91e559470b8316fc909c1650da%7C3e68f398-52d6-481b-bcaf-b2d01b5b9b84&AppEnvironment=datacollector-binary&UploadType=eteventstream] status=Processing
[2017.03.30-09.04.11:844][456]LogModuleManager: Shutting down and abandoning module SSL (34)
[2017.03.30-09.04.11:846][456]LogModuleManager: Shutting down and abandoning module AudioEditor (30)
[2017.03.30-09.04.11:846][456]LogModuleManager: Shutting down and abandoning module TextureCompressor (28)
[2017.03.30-09.04.11:846][456]LogModuleManager: Shutting down and abandoning module ShaderCore (26)
[2017.03.30-09.04.11:846][456]LogModuleManager: Shutting down and abandoning module Landscape (24)
[2017.03.30-09.04.11:846][456]LogModuleManager: Shutting down and abandoning module SlateRHIRenderer (22)
[2017.03.30-09.04.11:851][456]LogModuleManager: Shutting down and abandoning module OpenGLDrv (20)
[2017.03.30-09.04.11:851][456]LogModuleManager: Shutting down and abandoning module D3D11RHI (18)
[2017.03.30-09.04.11:851][456]LogModuleManager: Shutting down and abandoning module AnimGraphRuntime (16)
[2017.03.30-09.04.11:851][456]LogModuleManager: Shutting down and abandoning module Renderer (14)
[2017.03.30-09.04.11:851][456]LogModuleManager: Shutting down and abandoning module Engine (12)
[2017.03.30-09.04.11:851][456]LogModuleManager: Shutting down and abandoning module CoreUObject (10)
[2017.03.30-09.04.11:851][456]LogModuleManager: Shutting down and abandoning module NetworkFile (8)
[2017.03.30-09.04.11:851][456]LogModuleManager: Shutting down and abandoning module StreamingFile (6)
[2017.03.30-09.04.11:851][456]LogModuleManager: Shutting down and abandoning module SandboxFile (4)
[2017.03.30-09.04.11:851][456]LogModuleManager: Shutting down and abandoning module PakFile (2)
[2017.03.30-09.04.11:853][456]LogExit: Exiting.
[2017.03.30-09.04.11:855][456]Log file closed, 03/30/17 11:04:11
