Log file open, 03/30/17 06:12:58
LogInit:Display: Running engine for game: Beauftragte
LogPlatformFile: Not using cached read wrapper
LogInit:Display: RandInit(-755777848) SRandInit(-755777848).
LogTaskGraph: Started task graph with 5 named threads and 8 total threads with 1 sets of task threads.
LogStats: Stats thread started at 0.078083
LogInit: Using libcurl 7.47.1
LogInit:  - built for x86_64-pc-win32
LogInit:  - supports SSL with OpenSSL/1.0.2g
LogInit:  - supports HTTP deflate (compression) using libz 1.2.8
LogInit:  - other features:
LogInit:      CURL_VERSION_SSL
LogInit:      CURL_VERSION_LIBZ
LogInit:      CURL_VERSION_IPV6
LogInit:      CURL_VERSION_ASYNCHDNS
LogInit:      CURL_VERSION_LARGEFILE
LogInit:      CURL_VERSION_IDN
LogInit:  CurlRequestOptions (configurable via config and command line):
LogInit:  - bVerifyPeer = false  - Libcurl will NOT verify peer certificate
LogInit:  - bUseHttpProxy = false  - Libcurl will NOT use HTTP proxy
LogInit:  - bDontReuseConnections = false  - Libcurl will reuse connections
LogInit:  - CertBundlePath = nullptr  - Libcurl will use whatever was configured at build time.
LogInit: Build: ++UE4+Release-4.15-CL-3348071
LogInit: Engine Version: 4.15.1-3348071+++UE4+Release-4.15
LogInit: Compatible Engine Version: 4.15.0-3299760+++UE4+Release-4.15
LogInit: Net CL: 3299760
LogDevObjectVersion: Number of dev versions registered: 14
LogDevObjectVersion:   Dev-Blueprints (B0D832E4-1F89-4F0D-ACCF-7EB736FD4AA2): 8
LogDevObjectVersion:   Dev-Build (E1C64328-A22C-4D53-A36C-8E866417BD8C): 0
LogDevObjectVersion:   Dev-Core (375EC13C-06E4-48FB-B500-84F0262A717E): 2
LogDevObjectVersion:   Dev-Editor (E4B068ED-F494-42E9-A231-DA0B2E46BB41): 14
LogDevObjectVersion:   Dev-Framework (CFFC743F-43B0-4480-9391-14DF171D2073): 22
LogDevObjectVersion:   Dev-Mobile (B02B49B5-BB20-44E9-A304-32B752E40360): 0
LogDevObjectVersion:   Dev-Networking (A4E4105C-59A1-49B5-A7C5-40C4547EDFEE): 0
LogDevObjectVersion:   Dev-Online (39C831C9-5AE6-47DC-9A44-9C173E1C8E7C): 0
LogDevObjectVersion:   Dev-Physics (78F01B33-EBEA-4F98-B9B4-84EACCB95AA2): 0
LogDevObjectVersion:   Dev-Platform (6631380F-2D4D-43E0-8009-CF276956A95A): 0
LogDevObjectVersion:   Dev-Rendering (12F88B9F-8875-4AFC-A67C-D90C383ABD29): 12
LogDevObjectVersion:   Dev-Sequencer (7B5AE74C-D270-4C10-A958-57980B212A5A): 3
LogDevObjectVersion:   Dev-VR (D7296918-1DD6-4BDD-9DE2-64A83CC13884): 0
LogDevObjectVersion:   Dev-LoadTimes (C2A15278-BFE7-4AFE-6C17-90FF531DF755): 1
LogInit: Compiled (64-bit): Mar 15 2017 16:52:47
LogInit: Compiled with Visual C++: 19.00.23026.00
LogInit: Build Configuration: Development
LogInit: Branch Name: ++UE4+Release-4.15
LogInit: Command line: -EpicPortal 
LogInit: Base directory: C:/Program Files/Epic Games/UE_4.15/Engine/Binaries/Win64/
LogInit: Installed Engine Build: 1
LogInit: Presizing for max 8388607 objects, including 0 objects not considered by GC, pre-allocating 0 bytes for permanent pool.
LogInit: Object subsystem initialized
[2017.03.30-04.13.01:029][  0]LogInit: Selected Device Profile: [Windows]
[2017.03.30-04.13.01:029][  0]LogInit: Applying CVar settings loaded from the selected device profile: [Windows]
[2017.03.30-04.13.01:150][  0]LogInit: Computer: XARANA-PC
[2017.03.30-04.13.01:150][  0]LogInit: User: Xarana
[2017.03.30-04.13.01:150][  0]LogInit: CPU Page size=65536, Cores=4
[2017.03.30-04.13.01:150][  0]LogInit: High frequency timer resolution =2.742919 MHz
[2017.03.30-04.13.01:150][  0]LogMemory: Memory total: Physical=12.0GB (12GB approx)
[2017.03.30-04.13.01:150][  0]LogMemory: Platform Memory Stats for Windows
[2017.03.30-04.13.01:150][  0]LogMemory: Process Physical Memory: 263.45 MB used, 263.45 MB peak
[2017.03.30-04.13.01:150][  0]LogMemory: Process Virtual Memory: 264.08 MB used, 264.08 MB peak
[2017.03.30-04.13.01:150][  0]LogMemory: Physical Memory: 5269.28 MB used,  7016.77 MB free, 12286.05 MB total
[2017.03.30-04.13.01:150][  0]LogMemory: Virtual Memory: 632.63 MB used,  7016.77 MB free, 8388608.00 MB total
[2017.03.30-04.13.01:258][  0]LogTextLocalizationManager: No translations for ('de-DE') exist, falling back to 'en' for localization and internationalization data.
[2017.03.30-04.13.02:080][  0]LogD3D11RHI: D3D11 adapters:
[2017.03.30-04.13.02:098][  0]LogD3D11RHI:    0. 'NVIDIA GeForce GTX 550 Ti' (Feature Level 11_0)
[2017.03.30-04.13.02:098][  0]LogD3D11RHI:       977/0/3071 MB DedicatedVideo/DedicatedSystem/SharedSystem, Outputs:1, VendorId:0x10de
[2017.03.30-04.13.02:098][  0]LogD3D11RHI: Chosen D3D11 Adapter: 0
[2017.03.30-04.13.02:103][  0]LogD3D11RHI: Creating new Direct3DDevice
[2017.03.30-04.13.02:103][  0]LogD3D11RHI:     GPU DeviceId: 0x1244 (for the marketing name, search the web for "GPU Device Id")
[2017.03.30-04.13.02:103][  0]LogWindows: EnumDisplayDevices:
[2017.03.30-04.13.02:103][  0]LogWindows:    0. 'NVIDIA GeForce GTX 550 Ti' (P:1 D:1)
[2017.03.30-04.13.02:104][  0]LogWindows:    1. 'NVIDIA GeForce GTX 550 Ti' (P:0 D:0)
[2017.03.30-04.13.02:104][  0]LogWindows:    2. 'RDPDD Chained DD' (P:0 D:0)
[2017.03.30-04.13.02:104][  0]LogWindows:    3. 'RDP Encoder Mirror Driver' (P:0 D:0)
[2017.03.30-04.13.02:104][  0]LogWindows:    4. 'RDP Reflector Display Driver' (P:0 D:0)
[2017.03.30-04.13.02:104][  0]LogWindows: DebugString: GetVideoDriverDetailsInvalid PrimaryIsNotTheChoosenAdapter GetVideoDriverDetailsInvalid PrimaryIsNotTheChoosenAdapter GetVideoDriverDetailsInvalid PrimaryIsNotTheChoosenAdapter FoundDriverCount:2 
[2017.03.30-04.13.02:104][  0]LogD3D11RHI:     Adapter Name: NVIDIA GeForce GTX 550 Ti
[2017.03.30-04.13.02:104][  0]LogD3D11RHI:   Driver Version: 361.43 (internal:10.18.13.6143, unified:361.43)
[2017.03.30-04.13.02:104][  0]LogD3D11RHI:      Driver Date: 12-16-2015
[2017.03.30-04.13.02:104][  0]LogRHI: Texture pool is 684 MB (70% of 977 MB)
[2017.03.30-04.13.02:112][  0]LogD3D11RHI:Warning: Timestamp queries are currently disabled on this hardware due to instability. Realtime GPU stats will not be available. You can override this behaviour by setting r.NVIDIATimestampWorkaround to 0
[2017.03.30-04.13.02:112][  0]LogD3D11RHI: NvAPI_D3D_GetCurrentSLIState failed: 0xfffffff7
[2017.03.30-04.13.02:112][  0]LogD3D11RHI: Async texture creation enabled
[2017.03.30-04.13.02:129][  0]LogD3D11RHI: GPU Timing Frequency: 1000.000000 (Debug: 2 2)
[2017.03.30-04.13.02:130][  0]LogShaderCompilers: Guid format shader working directory is -27 characters bigger than the processId version (../../../../../../Users/Xarana/Desktop/Die Beauftragten_GITHUB/Beauftragte/Intermediate/Shaders/WorkingDirectory/4724/).
[2017.03.30-04.13.02:131][  0]LogShaderCompilers: Cleaned the shader compiler working directory 'C:/Users/Xarana/AppData/Local/Temp/UnrealShaderWorkingDir/15E2C43D480484AD10E028B5F07640FE/'.
[2017.03.30-04.13.02:131][  0]LogShaderCompilers:Display: Using Local Shader Compiler.
[2017.03.30-04.13.03:819][  0]LogTemp:Display: Loaded TP AllDesktopTargetPlatform
[2017.03.30-04.13.03:896][  0]LogTemp:Display: Loaded TP MacClientTargetPlatform
[2017.03.30-04.13.03:978][  0]LogTemp:Display: Loaded TP MacNoEditorTargetPlatform
[2017.03.30-04.13.04:059][  0]LogTemp:Display: Loaded TP MacServerTargetPlatform
[2017.03.30-04.13.04:139][  0]LogTemp:Display: Loaded TP MacTargetPlatform
[2017.03.30-04.13.04:217][  0]LogTemp:Display: Loaded TP WindowsClientTargetPlatform
[2017.03.30-04.13.04:297][  0]LogTemp:Display: Loaded TP WindowsNoEditorTargetPlatform
[2017.03.30-04.13.04:376][  0]LogTemp:Display: Loaded TP WindowsServerTargetPlatform
[2017.03.30-04.13.04:435][  0]LogTemp:Display: Loaded TP WindowsTargetPlatform
[2017.03.30-04.13.04:514][  0]LogTemp:Display: Loaded TP AndroidTargetPlatform
[2017.03.30-04.13.04:594][  0]LogTemp:Display: Loaded TP Android_ASTCTargetPlatform
[2017.03.30-04.13.04:683][  0]LogTemp:Display: Loaded TP Android_ATCTargetPlatform
[2017.03.30-04.13.04:762][  0]LogTemp:Display: Loaded TP Android_DXTTargetPlatform
[2017.03.30-04.13.04:841][  0]LogTemp:Display: Loaded TP Android_ETC1TargetPlatform
[2017.03.30-04.13.04:917][  0]LogTemp:Display: Loaded TP Android_ETC2TargetPlatform
[2017.03.30-04.13.05:073][  0]LogTemp:Display: Loaded TP Android_MultiTargetPlatform
[2017.03.30-04.13.05:073][  0]LogTemp:Display: Loaded TP Android_PVRTCTargetPlatform
[2017.03.30-04.13.05:124][  0]LogTemp:Display: Loaded TP HTML5TargetPlatform
[2017.03.30-04.13.05:248][  0]LogTemp:Display: Loaded TP IOSTargetPlatform
[2017.03.30-04.13.05:300][  0]LogTemp:Display: Loaded TP TVOSTargetPlatform
[2017.03.30-04.13.05:374][  0]LogTemp:Display: Loaded TP LinuxClientTargetPlatform
[2017.03.30-04.13.05:452][  0]LogTemp:Display: Loaded TP LinuxNoEditorTargetPlatform
[2017.03.30-04.13.05:531][  0]LogTemp:Display: Loaded TP LinuxServerTargetPlatform
[2017.03.30-04.13.05:611][  0]LogTemp:Display: Loaded TP LinuxTargetPlatform
[2017.03.30-04.13.05:611][  0]LogTargetPlatformManager:Display: Building Assets For Windows
[2017.03.30-04.13.06:162][  0]LogDerivedDataCache:Display: Max Cache Size: 512 MB
[2017.03.30-04.13.06:243][  0]LogDerivedDataCache: Loaded boot cache 0.08s 50MB C:/Users/Xarana/AppData/Local/UnrealEngine/4.15/DerivedDataCache/Boot.ddc.
[2017.03.30-04.13.06:243][  0]LogDerivedDataCache:Display: Loaded Boot cache: C:/Users/Xarana/AppData/Local/UnrealEngine/4.15/DerivedDataCache/Boot.ddc
[2017.03.30-04.13.06:243][  0]LogDerivedDataCache: FDerivedDataBackendGraph:  Pak pak cache file ../../../../../../Users/Xarana/Desktop/Die Beauftragten_GITHUB/Beauftragte/DerivedDataCache/DDC.ddp not found, will not use a pak cache.
[2017.03.30-04.13.06:243][  0]LogDerivedDataCache: Unable to find inner node Pak for hierarchical cache Hierarchy.
[2017.03.30-04.13.06:243][  0]LogDerivedDataCache: FDerivedDataBackendGraph:  CompressedPak pak cache file ../../../../../../Users/Xarana/Desktop/Die Beauftragten_GITHUB/Beauftragte/DerivedDataCache/Compressed.ddp not found, will not use a pak cache.
[2017.03.30-04.13.06:243][  0]LogDerivedDataCache: Unable to find inner node CompressedPak for hierarchical cache Hierarchy.
[2017.03.30-04.13.06:275][  0]LogDerivedDataCache:Display: Pak cache opened for reading ../../../Engine/DerivedDataCache/Compressed.ddp.
[2017.03.30-04.13.06:286][  0]LogDerivedDataCache: Using Local data cache path C:/Users/Xarana/AppData/Local/UnrealEngine/Common/DerivedDataCache: Writable
[2017.03.30-04.13.06:303][  0]LogSlate: Using Freetype 2.6.0
[2017.03.30-04.13.06:304][  0]LogSlate: SlateFontCache - WITH_FREETYPE: 1, WITH_HARFBUZZ: 1
[2017.03.30-04.13.06:304][  0]LogSlate: SlateFontCache - WITH_FREETYPE: 1, WITH_HARFBUZZ: 1
[2017.03.30-04.13.06:801][  0]LogInit: Selected Device Profile: [Windows]
[2017.03.30-04.13.06:807][  0]LogContentStreaming: Texture pool size is 0.00 MB
[2017.03.30-04.13.07:110][  0]LogMeshUtilities: Using QuadricMeshReduction for automatic static mesh reduction
[2017.03.30-04.13.07:164][  0]LogSimplygon: Simplygon DLL not present - disabling.
[2017.03.30-04.13.07:224][  0]LogMeshUtilities: Using SimplygonSwarm for distributed automatic mesh merging
[2017.03.30-04.13.07:224][  0]LogMeshUtilities: No automatic skeletal mesh reduction module available
[2017.03.30-04.13.07:224][  0]LogMeshUtilities: No automatic mesh merging module available
[2017.03.30-04.13.07:963][  0]LogNetVersion: GetLocalNetworkVersion: CL: 3299760, ProjectName: beauftragte, ProjectVersion: , EngineNetworkVersion: 2, GameNetworkVersion: 0, NetworkChecksum: 1917097569
[2017.03.30-04.13.08:017][  0]LogAssetRegistry: FAssetRegistry took 0.0205 seconds to start up
[2017.03.30-04.13.08:386][  0]LogPackageLocalizationCache: Processed 3 localized package path(s) for 1 prioritized culture(s) in 0.339385 seconds
[2017.03.30-04.13.08:394][  0]LogUObjectArray: 32493 objects as part of root set at end of initial load.
[2017.03.30-04.13.08:394][  0]LogUObjectAllocator: 7077032 out of 0 bytes used by permanent object pool.
[2017.03.30-04.13.08:394][  0]LogUObjectArray: CloseDisregardForGC: 0/0 objects in disregard for GC pool
[2017.03.30-04.13.08:474][  0]LogInit: WinSock: version 1.1 (2.2), MaxSocks=32767, MaxUdp=65467
[2017.03.30-04.13.10:283][  0]LogWmfMedia: Failed to load mf.dll
[2017.03.30-04.13.10:283][  0]LogWmfMedia: Failed to load required Windows Media Foundation libraries
[2017.03.30-04.13.10:340][  0]LogWindowsMoviePlayer: Could not load mf.dll. Library not found.
[2017.03.30-04.13.10:340][  0]LogWindowsMoviePlayer: Could not load mfplat.dll. Library not found.
[2017.03.30-04.13.10:341][  0]LogWindowsMoviePlayer: Could not load mfplay.dll. Library not found.
[2017.03.30-04.13.10:701][  0]LogTcpMessaging: Initializing TcpMessaging bridge
[2017.03.30-04.13.10:743][  0]LogUdpMessaging: Initializing bridge on interface 0.0.0.0:0 to multicast group 230.0.0.1:6666.
[2017.03.30-04.13.11:285][  0]LogMaterial: Uniform references updated for custom material expression Custom.
[2017.03.30-04.13.11:891][  0]SourceControl: Info Source control is disabled
[2017.03.30-04.13.11:892][  0]SourceControl: Info Source control is disabled
[2017.03.30-04.13.11:953][  0]SourceControl: Info Source control is disabled
[2017.03.30-04.13.12:010][  0]SourceControl: Info Source control is disabled
[2017.03.30-04.13.13:520][  0]LogEngine: Initializing Engine...
[2017.03.30-04.13.13:520][  0]LogHMD: Failed to initialize OpenVR with code 110
[2017.03.30-04.13.13:852][  0]LogAIModule: Creating AISystem for world Untitled
[2017.03.30-04.13.13:864][  0]LogInit: XAudio2 using 'Speakers (High Definition Audio Device)' : 2 channels at 44.1 kHz using 16 bits per sample (channel mask 0x3)
[2017.03.30-04.13.13:871][  0]LogInit: FAudioDevice initialized.
[2017.03.30-04.13.13:906][  0]LogDerivedDataCache: Saved boot cache 0.03s 50MB C:/Users/Xarana/AppData/Local/UnrealEngine/4.15/DerivedDataCache/Boot.ddc.
[2017.03.30-04.13.13:915][  0]LogInit: Texture streaming: Enabled
[2017.03.30-04.13.14:034][  0]LogEngineSessionManager: EngineSessionManager initialized
[2017.03.30-04.13.14:146][  0]LogInit: Transaction tracking system initialized
[2017.03.30-04.13.14:606][  0]BlueprintLog: New page: Editor Load
[2017.03.30-04.13.15:707][  0]LocalizationService: Info Localization service is disabled
[2017.03.30-04.13.16:536][  0]LogConsoleResponse:Display: 
[2017.03.30-04.13.16:716][  0]LogCook:Display: Max memory allowance for cook 16384mb min free memory 0mb
[2017.03.30-04.13.16:716][  0]LogCook:Display: Mobile HDR setting 1
[2017.03.30-04.13.17:610][  0]LogFileCache: Scanning file cache for directory 'C:/Users/Xarana/Desktop/Die Beauftragten_GITHUB/Beauftragte/Content/' took 0.01s
[2017.03.30-04.13.17:981][  0]SourceControl: Info Source control is disabled
[2017.03.30-04.13.17:981][  0]Cmd: MAP LOAD FILE="../../../../../../Users/Xarana/Desktop/Die Beauftragten_GITHUB/Beauftragte/Content/TileBased/Maps/TestMap.umap" TEMPLATE=0 SHOWPROGRESS=1 FEATURELEVEL=3
[2017.03.30-04.13.18:276][  0]LightingResults: New page: Lighting Build
[2017.03.30-04.13.18:327][  0]MapCheck: New page: Map Check
[2017.03.30-04.13.18:327][  0]LightingResults: New page: Lighting Build
[2017.03.30-04.13.33:811][  0]LogBlueprint:Warning: [TB_PlayerController] 'DisplayPathAsSpline' variable not found. Base class was probably changed.
[2017.03.30-04.13.33:814][  0]LogBlueprint:Warning: [TB_PlayerController] 'Square Visibility' variable not found. Base class was probably changed.
[2017.03.30-04.13.33:970][  0]LogBlueprint:Warning: [TB_AI_Controller] 'Square Visibility' variable not found. Base class was probably changed.
[2017.03.30-04.14.05:692][  0]LogBlueprint:Warning: [TB_AI_Controller] 'Square Visibility' variable not found. Base class was probably changed.
[2017.03.30-04.14.05:853][  0]LogBlueprint:Warning: [TB_PlayerController] 'DisplayPathAsSpline' variable not found. Base class was probably changed.
[2017.03.30-04.14.05:854][  0]LogBlueprint:Warning: [TB_PlayerController] 'Square Visibility' variable not found. Base class was probably changed.
[2017.03.30-04.14.45:931][  0]LogDerivedDataCache:Warning: C:/Users/Xarana/AppData/Local/UnrealEngine/Common/DerivedDataCache is very slow (0.34MB/s) when accessing C:/Users/Xarana/AppData/Local/UnrealEngine/Common/DerivedDataCache/0/1/4/TEXTURE_814DCC3DC72143F49509781513CB9855_AUTODXT_327C08A040D7862D90D48DB689F01__E97C85B6F9771E7C5D797FB7C78DF53E76C19057.udd, consider disabling it.
[2017.03.30-04.14.48:347][  0]LogDerivedDataCache:Warning: C:/Users/Xarana/AppData/Local/UnrealEngine/Common/DerivedDataCache is very slow (0.37MB/s) when accessing C:/Users/Xarana/AppData/Local/UnrealEngine/Common/DerivedDataCache/4/2/9/TEXTURE_814DCC3DC72143F49509781513CB9855_BGRA8_8D9D8FB44677109237D01E8CC463AD4__8EA91CF86375E78D1D4EDA1DC9028D8B10120EF1.udd, consider disabling it.
[2017.03.30-04.15.11:838][  0]LogAIModule: Creating AISystem for world TestMap
[2017.03.30-04.15.18:676][  0]LogEditorServer: Finished looking for orphan Actors (0.000 secs)
[2017.03.30-04.15.18:702][  0]Cmd: MAP CHECKDEP NOCLEARLOG
[2017.03.30-04.15.18:991][  0]MapCheck: Info Map check complete: 0 Error(s), 0 Warning(s), took 289.273ms to complete.
[2017.03.30-04.15.18:992][  0]LogFileHelpers: Loading map 'TestMap' took 121.009
[2017.03.30-04.15.25:825][  0]LogCollectionManager: Loaded 0 collections in 0.001954 seconds
[2017.03.30-04.15.28:766][  0]LogFileCache: Scanning file cache for directory 'C:/Users/Xarana/Desktop/Die Beauftragten_GITHUB/Beauftragte/Saved/Collections/' took 0.01s
[2017.03.30-04.15.28:766][  0]LogFileCache: Scanning file cache for directory 'C:/Users/Xarana/Desktop/Die Beauftragten_GITHUB/Beauftragte/Content/Developers/Xarana/Collections/' took 0.01s
[2017.03.30-04.15.28:766][  0]LogFileCache: Scanning file cache for directory 'C:/Users/Xarana/Desktop/Die Beauftragten_GITHUB/Beauftragte/Content/Collections/' took 0.01s
[2017.03.30-04.15.28:766][  0]LogCollectionManager: Rebuilt the GUID cache for 0 collections in 0.000005 seconds
[2017.03.30-04.15.29:884][  0]LogContentBrowser: Native class hierarchy populated in 0.5195 seconds. Added 2245 classes and 453 folders.
[2017.03.30-04.15.31:427][  0]LogStats: UGameplayTagsManager::ConstructGameplayTagTree: Construct from data asset -  0.000 s
[2017.03.30-04.15.31:608][  0]LogStats: UGameplayTagsManager::ConstructGameplayTagTree: GameplayTagTreeChangedEvent.Broadcast -  0.069 s
[2017.03.30-04.15.32:145][  0]LogContentBrowser: Native class hierarchy updated for 'WidgetCarousel' in 0.0008 seconds. Added 0 classes and 0 folders.
[2017.03.30-04.15.52:754][  0]LogContentBrowser: Native class hierarchy updated for 'AddContentDialog' in 0.0009 seconds. Added 0 classes and 0 folders.
[2017.03.30-04.15.53:040][  0]LogContentBrowser: Native class hierarchy updated for 'SceneOutliner' in 0.0007 seconds. Added 1 classes and 2 folders.
[2017.03.30-04.15.53:856][  0]LogCrashTracker: Crashtracker disabled due to settings.
[2017.03.30-04.15.54:190][  0]LogUObjectGlobals:Warning: Failed to find object 'Class None.'
[2017.03.30-04.15.54:714][  0]LogContentBrowser: Native class hierarchy updated for 'HierarchicalLODOutliner' in 0.0007 seconds. Added 1 classes and 2 folders.
[2017.03.30-04.15.54:715][  0]LogLoad: (Engine Initialization) Total time: 179.07 seconds
[2017.03.30-04.15.54:715][  0]LogLoad: (Engine Initialization) Total Blueprint compile time: 4.55 seconds
[2017.03.30-04.15.54:715][  0]LogExternalProfiler: No external profilers were discovered.  External profiling features will not be available.
[2017.03.30-04.15.55:053][  0]LogOcInput: OculusInput pre-init called
[2017.03.30-04.15.55:378][  0]LogContentStreaming: Texture pool size now 800 MB
[2017.03.30-04.15.55:406][  0]LogSlate: Took 0.000203 seconds to synchronously load lazily loaded font '../../../Engine/Content/Slate/Fonts/Roboto-Regular.ttf' (155K)
[2017.03.30-04.15.55:412][  0]LogSlate: Took 0.000230 seconds to synchronously load lazily loaded font '../../../Engine/Content/Slate/Fonts/Roboto-Bold.ttf' (160K)
[2017.03.30-04.15.55:586][  0]LogSlate: Took 0.069188 seconds to synchronously load lazily loaded font '../../../Engine/Content/Editor/Slate/Fonts/FontAwesome.ttf' (139K)
[2017.03.30-04.15.59:631][  0]LogRenderer: Reallocating scene render targets to support 1084x480 NumSamples 1 (Frame:2).
[2017.03.30-04.16.04:404][  2]LogAssetRegistry: Asset discovery search completed in 176.4063 seconds
[2017.03.30-04.16.04:405][  2]LogCollectionManager: Rebuilt the object cache for 0 collections in 0.000005 seconds (found 0 objects)
[2017.03.30-04.16.04:405][  2]LogCollectionManager: Fixed up redirectors for 0 collections in 0.000026 seconds (updated 0 objects)
[2017.03.30-04.16.06:243][125]LogSlate: Took 0.177368 seconds to synchronously load lazily loaded font '../../../Engine/Content/Slate/Fonts/Roboto-Light.ttf' (159K)
[2017.03.30-04.16.07:386][209]LogSlate: Took 0.000370 seconds to synchronously load lazily loaded font '../../../Engine/Content/Slate/Fonts/Roboto-Light.ttf' (159K)
[2017.03.30-04.16.08:382][209]LogSlate: Took 0.000229 seconds to synchronously load lazily loaded font '../../../Engine/Content/Slate/Fonts/Roboto-Regular.ttf' (155K)
[2017.03.30-04.16.10:982][209]LogAIModule: Creating AISystem for world Base
[2017.03.30-04.16.11:166][209]Cmd: MAP LOAD FILE="../../../../../../Users/Xarana/Desktop/Die Beauftragten_GITHUB/Beauftragte/Content/Base/Base.umap" TEMPLATE=0 SHOWPROGRESS=1 FEATURELEVEL=3
[2017.03.30-04.16.11:166][209]LightingResults: New page: Lighting Build
[2017.03.30-04.16.11:168][209]LoadErrors: New page: Loading map: Base.umap
[2017.03.30-04.16.11:204][209]MapCheck: New page: Map Check
[2017.03.30-04.16.11:204][209]LightingResults: New page: Lighting Build
[2017.03.30-04.16.11:235][209]LogEditorServer: Finished looking for orphan Actors (0.000 secs)
[2017.03.30-04.16.12:370][209]Cmd: MAP CHECKDEP NOCLEARLOG
[2017.03.30-04.16.12:441][209]MapCheck: Info Map check complete: 0 Error(s), 0 Warning(s), took 70.621ms to complete.
[2017.03.30-04.16.12:441][209]LogFileHelpers: Loading map 'Base' took 1.299
[2017.03.30-04.16.33:564][711]LogFactory: FactoryCreateFile: Texture with ReimportTextureFactory (0 0 C:\Users\Xarana\Desktop\Die Beauftragten\Bilder\Tavern.png)
[2017.03.30-04.16.33:641][711]LogTexture:Display: Building textures: Tavern (AutoDXT, 1000X500) - 88 MB total VRAM
[2017.03.30-04.16.47:681][753]LogFactory: FactoryCreateFile: Texture with ReimportTextureFactory (0 0 C:\Users\Xarana\Desktop\Die Beauftragten\Bilder\Tavern_clicked.png)
[2017.03.30-04.16.47:706][753]LogTexture:Display: Building textures: Tavern_clicked (AutoDXT, 1000X500) - 89 MB total VRAM
[2017.03.30-04.16.51:681][765]LogFactory: FactoryCreateFile: Texture with ReimportTextureFactory (0 0 C:\Users\Xarana\Desktop\Die Beauftragten\Bilder\Tavern_hovered.png)
[2017.03.30-04.16.51:705][765]LogTexture:Display: Building textures: Tavern_hovered (AutoDXT, 1000X500) - 89 MB total VRAM
[2017.03.30-04.17.01:399][264]LogContentBrowser: Native class hierarchy updated for 'BlueprintGraph' in 0.0012 seconds. Added 112 classes and 0 folders.
[2017.03.30-04.17.03:058][264]LogSlate: Took 0.000218 seconds to synchronously load lazily loaded font '../../../Engine/Content/Slate/Fonts/Roboto-Light.ttf' (159K)
[2017.03.30-04.17.03:084][264]LogSlate: Took 0.025177 seconds to synchronously load lazily loaded font '../../../Engine/Content/Editor/Slate/Fonts/Roboto-BoldCondensed.ttf' (158K)
[2017.03.30-04.17.37:153][640]LogUObjectHash:Warning: Ambiguous search, could be CanvasPanel /Game/TileBased/Blueprints/Gameplay/HUD_Faction_Turn.HUD_Faction_Turn:WidgetTree_1.CanvasPanel_0 or CanvasPanel /Game/TileBased/Blueprints/Gameplay/HUD_Faction_Turn.HUD_Faction_Turn_C:WidgetTree_1.CanvasPanel_0
[2017.03.30-04.17.37:153][640]LogUObjectHash:Warning: Ambiguous search, could be CanvasPanel /Game/TileBased/Blueprints/Gameplay/HUD_Faction_Turn.HUD_Faction_Turn:WidgetTree_1.CanvasPanel_0 or CanvasPanel /Game/Base/Interfaces/Base_Interface.Base_Interface:WidgetTree.CanvasPanel_0
[2017.03.30-04.17.37:153][640]LogUObjectHash:Warning: Ambiguous search, could be CanvasPanel /Game/TileBased/Blueprints/Gameplay/HUD_Faction_Turn.HUD_Faction_Turn:WidgetTree_1.CanvasPanel_0 or CanvasPanel /Game/Base/Interfaces/Default_Interface.Default_Interface:WidgetTree.CanvasPanel_0
[2017.03.30-04.17.37:153][640]LogUObjectHash:Warning: Ambiguous search, could be CanvasPanel /Game/TileBased/Blueprints/Gameplay/HUD_Faction_Turn.HUD_Faction_Turn:WidgetTree_1.CanvasPanel_0 or CanvasPanel /Game/Base/Interfaces/Base_FilterButton.Base_FilterButton:WidgetTree.CanvasPanel_0
[2017.03.30-04.17.37:153][640]LogUObjectHash:Warning: Ambiguous search, could be CanvasPanel /Game/TileBased/Blueprints/Gameplay/HUD_Faction_Turn.HUD_Faction_Turn:WidgetTree_1.CanvasPanel_0 or CanvasPanel /Engine/Transient.World_3:Base_Interface_C_5.WidgetTree.CanvasPanel_0
[2017.03.30-04.17.37:153][640]LogUObjectHash:Warning: Ambiguous search, could be CanvasPanel /Game/TileBased/Blueprints/Gameplay/HUD_Faction_Turn.HUD_Faction_Turn:WidgetTree_1.CanvasPanel_0 or CanvasPanel /Engine/Transient.World_3:Base_Interface_C_4.WidgetTree.CanvasPanel_0
[2017.03.30-04.17.37:153][640]LogUObjectHash:Warning: Ambiguous search, could be CanvasPanel /Game/TileBased/Blueprints/Gameplay/HUD_Faction_Turn.HUD_Faction_Turn:WidgetTree_1.CanvasPanel_0 or CanvasPanel /Engine/Transient.World_3:Base_Interface_C_3.WidgetTree.CanvasPanel_0
[2017.03.30-04.17.37:153][640]LogUObjectHash:Warning: Ambiguous search, could be CanvasPanel /Game/TileBased/Blueprints/Gameplay/HUD_Faction_Turn.HUD_Faction_Turn:WidgetTree_1.CanvasPanel_0 or CanvasPanel /Engine/Transient.World_3:Base_Interface_C_2.WidgetTree.CanvasPanel_0
[2017.03.30-04.17.37:153][640]LogUObjectHash:Warning: Ambiguous search, could be CanvasPanel /Game/TileBased/Blueprints/Gameplay/HUD_Faction_Turn.HUD_Faction_Turn:WidgetTree_1.CanvasPanel_0 or CanvasPanel /Engine/Transient.World_3:Base_Interface_C_1.WidgetTree.CanvasPanel_0
[2017.03.30-04.17.37:153][640]LogUObjectHash:Warning: Ambiguous search, could be CanvasPanel /Game/TileBased/Blueprints/Gameplay/HUD_Faction_Turn.HUD_Faction_Turn:WidgetTree_1.CanvasPanel_0 or CanvasPanel /Engine/Transient.World_3:Base_Interface_C_0.WidgetTree.CanvasPanel_0
[2017.03.30-04.17.37:153][640]LogUObjectHash:Warning: Ambiguous search, could be CanvasPanel /Game/TileBased/Blueprints/Gameplay/HUD_Faction_Turn.HUD_Faction_Turn:WidgetTree_1.CanvasPanel_0 or CanvasPanel /Game/Base/Interfaces/Base_Interface.Base_Interface_C:WidgetTree.CanvasPanel_0
[2017.03.30-04.17.37:153][640]LogUObjectHash:Warning: Ambiguous search, could be CanvasPanel /Game/TileBased/Blueprints/Gameplay/HUD_Faction_Turn.HUD_Faction_Turn:WidgetTree_1.CanvasPanel_0 or CanvasPanel /Engine/Transient.World_1:Default_Interface_C_1.WidgetTree.CanvasPanel_0
[2017.03.30-04.17.37:153][640]LogUObjectHash:Warning: Ambiguous search, could be CanvasPanel /Game/TileBased/Blueprints/Gameplay/HUD_Faction_Turn.HUD_Faction_Turn:WidgetTree_1.CanvasPanel_0 or CanvasPanel /Game/Base/Interfaces/Default_Interface.Default_Interface_C:WidgetTree.CanvasPanel_0
[2017.03.30-04.17.37:153][640]LogUObjectHash:Warning: Ambiguous search, could be CanvasPanel /Game/TileBased/Blueprints/Gameplay/HUD_Faction_Turn.HUD_Faction_Turn:WidgetTree_1.CanvasPanel_0 or CanvasPanel /Engine/Transient.World_1:Default_Interface_C_0.WidgetTree.CanvasPanel_0
[2017.03.30-04.17.37:153][640]LogUObjectHash:Warning: Ambiguous search, could be CanvasPanel /Game/TileBased/Blueprints/Gameplay/HUD_Faction_Turn.HUD_Faction_Turn:WidgetTree_1.CanvasPanel_0 or CanvasPanel /Game/Base/Interfaces/Base_FilterButton.Base_FilterButton_C:WidgetTree.CanvasPanel_0
[2017.03.30-04.17.37:153][640]LogUObjectHash:Warning: Ambiguous search, could be CanvasPanelSlot /Game/Base/Interfaces/Base_Interface.Base_Interface:WidgetTree.CanvasPanel_0.CanvasPanelSlot_3 or CanvasPanelSlot /Engine/Transient.World_3:Base_Interface_C_5.WidgetTree.CanvasPanel_0.CanvasPanelSlot_3
[2017.03.30-04.17.37:153][640]LogUObjectHash:Warning: Ambiguous search, could be CanvasPanelSlot /Game/Base/Interfaces/Base_Interface.Base_Interface:WidgetTree.CanvasPanel_0.CanvasPanelSlot_3 or CanvasPanelSlot /Game/Base/Interfaces/Default_Interface.Default_Interface:WidgetTree.CanvasPanel_0.CanvasPanelSlot_3
[2017.03.30-04.17.37:153][640]LogUObjectHash:Warning: Ambiguous search, could be CanvasPanelSlot /Game/Base/Interfaces/Base_Interface.Base_Interface:WidgetTree.CanvasPanel_0.CanvasPanelSlot_3 or CanvasPanelSlot /Engine/Transient.World_3:Base_Interface_C_4.WidgetTree.CanvasPanel_0.CanvasPanelSlot_3
[2017.03.30-04.17.37:153][640]LogUObjectHash:Warning: Ambiguous search, could be CanvasPanelSlot /Game/Base/Interfaces/Base_Interface.Base_Interface:WidgetTree.CanvasPanel_0.CanvasPanelSlot_3 or CanvasPanelSlot /Engine/Transient.World_3:Base_Interface_C_3.WidgetTree.CanvasPanel_0.CanvasPanelSlot_3
[2017.03.30-04.17.37:153][640]LogUObjectHash:Warning: Ambiguous search, could be CanvasPanelSlot /Game/Base/Interfaces/Base_Interface.Base_Interface:WidgetTree.CanvasPanel_0.CanvasPanelSlot_3 or CanvasPanelSlot /Engine/Transient.World_3:Base_Interface_C_2.WidgetTree.CanvasPanel_0.CanvasPanelSlot_3
[2017.03.30-04.17.37:153][640]LogUObjectHash:Warning: Ambiguous search, could be CanvasPanelSlot /Game/Base/Interfaces/Base_Interface.Base_Interface:WidgetTree.CanvasPanel_0.CanvasPanelSlot_3 or CanvasPanelSlot /Engine/Transient.World_3:Base_Interface_C_1.WidgetTree.CanvasPanel_0.CanvasPanelSlot_3
[2017.03.30-04.17.37:153][640]LogUObjectHash:Warning: Ambiguous search, could be CanvasPanelSlot /Game/Base/Interfaces/Base_Interface.Base_Interface:WidgetTree.CanvasPanel_0.CanvasPanelSlot_3 or CanvasPanelSlot /Engine/Transient.World_3:Base_Interface_C_0.WidgetTree.CanvasPanel_0.CanvasPanelSlot_3
[2017.03.30-04.17.37:153][640]LogUObjectHash:Warning: Ambiguous search, could be CanvasPanelSlot /Game/Base/Interfaces/Base_Interface.Base_Interface:WidgetTree.CanvasPanel_0.CanvasPanelSlot_3 or CanvasPanelSlot /Engine/Transient.World_1:Default_Interface_C_1.WidgetTree.CanvasPanel_0.CanvasPanelSlot_3
[2017.03.30-04.17.37:153][640]LogUObjectHash:Warning: Ambiguous search, could be CanvasPanelSlot /Game/Base/Interfaces/Base_Interface.Base_Interface:WidgetTree.CanvasPanel_0.CanvasPanelSlot_3 or CanvasPanelSlot /Game/Base/Interfaces/Base_Interface.Base_Interface_C:WidgetTree.CanvasPanel_0.CanvasPanelSlot_3
[2017.03.30-04.17.37:153][640]LogUObjectHash:Warning: Ambiguous search, could be CanvasPanelSlot /Game/Base/Interfaces/Base_Interface.Base_Interface:WidgetTree.CanvasPanel_0.CanvasPanelSlot_3 or CanvasPanelSlot /Engine/Transient.World_1:Default_Interface_C_0.WidgetTree.CanvasPanel_0.CanvasPanelSlot_3
[2017.03.30-04.17.37:153][640]LogUObjectHash:Warning: Ambiguous search, could be CanvasPanelSlot /Game/Base/Interfaces/Base_Interface.Base_Interface:WidgetTree.CanvasPanel_0.CanvasPanelSlot_3 or CanvasPanelSlot /Game/Base/Interfaces/Default_Interface.Default_Interface_C:WidgetTree.CanvasPanel_0.CanvasPanelSlot_3
[2017.03.30-04.17.37:160][640]LogProperty:Warning: Illegal TEXT reference to a private object in external package (CanvasPanelSlot /Game/Base/Interfaces/Base_Interface.Base_Interface:WidgetTree.CanvasPanel_0.CanvasPanelSlot_3) from referencer (Button /Engine/UMG/Editor/Transient.Barrack_Button).  Import failed...
[2017.03.30-04.17.37:160][640]LogProperty:Warning: ObjectProperty /Script/UMG.Widget:Slot: unresolved reference to 'CanvasPanelSlot'CanvasPanel_0.CanvasPanelSlot_3''
[2017.03.30-04.17.56:329][331]BlueprintLog: New page: Compile Base_Interface
[2017.03.30-04.18.00:276][500]LogTemp: Repeting last play command: Selected Viewport
[2017.03.30-04.18.00:302][500]LogBlueprintUserMessages: Early PlayInEditor Detection: Level '/Game/Base/Base.Base:PersistentLevel' has LevelScriptBlueprint '/Game/Base/Base.Base:PersistentLevel.Base' with GeneratedClass '/Game/Base/Base.Base_C' with ClassGeneratedBy '/Game/Base/Base.Base:PersistentLevel.Base'
[2017.03.30-04.18.00:302][500]LogPlayLevel: PlayLevel: No blueprints needed recompiling
[2017.03.30-04.18.00:334][500]PIE: New page: PIE session: Base (Mar 30, 2017, 8:18:00 AM)
[2017.03.30-04.18.00:334][500]LogPlayLevel: Creating play world package: /Game/Base/UEDPIE_0_Base
[2017.03.30-04.18.00:336][500]LogPlayLevel: PIE: StaticDuplicateObject took: (0.001427s)
[2017.03.30-04.18.00:337][500]LogAIModule: Creating AISystem for world Base
[2017.03.30-04.18.00:337][500]LogPlayLevel: PIE: World Init took: (0.000835s)
[2017.03.30-04.18.00:337][500]LogPlayLevel: PIE: Created PIE world by copying editor world from /Game/Base/Base.Base to /Game/Base/UEDPIE_0_Base.Base (0.002708s)
[2017.03.30-04.18.00:367][500]LogInit: XAudio2 using 'Speakers (High Definition Audio Device)' : 2 channels at 44.1 kHz using 16 bits per sample (channel mask 0x3)
[2017.03.30-04.18.00:373][500]LogInit: FAudioDevice initialized.
[2017.03.30-04.18.00:494][500]LogLoad: Game class is 'Base_GameMode_C'
[2017.03.30-04.18.00:496][500]LogWorld: Bringing World /Game/Base/UEDPIE_0_Base.Base up for play (max tick rate 0) at 2017.03.30-06.18.00
[2017.03.30-04.18.00:497][500]LogWorld: Bringing up level for play took: 0.001137
[2017.03.30-04.18.00:605][500]LogContentBrowser: Native class hierarchy updated for 'MovieSceneCapture' in 0.0008 seconds. Added 11 classes and 0 folders.
[2017.03.30-04.18.00:605][500]LogGameMode:Display: Match State Changed from EnteringMap to WaitingToStart
[2017.03.30-04.18.00:605][500]LogGameState: Match State Changed from EnteringMap to WaitingToStart
[2017.03.30-04.18.00:605][500]LogGameMode:Display: Match State Changed from WaitingToStart to InProgress
[2017.03.30-04.18.00:609][500]LogGameState: Match State Changed from WaitingToStart to InProgress
[2017.03.30-04.18.00:609][500]PIE: Info Play in editor start time for /Game/Base/UEDPIE_0_Base 0.751
[2017.03.30-04.18.00:609][500]LogBlueprintUserMessages: Late PlayInEditor Detection: Level '/Game/Base/Base.Base:PersistentLevel' has LevelScriptBlueprint '/Game/Base/Base.Base:PersistentLevel.Base' with GeneratedClass '/Game/Base/Base.Base_C' with ClassGeneratedBy '/Game/Base/Base.Base:PersistentLevel.Base'
[2017.03.30-04.18.03:745][773]LogBlueprintUserMessages: Early EndPlayMap Detection: Level '/Game/Base/Base.Base:PersistentLevel' has LevelScriptBlueprint '/Game/Base/Base.Base:PersistentLevel.Base' with GeneratedClass '/Game/Base/Base.Base_C' with ClassGeneratedBy '/Game/Base/Base.Base:PersistentLevel.Base'
[2017.03.30-04.18.03:820][773]LogBlueprintUserMessages: Late EndPlayMap Detection: Level '/Game/Base/Base.Base:PersistentLevel' has LevelScriptBlueprint '/Game/Base/Base.Base:PersistentLevel.Base' with GeneratedClass '/Game/Base/Base.Base_C' with ClassGeneratedBy '/Game/Base/Base.Base:PersistentLevel.Base'
[2017.03.30-04.18.15:315][321]BlueprintLog: New page: Compile Base_Interface
[2017.03.30-04.18.16:456][375]LogTemp: Repeting last play command: Selected Viewport
[2017.03.30-04.18.16:494][375]LogBlueprintUserMessages: Early PlayInEditor Detection: Level '/Game/Base/Base.Base:PersistentLevel' has LevelScriptBlueprint '/Game/Base/Base.Base:PersistentLevel.Base' with GeneratedClass '/Game/Base/Base.Base_C' with ClassGeneratedBy '/Game/Base/Base.Base:PersistentLevel.Base'
[2017.03.30-04.18.16:494][375]LogPlayLevel: PlayLevel: No blueprints needed recompiling
[2017.03.30-04.18.16:494][375]PIE: New page: PIE session: Base (Mar 30, 2017, 8:18:16 AM)
[2017.03.30-04.18.16:494][375]LogPlayLevel: Creating play world package: /Game/Base/UEDPIE_0_Base
[2017.03.30-04.18.16:495][375]LogPlayLevel: PIE: StaticDuplicateObject took: (0.001282s)
[2017.03.30-04.18.16:496][375]LogAIModule: Creating AISystem for world Base
[2017.03.30-04.18.16:496][375]LogPlayLevel: PIE: World Init took: (0.000752s)
[2017.03.30-04.18.16:496][375]LogPlayLevel: PIE: Created PIE world by copying editor world from /Game/Base/Base.Base to /Game/Base/UEDPIE_0_Base.Base (0.002295s)
[2017.03.30-04.18.16:527][375]LogInit: XAudio2 using 'Speakers (High Definition Audio Device)' : 2 channels at 44.1 kHz using 16 bits per sample (channel mask 0x3)
[2017.03.30-04.18.16:532][375]LogInit: FAudioDevice initialized.
[2017.03.30-04.18.16:560][375]LogLoad: Game class is 'Base_GameMode_C'
[2017.03.30-04.18.16:562][375]LogWorld: Bringing World /Game/Base/UEDPIE_0_Base.Base up for play (max tick rate 0) at 2017.03.30-06.18.16
[2017.03.30-04.18.16:562][375]LogWorld: Bringing up level for play took: 0.000931
[2017.03.30-04.18.16:563][375]LogGameMode:Display: Match State Changed from EnteringMap to WaitingToStart
[2017.03.30-04.18.16:563][375]LogGameState: Match State Changed from EnteringMap to WaitingToStart
[2017.03.30-04.18.16:563][375]LogGameMode:Display: Match State Changed from WaitingToStart to InProgress
[2017.03.30-04.18.16:566][375]LogGameState: Match State Changed from WaitingToStart to InProgress
[2017.03.30-04.18.16:566][375]PIE: Info Play in editor start time for /Game/Base/UEDPIE_0_Base 0.708
[2017.03.30-04.18.16:566][375]LogBlueprintUserMessages: Late PlayInEditor Detection: Level '/Game/Base/Base.Base:PersistentLevel' has LevelScriptBlueprint '/Game/Base/Base.Base:PersistentLevel.Base' with GeneratedClass '/Game/Base/Base.Base_C' with ClassGeneratedBy '/Game/Base/Base.Base:PersistentLevel.Base'
[2017.03.30-04.18.23:707][ 58]LogBlueprintUserMessages: Early EndPlayMap Detection: Level '/Game/Base/Base.Base:PersistentLevel' has LevelScriptBlueprint '/Game/Base/Base.Base:PersistentLevel.Base' with GeneratedClass '/Game/Base/Base.Base_C' with ClassGeneratedBy '/Game/Base/Base.Base:PersistentLevel.Base'
[2017.03.30-04.18.23:744][ 58]LogBlueprintUserMessages: Late EndPlayMap Detection: Level '/Game/Base/Base.Base:PersistentLevel' has LevelScriptBlueprint '/Game/Base/Base.Base:PersistentLevel.Base' with GeneratedClass '/Game/Base/Base.Base_C' with ClassGeneratedBy '/Game/Base/Base.Base:PersistentLevel.Base'
[2017.03.30-04.18.30:841][389]BlueprintLog: New page: Compile Base_Interface
[2017.03.30-04.18.32:027][439]LogTemp: Repeting last play command: Selected Viewport
[2017.03.30-04.18.32:048][439]LogBlueprintUserMessages: Early PlayInEditor Detection: Level '/Game/Base/Base.Base:PersistentLevel' has LevelScriptBlueprint '/Game/Base/Base.Base:PersistentLevel.Base' with GeneratedClass '/Game/Base/Base.Base_C' with ClassGeneratedBy '/Game/Base/Base.Base:PersistentLevel.Base'
[2017.03.30-04.18.32:048][439]LogPlayLevel: PlayLevel: No blueprints needed recompiling
[2017.03.30-04.18.32:048][439]PIE: New page: PIE session: Base (Mar 30, 2017, 8:18:32 AM)
[2017.03.30-04.18.32:048][439]LogPlayLevel: Creating play world package: /Game/Base/UEDPIE_0_Base
[2017.03.30-04.18.32:050][439]LogPlayLevel: PIE: StaticDuplicateObject took: (0.001275s)
[2017.03.30-04.18.32:050][439]LogAIModule: Creating AISystem for world Base
[2017.03.30-04.18.32:050][439]LogPlayLevel: PIE: World Init took: (0.000748s)
[2017.03.30-04.18.32:051][439]LogPlayLevel: PIE: Created PIE world by copying editor world from /Game/Base/Base.Base to /Game/Base/UEDPIE_0_Base.Base (0.002303s)
[2017.03.30-04.18.32:082][439]LogInit: XAudio2 using 'Speakers (High Definition Audio Device)' : 2 channels at 44.1 kHz using 16 bits per sample (channel mask 0x3)
[2017.03.30-04.18.32:087][439]LogInit: FAudioDevice initialized.
[2017.03.30-04.18.32:115][439]LogLoad: Game class is 'Base_GameMode_C'
[2017.03.30-04.18.32:117][439]LogWorld: Bringing World /Game/Base/UEDPIE_0_Base.Base up for play (max tick rate 0) at 2017.03.30-06.18.32
[2017.03.30-04.18.32:117][439]LogWorld: Bringing up level for play took: 0.000934
[2017.03.30-04.18.32:118][439]LogGameMode:Display: Match State Changed from EnteringMap to WaitingToStart
[2017.03.30-04.18.32:118][439]LogGameState: Match State Changed from EnteringMap to WaitingToStart
[2017.03.30-04.18.32:118][439]LogGameMode:Display: Match State Changed from WaitingToStart to InProgress
[2017.03.30-04.18.32:121][439]LogGameState: Match State Changed from WaitingToStart to InProgress
[2017.03.30-04.18.32:121][439]PIE: Info Play in editor start time for /Game/Base/UEDPIE_0_Base 0.263
[2017.03.30-04.18.32:121][439]LogBlueprintUserMessages: Late PlayInEditor Detection: Level '/Game/Base/Base.Base:PersistentLevel' has LevelScriptBlueprint '/Game/Base/Base.Base:PersistentLevel.Base' with GeneratedClass '/Game/Base/Base.Base_C' with ClassGeneratedBy '/Game/Base/Base.Base:PersistentLevel.Base'
[2017.03.30-04.18.37:372][902]LogBlueprintUserMessages: Early EndPlayMap Detection: Level '/Game/Base/Base.Base:PersistentLevel' has LevelScriptBlueprint '/Game/Base/Base.Base:PersistentLevel.Base' with GeneratedClass '/Game/Base/Base.Base_C' with ClassGeneratedBy '/Game/Base/Base.Base:PersistentLevel.Base'
[2017.03.30-04.18.37:410][902]LogBlueprintUserMessages: Late EndPlayMap Detection: Level '/Game/Base/Base.Base:PersistentLevel' has LevelScriptBlueprint '/Game/Base/Base.Base:PersistentLevel.Base' with GeneratedClass '/Game/Base/Base.Base_C' with ClassGeneratedBy '/Game/Base/Base.Base:PersistentLevel.Base'
[2017.03.30-04.18.43:822][196]BlueprintLog: New page: Compile Base_Interface
[2017.03.30-04.18.49:880][445]Cmd: OBJ SAVEPACKAGE PACKAGE="/Game/Base/Images/Tavern" FILE="../../../../../../Users/Xarana/Desktop/Die Beauftragten_GITHUB/Beauftragte/Content/Base/Images/Tavern.uasset" SILENT=true
[2017.03.30-04.18.49:967][445]LogSavePackage: Save=86.42ms
[2017.03.30-04.18.49:967][445]LogSavePackage: Moving '../../../../../../Users/Xarana/Desktop/Die Beauftragten_GITHUB/Beauftragte/Saved/Tavern18F5C36442BEBE0698276E9F633610F6.tmp' to '../../../../../../Users/Xarana/Desktop/Die Beauftragten_GITHUB/Beauftragte/Content/Base/Images/Tavern.uasset'
[2017.03.30-04.18.49:968][445]LogSavePackage:Display: Finished SavePackage ../../../../../../Users/Xarana/Desktop/Die Beauftragten_GITHUB/Beauftragte/Content/Base/Images/Tavern.uasset
[2017.03.30-04.18.49:982][445]Cmd: OBJ SAVEPACKAGE PACKAGE="/Game/Base/Images/Tavern_clicked" FILE="../../../../../../Users/Xarana/Desktop/Die Beauftragten_GITHUB/Beauftragte/Content/Base/Images/Tavern_clicked.uasset" SILENT=true
[2017.03.30-04.18.50:016][445]LogSavePackage: Save=33.34ms
[2017.03.30-04.18.50:016][445]LogSavePackage: Moving '../../../../../../Users/Xarana/Desktop/Die Beauftragten_GITHUB/Beauftragte/Saved/Tavern_clicked4A175A344B6FDEC950E035AB888E0C97.tmp' to '../../../../../../Users/Xarana/Desktop/Die Beauftragten_GITHUB/Beauftragte/Content/Base/Images/Tavern_clicked.uasset'
[2017.03.30-04.18.50:018][445]LogSavePackage:Display: Finished SavePackage ../../../../../../Users/Xarana/Desktop/Die Beauftragten_GITHUB/Beauftragte/Content/Base/Images/Tavern_clicked.uasset
[2017.03.30-04.18.50:027][445]Cmd: OBJ SAVEPACKAGE PACKAGE="/Game/Base/Images/Tavern_hovered" FILE="../../../../../../Users/Xarana/Desktop/Die Beauftragten_GITHUB/Beauftragte/Content/Base/Images/Tavern_hovered.uasset" SILENT=true
[2017.03.30-04.18.50:063][445]LogSavePackage: Save=35.04ms
[2017.03.30-04.18.50:063][445]LogSavePackage: Moving '../../../../../../Users/Xarana/Desktop/Die Beauftragten_GITHUB/Beauftragte/Saved/Tavern_hovered07E637804D950BB2B3D3A78223389549.tmp' to '../../../../../../Users/Xarana/Desktop/Die Beauftragten_GITHUB/Beauftragte/Content/Base/Images/Tavern_hovered.uasset'
[2017.03.30-04.18.50:064][445]LogSavePackage:Display: Finished SavePackage ../../../../../../Users/Xarana/Desktop/Die Beauftragten_GITHUB/Beauftragte/Content/Base/Images/Tavern_hovered.uasset
[2017.03.30-04.18.50:184][445]LogSavePackage: Save=48.50ms
[2017.03.30-04.18.50:184][445]LogSavePackage: Moving '../../../../../../Users/Xarana/Desktop/Die Beauftragten_GITHUB/Beauftragte/Saved/Base_InterfaceEC225BAD485E43F165021EADB9208B04.tmp' to '../../../../../../Users/Xarana/Desktop/Die Beauftragten_GITHUB/Beauftragte/Content/Base/Interfaces/Base_Interface.uasset'
[2017.03.30-04.18.50:186][445]LogSavePackage:Display: Finished SavePackage ../../../../../../Users/Xarana/Desktop/Die Beauftragten_GITHUB/Beauftragte/Content/Base/Interfaces/Base_Interface.uasset
[2017.03.30-04.18.50:493][445]LogSavePackage: Save=217.30ms
[2017.03.30-04.18.50:493][445]LogSavePackage: Moving '../../../../../../Users/Xarana/Desktop/Die Beauftragten_GITHUB/Beauftragte/Saved/UEDPCBase8DAACF6E450A1694CC9E7199B72A4D4B.tmp' to '../../../../../../Users/Xarana/Desktop/Die Beauftragten_GITHUB/Beauftragte/Saved/Autosaves/Game/Base/UEDPCBase.umap'
[2017.03.30-04.18.50:494][445]LogSavePackage:Display: Finished SavePackage ../../../../../../Users/Xarana/Desktop/Die Beauftragten_GITHUB/Beauftragte/Saved/Autosaves/Game/Base/UEDPCBase.umap
[2017.03.30-04.18.50:534][445]LogEditorTransaction: Undo Spawn Play From Here Start
[2017.03.30-04.19.25:344][123]LogBlueprintUserMessages: Early PlayInEditor Detection: Level '/Game/Base/Base.Base:PersistentLevel' has LevelScriptBlueprint '/Game/Base/Base.Base:PersistentLevel.Base' with GeneratedClass '/Game/Base/Base.Base_C' with ClassGeneratedBy '/Game/Base/Base.Base:PersistentLevel.Base'
[2017.03.30-04.19.25:344][123]LogPlayLevel: PlayLevel: No blueprints needed recompiling
[2017.03.30-04.19.25:344][123]PIE: New page: PIE session: Base (Mar 30, 2017, 8:19:25 AM)
[2017.03.30-04.19.25:344][123]LogPlayLevel: Creating play world package: /Game/Base/UEDPIE_0_Base
[2017.03.30-04.19.25:346][123]LogPlayLevel: PIE: StaticDuplicateObject took: (0.001714s)
[2017.03.30-04.19.25:348][123]LogAIModule: Creating AISystem for world Base
[2017.03.30-04.19.25:348][123]LogPlayLevel: PIE: World Init took: (0.002763s)
[2017.03.30-04.19.25:349][123]LogPlayLevel: PIE: Created PIE world by copying editor world from /Game/Base/Base.Base to /Game/Base/UEDPIE_0_Base.Base (0.004787s)
[2017.03.30-04.19.25:408][123]LogInit: XAudio2 using 'Speakers (High Definition Audio Device)' : 2 channels at 44.1 kHz using 16 bits per sample (channel mask 0x3)
[2017.03.30-04.19.25:413][123]LogInit: FAudioDevice initialized.
[2017.03.30-04.19.25:443][123]LogLoad: Game class is 'Base_GameMode_C'
[2017.03.30-04.19.25:445][123]LogWorld: Bringing World /Game/Base/UEDPIE_0_Base.Base up for play (max tick rate 0) at 2017.03.30-06.19.25
[2017.03.30-04.19.25:445][123]LogWorld: Bringing up level for play took: 0.001023
[2017.03.30-04.19.25:446][123]LogGameMode:Display: Match State Changed from EnteringMap to WaitingToStart
[2017.03.30-04.19.25:446][123]LogGameState: Match State Changed from EnteringMap to WaitingToStart
[2017.03.30-04.19.25:446][123]LogGameMode:Display: Match State Changed from WaitingToStart to InProgress
[2017.03.30-04.19.25:449][123]LogGameState: Match State Changed from WaitingToStart to InProgress
[2017.03.30-04.19.25:449][123]PIE: Info Play in editor start time for /Game/Base/UEDPIE_0_Base -0.409
[2017.03.30-04.19.25:450][123]LogBlueprintUserMessages: Late PlayInEditor Detection: Level '/Game/Base/Base.Base:PersistentLevel' has LevelScriptBlueprint '/Game/Base/Base.Base:PersistentLevel.Base' with GeneratedClass '/Game/Base/Base.Base_C' with ClassGeneratedBy '/Game/Base/Base.Base:PersistentLevel.Base'
[2017.03.30-04.19.26:547][210]LogBlueprintUserMessages: Early EndPlayMap Detection: Level '/Game/Base/Base.Base:PersistentLevel' has LevelScriptBlueprint '/Game/Base/Base.Base:PersistentLevel.Base' with GeneratedClass '/Game/Base/Base.Base_C' with ClassGeneratedBy '/Game/Base/Base.Base:PersistentLevel.Base'
[2017.03.30-04.19.26:586][210]LogBlueprintUserMessages: Late EndPlayMap Detection: Level '/Game/Base/Base.Base:PersistentLevel' has LevelScriptBlueprint '/Game/Base/Base.Base:PersistentLevel.Base' with GeneratedClass '/Game/Base/Base.Base_C' with ClassGeneratedBy '/Game/Base/Base.Base:PersistentLevel.Base'
[2017.03.30-04.19.30:973][564]Cmd: QUIT_EDITOR
[2017.03.30-04.19.31:055][564]LogExit: Preparing to exit.
[2017.03.30-04.19.31:917][564]LogDirectoryWatcher: A directory notification for 'C:/Users/Xarana/Desktop/Die Beauftragten_GITHUB/Beauftragte/Content/' was aborted.
[2017.03.30-04.19.31:998][564]LogExit: Editor shut down
[2017.03.30-04.19.31:999][564]LogExit: Transaction tracking system shut down
[2017.03.30-04.19.32:148][564]LogObj: Freed 0b from 0 cluster array pools.
[2017.03.30-04.19.32:149][564]LogExit: Object subsystem successfully closed.
[2017.03.30-04.19.32:163][564]LogD3D11RHI: Shutdown
[2017.03.30-04.19.32:163][564]LogD3D11RHI: CleanupD3DDevice
[2017.03.30-04.19.32:223][564]LogD3D11RHI: ~FD3D11DynamicRHI
[2017.03.30-04.19.32:268][564]LogModuleManager: Shutting down and abandoning module MovieSceneCapture (506)
[2017.03.30-04.19.32:268][564]LogModuleManager: Shutting down and abandoning module SequencerWidgets (504)
[2017.03.30-04.19.32:268][564]LogModuleManager: Shutting down and abandoning module BlueprintGraph (502)
[2017.03.30-04.19.32:268][564]LogModuleManager: Shutting down and abandoning module BlueprintProfiler (500)
[2017.03.30-04.19.32:300][564]LogModuleManager: Shutting down and abandoning module HierarchicalLODOutliner (498)
[2017.03.30-04.19.32:300][564]LogModuleManager: Shutting down and abandoning module CrashTracker (496)
[2017.03.30-04.19.32:300][564]LogModuleManager: Shutting down and abandoning module SceneOutliner (494)
[2017.03.30-04.19.32:300][564]LogModuleManager: Shutting down and abandoning module AddContentDialog (492)
[2017.03.30-04.19.32:310][564]LogDirectoryWatcher: A directory notification for 'C:/Program Files/Epic Games/UE_4.15/FeaturePacks/' was aborted.
[2017.03.30-04.19.32:312][564]LogModuleManager: Shutting down and abandoning module WidgetCarousel (491)
[2017.03.30-04.19.32:312][564]LogModuleManager: Shutting down and abandoning module EditorWidgets (488)
[2017.03.30-04.19.32:312][564]LogModuleManager: Shutting down and abandoning module CollectionManager (486)
[2017.03.30-04.19.32:312][564]LogDirectoryWatcher: A directory notification for 'C:/Users/Xarana/Desktop/Die Beauftragten_GITHUB/Beauftragte/Content/Collections/' was aborted.
[2017.03.30-04.19.32:312][564]LogDirectoryWatcher: A directory notification for 'C:/Users/Xarana/Desktop/Die Beauftragten_GITHUB/Beauftragte/Content/Developers/Xarana/Collections/' was aborted.
[2017.03.30-04.19.32:312][564]LogDirectoryWatcher: A directory notification for 'C:/Users/Xarana/Desktop/Die Beauftragten_GITHUB/Beauftragte/Saved/Collections/' was aborted.
[2017.03.30-04.19.32:312][564]LogModuleManager: Shutting down and abandoning module StatsViewer (484)
[2017.03.30-04.19.32:312][564]LogModuleManager: Shutting down and abandoning module FoliageEdit (482)
[2017.03.30-04.19.32:312][564]LogModuleManager: Shutting down and abandoning module LandscapeEditor (480)
[2017.03.30-04.19.32:312][564]LogModuleManager: Shutting down and abandoning module SceneDepthPickerMode (478)
[2017.03.30-04.19.32:312][564]LogModuleManager: Shutting down and abandoning module ActorPickerMode (476)
[2017.03.30-04.19.32:312][564]LogModuleManager: Shutting down and abandoning module GeometryMode (474)
[2017.03.30-04.19.32:312][564]LogModuleManager: Shutting down and abandoning module TextureAlignMode (472)
[2017.03.30-04.19.32:312][564]LogModuleManager: Shutting down and abandoning module BspMode (470)
[2017.03.30-04.19.32:312][564]LogModuleManager: Shutting down and abandoning module HardwareSurvey (468)
[2017.03.30-04.19.32:312][564]LogModuleManager: Shutting down and abandoning module SequenceRecorderSections (466)
[2017.03.30-04.19.32:312][564]LogModuleManager: Shutting down and abandoning module AutomationWorker (464)
[2017.03.30-04.19.32:312][564]LogModuleManager: Shutting down and abandoning module MatineeToLevelSequence (462)
[2017.03.30-04.19.32:312][564]LogModuleManager: Shutting down and abandoning module LevelSequenceEditor (460)
[2017.03.30-04.19.32:312][564]LogModuleManager: Shutting down and abandoning module PlacementMode (459)
[2017.03.30-04.19.32:312][564]LogModuleManager: Shutting down and abandoning module WmfMediaFactory (456)
[2017.03.30-04.19.32:312][564]LogModuleManager: Shutting down and abandoning module WmfMediaEditor (454)
[2017.03.30-04.19.32:312][564]LogModuleManager: Shutting down and abandoning module MfMediaFactory (452)
[2017.03.30-04.19.32:312][564]LogModuleManager: Shutting down and abandoning module MfMediaEditor (450)
[2017.03.30-04.19.32:312][564]LogModuleManager: Shutting down and abandoning module AvfMediaFactory (448)
[2017.03.30-04.19.32:312][564]LogModuleManager: Shutting down and abandoning module AvfMediaEditor (446)
[2017.03.30-04.19.32:312][564]LogModuleManager: Shutting down and abandoning module AndroidMediaFactory (444)
[2017.03.30-04.19.32:312][564]LogModuleManager: Shutting down and abandoning module Media (443)
[2017.03.30-04.19.32:312][564]LogModuleManager: Shutting down and abandoning module AndroidMediaEditor (440)
[2017.03.30-04.19.32:312][564]LogModuleManager: Shutting down and abandoning module CharacterAI (438)
[2017.03.30-04.19.32:312][564]LogModuleManager: Shutting down and abandoning module AudioCapture (436)
[2017.03.30-04.19.32:312][564]LogModuleManager: Shutting down and abandoning module SequenceRecorder (435)
[2017.03.30-04.19.32:312][564]LogModuleManager: Shutting down and abandoning module SmartSnapping (432)
[2017.03.30-04.19.32:313][564]LogModuleManager: Shutting down and abandoning module SessionServices (430)
[2017.03.30-04.19.32:313][564]LogModuleManager: Shutting down and abandoning module ViewportSnapping (428)
[2017.03.30-04.19.32:313][564]LogModuleManager: Shutting down and abandoning module ViewportInteraction (426)
[2017.03.30-04.19.32:313][564]LogModuleManager: Shutting down and abandoning module LogVisualizer (424)
[2017.03.30-04.19.32:313][564]LogModuleManager: Shutting down and abandoning module IntroTutorials (422)
[2017.03.30-04.19.32:313][564]LogModuleManager: Shutting down and abandoning module GameProjectGeneration (421)
[2017.03.30-04.19.32:313][564]LogModuleManager: Shutting down and abandoning module EditorLiveStreaming (418)
[2017.03.30-04.19.32:313][564]LogModuleManager: Shutting down and abandoning module IOSPlatformEditor (416)
[2017.03.30-04.19.32:313][564]LogModuleManager: Shutting down and abandoning module HTML5PlatformEditor (414)
[2017.03.30-04.19.32:313][564]LogModuleManager: Shutting down and abandoning module AndroidPlatformEditor (412)
[2017.03.30-04.19.32:313][564]LogModuleManager: Shutting down and abandoning module AndroidDeviceDetection (411)
[2017.03.30-04.19.33:191][564]LogModuleManager: Shutting down and abandoning module IOSRuntimeSettings (408)
[2017.03.30-04.19.33:191][564]LogModuleManager: Shutting down and abandoning module AndroidRuntimeSettings (406)
[2017.03.30-04.19.33:191][564]LogModuleManager: Shutting down and abandoning module InputBindingEditor (404)
[2017.03.30-04.19.33:191][564]LogModuleManager: Shutting down and abandoning module NiagaraEditor (402)
[2017.03.30-04.19.33:191][564]LogModuleManager: Shutting down and abandoning module MergeActors (400)
[2017.03.30-04.19.33:191][564]LogModuleManager: Shutting down and abandoning module SizeMap (398)
[2017.03.30-04.19.33:191][564]LogModuleManager: Shutting down and abandoning module TreeMap (396)
[2017.03.30-04.19.33:191][564]LogModuleManager: Shutting down and abandoning module ReferenceViewer (394)
[2017.03.30-04.19.33:192][564]LogModuleManager: Shutting down and abandoning module LocalizationDashboard (392)
[2017.03.30-04.19.33:192][564]LogModuleManager: Shutting down and abandoning module LocalizationService (391)
[2017.03.30-04.19.33:192][564]LogModuleManager: Shutting down and abandoning module HardwareTargeting (388)
[2017.03.30-04.19.33:192][564]LogModuleManager: Shutting down and abandoning module DeviceProfileEditor (386)
[2017.03.30-04.19.33:192][564]LogModuleManager: Shutting down and abandoning module UndoHistory (384)
[2017.03.30-04.19.33:192][564]LogModuleManager: Shutting down and abandoning module UserFeedback (382)
[2017.03.30-04.19.33:192][564]LogModuleManager: Shutting down and abandoning module XmlParser (380)
[2017.03.30-04.19.33:192][564]LogModuleManager: Shutting down and abandoning module Blutility (378)
[2017.03.30-04.19.33:192][564]LogModuleManager: Shutting down and abandoning module ProjectSettingsViewer (376)
[2017.03.30-04.19.33:192][564]LogModuleManager: Shutting down and abandoning module ProjectTargetPlatformEditor (375)
[2017.03.30-04.19.33:192][564]LogModuleManager: Shutting down and abandoning module EditorSettingsViewer (372)
[2017.03.30-04.19.33:192][564]LogModuleManager: Shutting down and abandoning module SettingsEditor (370)
[2017.03.30-04.19.33:192][564]LogModuleManager: Shutting down and abandoning module ProjectLauncher (368)
[2017.03.30-04.19.33:192][564]LogModuleManager: Shutting down and abandoning module SessionFrontend (366)
[2017.03.30-04.19.33:192][564]LogModuleManager: Shutting down and abandoning module ProfilerClient (364)
[2017.03.30-04.19.33:192][564]LogModuleManager: Shutting down and abandoning module DeviceManager (362)
[2017.03.30-04.19.33:192][564]LogModuleManager: Shutting down and abandoning module TargetDeviceServices (361)
[2017.03.30-04.19.33:242][564]LogModuleManager: Shutting down and abandoning module AutomationController (358)
[2017.03.30-04.19.33:242][564]LogModuleManager: Shutting down and abandoning module AutomationWindow (356)
[2017.03.30-04.19.33:242][564]LogModuleManager: Shutting down and abandoning module Layers (354)
[2017.03.30-04.19.33:242][564]LogModuleManager: Shutting down and abandoning module ComponentVisualizers (352)
[2017.03.30-04.19.33:242][564]LogModuleManager: Shutting down and abandoning module DetailCustomizations (350)
[2017.03.30-04.19.33:242][564]LogModuleManager: Shutting down and abandoning module PackagesDialog (348)
[2017.03.30-04.19.33:242][564]LogModuleManager: Shutting down and abandoning module Persona (346)
[2017.03.30-04.19.33:242][564]LogModuleManager: Shutting down and abandoning module AnimGraph (345)
[2017.03.30-04.19.33:242][564]LogModuleManager: Shutting down and abandoning module Kismet (342)
[2017.03.30-04.19.33:264][564]LogModuleManager: Shutting down and abandoning module GraphEditor (340)
[2017.03.30-04.19.33:264][564]LogModuleManager: Shutting down and abandoning module ClassViewer (338)
[2017.03.30-04.19.33:264][564]LogModuleManager: Shutting down and abandoning module Toolbox (336)
[2017.03.30-04.19.33:264][564]LogModuleManager: Shutting down and abandoning module ModuleUI (334)
[2017.03.30-04.19.33:264][564]LogModuleManager: Shutting down and abandoning module MovieSceneTools (332)
[2017.03.30-04.19.33:265][564]LogModuleManager: Shutting down and abandoning module OutputLog (330)
[2017.03.30-04.19.33:265][564]LogModuleManager: Shutting down and abandoning module GammaUI (328)
[2017.03.30-04.19.33:265][564]LogModuleManager: Shutting down and abandoning module Documentation (326)
[2017.03.30-04.19.33:265][564]LogModuleManager: Shutting down and abandoning module Niagara (324)
[2017.03.30-04.19.33:265][564]LogModuleManager: Shutting down and abandoning module StreamingPauseRendering (322)
[2017.03.30-04.19.33:265][564]LogModuleManager: Shutting down and abandoning module AnalyticsET (320)
[2017.03.30-04.19.33:265][564]LogModuleManager: Shutting down and abandoning module PortalServices (318)
[2017.03.30-04.19.33:265][564]LogModuleManager: Shutting down and abandoning module PortalRpc (316)
[2017.03.30-04.19.33:265][564]LogModuleManager: Shutting down and abandoning module MessagingRpc (314)
[2017.03.30-04.19.33:265][564]LogModuleManager: Shutting down and abandoning module AIModule (312)
[2017.03.30-04.19.33:265][564]LogModuleManager: Shutting down and abandoning module GameplayDebugger (311)
[2017.03.30-04.19.33:265][564]LogModuleManager: Shutting down and abandoning module AITestSuite (309)
[2017.03.30-04.19.33:265][564]LogModuleManager: Shutting down and abandoning module ProfilerService (306)
[2017.03.30-04.19.33:511][564]LogModuleManager: Shutting down and abandoning module TaskGraph (304)
[2017.03.30-04.19.33:511][564]LogModuleManager: Shutting down and abandoning module SteamVRController (302)
[2017.03.30-04.19.33:511][564]LogModuleManager: Shutting down and abandoning module SteamVR (300)
[2017.03.30-04.19.33:511][564]LogModuleManager: Shutting down and abandoning module ProceduralMeshComponentEditor (298)
[2017.03.30-04.19.33:511][564]LogModuleManager: Shutting down and abandoning module ProceduralMeshComponent (296)
[2017.03.30-04.19.33:511][564]LogModuleManager: Shutting down and abandoning module OculusLibrary (294)
[2017.03.30-04.19.33:511][564]LogModuleManager: Shutting down and abandoning module OculusInput (292)
[2017.03.30-04.19.33:511][564]LogModuleManager: Shutting down and abandoning module MobilePatchingUtils (290)
[2017.03.30-04.19.33:511][564]LogModuleManager: Shutting down and abandoning module CustomMeshComponent (288)
[2017.03.30-04.19.33:511][564]LogModuleManager: Shutting down and abandoning module CableComponent (286)
[2017.03.30-04.19.33:511][564]LogModuleManager: Shutting down and abandoning module ArchVisCharacter (284)
[2017.03.30-04.19.33:511][564]LogModuleManager: Shutting down and abandoning module MediaPlayerEditor (280)
[2017.03.30-04.19.33:511][564]LogModuleManager: Shutting down and abandoning module HTML5Networking (278)
[2017.03.30-04.19.33:511][564]LogModuleManager: Shutting down and abandoning module AlembicImporter (276)
[2017.03.30-04.19.33:511][564]LogModuleManager: Shutting down and abandoning module AlembicLibrary (275)
[2017.03.30-04.19.33:511][564]LogModuleManager: Shutting down and abandoning module GeometryCache (274)
[2017.03.30-04.19.33:511][564]LogModuleManager: Shutting down and abandoning module GeometryCacheEd (273)
[2017.03.30-04.19.33:511][564]LogModuleManager: Shutting down and abandoning module SuperSearchEditor (268)
[2017.03.30-04.19.33:511][564]LogModuleManager: Shutting down and abandoning module SuperSearch (267)
[2017.03.30-04.19.33:511][564]LogModuleManager: Shutting down and abandoning module SpeedTreeImporter (264)
[2017.03.30-04.19.33:511][564]LogModuleManager: Shutting down and abandoning module PluginBrowser (262)
[2017.03.30-04.19.33:511][564]LogModuleManager: Shutting down and abandoning module MobileLauncherProfileWizard (260)
[2017.03.30-04.19.33:511][564]LogModuleManager: Shutting down and abandoning module EpicSurvey (258)
[2017.03.30-04.19.33:512][564]LogModuleManager: Shutting down and abandoning module VisualStudioSourceCodeAccess (256)
[2017.03.30-04.19.33:512][564]LogModuleManager: Shutting down and abandoning module DesktopPlatform (255)
[2017.03.30-04.19.33:512][564]LogModuleManager: Shutting down and abandoning module UObjectPlugin (252)
[2017.03.30-04.19.33:512][564]LogModuleManager: Shutting down and abandoning module SubversionSourceControl (250)
[2017.03.30-04.19.33:512][564]LogModuleManager: Shutting down and abandoning module PerforceSourceControl (248)
[2017.03.30-04.19.33:512][564]LogModuleManager: Shutting down and abandoning module GitSourceControl (246)
[2017.03.30-04.19.33:512][564]LogModuleManager: Shutting down and abandoning module SourceControl (245)
[2017.03.30-04.19.33:512][564]LogModuleManager: Shutting down and abandoning module LightPropagationVolumeEditor (242)
[2017.03.30-04.19.33:512][564]LogModuleManager: Shutting down and abandoning module PaperTiledImporter (240)
[2017.03.30-04.19.33:512][564]LogModuleManager: Shutting down and abandoning module PaperSpriteSheetImporter (238)
[2017.03.30-04.19.33:512][564]LogModuleManager: Shutting down and abandoning module Paper2DEditor (236)
[2017.03.30-04.19.33:512][564]LogModuleManager: Shutting down and abandoning module MeshPaint (235)
[2017.03.30-04.19.33:512][564]LogModuleManager: Shutting down and abandoning module LevelEditor (233)
[2017.03.30-04.19.33:513][564]LogModuleManager: Shutting down and abandoning module PixelInspectorModule (232)
[2017.03.30-04.19.33:513][564]LogModuleManager: Shutting down and abandoning module MainFrame (230)
[2017.03.30-04.19.33:513][564]LogModuleManager: Shutting down and abandoning module HotReload (229)
[2017.03.30-04.19.33:513][564]LogModuleManager: Shutting down and abandoning module ContentBrowser (225)
[2017.03.30-04.19.33:514][564]LogModuleManager: Shutting down and abandoning module PhysXVehiclesEditor (222)
[2017.03.30-04.19.33:514][564]LogModuleManager: Shutting down and abandoning module PhysXVehicles (220)
[2017.03.30-04.19.33:514][564]LogModuleManager: Shutting down and abandoning module LocationServicesBPLibrary (218)
[2017.03.30-04.19.33:514][564]LogModuleManager: Shutting down and abandoning module UdpMessaging (216)
[2017.03.30-04.19.33:614][564]LogModuleManager: Shutting down and abandoning module TcpMessaging (214)
[2017.03.30-04.19.33:714][564]LogModuleManager: Shutting down and abandoning module GameplayTagsEditor (212)
[2017.03.30-04.19.33:714][564]LogModuleManager: Shutting down and abandoning module FacialAnimationEditor (210)
[2017.03.30-04.19.33:714][564]LogModuleManager: Shutting down and abandoning module FacialAnimation (208)
[2017.03.30-04.19.33:714][564]LogModuleManager: Shutting down and abandoning module LightPropagationVolumeRuntime (206)
[2017.03.30-04.19.33:714][564]LogModuleManager: Shutting down and abandoning module Paper2D (204)
[2017.03.30-04.19.33:714][564]LogModuleManager: Shutting down and abandoning module WindowsMoviePlayer (202)
[2017.03.30-04.19.33:714][564]LogModuleManager: Shutting down and abandoning module WmfMedia (200)
[2017.03.30-04.19.33:714][564]LogModuleManager: Shutting down and abandoning module MfMedia (198)
[2017.03.30-04.19.33:714][564]LogModuleManager: Shutting down and abandoning module MediaAssets (196)
[2017.03.30-04.19.33:714][564]LogModuleManager: Shutting down and abandoning module GameLiveStreaming (194)
[2017.03.30-04.19.33:714][564]LogModuleManager: Shutting down and abandoning module VREditor (192)
[2017.03.30-04.19.33:714][564]LogModuleManager: Shutting down and abandoning module GameplayTasksEditor (190)
[2017.03.30-04.19.33:714][564]LogModuleManager: Shutting down and abandoning module BehaviorTreeEditor (188)
[2017.03.30-04.19.33:714][564]LogModuleManager: Shutting down and abandoning module FunctionalTesting (186)
[2017.03.30-04.19.33:714][564]LogModuleManager: Shutting down and abandoning module CollisionAnalyzer (184)
[2017.03.30-04.19.33:714][564]LogModuleManager: Shutting down and abandoning module UMG (182)
[2017.03.30-04.19.33:714][564]LogModuleManager: Shutting down and abandoning module UMGEditor (181)
[2017.03.30-04.19.33:714][564]LogModuleManager: Shutting down and abandoning module Sequencer (180)
[2017.03.30-04.19.33:714][564]LogModuleManager: Shutting down and abandoning module AssetTools (178)
[2017.03.30-04.19.33:714][564]LogModuleManager: Shutting down and abandoning module MessageLog (177)
[2017.03.30-04.19.33:714][564]LogModuleManager: Shutting down and abandoning module WorkspaceMenuStructure (176)
[2017.03.30-04.19.33:714][564]LogModuleManager: Shutting down and abandoning module SlateReflector (170)
[2017.03.30-04.19.33:714][564]LogModuleManager: Shutting down and abandoning module Slate (168)
[2017.03.30-04.19.33:714][564]LogModuleManager: Shutting down and abandoning module EditorStyle (166)
[2017.03.30-04.19.33:717][564]LogModuleManager: Shutting down and abandoning module SourceCodeAccess (164)
[2017.03.30-04.19.33:717][564]LogModuleManager: Shutting down and abandoning module HeadMountedDisplay (162)
[2017.03.30-04.19.33:717][564]LogModuleManager: Shutting down and abandoning module XAudio2 (160)
[2017.03.30-04.19.33:717][564]LogModuleManager: Shutting down and abandoning module Networking (158)
[2017.03.30-04.19.33:717][564]LogModuleManager: Shutting down and abandoning module Core (154)
[2017.03.30-04.19.33:717][564]LogModuleManager: Shutting down and abandoning module AssetRegistry (152)
[2017.03.30-04.19.33:833][564]LogDirectoryWatcher: A directory notification for '../../../Engine/Content/' was aborted.
[2017.03.30-04.19.33:833][564]LogDirectoryWatcher: A directory notification for '../../../../../../Users/Xarana/Desktop/Die Beauftragten_GITHUB/Beauftragte/Content/' was aborted.
[2017.03.30-04.19.33:833][564]LogDirectoryWatcher: A directory notification for '../../../Engine/Plugins/2D/Paper2D/Content/' was aborted.
[2017.03.30-04.19.33:833][564]LogModuleManager: Shutting down and abandoning module DirectoryWatcher (151)
[2017.03.30-04.19.33:835][564]LogModuleManager: Shutting down and abandoning module KismetCompiler (148)
[2017.03.30-04.19.33:835][564]LogModuleManager: Shutting down and abandoning module PhysXFormats (146)
[2017.03.30-04.19.33:835][564]LogModuleManager: Shutting down and abandoning module MeshUtilities (144)
[2017.03.30-04.19.33:835][564]LogModuleManager: Shutting down and abandoning module SimplygonSwarm (143)
[2017.03.30-04.19.33:835][564]LogModuleManager: Shutting down and abandoning module SimplygonMeshReduction (141)
[2017.03.30-04.19.33:836][564]LogModuleManager: Shutting down and abandoning module QuadricMeshReduction (139)
[2017.03.30-04.19.33:836][564]LogModuleManager: Shutting down and abandoning module PropertyEditor (137)
[2017.03.30-04.19.33:863][564]LogModuleManager: Shutting down and abandoning module DerivedDataCache (134)
[2017.03.30-04.19.33:908][564]LogDerivedDataCache: Shutdown
[2017.03.30-04.19.33:908][564]LogModuleManager: Shutting down and abandoning module TargetPlatform (132)
[2017.03.30-04.19.33:908][564]LogModuleManager: Shutting down and abandoning module VulkanShaderFormat (131)
[2017.03.30-04.19.33:908][564]LogModuleManager: Shutting down and abandoning module ShaderFormatOpenGL (129)
[2017.03.30-04.19.33:908][564]LogModuleManager: Shutting down and abandoning module ShaderFormatD3D (127)
[2017.03.30-04.19.33:908][564]LogModuleManager: Shutting down and abandoning module MetalShaderFormat (125)
[2017.03.30-04.19.33:908][564]LogModuleManager: Shutting down and abandoning module TextureFormatUncompressed (123)
[2017.03.30-04.19.33:908][564]LogModuleManager: Shutting down and abandoning module TextureFormatPVR (121)
[2017.03.30-04.19.33:908][564]LogModuleManager: Shutting down and abandoning module TextureFormatDXT (119)
[2017.03.30-04.19.33:908][564]LogModuleManager: Shutting down and abandoning module TextureFormatIntelISPCTexComp (117)
[2017.03.30-04.19.33:909][564]LogModuleManager: Shutting down and abandoning module TextureFormatASTC (115)
[2017.03.30-04.19.33:909][564]LogModuleManager: Shutting down and abandoning module ImageWrapper (114)
[2017.03.30-04.19.33:909][564]LogModuleManager: Shutting down and abandoning module TextureFormatAndroid (111)
[2017.03.30-04.19.33:909][564]LogModuleManager: Shutting down and abandoning module AudioFormatOpus (109)
[2017.03.30-04.19.33:909][564]LogModuleManager: Shutting down and abandoning module AudioFormatOgg (107)
[2017.03.30-04.19.33:909][564]LogModuleManager: Shutting down and abandoning module AudioFormatADPCM (105)
[2017.03.30-04.19.33:909][564]LogModuleManager: Shutting down and abandoning module LinuxTargetPlatform (103)
[2017.03.30-04.19.33:909][564]LogModuleManager: Shutting down and abandoning module LinuxServerTargetPlatform (101)
[2017.03.30-04.19.33:909][564]LogModuleManager: Shutting down and abandoning module LinuxNoEditorTargetPlatform (99)
[2017.03.30-04.19.33:909][564]LogModuleManager: Shutting down and abandoning module LinuxClientTargetPlatform (97)
[2017.03.30-04.19.33:909][564]LogModuleManager: Shutting down and abandoning module TVOSTargetPlatform (95)
[2017.03.30-04.19.33:909][564]LogModuleManager: Shutting down and abandoning module Messaging (93)
[2017.03.30-04.19.33:909][564]LogModuleManager: Shutting down and abandoning module IOSTargetPlatform (91)
[2017.03.30-04.19.33:909][564]LogModuleManager: Shutting down and abandoning module HTML5TargetPlatform (89)
[2017.03.30-04.19.33:909][564]LogModuleManager: Shutting down and abandoning module Android_PVRTCTargetPlatform (87)
[2017.03.30-04.19.33:909][564]LogModuleManager: Shutting down and abandoning module Android_MultiTargetPlatform (85)
[2017.03.30-04.19.33:909][564]LogModuleManager: Shutting down and abandoning module Android_ETC2TargetPlatform (83)
[2017.03.30-04.19.33:909][564]LogModuleManager: Shutting down and abandoning module Android_ETC1TargetPlatform (81)
[2017.03.30-04.19.33:909][564]LogModuleManager: Shutting down and abandoning module Android_DXTTargetPlatform (79)
[2017.03.30-04.19.33:909][564]LogModuleManager: Shutting down and abandoning module Android_ATCTargetPlatform (77)
[2017.03.30-04.19.33:909][564]LogModuleManager: Shutting down and abandoning module Android_ASTCTargetPlatform (75)
[2017.03.30-04.19.33:909][564]LogModuleManager: Shutting down and abandoning module AndroidTargetPlatform (73)
[2017.03.30-04.19.33:909][564]LogModuleManager: Shutting down and abandoning module WindowsTargetPlatform (71)
[2017.03.30-04.19.33:909][564]LogModuleManager: Shutting down and abandoning module WindowsServerTargetPlatform (69)
[2017.03.30-04.19.33:909][564]LogModuleManager: Shutting down and abandoning module WindowsNoEditorTargetPlatform (67)
[2017.03.30-04.19.33:909][564]LogModuleManager: Shutting down and abandoning module WindowsClientTargetPlatform (65)
[2017.03.30-04.19.33:909][564]LogModuleManager: Shutting down and abandoning module MacTargetPlatform (63)
[2017.03.30-04.19.33:909][564]LogModuleManager: Shutting down and abandoning module MacServerTargetPlatform (61)
[2017.03.30-04.19.33:909][564]LogModuleManager: Shutting down and abandoning module MacNoEditorTargetPlatform (59)
[2017.03.30-04.19.33:909][564]LogModuleManager: Shutting down and abandoning module MacClientTargetPlatform (57)
[2017.03.30-04.19.33:909][564]LogModuleManager: Shutting down and abandoning module AllDesktopTargetPlatform (55)
[2017.03.30-04.19.33:909][564]LogModuleManager: Shutting down and abandoning module InputCore (52)
[2017.03.30-04.19.33:909][564]LogModuleManager: Shutting down and abandoning module Settings (50)
[2017.03.30-04.19.33:909][564]LogModuleManager: Shutting down and abandoning module OculusRift (48)
[2017.03.30-04.19.33:909][564]LogModuleManager: Shutting down and abandoning module GearVR (46)
[2017.03.30-04.19.33:909][564]LogModuleManager: Shutting down and abandoning module ExampleDeviceProfileSelector (44)
[2017.03.30-04.19.33:909][564]LogModuleManager: Shutting down and abandoning module OnlineBlueprintSupport (42)
[2017.03.30-04.19.33:909][564]LogModuleManager: Shutting down and abandoning module OnlineSubsystem (38)
[2017.03.30-04.19.33:909][564]LogOnline:Display: Unloading online subsystem: NULL
[2017.03.30-04.19.33:909][564]LogModuleManager: Shutting down and abandoning module XMPP (37)
[2017.03.30-04.19.33:909][564]LogModuleManager: Shutting down and abandoning module HTTP (35)
[2017.03.30-04.19.33:909][564]LogHttp:Display: Http module shutting down, but needs to wait on 1 outstanding Http requests:
[2017.03.30-04.19.33:909][564]LogHttp:Display: 	verb=[POST] url=[https://datarouter.ol.epicgames.com/datarouter/api/v1/public/data?SessionID=%7BE2F4C394-450D-6D03-1132-D184603848FF%7D&AppID=UEEditor.Rocket.Release&AppVersion=4.15.1-3348071%2B%2B%2BUE4%2BRelease-4.15&UserID=88d668f44c400c760af3cea5f8517170%7C72ea6c91e559470b8316fc909c1650da%7C3e68f398-52d6-481b-bcaf-b2d01b5b9b84&AppEnvironment=datacollector-binary&UploadType=eteventstream] status=Processing
[2017.03.30-04.19.33:933][564]LogModuleManager: Shutting down and abandoning module SSL (34)
[2017.03.30-04.19.33:934][564]LogModuleManager: Shutting down and abandoning module AudioEditor (30)
[2017.03.30-04.19.33:934][564]LogModuleManager: Shutting down and abandoning module TextureCompressor (28)
[2017.03.30-04.19.33:934][564]LogModuleManager: Shutting down and abandoning module ShaderCore (26)
[2017.03.30-04.19.33:934][564]LogModuleManager: Shutting down and abandoning module Landscape (24)
[2017.03.30-04.19.33:934][564]LogModuleManager: Shutting down and abandoning module SlateRHIRenderer (22)
[2017.03.30-04.19.33:936][564]LogModuleManager: Shutting down and abandoning module OpenGLDrv (20)
[2017.03.30-04.19.33:936][564]LogModuleManager: Shutting down and abandoning module D3D11RHI (18)
[2017.03.30-04.19.33:936][564]LogModuleManager: Shutting down and abandoning module AnimGraphRuntime (16)
[2017.03.30-04.19.33:936][564]LogModuleManager: Shutting down and abandoning module Renderer (14)
[2017.03.30-04.19.33:936][564]LogModuleManager: Shutting down and abandoning module Engine (12)
[2017.03.30-04.19.33:936][564]LogModuleManager: Shutting down and abandoning module CoreUObject (10)
[2017.03.30-04.19.33:937][564]LogModuleManager: Shutting down and abandoning module NetworkFile (8)
[2017.03.30-04.19.33:937][564]LogModuleManager: Shutting down and abandoning module StreamingFile (6)
[2017.03.30-04.19.33:937][564]LogModuleManager: Shutting down and abandoning module SandboxFile (4)
[2017.03.30-04.19.33:937][564]LogModuleManager: Shutting down and abandoning module PakFile (2)
[2017.03.30-04.19.33:938][564]LogExit: Exiting.
[2017.03.30-04.19.33:940][564]Log file closed, 03/30/17 06:19:33
