Log file open, 03/29/17 17:59:35
LogInit:Display: Running engine for game: Beauftragte
LogPlatformFile: Not using cached read wrapper
LogInit:Display: RandInit(-1187515837) SRandInit(-1187515836).
LogTaskGraph: Started task graph with 5 named threads and 8 total threads with 1 sets of task threads.
LogStats: Stats thread started at 0.076340
LogInit: Using libcurl 7.47.1
LogInit:  - built for x86_64-pc-win32
LogInit:  - supports SSL with OpenSSL/1.0.2g
LogInit:  - supports HTTP deflate (compression) using libz 1.2.8
LogInit:  - other features:
LogInit:      CURL_VERSION_SSL
LogInit:      CURL_VERSION_LIBZ
LogInit:      CURL_VERSION_IPV6
LogInit:      CURL_VERSION_ASYNCHDNS
LogInit:      CURL_VERSION_LARGEFILE
LogInit:      CURL_VERSION_IDN
LogInit:  CurlRequestOptions (configurable via config and command line):
LogInit:  - bVerifyPeer = false  - Libcurl will NOT verify peer certificate
LogInit:  - bUseHttpProxy = false  - Libcurl will NOT use HTTP proxy
LogInit:  - bDontReuseConnections = false  - Libcurl will reuse connections
LogInit:  - CertBundlePath = nullptr  - Libcurl will use whatever was configured at build time.
LogInit: Build: ++UE4+Release-4.15-CL-3348071
LogInit: Engine Version: 4.15.1-3348071+++UE4+Release-4.15
LogInit: Compatible Engine Version: 4.15.0-3299760+++UE4+Release-4.15
LogInit: Net CL: 3299760
LogDevObjectVersion: Number of dev versions registered: 14
LogDevObjectVersion:   Dev-Blueprints (B0D832E4-1F89-4F0D-ACCF-7EB736FD4AA2): 8
LogDevObjectVersion:   Dev-Build (E1C64328-A22C-4D53-A36C-8E866417BD8C): 0
LogDevObjectVersion:   Dev-Core (375EC13C-06E4-48FB-B500-84F0262A717E): 2
LogDevObjectVersion:   Dev-Editor (E4B068ED-F494-42E9-A231-DA0B2E46BB41): 14
LogDevObjectVersion:   Dev-Framework (CFFC743F-43B0-4480-9391-14DF171D2073): 22
LogDevObjectVersion:   Dev-Mobile (B02B49B5-BB20-44E9-A304-32B752E40360): 0
LogDevObjectVersion:   Dev-Networking (A4E4105C-59A1-49B5-A7C5-40C4547EDFEE): 0
LogDevObjectVersion:   Dev-Online (39C831C9-5AE6-47DC-9A44-9C173E1C8E7C): 0
LogDevObjectVersion:   Dev-Physics (78F01B33-EBEA-4F98-B9B4-84EACCB95AA2): 0
LogDevObjectVersion:   Dev-Platform (6631380F-2D4D-43E0-8009-CF276956A95A): 0
LogDevObjectVersion:   Dev-Rendering (12F88B9F-8875-4AFC-A67C-D90C383ABD29): 12
LogDevObjectVersion:   Dev-Sequencer (7B5AE74C-D270-4C10-A958-57980B212A5A): 3
LogDevObjectVersion:   Dev-VR (D7296918-1DD6-4BDD-9DE2-64A83CC13884): 0
LogDevObjectVersion:   Dev-LoadTimes (C2A15278-BFE7-4AFE-6C17-90FF531DF755): 1
LogInit: Compiled (64-bit): Mar 15 2017 16:52:47
LogInit: Compiled with Visual C++: 19.00.23026.00
LogInit: Build Configuration: Development
LogInit: Branch Name: ++UE4+Release-4.15
LogInit: Command line: -EpicPortal 
LogInit: Base directory: C:/Program Files/Epic Games/UE_4.15/Engine/Binaries/Win64/
LogInit: Installed Engine Build: 1
LogInit: Presizing for max 8388607 objects, including 0 objects not considered by GC, pre-allocating 0 bytes for permanent pool.
LogInit: Object subsystem initialized
[2017.03.29-15.59.36:636][  0]LogInit: Selected Device Profile: [Windows]
[2017.03.29-15.59.36:636][  0]LogInit: Applying CVar settings loaded from the selected device profile: [Windows]
[2017.03.29-15.59.36:648][  0]LogInit: Computer: XARANA-PC
[2017.03.29-15.59.36:648][  0]LogInit: User: Xarana
[2017.03.29-15.59.36:648][  0]LogInit: CPU Page size=65536, Cores=4
[2017.03.29-15.59.36:648][  0]LogInit: High frequency timer resolution =2.742919 MHz
[2017.03.29-15.59.36:648][  0]LogMemory: Memory total: Physical=12.0GB (12GB approx)
[2017.03.29-15.59.36:648][  0]LogMemory: Platform Memory Stats for Windows
[2017.03.29-15.59.36:648][  0]LogMemory: Process Physical Memory: 263.42 MB used, 263.42 MB peak
[2017.03.29-15.59.36:648][  0]LogMemory: Process Virtual Memory: 264.09 MB used, 264.09 MB peak
[2017.03.29-15.59.36:648][  0]LogMemory: Physical Memory: 4860.00 MB used,  7426.05 MB free, 12286.05 MB total
[2017.03.29-15.59.36:648][  0]LogMemory: Virtual Memory: 632.63 MB used,  7426.05 MB free, 8388608.00 MB total
[2017.03.29-15.59.36:750][  0]LogTextLocalizationManager: No translations for ('de-DE') exist, falling back to 'en' for localization and internationalization data.
[2017.03.29-15.59.37:506][  0]LogD3D11RHI: D3D11 adapters:
[2017.03.29-15.59.37:520][  0]LogD3D11RHI:    0. 'NVIDIA GeForce GTX 550 Ti' (Feature Level 11_0)
[2017.03.29-15.59.37:520][  0]LogD3D11RHI:       977/0/3071 MB DedicatedVideo/DedicatedSystem/SharedSystem, Outputs:1, VendorId:0x10de
[2017.03.29-15.59.37:520][  0]LogD3D11RHI: Chosen D3D11 Adapter: 0
[2017.03.29-15.59.37:524][  0]LogD3D11RHI: Creating new Direct3DDevice
[2017.03.29-15.59.37:524][  0]LogD3D11RHI:     GPU DeviceId: 0x1244 (for the marketing name, search the web for "GPU Device Id")
[2017.03.29-15.59.37:524][  0]LogWindows: EnumDisplayDevices:
[2017.03.29-15.59.37:524][  0]LogWindows:    0. 'NVIDIA GeForce GTX 550 Ti' (P:1 D:1)
[2017.03.29-15.59.37:525][  0]LogWindows:    1. 'NVIDIA GeForce GTX 550 Ti' (P:0 D:0)
[2017.03.29-15.59.37:525][  0]LogWindows:    2. 'RDPDD Chained DD' (P:0 D:0)
[2017.03.29-15.59.37:525][  0]LogWindows:    3. 'RDP Encoder Mirror Driver' (P:0 D:0)
[2017.03.29-15.59.37:525][  0]LogWindows:    4. 'RDP Reflector Display Driver' (P:0 D:0)
[2017.03.29-15.59.37:525][  0]LogWindows: DebugString: GetVideoDriverDetailsInvalid PrimaryIsNotTheChoosenAdapter GetVideoDriverDetailsInvalid PrimaryIsNotTheChoosenAdapter GetVideoDriverDetailsInvalid PrimaryIsNotTheChoosenAdapter FoundDriverCount:2 
[2017.03.29-15.59.37:525][  0]LogD3D11RHI:     Adapter Name: NVIDIA GeForce GTX 550 Ti
[2017.03.29-15.59.37:525][  0]LogD3D11RHI:   Driver Version: 361.43 (internal:10.18.13.6143, unified:361.43)
[2017.03.29-15.59.37:525][  0]LogD3D11RHI:      Driver Date: 12-16-2015
[2017.03.29-15.59.37:525][  0]LogRHI: Texture pool is 684 MB (70% of 977 MB)
[2017.03.29-15.59.37:533][  0]LogD3D11RHI:Warning: Timestamp queries are currently disabled on this hardware due to instability. Realtime GPU stats will not be available. You can override this behaviour by setting r.NVIDIATimestampWorkaround to 0
[2017.03.29-15.59.37:533][  0]LogD3D11RHI: NvAPI_D3D_GetCurrentSLIState failed: 0xfffffff7
[2017.03.29-15.59.37:533][  0]LogD3D11RHI: Async texture creation enabled
[2017.03.29-15.59.37:550][  0]LogD3D11RHI: GPU Timing Frequency: 1000.000000 (Debug: 2 2)
[2017.03.29-15.59.37:551][  0]LogShaderCompilers: Guid format shader working directory is -27 characters bigger than the processId version (../../../../../../Users/Xarana/Desktop/Die Beauftragten_GITHUB/Beauftragte/Intermediate/Shaders/WorkingDirectory/1696/).
[2017.03.29-15.59.37:551][  0]LogShaderCompilers: Cleaned the shader compiler working directory 'C:/Users/Xarana/AppData/Local/Temp/UnrealShaderWorkingDir/5B43E69B4853D3C174CC93894E145176/'.
[2017.03.29-15.59.37:551][  0]LogShaderCompilers:Display: Using Local Shader Compiler.
[2017.03.29-15.59.38:877][  0]LogTemp:Display: Loaded TP AllDesktopTargetPlatform
[2017.03.29-15.59.38:945][  0]LogTemp:Display: Loaded TP MacClientTargetPlatform
[2017.03.29-15.59.39:012][  0]LogTemp:Display: Loaded TP MacNoEditorTargetPlatform
[2017.03.29-15.59.39:081][  0]LogTemp:Display: Loaded TP MacServerTargetPlatform
[2017.03.29-15.59.39:151][  0]LogTemp:Display: Loaded TP MacTargetPlatform
[2017.03.29-15.59.39:219][  0]LogTemp:Display: Loaded TP WindowsClientTargetPlatform
[2017.03.29-15.59.39:288][  0]LogTemp:Display: Loaded TP WindowsNoEditorTargetPlatform
[2017.03.29-15.59.39:357][  0]LogTemp:Display: Loaded TP WindowsServerTargetPlatform
[2017.03.29-15.59.39:409][  0]LogTemp:Display: Loaded TP WindowsTargetPlatform
[2017.03.29-15.59.39:477][  0]LogTemp:Display: Loaded TP AndroidTargetPlatform
[2017.03.29-15.59.39:544][  0]LogTemp:Display: Loaded TP Android_ASTCTargetPlatform
[2017.03.29-15.59.39:609][  0]LogTemp:Display: Loaded TP Android_ATCTargetPlatform
[2017.03.29-15.59.39:677][  0]LogTemp:Display: Loaded TP Android_DXTTargetPlatform
[2017.03.29-15.59.39:746][  0]LogTemp:Display: Loaded TP Android_ETC1TargetPlatform
[2017.03.29-15.59.39:812][  0]LogTemp:Display: Loaded TP Android_ETC2TargetPlatform
[2017.03.29-15.59.39:944][  0]LogTemp:Display: Loaded TP Android_MultiTargetPlatform
[2017.03.29-15.59.39:944][  0]LogTemp:Display: Loaded TP Android_PVRTCTargetPlatform
[2017.03.29-15.59.39:985][  0]LogTemp:Display: Loaded TP HTML5TargetPlatform
[2017.03.29-15.59.40:093][  0]LogTemp:Display: Loaded TP IOSTargetPlatform
[2017.03.29-15.59.40:138][  0]LogTemp:Display: Loaded TP TVOSTargetPlatform
[2017.03.29-15.59.40:204][  0]LogTemp:Display: Loaded TP LinuxClientTargetPlatform
[2017.03.29-15.59.40:270][  0]LogTemp:Display: Loaded TP LinuxNoEditorTargetPlatform
[2017.03.29-15.59.40:337][  0]LogTemp:Display: Loaded TP LinuxServerTargetPlatform
[2017.03.29-15.59.40:404][  0]LogTemp:Display: Loaded TP LinuxTargetPlatform
[2017.03.29-15.59.40:404][  0]LogTargetPlatformManager:Display: Building Assets For Windows
[2017.03.29-15.59.40:852][  0]LogDerivedDataCache:Display: Max Cache Size: 512 MB
[2017.03.29-15.59.40:926][  0]LogDerivedDataCache: Loaded boot cache 0.07s 50MB C:/Users/Xarana/AppData/Local/UnrealEngine/4.15/DerivedDataCache/Boot.ddc.
[2017.03.29-15.59.40:926][  0]LogDerivedDataCache:Display: Loaded Boot cache: C:/Users/Xarana/AppData/Local/UnrealEngine/4.15/DerivedDataCache/Boot.ddc
[2017.03.29-15.59.40:926][  0]LogDerivedDataCache: FDerivedDataBackendGraph:  Pak pak cache file ../../../../../../Users/Xarana/Desktop/Die Beauftragten_GITHUB/Beauftragte/DerivedDataCache/DDC.ddp not found, will not use a pak cache.
[2017.03.29-15.59.40:926][  0]LogDerivedDataCache: Unable to find inner node Pak for hierarchical cache Hierarchy.
[2017.03.29-15.59.40:926][  0]LogDerivedDataCache: FDerivedDataBackendGraph:  CompressedPak pak cache file ../../../../../../Users/Xarana/Desktop/Die Beauftragten_GITHUB/Beauftragte/DerivedDataCache/Compressed.ddp not found, will not use a pak cache.
[2017.03.29-15.59.40:926][  0]LogDerivedDataCache: Unable to find inner node CompressedPak for hierarchical cache Hierarchy.
[2017.03.29-15.59.40:953][  0]LogDerivedDataCache:Display: Pak cache opened for reading ../../../Engine/DerivedDataCache/Compressed.ddp.
[2017.03.29-15.59.40:964][  0]LogDerivedDataCache: Using Local data cache path C:/Users/Xarana/AppData/Local/UnrealEngine/Common/DerivedDataCache: Writable
[2017.03.29-15.59.40:977][  0]LogSlate: Using Freetype 2.6.0
[2017.03.29-15.59.40:978][  0]LogSlate: SlateFontCache - WITH_FREETYPE: 1, WITH_HARFBUZZ: 1
[2017.03.29-15.59.40:978][  0]LogSlate: SlateFontCache - WITH_FREETYPE: 1, WITH_HARFBUZZ: 1
[2017.03.29-15.59.41:353][  0]LogInit: Selected Device Profile: [Windows]
[2017.03.29-15.59.41:358][  0]LogContentStreaming: Texture pool size is 0.00 MB
[2017.03.29-15.59.41:602][  0]LogMeshUtilities: Using QuadricMeshReduction for automatic static mesh reduction
[2017.03.29-15.59.41:649][  0]LogSimplygon: Simplygon DLL not present - disabling.
[2017.03.29-15.59.41:697][  0]LogMeshUtilities: Using SimplygonSwarm for distributed automatic mesh merging
[2017.03.29-15.59.41:697][  0]LogMeshUtilities: No automatic skeletal mesh reduction module available
[2017.03.29-15.59.41:697][  0]LogMeshUtilities: No automatic mesh merging module available
[2017.03.29-15.59.42:439][  0]LogNetVersion: GetLocalNetworkVersion: CL: 3299760, ProjectName: beauftragte, ProjectVersion: , EngineNetworkVersion: 2, GameNetworkVersion: 0, NetworkChecksum: 1917097569
[2017.03.29-15.59.42:486][  0]LogAssetRegistry: FAssetRegistry took 0.0202 seconds to start up
[2017.03.29-15.59.42:541][  0]LogPackageLocalizationCache: Processed 3 localized package path(s) for 1 prioritized culture(s) in 0.031244 seconds
[2017.03.29-15.59.42:547][  0]LogUObjectArray: 32493 objects as part of root set at end of initial load.
[2017.03.29-15.59.42:547][  0]LogUObjectAllocator: 7077024 out of 0 bytes used by permanent object pool.
[2017.03.29-15.59.42:547][  0]LogUObjectArray: CloseDisregardForGC: 0/0 objects in disregard for GC pool
[2017.03.29-15.59.42:612][  0]LogInit: WinSock: version 1.1 (2.2), MaxSocks=32767, MaxUdp=65467
[2017.03.29-15.59.43:989][  0]LogWmfMedia: Failed to load mf.dll
[2017.03.29-15.59.43:989][  0]LogWmfMedia: Failed to load required Windows Media Foundation libraries
[2017.03.29-15.59.44:036][  0]LogWindowsMoviePlayer: Could not load mf.dll. Library not found.
[2017.03.29-15.59.44:036][  0]LogWindowsMoviePlayer: Could not load mfplat.dll. Library not found.
[2017.03.29-15.59.44:036][  0]LogWindowsMoviePlayer: Could not load mfplay.dll. Library not found.
[2017.03.29-15.59.44:338][  0]LogTcpMessaging: Initializing TcpMessaging bridge
[2017.03.29-15.59.44:376][  0]LogUdpMessaging: Initializing bridge on interface 0.0.0.0:0 to multicast group 230.0.0.1:6666.
[2017.03.29-15.59.44:894][  0]LogMaterial: Uniform references updated for custom material expression Custom.
[2017.03.29-15.59.45:308][  0]SourceControl: Info Source control is disabled
[2017.03.29-15.59.45:309][  0]SourceControl: Info Source control is disabled
[2017.03.29-15.59.45:357][  0]SourceControl: Info Source control is disabled
[2017.03.29-15.59.45:403][  0]SourceControl: Info Source control is disabled
[2017.03.29-15.59.46:673][  0]LogEngine: Initializing Engine...
[2017.03.29-15.59.46:674][  0]LogHMD: Failed to initialize OpenVR with code 110
[2017.03.29-15.59.46:942][  0]LogAIModule: Creating AISystem for world Untitled
[2017.03.29-15.59.46:955][  0]LogInit: XAudio2 using 'Speakers (High Definition Audio Device)' : 2 channels at 44.1 kHz using 16 bits per sample (channel mask 0x3)
[2017.03.29-15.59.46:962][  0]LogInit: FAudioDevice initialized.
[2017.03.29-15.59.46:992][  0]LogDerivedDataCache: Saved boot cache 0.03s 50MB C:/Users/Xarana/AppData/Local/UnrealEngine/4.15/DerivedDataCache/Boot.ddc.
[2017.03.29-15.59.47:000][  0]LogInit: Texture streaming: Enabled
[2017.03.29-15.59.47:097][  0]LogEngineSessionManager: EngineSessionManager initialized
[2017.03.29-15.59.47:187][  0]LogInit: Transaction tracking system initialized
[2017.03.29-15.59.47:548][  0]BlueprintLog: New page: Editor Load
[2017.03.29-15.59.48:464][  0]LocalizationService: Info Localization service is disabled
[2017.03.29-15.59.49:160][  0]LogConsoleResponse:Display: 
[2017.03.29-15.59.49:314][  0]LogCook:Display: Max memory allowance for cook 16384mb min free memory 0mb
[2017.03.29-15.59.49:314][  0]LogCook:Display: Mobile HDR setting 1
[2017.03.29-15.59.50:342][  0]LogFileCache: Scanning file cache for directory 'C:/Users/Xarana/Desktop/Die Beauftragten_GITHUB/Beauftragte/Content/' took 0.01s
[2017.03.29-15.59.50:389][  0]SourceControl: Info Source control is disabled
[2017.03.29-15.59.50:389][  0]Cmd: MAP LOAD FILE="../../../../../../Users/Xarana/Desktop/Die Beauftragten_GITHUB/Beauftragte/Content/TileBased/Maps/TestMap.umap" TEMPLATE=0 SHOWPROGRESS=1 FEATURELEVEL=3
[2017.03.29-15.59.50:390][  0]LightingResults: New page: Lighting Build
[2017.03.29-15.59.50:432][  0]MapCheck: New page: Map Check
[2017.03.29-15.59.50:432][  0]LightingResults: New page: Lighting Build
[2017.03.29-15.59.51:398][  0]LogBlueprint:Warning: [TB_PlayerController] 'DisplayPathAsSpline' variable not found. Base class was probably changed.
[2017.03.29-15.59.51:399][  0]LogBlueprint:Warning: [TB_PlayerController] 'Square Visibility' variable not found. Base class was probably changed.
[2017.03.29-15.59.51:524][  0]LogBlueprint:Warning: [TB_AI_Controller] 'Square Visibility' variable not found. Base class was probably changed.
[2017.03.29-15.59.54:104][  0]LogBlueprint:Warning: [TB_AI_Controller] 'Square Visibility' variable not found. Base class was probably changed.
[2017.03.29-15.59.54:245][  0]LogBlueprint:Warning: [TB_PlayerController] 'DisplayPathAsSpline' variable not found. Base class was probably changed.
[2017.03.29-15.59.54:246][  0]LogBlueprint:Warning: [TB_PlayerController] 'Square Visibility' variable not found. Base class was probably changed.
[2017.03.29-15.59.58:259][  0]LogAIModule: Creating AISystem for world TestMap
[2017.03.29-15.59.58:404][  0]LogEditorServer: Finished looking for orphan Actors (0.000 secs)
[2017.03.29-15.59.58:405][  0]Cmd: MAP CHECKDEP NOCLEARLOG
[2017.03.29-15.59.58:466][  0]MapCheck: Info Map check complete: 0 Error(s), 0 Warning(s), took 61.809ms to complete.
[2017.03.29-15.59.58:467][  0]LogFileHelpers: Loading map 'TestMap' took 8.077
[2017.03.29-15.59.58:686][  0]LogCollectionManager: Loaded 0 collections in 0.001549 seconds
[2017.03.29-15.59.58:765][  0]LogFileCache: Scanning file cache for directory 'C:/Users/Xarana/Desktop/Die Beauftragten_GITHUB/Beauftragte/Saved/Collections/' took 0.01s
[2017.03.29-15.59.58:765][  0]LogFileCache: Scanning file cache for directory 'C:/Users/Xarana/Desktop/Die Beauftragten_GITHUB/Beauftragte/Content/Developers/Xarana/Collections/' took 0.01s
[2017.03.29-15.59.58:765][  0]LogFileCache: Scanning file cache for directory 'C:/Users/Xarana/Desktop/Die Beauftragten_GITHUB/Beauftragte/Content/Collections/' took 0.01s
[2017.03.29-15.59.58:765][  0]LogCollectionManager: Rebuilt the GUID cache for 0 collections in 0.000002 seconds
[2017.03.29-15.59.58:777][  0]LogContentBrowser: Native class hierarchy populated in 0.0119 seconds. Added 2245 classes and 453 folders.
[2017.03.29-15.59.58:782][  0]LogStats: UGameplayTagsManager::ConstructGameplayTagTree: Construct from data asset -  0.000 s
[2017.03.29-15.59.58:782][  0]LogStats: UGameplayTagsManager::ConstructGameplayTagTree: GameplayTagTreeChangedEvent.Broadcast -  0.000 s
[2017.03.29-15.59.58:846][  0]LogContentBrowser: Native class hierarchy updated for 'WidgetCarousel' in 0.0006 seconds. Added 0 classes and 0 folders.
[2017.03.29-15.59.58:889][  0]LogContentBrowser: Native class hierarchy updated for 'AddContentDialog' in 0.0006 seconds. Added 0 classes and 0 folders.
[2017.03.29-15.59.58:935][  0]LogContentBrowser: Native class hierarchy updated for 'SceneOutliner' in 0.0006 seconds. Added 1 classes and 2 folders.
[2017.03.29-15.59.58:992][  0]LogCrashTracker: Crashtracker disabled due to settings.
[2017.03.29-15.59.58:998][  0]LogUObjectGlobals:Warning: Failed to find object 'Class None.'
[2017.03.29-15.59.59:067][  0]LogContentBrowser: Native class hierarchy updated for 'HierarchicalLODOutliner' in 0.0007 seconds. Added 1 classes and 2 folders.
[2017.03.29-15.59.59:067][  0]LogLoad: (Engine Initialization) Total time: 24.82 seconds
[2017.03.29-15.59.59:067][  0]LogLoad: (Engine Initialization) Total Blueprint compile time: 3.53 seconds
[2017.03.29-15.59.59:067][  0]LogExternalProfiler: No external profilers were discovered.  External profiling features will not be available.
[2017.03.29-15.59.59:406][  0]LogOcInput: OculusInput pre-init called
[2017.03.29-15.59.59:432][  0]LogContentStreaming: Texture pool size now 800 MB
[2017.03.29-15.59.59:434][  0]LogSlate: Took 0.000364 seconds to synchronously load lazily loaded font '../../../Engine/Content/Slate/Fonts/Roboto-Regular.ttf' (155K)
[2017.03.29-15.59.59:445][  0]LogSlate: Took 0.000369 seconds to synchronously load lazily loaded font '../../../Engine/Content/Slate/Fonts/Roboto-Bold.ttf' (160K)
[2017.03.29-15.59.59:462][  0]LogSlate: Took 0.000315 seconds to synchronously load lazily loaded font '../../../Engine/Content/Editor/Slate/Fonts/FontAwesome.ttf' (139K)
[2017.03.29-15.59.59:648][  0]LogRenderer: Reallocating scene render targets to support 1084x480 NumSamples 1 (Frame:2).
[2017.03.29-16.00.00:453][  3]LogAssetRegistry: Asset discovery search completed in 17.9870 seconds
[2017.03.29-16.00.00:453][  3]LogCollectionManager: Rebuilt the object cache for 0 collections in 0.000008 seconds (found 0 objects)
[2017.03.29-16.00.00:453][  3]LogCollectionManager: Fixed up redirectors for 0 collections in 0.000051 seconds (updated 0 objects)
[2017.03.29-16.00.03:799][ 13]LogSlate: Took 0.000293 seconds to synchronously load lazily loaded font '../../../Engine/Content/Slate/Fonts/Roboto-Light.ttf' (159K)
[2017.03.29-16.01.12:220][480]LogTemp: Repeting last play command: Selected Viewport
[2017.03.29-16.01.12:240][480]LogPlayLevel: PlayLevel: No blueprints needed recompiling
[2017.03.29-16.01.12:241][480]PIE: New page: PIE session: TestMap (Mar 29, 2017, 8:01:12 PM)
[2017.03.29-16.01.12:241][480]LogPlayLevel: Creating play world package: /Game/TileBased/Maps/UEDPIE_0_TestMap
[2017.03.29-16.01.12:361][480]LogPlayLevel: PIE: StaticDuplicateObject took: (0.119721s)
[2017.03.29-16.01.12:362][480]LogAIModule: Creating AISystem for world TestMap
[2017.03.29-16.01.12:362][480]LogPlayLevel: PIE: World Init took: (0.001179s)
[2017.03.29-16.01.12:362][480]LogPlayLevel: PIE: Created PIE world by copying editor world from /Game/TileBased/Maps/TestMap.TestMap to /Game/TileBased/Maps/UEDPIE_0_TestMap.TestMap (0.121317s)
[2017.03.29-16.01.12:480][480]LogInit: XAudio2 using 'Speakers (High Definition Audio Device)' : 2 channels at 44.1 kHz using 16 bits per sample (channel mask 0x3)
[2017.03.29-16.01.12:486][480]LogInit: FAudioDevice initialized.
[2017.03.29-16.01.12:527][480]LogLoad: Game class is 'TB_GameMode_C'
[2017.03.29-16.01.12:536][480]LogWorld: Bringing World /Game/TileBased/Maps/UEDPIE_0_TestMap.TestMap up for play (max tick rate 0) at 2017.03.29-18.01.12
[2017.03.29-16.01.12:565][480]LogWorld: Bringing up level for play took: 0.035528
[2017.03.29-16.01.12:630][480]LogContentBrowser: Native class hierarchy updated for 'MovieSceneCapture' in 0.0007 seconds. Added 11 classes and 0 folders.
[2017.03.29-16.01.12:630][480]LogGameMode:Display: Match State Changed from EnteringMap to WaitingToStart
[2017.03.29-16.01.12:630][480]LogGameState: Match State Changed from EnteringMap to WaitingToStart
[2017.03.29-16.01.12:630][480]LogGameMode:Display: Match State Changed from WaitingToStart to InProgress
[2017.03.29-16.01.12:742][480]LogScriptCore:Warning: Script Msg: Attempted to access index 400 from array VectorFieldArray of length 400!
[2017.03.29-16.01.12:743][480]LogScriptCore:Warning: Script Msg: Attempted to access index 401 from array VectorFieldArray of length 400!
[2017.03.29-16.01.12:743][480]LogScriptCore:Warning: Script Msg: Attempted to access index 400 from array VectorFieldArray of length 400!
[2017.03.29-16.01.12:745][480]LogScriptCore:Warning: Script Msg: Attempted to access index 419 from array VectorFieldArray of length 400!
[2017.03.29-16.01.12:746][480]LogScriptCore:Warning: Script Msg: Attempted to access index 418 from array VectorFieldArray of length 400!
[2017.03.29-16.01.12:746][480]LogScriptCore:Warning: Script Msg: Attempted to access index 420 from array VectorFieldArray of length 400!
[2017.03.29-16.01.12:746][480]LogScriptCore:Warning: Script Msg: Attempted to access index 419 from array VectorFieldArray of length 400!
[2017.03.29-16.01.12:746][480]LogScriptCore:Warning: Script Msg: Attempted to access index 400 from array VectorFieldArray of length 400!
[2017.03.29-16.01.12:805][480]LogGameState: Match State Changed from WaitingToStart to InProgress
[2017.03.29-16.01.12:806][480]PIE: Info Play in editor start time for /Game/TileBased/Maps/UEDPIE_0_TestMap 1.483
[2017.03.29-16.01.15:704][680]LogSlate: Took 0.000214 seconds to synchronously load lazily loaded font '../../../Engine/Content/Slate/Fonts/Roboto-Light.ttf' (159K)
[2017.03.29-16.01.16:468][680]LogAIModule: Creating AISystem for world Base
[2017.03.29-16.01.16:472][680]LogSlate: Took 0.000191 seconds to synchronously load lazily loaded font '../../../Engine/Content/Slate/Fonts/Roboto-Regular.ttf' (155K)
[2017.03.29-16.01.16:507][680]Cmd: MAP LOAD FILE="../../../../../../Users/Xarana/Desktop/Die Beauftragten_GITHUB/Beauftragte/Content/Base/Base.umap" TEMPLATE=0 SHOWPROGRESS=1 FEATURELEVEL=3
[2017.03.29-16.01.16:507][680]LightingResults: New page: Lighting Build
[2017.03.29-16.01.16:509][680]LoadErrors: New page: Loading map: Base.umap
[2017.03.29-16.01.16:511][680]MapCheck: New page: Map Check
[2017.03.29-16.01.16:511][680]LightingResults: New page: Lighting Build
[2017.03.29-16.01.16:539][680]LogEditorServer: Finished looking for orphan Actors (0.000 secs)
[2017.03.29-16.01.16:574][680]Cmd: MAP CHECKDEP NOCLEARLOG
[2017.03.29-16.01.16:640][680]MapCheck: Info Map check complete: 0 Error(s), 0 Warning(s), took 65.916ms to complete.
[2017.03.29-16.01.16:640][680]LogFileHelpers: Loading map 'Base' took 0.135
[2017.03.29-16.01.17:641][770]LogTemp: Repeting last play command: Selected Viewport
[2017.03.29-16.01.17:701][770]LogBlueprintUserMessages: Early PlayInEditor Detection: Level '/Game/Base/Base.Base:PersistentLevel' has LevelScriptBlueprint '/Game/Base/Base.Base:PersistentLevel.Base' with GeneratedClass '/Game/Base/Base.Base_C' with ClassGeneratedBy '/Game/Base/Base.Base:PersistentLevel.Base'
[2017.03.29-16.01.17:701][770]LogPlayLevel: PlayLevel: No blueprints needed recompiling
[2017.03.29-16.01.17:701][770]PIE: New page: PIE session: Base (Mar 29, 2017, 8:01:17 PM)
[2017.03.29-16.01.17:701][770]LogPlayLevel: Creating play world package: /Game/Base/UEDPIE_0_Base
[2017.03.29-16.01.17:704][770]LogPlayLevel: PIE: StaticDuplicateObject took: (0.002537s)
[2017.03.29-16.01.17:705][770]LogAIModule: Creating AISystem for world Base
[2017.03.29-16.01.17:705][770]LogPlayLevel: PIE: World Init took: (0.001413s)
[2017.03.29-16.01.17:706][770]LogPlayLevel: PIE: Created PIE world by copying editor world from /Game/Base/Base.Base to /Game/Base/UEDPIE_0_Base.Base (0.004385s)
[2017.03.29-16.01.17:745][770]LogInit: XAudio2 using 'Speakers (High Definition Audio Device)' : 2 channels at 44.1 kHz using 16 bits per sample (channel mask 0x3)
[2017.03.29-16.01.17:751][770]LogInit: FAudioDevice initialized.
[2017.03.29-16.01.17:780][770]LogLoad: Game class is 'Base_GameMode_C'
[2017.03.29-16.01.17:782][770]LogWorld: Bringing World /Game/Base/UEDPIE_0_Base.Base up for play (max tick rate 0) at 2017.03.29-18.01.17
[2017.03.29-16.01.17:783][770]LogWorld: Bringing up level for play took: 0.001047
[2017.03.29-16.01.17:783][770]LogGameMode:Display: Match State Changed from EnteringMap to WaitingToStart
[2017.03.29-16.01.17:783][770]LogGameState: Match State Changed from EnteringMap to WaitingToStart
[2017.03.29-16.01.17:783][770]LogGameMode:Display: Match State Changed from WaitingToStart to InProgress
[2017.03.29-16.01.17:786][770]LogGameState: Match State Changed from WaitingToStart to InProgress
[2017.03.29-16.01.17:786][770]PIE: Info Play in editor start time for /Game/Base/UEDPIE_0_Base 0.464
[2017.03.29-16.01.17:786][770]LogBlueprintUserMessages: Late PlayInEditor Detection: Level '/Game/Base/Base.Base:PersistentLevel' has LevelScriptBlueprint '/Game/Base/Base.Base:PersistentLevel.Base' with GeneratedClass '/Game/Base/Base.Base_C' with ClassGeneratedBy '/Game/Base/Base.Base:PersistentLevel.Base'
[2017.03.29-16.01.18:247][810]LogScriptCore:Warning: Script Msg: Attempted to access index 0 from array CallFunc_GetAllActorsOfClass_OutActors2 of length 0!
[2017.03.29-16.01.19:487][933]LogScript:Warning: Accessed None trying to read property Quest1
	QuestManager_C /Game/Base/UEDPIE_0_Base.Base:PersistentLevel.QuestManager_88
	Function /Game/Base/QuestSystem/QuestManager.QuestManager_C:Create New Quest:00A3
[2017.03.29-16.01.19:487][933]LogScript:Warning: Attempted to assign to None
	QuestManager_C /Game/Base/UEDPIE_0_Base.Base:PersistentLevel.QuestManager_88
	Function /Game/Base/QuestSystem/QuestManager.QuestManager_C:Create New Quest:00B8
[2017.03.29-16.01.19:487][933]LogScript:Warning: Accessed None trying to read property Quest1
	QuestManager_C /Game/Base/UEDPIE_0_Base.Base:PersistentLevel.QuestManager_88
	Function /Game/Base/QuestSystem/QuestManager.QuestManager_C:Create New Quest:0175
[2017.03.29-16.01.19:487][933]LogScript:Warning: Attempted to assign to None
	QuestManager_C /Game/Base/UEDPIE_0_Base.Base:PersistentLevel.QuestManager_88
	Function /Game/Base/QuestSystem/QuestManager.QuestManager_C:Create New Quest:018A
[2017.03.29-16.01.19:487][933]LogScript:Warning: Accessed None trying to read property Quest1
	QuestManager_C /Game/Base/UEDPIE_0_Base.Base:PersistentLevel.QuestManager_88
	Function /Game/Base/QuestSystem/QuestManager.QuestManager_C:Create New Quest:01A8
[2017.03.29-16.01.19:487][933]LogScript:Warning: Attempted to assign to None
	QuestManager_C /Game/Base/UEDPIE_0_Base.Base:PersistentLevel.QuestManager_88
	Function /Game/Base/QuestSystem/QuestManager.QuestManager_C:Create New Quest:01BD
[2017.03.29-16.01.19:488][933]LogScript:Warning: Accessed None trying to read property CallFunc_Array_Get_Item5
	Default_Interface_C /Engine/Transient.UnrealEdEngine_0:GameInstance_1.Default_Interface_C_0
	Function /Game/Base/Interfaces/Default_Interface.Default_Interface_C:ApplySideButtons:042D
[2017.03.29-16.01.19:658][950]LogScript:Warning: Accessed None trying to read property Quest1
	QuestManager_C /Game/Base/UEDPIE_0_Base.Base:PersistentLevel.QuestManager_88
	Function /Game/Base/QuestSystem/QuestManager.QuestManager_C:Create New Quest:00A3
[2017.03.29-16.01.19:658][950]LogScript:Warning: Attempted to assign to None
	QuestManager_C /Game/Base/UEDPIE_0_Base.Base:PersistentLevel.QuestManager_88
	Function /Game/Base/QuestSystem/QuestManager.QuestManager_C:Create New Quest:00B8
[2017.03.29-16.01.19:658][950]LogScript:Warning: Accessed None trying to read property Quest1
	QuestManager_C /Game/Base/UEDPIE_0_Base.Base:PersistentLevel.QuestManager_88
	Function /Game/Base/QuestSystem/QuestManager.QuestManager_C:Create New Quest:0175
[2017.03.29-16.01.19:658][950]LogScript:Warning: Attempted to assign to None
	QuestManager_C /Game/Base/UEDPIE_0_Base.Base:PersistentLevel.QuestManager_88
	Function /Game/Base/QuestSystem/QuestManager.QuestManager_C:Create New Quest:018A
[2017.03.29-16.01.19:658][950]LogScript:Warning: Accessed None trying to read property Quest1
	QuestManager_C /Game/Base/UEDPIE_0_Base.Base:PersistentLevel.QuestManager_88
	Function /Game/Base/QuestSystem/QuestManager.QuestManager_C:Create New Quest:01A8
[2017.03.29-16.01.19:658][950]LogScript:Warning: Attempted to assign to None
	QuestManager_C /Game/Base/UEDPIE_0_Base.Base:PersistentLevel.QuestManager_88
	Function /Game/Base/QuestSystem/QuestManager.QuestManager_C:Create New Quest:01BD
[2017.03.29-16.01.19:659][950]LogScript:Warning: Accessed None trying to read property CallFunc_Array_Get_Item5
	Default_Interface_C /Engine/Transient.UnrealEdEngine_0:GameInstance_1.Default_Interface_C_0
	Function /Game/Base/Interfaces/Default_Interface.Default_Interface_C:ApplySideButtons:042D
[2017.03.29-16.01.19:659][950]LogScript:Warning: Accessed None trying to read property CallFunc_Array_Get_Item5
	Default_Interface_C /Engine/Transient.UnrealEdEngine_0:GameInstance_1.Default_Interface_C_0
	Function /Game/Base/Interfaces/Default_Interface.Default_Interface_C:ApplySideButtons:042D
[2017.03.29-16.01.19:817][966]LogScript:Warning: Accessed None trying to read property Quest1
	QuestManager_C /Game/Base/UEDPIE_0_Base.Base:PersistentLevel.QuestManager_88
	Function /Game/Base/QuestSystem/QuestManager.QuestManager_C:Create New Quest:00A3
[2017.03.29-16.01.19:817][966]LogScript:Warning: Attempted to assign to None
	QuestManager_C /Game/Base/UEDPIE_0_Base.Base:PersistentLevel.QuestManager_88
	Function /Game/Base/QuestSystem/QuestManager.QuestManager_C:Create New Quest:00B8
[2017.03.29-16.01.19:817][966]LogScript:Warning: Accessed None trying to read property Quest1
	QuestManager_C /Game/Base/UEDPIE_0_Base.Base:PersistentLevel.QuestManager_88
	Function /Game/Base/QuestSystem/QuestManager.QuestManager_C:Create New Quest:0175
[2017.03.29-16.01.19:817][966]LogScript:Warning: Attempted to assign to None
	QuestManager_C /Game/Base/UEDPIE_0_Base.Base:PersistentLevel.QuestManager_88
	Function /Game/Base/QuestSystem/QuestManager.QuestManager_C:Create New Quest:018A
[2017.03.29-16.01.19:817][966]LogScript:Warning: Accessed None trying to read property Quest1
	QuestManager_C /Game/Base/UEDPIE_0_Base.Base:PersistentLevel.QuestManager_88
	Function /Game/Base/QuestSystem/QuestManager.QuestManager_C:Create New Quest:01A8
[2017.03.29-16.01.19:818][966]LogScript:Warning: Accessed None trying to read property CallFunc_Array_Get_Item5
	Default_Interface_C /Engine/Transient.UnrealEdEngine_0:GameInstance_1.Default_Interface_C_0
	Function /Game/Base/Interfaces/Default_Interface.Default_Interface_C:ApplySideButtons:042D
[2017.03.29-16.01.19:818][966]LogScript:Warning: Accessed None trying to read property CallFunc_Array_Get_Item5
	Default_Interface_C /Engine/Transient.UnrealEdEngine_0:GameInstance_1.Default_Interface_C_0
	Function /Game/Base/Interfaces/Default_Interface.Default_Interface_C:ApplySideButtons:042D
[2017.03.29-16.01.19:819][966]LogScript:Warning: Accessed None trying to read property CallFunc_Array_Get_Item5
	Default_Interface_C /Engine/Transient.UnrealEdEngine_0:GameInstance_1.Default_Interface_C_0
	Function /Game/Base/Interfaces/Default_Interface.Default_Interface_C:ApplySideButtons:042D
[2017.03.29-16.01.19:959][980]LogScript:Warning: Accessed None trying to read property CallFunc_Array_Get_Item5
	Default_Interface_C /Engine/Transient.UnrealEdEngine_0:GameInstance_1.Default_Interface_C_0
	Function /Game/Base/Interfaces/Default_Interface.Default_Interface_C:ApplySideButtons:042D
[2017.03.29-16.01.19:960][980]LogScript:Warning: Accessed None trying to read property CallFunc_Array_Get_Item5
	Default_Interface_C /Engine/Transient.UnrealEdEngine_0:GameInstance_1.Default_Interface_C_0
	Function /Game/Base/Interfaces/Default_Interface.Default_Interface_C:ApplySideButtons:042D
[2017.03.29-16.01.19:960][980]LogScript:Warning: Accessed None trying to read property CallFunc_Array_Get_Item5
	Default_Interface_C /Engine/Transient.UnrealEdEngine_0:GameInstance_1.Default_Interface_C_0
	Function /Game/Base/Interfaces/Default_Interface.Default_Interface_C:ApplySideButtons:042D
[2017.03.29-16.01.19:960][980]LogScript:Warning: Accessed None trying to read property CallFunc_Array_Get_Item5
	Default_Interface_C /Engine/Transient.UnrealEdEngine_0:GameInstance_1.Default_Interface_C_0
	Function /Game/Base/Interfaces/Default_Interface.Default_Interface_C:ApplySideButtons:042D
[2017.03.29-16.01.20:802][ 64]LogScript:Warning: Accessed None trying to read property CallFunc_Array_Get_Item4
	Default_Interface_C /Engine/Transient.UnrealEdEngine_0:GameInstance_1.Default_Interface_C_0
	Function /Game/Base/Interfaces/Default_Interface.Default_Interface_C:ApplySideButtons:0747
[2017.03.29-16.01.20:802][ 64]LogScript:Warning: Accessed None trying to read property Quest
	Base_FilterButton_C /Engine/Transient.UnrealEdEngine_0:GameInstance_1.Base_FilterButton_C_10
	Function /Game/Base/Interfaces/Base_FilterButton.Base_FilterButton_C:Fill FilterButton:0056
[2017.03.29-16.01.20:803][ 64]LogScript:Warning: Accessed None trying to read property CallFunc_Array_Get_Item4
	Default_Interface_C /Engine/Transient.UnrealEdEngine_0:GameInstance_1.Default_Interface_C_0
	Function /Game/Base/Interfaces/Default_Interface.Default_Interface_C:ApplySideButtons:0747
[2017.03.29-16.01.20:803][ 64]LogScript:Warning: Accessed None trying to read property Quest
	Base_FilterButton_C /Engine/Transient.UnrealEdEngine_0:GameInstance_1.Base_FilterButton_C_11
	Function /Game/Base/Interfaces/Base_FilterButton.Base_FilterButton_C:Fill FilterButton:0056
[2017.03.29-16.01.20:803][ 64]LogScript:Warning: Accessed None trying to read property CallFunc_Array_Get_Item4
	Default_Interface_C /Engine/Transient.UnrealEdEngine_0:GameInstance_1.Default_Interface_C_0
	Function /Game/Base/Interfaces/Default_Interface.Default_Interface_C:ApplySideButtons:0747
[2017.03.29-16.01.20:803][ 64]LogScript:Warning: Accessed None trying to read property Quest
	Base_FilterButton_C /Engine/Transient.UnrealEdEngine_0:GameInstance_1.Base_FilterButton_C_12
	Function /Game/Base/Interfaces/Base_FilterButton.Base_FilterButton_C:Fill FilterButton:0056
[2017.03.29-16.01.20:804][ 64]LogScript:Warning: Accessed None trying to read property CallFunc_Array_Get_Item4
	Default_Interface_C /Engine/Transient.UnrealEdEngine_0:GameInstance_1.Default_Interface_C_0
	Function /Game/Base/Interfaces/Default_Interface.Default_Interface_C:ApplySideButtons:0747
[2017.03.29-16.01.20:804][ 64]LogScript:Warning: Accessed None trying to read property Quest
	Base_FilterButton_C /Engine/Transient.UnrealEdEngine_0:GameInstance_1.Base_FilterButton_C_13
	Function /Game/Base/Interfaces/Base_FilterButton.Base_FilterButton_C:Fill FilterButton:0056
[2017.03.29-16.01.22:923][280]LogScript:Warning: Accessed None trying to read property CallFunc_Array_Get_Item3
	Default_Interface_C /Engine/Transient.UnrealEdEngine_0:GameInstance_1.Default_Interface_C_0
	Function /Game/Base/Interfaces/Default_Interface.Default_Interface_C:ApplySideButtons:0A61
[2017.03.29-16.01.22:924][280]LogScript:Warning: Accessed None trying to read property CallFunc_Array_Get_Item3
	Default_Interface_C /Engine/Transient.UnrealEdEngine_0:GameInstance_1.Default_Interface_C_0
	Function /Game/Base/Interfaces/Default_Interface.Default_Interface_C:ApplySideButtons:0A61
[2017.03.29-16.01.22:924][280]LogScript:Warning: Accessed None trying to read property CallFunc_Array_Get_Item3
	Default_Interface_C /Engine/Transient.UnrealEdEngine_0:GameInstance_1.Default_Interface_C_0
	Function /Game/Base/Interfaces/Default_Interface.Default_Interface_C:ApplySideButtons:0A61
[2017.03.29-16.01.30:781][ 78]LogScript:Warning: Accessed None trying to read property Quest
	Base_FilterButton_C /Engine/Transient.UnrealEdEngine_0:GameInstance_1.Base_FilterButton_C_22
	Function /Game/Base/Interfaces/Base_FilterButton.Base_FilterButton_C:Fill FilterButton:0056
[2017.03.29-16.01.30:782][ 78]LogScript:Warning: Accessed None trying to read property Quest
	Base_FilterButton_C /Engine/Transient.UnrealEdEngine_0:GameInstance_1.Base_FilterButton_C_23
	Function /Game/Base/Interfaces/Base_FilterButton.Base_FilterButton_C:Fill FilterButton:0056
[2017.03.29-16.01.30:782][ 78]LogScript:Warning: Accessed None trying to read property Quest
	Base_FilterButton_C /Engine/Transient.UnrealEdEngine_0:GameInstance_1.Base_FilterButton_C_24
	Function /Game/Base/Interfaces/Base_FilterButton.Base_FilterButton_C:Fill FilterButton:0056
[2017.03.29-16.01.30:782][ 78]LogScript:Warning: Accessed None trying to read property Quest
	Base_FilterButton_C /Engine/Transient.UnrealEdEngine_0:GameInstance_1.Base_FilterButton_C_25
	Function /Game/Base/Interfaces/Base_FilterButton.Base_FilterButton_C:Fill FilterButton:0056
[2017.03.29-16.01.31:206][121]LogScript:Warning: Accessed None trying to read property Quest
	Base_FilterButton_C /Engine/Transient.UnrealEdEngine_0:GameInstance_1.Base_FilterButton_C_23
	Function /Game/Base/Interfaces/Base_FilterButton.Base_FilterButton_C:ExecuteUbergraph_Base_FilterButton:0038
[2017.03.29-16.01.31:206][121]LogScript:Warning: Accessed None trying to read property Quest
	Base_FilterButton_C /Engine/Transient.UnrealEdEngine_0:GameInstance_1.Base_FilterButton_C_23
	Function /Game/Base/Interfaces/Base_FilterButton.Base_FilterButton_C:Create Content:0046
[2017.03.29-16.01.31:206][121]LogScript:Warning: Accessed None trying to read property Quest
	Base_FilterButton_C /Engine/Transient.UnrealEdEngine_0:GameInstance_1.Base_FilterButton_C_23
	Function /Game/Base/Interfaces/Base_FilterButton.Base_FilterButton_C:Create Content:00A1
[2017.03.29-16.01.31:206][121]LogScript:Warning: Accessed None trying to read property Quest
	Base_FilterButton_C /Engine/Transient.UnrealEdEngine_0:GameInstance_1.Base_FilterButton_C_23
	Function /Game/Base/Interfaces/Base_FilterButton.Base_FilterButton_C:Create Content:0152
[2017.03.29-16.01.31:385][139]LogScript:Warning: Accessed None trying to read property Quest
	Base_FilterButton_C /Engine/Transient.UnrealEdEngine_0:GameInstance_1.Base_FilterButton_C_23
	Function /Game/Base/Interfaces/Base_FilterButton.Base_FilterButton_C:ExecuteUbergraph_Base_FilterButton:0038
[2017.03.29-16.01.31:385][139]LogScript:Warning: Accessed None trying to read property Quest
	Base_FilterButton_C /Engine/Transient.UnrealEdEngine_0:GameInstance_1.Base_FilterButton_C_23
	Function /Game/Base/Interfaces/Base_FilterButton.Base_FilterButton_C:Create Content:0046
[2017.03.29-16.01.31:385][139]LogScript:Warning: Accessed None trying to read property Quest
	Base_FilterButton_C /Engine/Transient.UnrealEdEngine_0:GameInstance_1.Base_FilterButton_C_23
	Function /Game/Base/Interfaces/Base_FilterButton.Base_FilterButton_C:Create Content:00A1
[2017.03.29-16.01.31:385][139]LogScript:Warning: Accessed None trying to read property Quest
	Base_FilterButton_C /Engine/Transient.UnrealEdEngine_0:GameInstance_1.Base_FilterButton_C_23
	Function /Game/Base/Interfaces/Base_FilterButton.Base_FilterButton_C:Create Content:0152
[2017.03.29-16.01.32:216][194]LogBlueprintUserMessages: Early EndPlayMap Detection: Level '/Game/Base/Base.Base:PersistentLevel' has LevelScriptBlueprint '/Game/Base/Base.Base:PersistentLevel.Base' with GeneratedClass '/Game/Base/Base.Base_C' with ClassGeneratedBy '/Game/Base/Base.Base:PersistentLevel.Base'
[2017.03.29-16.01.32:253][194]LogBlueprintUserMessages: Late EndPlayMap Detection: Level '/Game/Base/Base.Base:PersistentLevel' has LevelScriptBlueprint '/Game/Base/Base.Base:PersistentLevel.Base' with GeneratedClass '/Game/Base/Base.Base_C' with ClassGeneratedBy '/Game/Base/Base.Base:PersistentLevel.Base'
[2017.03.29-16.01.38:033][691]LogContentBrowser: Native class hierarchy updated for 'BlueprintGraph' in 0.0011 seconds. Added 112 classes and 0 folders.
[2017.03.29-16.01.39:221][691]LogSlate: Took 0.000186 seconds to synchronously load lazily loaded font '../../../Engine/Content/Slate/Fonts/Roboto-Light.ttf' (159K)
[2017.03.29-16.01.39:222][691]LogSlate: Took 0.000163 seconds to synchronously load lazily loaded font '../../../Engine/Content/Editor/Slate/Fonts/Roboto-BoldCondensed.ttf' (158K)
[2017.03.29-16.01.43:750][904]LogSlate: Took 0.000183 seconds to synchronously load lazily loaded font '../../../Engine/Content/Editor/Slate/Fonts/Roboto-Italic.ttf' (157K)
[2017.03.29-16.11.30:483][247]LogFileHelpers: Editor autosave (incl. sublevels) for '/Game/Base/Base' took 0.049
[2017.03.29-16.11.30:485][247]OBJ SavePackage: Generating thumbnails for [0] asset(s) in package [/Game/Base/QuestSystem/QuestManager] ([1] browsable assets)...
[2017.03.29-16.11.30:485][247]OBJ SavePackage: Finished generating thumbnails for package [/Game/Base/QuestSystem/QuestManager]
[2017.03.29-16.11.30:537][247]LogSavePackage: Save=37.84ms
[2017.03.29-16.11.30:537][247]LogSavePackage: Moving '../../../../../../Users/Xarana/Desktop/Die Beauftragten_GITHUB/Beauftragte/Saved/QuestManager_Auto16E1E187D483D59A38A45D480BA94A105.tmp' to '../../../../../../Users/Xarana/Desktop/Die Beauftragten_GITHUB/Beauftragte/Saved/Autosaves/Game/Base/QuestSystem/QuestManager_Auto1.uasset'
[2017.03.29-16.11.30:550][247]LogSavePackage:Display: Finished SavePackage ../../../../../../Users/Xarana/Desktop/Die Beauftragten_GITHUB/Beauftragte/Saved/Autosaves/Game/Base/QuestSystem/QuestManager_Auto1.uasset
[2017.03.29-16.11.30:550][247]LogFileHelpers: Auto-saving content packages took 0.066
[2017.03.29-16.20.19:968][223]LogSavePackage: Save=37.84ms
[2017.03.29-16.20.19:968][223]LogSavePackage: Moving '../../../../../../Users/Xarana/Desktop/Die Beauftragten_GITHUB/Beauftragte/Saved/QuestManager4967EF984C02301BCDBDACBAC82C71D6.tmp' to '../../../../../../Users/Xarana/Desktop/Die Beauftragten_GITHUB/Beauftragte/Content/Base/QuestSystem/QuestManager.uasset'
[2017.03.29-16.20.19:969][223]LogSavePackage:Display: Finished SavePackage ../../../../../../Users/Xarana/Desktop/Die Beauftragten_GITHUB/Beauftragte/Content/Base/QuestSystem/QuestManager.uasset
[2017.03.29-16.20.20:258][224]Cmd: QUIT_EDITOR
[2017.03.29-16.20.20:321][224]LogExit: Preparing to exit.
[2017.03.29-16.20.20:593][224]LogDirectoryWatcher: A directory notification for 'C:/Users/Xarana/Desktop/Die Beauftragten_GITHUB/Beauftragte/Content/' was aborted.
[2017.03.29-16.20.20:674][224]LogExit: Editor shut down
[2017.03.29-16.20.20:675][224]LogExit: Transaction tracking system shut down
[2017.03.29-16.20.20:808][224]LogObj: Freed 0b from 0 cluster array pools.
[2017.03.29-16.20.20:808][224]LogExit: Object subsystem successfully closed.
[2017.03.29-16.20.20:826][224]LogD3D11RHI: Shutdown
[2017.03.29-16.20.20:826][224]LogD3D11RHI: CleanupD3DDevice
[2017.03.29-16.20.20:878][224]LogD3D11RHI: ~FD3D11DynamicRHI
[2017.03.29-16.20.20:893][224]LogModuleManager: Shutting down and abandoning module SequencerWidgets (506)
[2017.03.29-16.20.20:893][224]LogModuleManager: Shutting down and abandoning module BlueprintGraph (504)
[2017.03.29-16.20.20:893][224]LogModuleManager: Shutting down and abandoning module BlueprintProfiler (502)
[2017.03.29-16.20.20:893][224]LogModuleManager: Shutting down and abandoning module MovieSceneCapture (500)
[2017.03.29-16.20.20:893][224]LogModuleManager: Shutting down and abandoning module HierarchicalLODOutliner (498)
[2017.03.29-16.20.20:893][224]LogModuleManager: Shutting down and abandoning module CrashTracker (496)
[2017.03.29-16.20.20:893][224]LogModuleManager: Shutting down and abandoning module SceneOutliner (494)
[2017.03.29-16.20.20:893][224]LogModuleManager: Shutting down and abandoning module AddContentDialog (492)
[2017.03.29-16.20.20:893][224]LogDirectoryWatcher: A directory notification for 'C:/Program Files/Epic Games/UE_4.15/FeaturePacks/' was aborted.
[2017.03.29-16.20.20:894][224]LogModuleManager: Shutting down and abandoning module WidgetCarousel (491)
[2017.03.29-16.20.20:894][224]LogModuleManager: Shutting down and abandoning module EditorWidgets (488)
[2017.03.29-16.20.20:894][224]LogModuleManager: Shutting down and abandoning module CollectionManager (486)
[2017.03.29-16.20.20:894][224]LogDirectoryWatcher: A directory notification for 'C:/Users/Xarana/Desktop/Die Beauftragten_GITHUB/Beauftragte/Content/Collections/' was aborted.
[2017.03.29-16.20.20:894][224]LogDirectoryWatcher: A directory notification for 'C:/Users/Xarana/Desktop/Die Beauftragten_GITHUB/Beauftragte/Content/Developers/Xarana/Collections/' was aborted.
[2017.03.29-16.20.20:894][224]LogDirectoryWatcher: A directory notification for 'C:/Users/Xarana/Desktop/Die Beauftragten_GITHUB/Beauftragte/Saved/Collections/' was aborted.
[2017.03.29-16.20.20:894][224]LogModuleManager: Shutting down and abandoning module StatsViewer (484)
[2017.03.29-16.20.20:894][224]LogModuleManager: Shutting down and abandoning module FoliageEdit (482)
[2017.03.29-16.20.20:894][224]LogModuleManager: Shutting down and abandoning module LandscapeEditor (480)
[2017.03.29-16.20.20:894][224]LogModuleManager: Shutting down and abandoning module SceneDepthPickerMode (478)
[2017.03.29-16.20.20:894][224]LogModuleManager: Shutting down and abandoning module ActorPickerMode (476)
[2017.03.29-16.20.20:894][224]LogModuleManager: Shutting down and abandoning module GeometryMode (474)
[2017.03.29-16.20.20:894][224]LogModuleManager: Shutting down and abandoning module TextureAlignMode (472)
[2017.03.29-16.20.20:894][224]LogModuleManager: Shutting down and abandoning module BspMode (470)
[2017.03.29-16.20.20:894][224]LogModuleManager: Shutting down and abandoning module HardwareSurvey (468)
[2017.03.29-16.20.20:894][224]LogModuleManager: Shutting down and abandoning module SequenceRecorderSections (466)
[2017.03.29-16.20.20:894][224]LogModuleManager: Shutting down and abandoning module AutomationWorker (464)
[2017.03.29-16.20.20:894][224]LogModuleManager: Shutting down and abandoning module MatineeToLevelSequence (462)
[2017.03.29-16.20.20:894][224]LogModuleManager: Shutting down and abandoning module LevelSequenceEditor (460)
[2017.03.29-16.20.20:895][224]LogModuleManager: Shutting down and abandoning module PlacementMode (459)
[2017.03.29-16.20.20:895][224]LogModuleManager: Shutting down and abandoning module WmfMediaFactory (456)
[2017.03.29-16.20.20:895][224]LogModuleManager: Shutting down and abandoning module WmfMediaEditor (454)
[2017.03.29-16.20.20:895][224]LogModuleManager: Shutting down and abandoning module MfMediaFactory (452)
[2017.03.29-16.20.20:895][224]LogModuleManager: Shutting down and abandoning module MfMediaEditor (450)
[2017.03.29-16.20.20:895][224]LogModuleManager: Shutting down and abandoning module AvfMediaFactory (448)
[2017.03.29-16.20.20:895][224]LogModuleManager: Shutting down and abandoning module AvfMediaEditor (446)
[2017.03.29-16.20.20:895][224]LogModuleManager: Shutting down and abandoning module AndroidMediaFactory (444)
[2017.03.29-16.20.20:895][224]LogModuleManager: Shutting down and abandoning module Media (443)
[2017.03.29-16.20.20:895][224]LogModuleManager: Shutting down and abandoning module AndroidMediaEditor (440)
[2017.03.29-16.20.20:895][224]LogModuleManager: Shutting down and abandoning module CharacterAI (438)
[2017.03.29-16.20.20:895][224]LogModuleManager: Shutting down and abandoning module AudioCapture (436)
[2017.03.29-16.20.20:895][224]LogModuleManager: Shutting down and abandoning module SequenceRecorder (435)
[2017.03.29-16.20.20:895][224]LogModuleManager: Shutting down and abandoning module SmartSnapping (432)
[2017.03.29-16.20.20:895][224]LogModuleManager: Shutting down and abandoning module SessionServices (430)
[2017.03.29-16.20.20:895][224]LogModuleManager: Shutting down and abandoning module ViewportSnapping (428)
[2017.03.29-16.20.20:895][224]LogModuleManager: Shutting down and abandoning module ViewportInteraction (426)
[2017.03.29-16.20.20:895][224]LogModuleManager: Shutting down and abandoning module LogVisualizer (424)
[2017.03.29-16.20.20:895][224]LogModuleManager: Shutting down and abandoning module IntroTutorials (422)
[2017.03.29-16.20.20:895][224]LogModuleManager: Shutting down and abandoning module GameProjectGeneration (421)
[2017.03.29-16.20.20:895][224]LogModuleManager: Shutting down and abandoning module EditorLiveStreaming (418)
[2017.03.29-16.20.20:895][224]LogModuleManager: Shutting down and abandoning module IOSPlatformEditor (416)
[2017.03.29-16.20.20:895][224]LogModuleManager: Shutting down and abandoning module HTML5PlatformEditor (414)
[2017.03.29-16.20.20:895][224]LogModuleManager: Shutting down and abandoning module AndroidPlatformEditor (412)
[2017.03.29-16.20.20:895][224]LogModuleManager: Shutting down and abandoning module AndroidDeviceDetection (411)
[2017.03.29-16.20.20:917][224]LogModuleManager: Shutting down and abandoning module IOSRuntimeSettings (408)
[2017.03.29-16.20.20:917][224]LogModuleManager: Shutting down and abandoning module AndroidRuntimeSettings (406)
[2017.03.29-16.20.20:917][224]LogModuleManager: Shutting down and abandoning module InputBindingEditor (404)
[2017.03.29-16.20.20:917][224]LogModuleManager: Shutting down and abandoning module NiagaraEditor (402)
[2017.03.29-16.20.20:917][224]LogModuleManager: Shutting down and abandoning module MergeActors (400)
[2017.03.29-16.20.20:917][224]LogModuleManager: Shutting down and abandoning module SizeMap (398)
[2017.03.29-16.20.20:917][224]LogModuleManager: Shutting down and abandoning module TreeMap (396)
[2017.03.29-16.20.20:917][224]LogModuleManager: Shutting down and abandoning module ReferenceViewer (394)
[2017.03.29-16.20.20:917][224]LogModuleManager: Shutting down and abandoning module LocalizationDashboard (392)
[2017.03.29-16.20.20:917][224]LogModuleManager: Shutting down and abandoning module LocalizationService (391)
[2017.03.29-16.20.20:917][224]LogModuleManager: Shutting down and abandoning module HardwareTargeting (388)
[2017.03.29-16.20.20:917][224]LogModuleManager: Shutting down and abandoning module DeviceProfileEditor (386)
[2017.03.29-16.20.20:917][224]LogModuleManager: Shutting down and abandoning module UndoHistory (384)
[2017.03.29-16.20.20:917][224]LogModuleManager: Shutting down and abandoning module UserFeedback (382)
[2017.03.29-16.20.20:917][224]LogModuleManager: Shutting down and abandoning module XmlParser (380)
[2017.03.29-16.20.20:917][224]LogModuleManager: Shutting down and abandoning module Blutility (378)
[2017.03.29-16.20.20:917][224]LogModuleManager: Shutting down and abandoning module ProjectSettingsViewer (376)
[2017.03.29-16.20.20:917][224]LogModuleManager: Shutting down and abandoning module ProjectTargetPlatformEditor (375)
[2017.03.29-16.20.20:918][224]LogModuleManager: Shutting down and abandoning module EditorSettingsViewer (372)
[2017.03.29-16.20.20:918][224]LogModuleManager: Shutting down and abandoning module SettingsEditor (370)
[2017.03.29-16.20.20:918][224]LogModuleManager: Shutting down and abandoning module ProjectLauncher (368)
[2017.03.29-16.20.20:918][224]LogModuleManager: Shutting down and abandoning module SessionFrontend (366)
[2017.03.29-16.20.20:918][224]LogModuleManager: Shutting down and abandoning module ProfilerClient (364)
[2017.03.29-16.20.20:918][224]LogModuleManager: Shutting down and abandoning module DeviceManager (362)
[2017.03.29-16.20.20:918][224]LogModuleManager: Shutting down and abandoning module TargetDeviceServices (361)
[2017.03.29-16.20.20:968][224]LogModuleManager: Shutting down and abandoning module AutomationController (358)
[2017.03.29-16.20.20:968][224]LogModuleManager: Shutting down and abandoning module AutomationWindow (356)
[2017.03.29-16.20.20:968][224]LogModuleManager: Shutting down and abandoning module Layers (354)
[2017.03.29-16.20.20:968][224]LogModuleManager: Shutting down and abandoning module ComponentVisualizers (352)
[2017.03.29-16.20.20:968][224]LogModuleManager: Shutting down and abandoning module DetailCustomizations (350)
[2017.03.29-16.20.20:968][224]LogModuleManager: Shutting down and abandoning module PackagesDialog (348)
[2017.03.29-16.20.20:968][224]LogModuleManager: Shutting down and abandoning module Persona (346)
[2017.03.29-16.20.20:968][224]LogModuleManager: Shutting down and abandoning module AnimGraph (345)
[2017.03.29-16.20.20:968][224]LogModuleManager: Shutting down and abandoning module Kismet (342)
[2017.03.29-16.20.21:005][224]LogModuleManager: Shutting down and abandoning module GraphEditor (340)
[2017.03.29-16.20.21:005][224]LogModuleManager: Shutting down and abandoning module ClassViewer (338)
[2017.03.29-16.20.21:005][224]LogModuleManager: Shutting down and abandoning module Toolbox (336)
[2017.03.29-16.20.21:005][224]LogModuleManager: Shutting down and abandoning module ModuleUI (334)
[2017.03.29-16.20.21:005][224]LogModuleManager: Shutting down and abandoning module MovieSceneTools (332)
[2017.03.29-16.20.21:005][224]LogModuleManager: Shutting down and abandoning module OutputLog (330)
[2017.03.29-16.20.21:005][224]LogModuleManager: Shutting down and abandoning module GammaUI (328)
[2017.03.29-16.20.21:005][224]LogModuleManager: Shutting down and abandoning module Documentation (326)
[2017.03.29-16.20.21:005][224]LogModuleManager: Shutting down and abandoning module Niagara (324)
[2017.03.29-16.20.21:005][224]LogModuleManager: Shutting down and abandoning module StreamingPauseRendering (322)
[2017.03.29-16.20.21:005][224]LogModuleManager: Shutting down and abandoning module AnalyticsET (320)
[2017.03.29-16.20.21:005][224]LogModuleManager: Shutting down and abandoning module PortalServices (318)
[2017.03.29-16.20.21:005][224]LogModuleManager: Shutting down and abandoning module PortalRpc (316)
[2017.03.29-16.20.21:005][224]LogModuleManager: Shutting down and abandoning module MessagingRpc (314)
[2017.03.29-16.20.21:005][224]LogModuleManager: Shutting down and abandoning module AIModule (312)
[2017.03.29-16.20.21:005][224]LogModuleManager: Shutting down and abandoning module GameplayDebugger (311)
[2017.03.29-16.20.21:005][224]LogModuleManager: Shutting down and abandoning module AITestSuite (309)
[2017.03.29-16.20.21:005][224]LogModuleManager: Shutting down and abandoning module ProfilerService (306)
[2017.03.29-16.20.21:197][224]LogModuleManager: Shutting down and abandoning module TaskGraph (304)
[2017.03.29-16.20.21:198][224]LogModuleManager: Shutting down and abandoning module SteamVRController (302)
[2017.03.29-16.20.21:198][224]LogModuleManager: Shutting down and abandoning module SteamVR (300)
[2017.03.29-16.20.21:198][224]LogModuleManager: Shutting down and abandoning module ProceduralMeshComponentEditor (298)
[2017.03.29-16.20.21:198][224]LogModuleManager: Shutting down and abandoning module ProceduralMeshComponent (296)
[2017.03.29-16.20.21:198][224]LogModuleManager: Shutting down and abandoning module OculusLibrary (294)
[2017.03.29-16.20.21:198][224]LogModuleManager: Shutting down and abandoning module OculusInput (292)
[2017.03.29-16.20.21:198][224]LogModuleManager: Shutting down and abandoning module MobilePatchingUtils (290)
[2017.03.29-16.20.21:198][224]LogModuleManager: Shutting down and abandoning module CustomMeshComponent (288)
[2017.03.29-16.20.21:198][224]LogModuleManager: Shutting down and abandoning module CableComponent (286)
[2017.03.29-16.20.21:198][224]LogModuleManager: Shutting down and abandoning module ArchVisCharacter (284)
[2017.03.29-16.20.21:198][224]LogModuleManager: Shutting down and abandoning module MediaPlayerEditor (280)
[2017.03.29-16.20.21:198][224]LogModuleManager: Shutting down and abandoning module HTML5Networking (278)
[2017.03.29-16.20.21:198][224]LogModuleManager: Shutting down and abandoning module AlembicImporter (276)
[2017.03.29-16.20.21:198][224]LogModuleManager: Shutting down and abandoning module AlembicLibrary (275)
[2017.03.29-16.20.21:198][224]LogModuleManager: Shutting down and abandoning module GeometryCache (274)
[2017.03.29-16.20.21:198][224]LogModuleManager: Shutting down and abandoning module GeometryCacheEd (273)
[2017.03.29-16.20.21:198][224]LogModuleManager: Shutting down and abandoning module SuperSearchEditor (268)
[2017.03.29-16.20.21:198][224]LogModuleManager: Shutting down and abandoning module SuperSearch (267)
[2017.03.29-16.20.21:198][224]LogModuleManager: Shutting down and abandoning module SpeedTreeImporter (264)
[2017.03.29-16.20.21:198][224]LogModuleManager: Shutting down and abandoning module PluginBrowser (262)
[2017.03.29-16.20.21:198][224]LogModuleManager: Shutting down and abandoning module MobileLauncherProfileWizard (260)
[2017.03.29-16.20.21:198][224]LogModuleManager: Shutting down and abandoning module EpicSurvey (258)
[2017.03.29-16.20.21:198][224]LogModuleManager: Shutting down and abandoning module VisualStudioSourceCodeAccess (256)
[2017.03.29-16.20.21:198][224]LogModuleManager: Shutting down and abandoning module DesktopPlatform (255)
[2017.03.29-16.20.21:199][224]LogModuleManager: Shutting down and abandoning module UObjectPlugin (252)
[2017.03.29-16.20.21:199][224]LogModuleManager: Shutting down and abandoning module SubversionSourceControl (250)
[2017.03.29-16.20.21:199][224]LogModuleManager: Shutting down and abandoning module PerforceSourceControl (248)
[2017.03.29-16.20.21:199][224]LogModuleManager: Shutting down and abandoning module GitSourceControl (246)
[2017.03.29-16.20.21:199][224]LogModuleManager: Shutting down and abandoning module SourceControl (245)
[2017.03.29-16.20.21:199][224]LogModuleManager: Shutting down and abandoning module LightPropagationVolumeEditor (242)
[2017.03.29-16.20.21:199][224]LogModuleManager: Shutting down and abandoning module PaperTiledImporter (240)
[2017.03.29-16.20.21:199][224]LogModuleManager: Shutting down and abandoning module PaperSpriteSheetImporter (238)
[2017.03.29-16.20.21:199][224]LogModuleManager: Shutting down and abandoning module Paper2DEditor (236)
[2017.03.29-16.20.21:199][224]LogModuleManager: Shutting down and abandoning module MeshPaint (235)
[2017.03.29-16.20.21:199][224]LogModuleManager: Shutting down and abandoning module LevelEditor (233)
[2017.03.29-16.20.21:201][224]LogModuleManager: Shutting down and abandoning module PixelInspectorModule (232)
[2017.03.29-16.20.21:201][224]LogModuleManager: Shutting down and abandoning module MainFrame (230)
[2017.03.29-16.20.21:201][224]LogModuleManager: Shutting down and abandoning module HotReload (229)
[2017.03.29-16.20.21:202][224]LogModuleManager: Shutting down and abandoning module ContentBrowser (225)
[2017.03.29-16.20.21:204][224]LogModuleManager: Shutting down and abandoning module PhysXVehiclesEditor (222)
[2017.03.29-16.20.21:204][224]LogModuleManager: Shutting down and abandoning module PhysXVehicles (220)
[2017.03.29-16.20.21:204][224]LogModuleManager: Shutting down and abandoning module LocationServicesBPLibrary (218)
[2017.03.29-16.20.21:204][224]LogModuleManager: Shutting down and abandoning module UdpMessaging (216)
[2017.03.29-16.20.21:304][224]LogModuleManager: Shutting down and abandoning module TcpMessaging (214)
[2017.03.29-16.20.21:411][224]LogModuleManager: Shutting down and abandoning module GameplayTagsEditor (212)
[2017.03.29-16.20.21:412][224]LogModuleManager: Shutting down and abandoning module FacialAnimationEditor (210)
[2017.03.29-16.20.21:412][224]LogModuleManager: Shutting down and abandoning module FacialAnimation (208)
[2017.03.29-16.20.21:412][224]LogModuleManager: Shutting down and abandoning module LightPropagationVolumeRuntime (206)
[2017.03.29-16.20.21:412][224]LogModuleManager: Shutting down and abandoning module Paper2D (204)
[2017.03.29-16.20.21:412][224]LogModuleManager: Shutting down and abandoning module WindowsMoviePlayer (202)
[2017.03.29-16.20.21:412][224]LogModuleManager: Shutting down and abandoning module WmfMedia (200)
[2017.03.29-16.20.21:412][224]LogModuleManager: Shutting down and abandoning module MfMedia (198)
[2017.03.29-16.20.21:412][224]LogModuleManager: Shutting down and abandoning module MediaAssets (196)
[2017.03.29-16.20.21:412][224]LogModuleManager: Shutting down and abandoning module GameLiveStreaming (194)
[2017.03.29-16.20.21:412][224]LogModuleManager: Shutting down and abandoning module VREditor (192)
[2017.03.29-16.20.21:412][224]LogModuleManager: Shutting down and abandoning module GameplayTasksEditor (190)
[2017.03.29-16.20.21:412][224]LogModuleManager: Shutting down and abandoning module BehaviorTreeEditor (188)
[2017.03.29-16.20.21:412][224]LogModuleManager: Shutting down and abandoning module FunctionalTesting (186)
[2017.03.29-16.20.21:412][224]LogModuleManager: Shutting down and abandoning module CollisionAnalyzer (184)
[2017.03.29-16.20.21:412][224]LogModuleManager: Shutting down and abandoning module UMG (182)
[2017.03.29-16.20.21:412][224]LogModuleManager: Shutting down and abandoning module UMGEditor (181)
[2017.03.29-16.20.21:412][224]LogModuleManager: Shutting down and abandoning module Sequencer (180)
[2017.03.29-16.20.21:412][224]LogModuleManager: Shutting down and abandoning module AssetTools (178)
[2017.03.29-16.20.21:413][224]LogModuleManager: Shutting down and abandoning module MessageLog (177)
[2017.03.29-16.20.21:413][224]LogModuleManager: Shutting down and abandoning module WorkspaceMenuStructure (176)
[2017.03.29-16.20.21:413][224]LogModuleManager: Shutting down and abandoning module SlateReflector (170)
[2017.03.29-16.20.21:413][224]LogModuleManager: Shutting down and abandoning module Slate (168)
[2017.03.29-16.20.21:413][224]LogModuleManager: Shutting down and abandoning module EditorStyle (166)
[2017.03.29-16.20.21:419][224]LogModuleManager: Shutting down and abandoning module SourceCodeAccess (164)
[2017.03.29-16.20.21:419][224]LogModuleManager: Shutting down and abandoning module HeadMountedDisplay (162)
[2017.03.29-16.20.21:419][224]LogModuleManager: Shutting down and abandoning module XAudio2 (160)
[2017.03.29-16.20.21:419][224]LogModuleManager: Shutting down and abandoning module Networking (158)
[2017.03.29-16.20.21:419][224]LogModuleManager: Shutting down and abandoning module Core (154)
[2017.03.29-16.20.21:419][224]LogModuleManager: Shutting down and abandoning module AssetRegistry (152)
[2017.03.29-16.20.21:575][224]LogDirectoryWatcher: A directory notification for '../../../Engine/Content/' was aborted.
[2017.03.29-16.20.21:575][224]LogDirectoryWatcher: A directory notification for '../../../../../../Users/Xarana/Desktop/Die Beauftragten_GITHUB/Beauftragte/Content/' was aborted.
[2017.03.29-16.20.21:575][224]LogDirectoryWatcher: A directory notification for '../../../Engine/Plugins/2D/Paper2D/Content/' was aborted.
[2017.03.29-16.20.21:575][224]LogModuleManager: Shutting down and abandoning module DirectoryWatcher (151)
[2017.03.29-16.20.21:576][224]LogModuleManager: Shutting down and abandoning module KismetCompiler (148)
[2017.03.29-16.20.21:576][224]LogModuleManager: Shutting down and abandoning module PhysXFormats (146)
[2017.03.29-16.20.21:576][224]LogModuleManager: Shutting down and abandoning module MeshUtilities (144)
[2017.03.29-16.20.21:576][224]LogModuleManager: Shutting down and abandoning module SimplygonSwarm (143)
[2017.03.29-16.20.21:576][224]LogModuleManager: Shutting down and abandoning module SimplygonMeshReduction (141)
[2017.03.29-16.20.21:576][224]LogModuleManager: Shutting down and abandoning module QuadricMeshReduction (139)
[2017.03.29-16.20.21:576][224]LogModuleManager: Shutting down and abandoning module PropertyEditor (137)
[2017.03.29-16.20.21:576][224]LogModuleManager: Shutting down and abandoning module DerivedDataCache (134)
[2017.03.29-16.20.21:621][224]LogDerivedDataCache: Shutdown
[2017.03.29-16.20.21:621][224]LogModuleManager: Shutting down and abandoning module TargetPlatform (132)
[2017.03.29-16.20.21:621][224]LogModuleManager: Shutting down and abandoning module VulkanShaderFormat (131)
[2017.03.29-16.20.21:621][224]LogModuleManager: Shutting down and abandoning module ShaderFormatOpenGL (129)
[2017.03.29-16.20.21:621][224]LogModuleManager: Shutting down and abandoning module ShaderFormatD3D (127)
[2017.03.29-16.20.21:621][224]LogModuleManager: Shutting down and abandoning module MetalShaderFormat (125)
[2017.03.29-16.20.21:621][224]LogModuleManager: Shutting down and abandoning module TextureFormatUncompressed (123)
[2017.03.29-16.20.21:621][224]LogModuleManager: Shutting down and abandoning module TextureFormatPVR (121)
[2017.03.29-16.20.21:621][224]LogModuleManager: Shutting down and abandoning module TextureFormatDXT (119)
[2017.03.29-16.20.21:621][224]LogModuleManager: Shutting down and abandoning module TextureFormatIntelISPCTexComp (117)
[2017.03.29-16.20.21:621][224]LogModuleManager: Shutting down and abandoning module TextureFormatASTC (115)
[2017.03.29-16.20.21:621][224]LogModuleManager: Shutting down and abandoning module ImageWrapper (114)
[2017.03.29-16.20.21:621][224]LogModuleManager: Shutting down and abandoning module TextureFormatAndroid (111)
[2017.03.29-16.20.21:621][224]LogModuleManager: Shutting down and abandoning module AudioFormatOpus (109)
[2017.03.29-16.20.21:621][224]LogModuleManager: Shutting down and abandoning module AudioFormatOgg (107)
[2017.03.29-16.20.21:621][224]LogModuleManager: Shutting down and abandoning module AudioFormatADPCM (105)
[2017.03.29-16.20.21:621][224]LogModuleManager: Shutting down and abandoning module LinuxTargetPlatform (103)
[2017.03.29-16.20.21:621][224]LogModuleManager: Shutting down and abandoning module LinuxServerTargetPlatform (101)
[2017.03.29-16.20.21:621][224]LogModuleManager: Shutting down and abandoning module LinuxNoEditorTargetPlatform (99)
[2017.03.29-16.20.21:621][224]LogModuleManager: Shutting down and abandoning module LinuxClientTargetPlatform (97)
[2017.03.29-16.20.21:621][224]LogModuleManager: Shutting down and abandoning module TVOSTargetPlatform (95)
[2017.03.29-16.20.21:621][224]LogModuleManager: Shutting down and abandoning module Messaging (93)
[2017.03.29-16.20.21:622][224]LogModuleManager: Shutting down and abandoning module IOSTargetPlatform (91)
[2017.03.29-16.20.21:622][224]LogModuleManager: Shutting down and abandoning module HTML5TargetPlatform (89)
[2017.03.29-16.20.21:622][224]LogModuleManager: Shutting down and abandoning module Android_PVRTCTargetPlatform (87)
[2017.03.29-16.20.21:622][224]LogModuleManager: Shutting down and abandoning module Android_MultiTargetPlatform (85)
[2017.03.29-16.20.21:622][224]LogModuleManager: Shutting down and abandoning module Android_ETC2TargetPlatform (83)
[2017.03.29-16.20.21:622][224]LogModuleManager: Shutting down and abandoning module Android_ETC1TargetPlatform (81)
[2017.03.29-16.20.21:622][224]LogModuleManager: Shutting down and abandoning module Android_DXTTargetPlatform (79)
[2017.03.29-16.20.21:622][224]LogModuleManager: Shutting down and abandoning module Android_ATCTargetPlatform (77)
[2017.03.29-16.20.21:622][224]LogModuleManager: Shutting down and abandoning module Android_ASTCTargetPlatform (75)
[2017.03.29-16.20.21:622][224]LogModuleManager: Shutting down and abandoning module AndroidTargetPlatform (73)
[2017.03.29-16.20.21:622][224]LogModuleManager: Shutting down and abandoning module WindowsTargetPlatform (71)
[2017.03.29-16.20.21:622][224]LogModuleManager: Shutting down and abandoning module WindowsServerTargetPlatform (69)
[2017.03.29-16.20.21:622][224]LogModuleManager: Shutting down and abandoning module WindowsNoEditorTargetPlatform (67)
[2017.03.29-16.20.21:622][224]LogModuleManager: Shutting down and abandoning module WindowsClientTargetPlatform (65)
[2017.03.29-16.20.21:622][224]LogModuleManager: Shutting down and abandoning module MacTargetPlatform (63)
[2017.03.29-16.20.21:622][224]LogModuleManager: Shutting down and abandoning module MacServerTargetPlatform (61)
[2017.03.29-16.20.21:622][224]LogModuleManager: Shutting down and abandoning module MacNoEditorTargetPlatform (59)
[2017.03.29-16.20.21:622][224]LogModuleManager: Shutting down and abandoning module MacClientTargetPlatform (57)
[2017.03.29-16.20.21:622][224]LogModuleManager: Shutting down and abandoning module AllDesktopTargetPlatform (55)
[2017.03.29-16.20.21:622][224]LogModuleManager: Shutting down and abandoning module InputCore (52)
[2017.03.29-16.20.21:622][224]LogModuleManager: Shutting down and abandoning module Settings (50)
[2017.03.29-16.20.21:622][224]LogModuleManager: Shutting down and abandoning module OculusRift (48)
[2017.03.29-16.20.21:622][224]LogModuleManager: Shutting down and abandoning module GearVR (46)
[2017.03.29-16.20.21:622][224]LogModuleManager: Shutting down and abandoning module ExampleDeviceProfileSelector (44)
[2017.03.29-16.20.21:622][224]LogModuleManager: Shutting down and abandoning module OnlineBlueprintSupport (42)
[2017.03.29-16.20.21:622][224]LogModuleManager: Shutting down and abandoning module OnlineSubsystem (38)
[2017.03.29-16.20.21:622][224]LogOnline:Display: Unloading online subsystem: NULL
[2017.03.29-16.20.21:622][224]LogModuleManager: Shutting down and abandoning module XMPP (37)
[2017.03.29-16.20.21:622][224]LogModuleManager: Shutting down and abandoning module HTTP (35)
[2017.03.29-16.20.21:622][224]LogHttp:Display: Http module shutting down, but needs to wait on 1 outstanding Http requests:
[2017.03.29-16.20.21:622][224]LogHttp:Display: 	verb=[POST] url=[https://datarouter.ol.epicgames.com/datarouter/api/v1/public/data?SessionID=%7B96BC5F9E-4BD1-C3F4-F9CB-4C93AFC3AD05%7D&AppID=UEEditor.Rocket.Release&AppVersion=4.15.1-3348071%2B%2B%2BUE4%2BRelease-4.15&UserID=88d668f44c400c760af3cea5f8517170%7C72ea6c91e559470b8316fc909c1650da%7C3e68f398-52d6-481b-bcaf-b2d01b5b9b84&AppEnvironment=datacollector-binary&UploadType=eteventstream] status=Processing
[2017.03.29-16.20.21:652][224]LogModuleManager: Shutting down and abandoning module SSL (34)
[2017.03.29-16.20.21:653][224]LogModuleManager: Shutting down and abandoning module AudioEditor (30)
[2017.03.29-16.20.21:653][224]LogModuleManager: Shutting down and abandoning module TextureCompressor (28)
[2017.03.29-16.20.21:653][224]LogModuleManager: Shutting down and abandoning module ShaderCore (26)
[2017.03.29-16.20.21:653][224]LogModuleManager: Shutting down and abandoning module Landscape (24)
[2017.03.29-16.20.21:653][224]LogModuleManager: Shutting down and abandoning module SlateRHIRenderer (22)
[2017.03.29-16.20.21:657][224]LogModuleManager: Shutting down and abandoning module OpenGLDrv (20)
[2017.03.29-16.20.21:657][224]LogModuleManager: Shutting down and abandoning module D3D11RHI (18)
[2017.03.29-16.20.21:657][224]LogModuleManager: Shutting down and abandoning module AnimGraphRuntime (16)
[2017.03.29-16.20.21:657][224]LogModuleManager: Shutting down and abandoning module Renderer (14)
[2017.03.29-16.20.21:657][224]LogModuleManager: Shutting down and abandoning module Engine (12)
[2017.03.29-16.20.21:657][224]LogModuleManager: Shutting down and abandoning module CoreUObject (10)
[2017.03.29-16.20.21:657][224]LogModuleManager: Shutting down and abandoning module NetworkFile (8)
[2017.03.29-16.20.21:657][224]LogModuleManager: Shutting down and abandoning module StreamingFile (6)
[2017.03.29-16.20.21:657][224]LogModuleManager: Shutting down and abandoning module SandboxFile (4)
[2017.03.29-16.20.21:657][224]LogModuleManager: Shutting down and abandoning module PakFile (2)
[2017.03.29-16.20.21:660][224]LogExit: Exiting.
[2017.03.29-16.20.21:662][224]Log file closed, 03/29/17 18:20:21
