Log file open, 03/28/17 20:01:15
LogInit:Display: Running engine for game: Beauftragte
LogPlatformFile: Not using cached read wrapper
LogInit:Display: RandInit(-383961079) SRandInit(-383961079).
LogTaskGraph: Started task graph with 5 named threads and 8 total threads with 1 sets of task threads.
LogStats: Stats thread started at 0.079626
LogInit: Using libcurl 7.47.1
LogInit:  - built for x86_64-pc-win32
LogInit:  - supports SSL with OpenSSL/1.0.2g
LogInit:  - supports HTTP deflate (compression) using libz 1.2.8
LogInit:  - other features:
LogInit:      CURL_VERSION_SSL
LogInit:      CURL_VERSION_LIBZ
LogInit:      CURL_VERSION_IPV6
LogInit:      CURL_VERSION_ASYNCHDNS
LogInit:      CURL_VERSION_LARGEFILE
LogInit:      CURL_VERSION_IDN
LogInit:  CurlRequestOptions (configurable via config and command line):
LogInit:  - bVerifyPeer = false  - Libcurl will NOT verify peer certificate
LogInit:  - bUseHttpProxy = false  - Libcurl will NOT use HTTP proxy
LogInit:  - bDontReuseConnections = false  - Libcurl will reuse connections
LogInit:  - CertBundlePath = nullptr  - Libcurl will use whatever was configured at build time.
LogInit: Build: ++UE4+Release-4.15-CL-3348071
LogInit: Engine Version: 4.15.1-3348071+++UE4+Release-4.15
LogInit: Compatible Engine Version: 4.15.0-3299760+++UE4+Release-4.15
LogInit: Net CL: 3299760
LogDevObjectVersion: Number of dev versions registered: 14
LogDevObjectVersion:   Dev-Blueprints (B0D832E4-1F89-4F0D-ACCF-7EB736FD4AA2): 8
LogDevObjectVersion:   Dev-Build (E1C64328-A22C-4D53-A36C-8E866417BD8C): 0
LogDevObjectVersion:   Dev-Core (375EC13C-06E4-48FB-B500-84F0262A717E): 2
LogDevObjectVersion:   Dev-Editor (E4B068ED-F494-42E9-A231-DA0B2E46BB41): 14
LogDevObjectVersion:   Dev-Framework (CFFC743F-43B0-4480-9391-14DF171D2073): 22
LogDevObjectVersion:   Dev-Mobile (B02B49B5-BB20-44E9-A304-32B752E40360): 0
LogDevObjectVersion:   Dev-Networking (A4E4105C-59A1-49B5-A7C5-40C4547EDFEE): 0
LogDevObjectVersion:   Dev-Online (39C831C9-5AE6-47DC-9A44-9C173E1C8E7C): 0
LogDevObjectVersion:   Dev-Physics (78F01B33-EBEA-4F98-B9B4-84EACCB95AA2): 0
LogDevObjectVersion:   Dev-Platform (6631380F-2D4D-43E0-8009-CF276956A95A): 0
LogDevObjectVersion:   Dev-Rendering (12F88B9F-8875-4AFC-A67C-D90C383ABD29): 12
LogDevObjectVersion:   Dev-Sequencer (7B5AE74C-D270-4C10-A958-57980B212A5A): 3
LogDevObjectVersion:   Dev-VR (D7296918-1DD6-4BDD-9DE2-64A83CC13884): 0
LogDevObjectVersion:   Dev-LoadTimes (C2A15278-BFE7-4AFE-6C17-90FF531DF755): 1
LogInit: Compiled (64-bit): Mar 15 2017 16:52:47
LogInit: Compiled with Visual C++: 19.00.23026.00
LogInit: Build Configuration: Development
LogInit: Branch Name: ++UE4+Release-4.15
LogInit: Command line:  /Temp/Autosaves/Game/Base/UEDPCBase -game -PIEVIACONSOLE -ResX=1280 -ResY=720  -Multiprocess -messaging -SessionName="Play in Standalone Game" -windowed 
LogInit: Base directory: C:/Program Files/Epic Games/UE_4.15/Engine/Binaries/Win64/
LogInit: Installed Engine Build: 1
LogInit: Presizing for max 8388607 objects, including 0 objects not considered by GC, pre-allocating 0 bytes for permanent pool.
LogInit: Object subsystem initialized
[2017.03.28-18.01.16:755][  0]LogInit: Selected Device Profile: [Windows]
[2017.03.28-18.01.16:755][  0]LogInit: Applying CVar settings loaded from the selected device profile: [Windows]
[2017.03.28-18.01.16:761][  0]LogInit: Computer: XARANA-PC
[2017.03.28-18.01.16:761][  0]LogInit: User: Xarana
[2017.03.28-18.01.16:761][  0]LogInit: CPU Page size=65536, Cores=4
[2017.03.28-18.01.16:761][  0]LogInit: High frequency timer resolution =2.742929 MHz
[2017.03.28-18.01.16:762][  0]LogMemory: Memory total: Physical=12.0GB (12GB approx)
[2017.03.28-18.01.16:762][  0]LogMemory: Platform Memory Stats for Windows
[2017.03.28-18.01.16:762][  0]LogMemory: Process Physical Memory: 263.54 MB used, 263.54 MB peak
[2017.03.28-18.01.16:762][  0]LogMemory: Process Virtual Memory: 264.16 MB used, 264.16 MB peak
[2017.03.28-18.01.16:762][  0]LogMemory: Physical Memory: 6917.46 MB used,  5368.60 MB free, 12286.05 MB total
[2017.03.28-18.01.16:762][  0]LogMemory: Virtual Memory: 632.63 MB used,  5368.60 MB free, 8388608.00 MB total
[2017.03.28-18.01.16:893][  0]LogTextLocalizationManager: No translations for ('de-DE') exist, falling back to 'en' for localization and internationalization data.
[2017.03.28-18.01.17:498][  0]LogD3D11RHI: D3D11 adapters:
[2017.03.28-18.01.17:518][  0]LogD3D11RHI:    0. 'NVIDIA GeForce GTX 550 Ti' (Feature Level 11_0)
[2017.03.28-18.01.17:518][  0]LogD3D11RHI:       977/0/3071 MB DedicatedVideo/DedicatedSystem/SharedSystem, Outputs:1, VendorId:0x10de
[2017.03.28-18.01.17:518][  0]LogD3D11RHI: Chosen D3D11 Adapter: 0
[2017.03.28-18.01.17:530][  0]LogD3D11RHI: Creating new Direct3DDevice
[2017.03.28-18.01.17:531][  0]LogD3D11RHI:     GPU DeviceId: 0x1244 (for the marketing name, search the web for "GPU Device Id")
[2017.03.28-18.01.17:531][  0]LogWindows: EnumDisplayDevices:
[2017.03.28-18.01.17:532][  0]LogWindows:    0. 'NVIDIA GeForce GTX 550 Ti' (P:1 D:1)
[2017.03.28-18.01.17:533][  0]LogWindows:    1. 'NVIDIA GeForce GTX 550 Ti' (P:0 D:0)
[2017.03.28-18.01.17:534][  0]LogWindows:    2. 'RDPDD Chained DD' (P:0 D:0)
[2017.03.28-18.01.17:535][  0]LogWindows:    3. 'RDP Encoder Mirror Driver' (P:0 D:0)
[2017.03.28-18.01.17:536][  0]LogWindows:    4. 'RDP Reflector Display Driver' (P:0 D:0)
[2017.03.28-18.01.17:537][  0]LogWindows: DebugString: GetVideoDriverDetailsInvalid PrimaryIsNotTheChoosenAdapter GetVideoDriverDetailsInvalid PrimaryIsNotTheChoosenAdapter GetVideoDriverDetailsInvalid PrimaryIsNotTheChoosenAdapter FoundDriverCount:2 
[2017.03.28-18.01.17:537][  0]LogD3D11RHI:     Adapter Name: NVIDIA GeForce GTX 550 Ti
[2017.03.28-18.01.17:537][  0]LogD3D11RHI:   Driver Version: 361.43 (internal:10.18.13.6143, unified:361.43)
[2017.03.28-18.01.17:537][  0]LogD3D11RHI:      Driver Date: 12-16-2015
[2017.03.28-18.01.17:537][  0]LogRHI: Texture pool is 684 MB (70% of 977 MB)
[2017.03.28-18.01.17:546][  0]LogD3D11RHI:Warning: Timestamp queries are currently disabled on this hardware due to instability. Realtime GPU stats will not be available. You can override this behaviour by setting r.NVIDIATimestampWorkaround to 0
[2017.03.28-18.01.17:549][  0]LogD3D11RHI: NvAPI_D3D_GetCurrentSLIState failed: 0xfffffff7
[2017.03.28-18.01.17:549][  0]LogD3D11RHI: Async texture creation enabled
[2017.03.28-18.01.17:567][  0]LogD3D11RHI: GPU Timing Frequency: 1000.000000 (Debug: 2 2)
[2017.03.28-18.01.17:588][  0]LogShaderCompilers: Guid format shader working directory is -27 characters bigger than the processId version (../../../../../../Users/Xarana/Desktop/Die Beauftragten_GITHUB/Beauftragte/Intermediate/Shaders/WorkingDirectory/2044/).
[2017.03.28-18.01.17:588][  0]LogShaderCompilers: Cleaned the shader compiler working directory 'C:/Users/Xarana/AppData/Local/Temp/UnrealShaderWorkingDir/B590F6424B4F82F57487E0877C64335D/'.
[2017.03.28-18.01.17:588][  0]LogShaderCompilers:Display: Using Local Shader Compiler.
[2017.03.28-18.01.19:043][  0]LogTemp:Display: Loaded TP WindowsClientTargetPlatform
[2017.03.28-18.01.19:117][  0]LogTemp:Display: Loaded TP WindowsNoEditorTargetPlatform
[2017.03.28-18.01.19:190][  0]LogTemp:Display: Loaded TP WindowsServerTargetPlatform
[2017.03.28-18.01.19:245][  0]LogTemp:Display: Loaded TP WindowsTargetPlatform
[2017.03.28-18.01.19:245][  0]LogTargetPlatformManager:Display: Building Assets For Windows
[2017.03.28-18.01.19:742][  0]LogDerivedDataCache:Display: Max Cache Size: 512 MB
[2017.03.28-18.01.19:816][  0]LogDerivedDataCache: Loaded boot cache 0.07s 50MB C:/Users/Xarana/AppData/Local/UnrealEngine/4.15/DerivedDataCache/Boot.ddc.
[2017.03.28-18.01.19:816][  0]LogDerivedDataCache:Display: Loaded Boot cache: C:/Users/Xarana/AppData/Local/UnrealEngine/4.15/DerivedDataCache/Boot.ddc
[2017.03.28-18.01.19:816][  0]LogDerivedDataCache: FDerivedDataBackendGraph:  Pak pak cache file ../../../../../../Users/Xarana/Desktop/Die Beauftragten_GITHUB/Beauftragte/DerivedDataCache/DDC.ddp not found, will not use a pak cache.
[2017.03.28-18.01.19:816][  0]LogDerivedDataCache: Unable to find inner node Pak for hierarchical cache Hierarchy.
[2017.03.28-18.01.19:816][  0]LogDerivedDataCache: FDerivedDataBackendGraph:  CompressedPak pak cache file ../../../../../../Users/Xarana/Desktop/Die Beauftragten_GITHUB/Beauftragte/DerivedDataCache/Compressed.ddp not found, will not use a pak cache.
[2017.03.28-18.01.19:816][  0]LogDerivedDataCache: Unable to find inner node CompressedPak for hierarchical cache Hierarchy.
[2017.03.28-18.01.19:845][  0]LogDerivedDataCache:Display: Pak cache opened for reading ../../../Engine/DerivedDataCache/Compressed.ddp.
[2017.03.28-18.01.19:856][  0]LogDerivedDataCache: Using Local data cache path C:/Users/Xarana/AppData/Local/UnrealEngine/Common/DerivedDataCache: Writable
[2017.03.28-18.01.19:868][  0]LogSlate: Using Freetype 2.6.0
[2017.03.28-18.01.19:869][  0]LogSlate: SlateFontCache - WITH_FREETYPE: 1, WITH_HARFBUZZ: 1
[2017.03.28-18.01.19:869][  0]LogSlate: SlateFontCache - WITH_FREETYPE: 1, WITH_HARFBUZZ: 1
[2017.03.28-18.01.20:220][  0]LogAssetRegistry: FAssetRegistry took 0.0001 seconds to start up
[2017.03.28-18.01.20:225][  0]LogPackageLocalizationCache: Processed 3 localized package path(s) for 1 prioritized culture(s) in 0.004214 seconds
[2017.03.28-18.01.20:268][  0]LogInit: Selected Device Profile: [Windows]
[2017.03.28-18.01.20:271][  0]LogContentStreaming: Texture pool size is 1000.00 MB
[2017.03.28-18.01.20:533][  0]LogMeshUtilities: Using QuadricMeshReduction for automatic static mesh reduction
[2017.03.28-18.01.20:589][  0]LogSimplygon: Simplygon DLL not present - disabling.
[2017.03.28-18.01.20:642][  0]LogMeshUtilities: Using SimplygonSwarm for distributed automatic mesh merging
[2017.03.28-18.01.20:642][  0]LogMeshUtilities: No automatic skeletal mesh reduction module available
[2017.03.28-18.01.20:642][  0]LogMeshUtilities: No automatic mesh merging module available
[2017.03.28-18.01.21:240][  0]LogNetVersion: GetLocalNetworkVersion: CL: 3299760, ProjectName: beauftragte, ProjectVersion: , EngineNetworkVersion: 2, GameNetworkVersion: 0, NetworkChecksum: 1917097569
[2017.03.28-18.01.21:317][  0]LogInit: WinSock: version 1.1 (2.2), MaxSocks=32767, MaxUdp=65467
[2017.03.28-18.01.22:173][  0]LogWmfMedia: Failed to load mf.dll
[2017.03.28-18.01.22:173][  0]LogWmfMedia: Failed to load required Windows Media Foundation libraries
[2017.03.28-18.01.22:225][  0]LogWindowsMoviePlayer: Could not load mf.dll. Library not found.
[2017.03.28-18.01.22:225][  0]LogWindowsMoviePlayer: Could not load mfplat.dll. Library not found.
[2017.03.28-18.01.22:226][  0]LogWindowsMoviePlayer: Could not load mfplay.dll. Library not found.
[2017.03.28-18.01.22:226][  0]LogMoviePlayer: Initializing movie player
[2017.03.28-18.01.22:607][  0]LogTcpMessaging: Initializing TcpMessaging bridge
[2017.03.28-18.01.22:648][  0]LogUdpMessaging: Initializing bridge on interface 0.0.0.0:0 to multicast group 230.0.0.1:6666.
[2017.03.28-18.01.22:967][  0]SourceControl: Info Source control is disabled
[2017.03.28-18.01.22:967][  0]SourceControl: Info Source control is disabled
[2017.03.28-18.01.23:018][  0]SourceControl: Info Source control is disabled
[2017.03.28-18.01.23:745][  0]LogUObjectArray: 34408 objects as part of root set at end of initial load.
[2017.03.28-18.01.23:745][  0]LogUObjectAllocator: 7639328 out of 0 bytes used by permanent object pool.
[2017.03.28-18.01.23:745][  0]LogUObjectArray: CloseDisregardForGC: 0/0 objects in disregard for GC pool
[2017.03.28-18.01.23:868][  0]LogEngine: Initializing Engine...
[2017.03.28-18.01.23:868][  0]LogHMD: Failed to initialize OpenVR with code 110
[2017.03.28-18.01.24:012][  0]LogInit: XAudio2 using 'Speakers (High Definition Audio Device)' : 2 channels at 44.1 kHz using 16 bits per sample (channel mask 0x3)
[2017.03.28-18.01.24:019][  0]LogInit: FAudioDevice initialized.
[2017.03.28-18.01.24:039][  0]LogInit: Texture streaming: Enabled
[2017.03.28-18.01.24:056][  0]LogMaterial: Uniform references updated for custom material expression Custom.
[2017.03.28-18.01.24:443][  0]LogInit:Display: Game Engine Initialized.
[2017.03.28-18.01.24:637][  0]LogInit:Display: Starting Game.
[2017.03.28-18.01.24:637][  0]LogNet: Browse: /Temp/Autosaves/Game/Base/UEDPCBase?Name=Player
[2017.03.28-18.01.24:637][  0]LogLoad: LoadMap: /Temp/Autosaves/Game/Base/UEDPCBase?Name=Player
[2017.03.28-18.01.24:661][  0]LogMemory: Platform Memory Stats for Windows
[2017.03.28-18.01.24:661][  0]LogMemory: Process Physical Memory: 655.31 MB used, 685.19 MB peak
[2017.03.28-18.01.24:661][  0]LogMemory: Process Virtual Memory: 743.72 MB used, 760.05 MB peak
[2017.03.28-18.01.24:661][  0]LogMemory: Physical Memory: 7271.52 MB used,  5014.54 MB free, 12286.05 MB total
[2017.03.28-18.01.24:661][  0]LogMemory: Virtual Memory: 1272.72 MB used,  5014.54 MB free, 8388608.00 MB total
[2017.03.28-18.01.24:661][  0]LogMemory: 
[2017.03.28-18.01.24:661][  0]Allocator Stats for TBB: (not implemented)
[2017.03.28-18.01.25:439][  0]LogAIModule: Creating AISystem for world Base
[2017.03.28-18.01.25:439][  0]LogLoad: Game class is 'Base_GameMode_C'
[2017.03.28-18.01.25:442][  0]LogWorld: Bringing World /Temp/Autosaves/Game/Base/UEDPCBase.Base up for play (max tick rate 0) at 2017.03.28-20.01.25
[2017.03.28-18.01.25:442][  0]LogWorld: Bringing up level for play took: 0.001669
[2017.03.28-18.01.25:443][  0]LogGameMode:Display: Match State Changed from EnteringMap to WaitingToStart
[2017.03.28-18.01.25:443][  0]LogGameState: Match State Changed from EnteringMap to WaitingToStart
[2017.03.28-18.01.25:443][  0]LogGameMode:Display: Match State Changed from WaitingToStart to InProgress
[2017.03.28-18.01.25:446][  0]LogGameState: Match State Changed from WaitingToStart to InProgress
[2017.03.28-18.01.25:446][  0]LogLoad: Took 0.808196 seconds to LoadMap(/Temp/Autosaves/Game/Base/UEDPCBase)
[2017.03.28-18.01.25:649][  0]LogRenderer: Reallocating scene render targets to support 1280x720 NumSamples 1 (Frame:2).
[2017.03.28-18.01.25:649][  0]LogLoad: (Engine Initialization) Total time: 11.34 seconds
[2017.03.28-18.01.25:649][  0]LogLoad: (Engine Initialization) Total Blueprint compile time: 0.42 seconds
[2017.03.28-18.01.25:649][  0]LogExternalProfiler: No external profilers were discovered.  External profiling features will not be available.
[2017.03.28-18.01.25:693][  0]LogWindowsTextInputMethodSystem:Display: IME system now deactivated.
[2017.03.28-18.01.25:693][  0]LogOcInput: OculusInput pre-init called
[2017.03.28-18.01.25:694][  0]LogEngine: All Windows Closed
[2017.03.28-18.01.25:694][  0]LogWindows: FPlatformMisc::RequestExit(0)
[2017.03.28-18.01.25:697][  1]LogMoviePlayer: Shutting down movie player
[2017.03.28-18.01.25:870][  1]LogExit: Preparing to exit.
[2017.03.28-18.01.26:733][  1]LogExit: Game engine shut down
[2017.03.28-18.01.26:790][  1]LogObj: Freed 0b from 0 cluster array pools.
[2017.03.28-18.01.26:790][  1]LogExit: Object subsystem successfully closed.
[2017.03.28-18.01.26:801][  1]LogD3D11RHI: Shutdown
[2017.03.28-18.01.26:801][  1]LogD3D11RHI: CleanupD3DDevice
[2017.03.28-18.01.26:848][  1]LogD3D11RHI: ~FD3D11DynamicRHI
[2017.03.28-18.01.26:857][  1]LogModuleManager: Shutting down and abandoning module SequenceRecorderSections (264)
[2017.03.28-18.01.26:857][  1]LogModuleManager: Shutting down and abandoning module SequenceRecorder (262)
[2017.03.28-18.01.26:857][  1]LogModuleManager: Shutting down and abandoning module AutomationController (260)
[2017.03.28-18.01.26:857][  1]LogModuleManager: Shutting down and abandoning module AutomationWorker (258)
[2017.03.28-18.01.26:857][  1]LogModuleManager: Shutting down and abandoning module AIModule (256)
[2017.03.28-18.01.26:857][  1]LogModuleManager: Shutting down and abandoning module GameplayDebugger (255)
[2017.03.28-18.01.26:857][  1]LogModuleManager: Shutting down and abandoning module AITestSuite (253)
[2017.03.28-18.01.26:857][  1]LogModuleManager: Shutting down and abandoning module WmfMediaFactory (250)
[2017.03.28-18.01.26:857][  1]LogModuleManager: Shutting down and abandoning module MfMediaFactory (248)
[2017.03.28-18.01.26:857][  1]LogModuleManager: Shutting down and abandoning module AvfMediaFactory (246)
[2017.03.28-18.01.26:857][  1]LogModuleManager: Shutting down and abandoning module AndroidMediaFactory (244)
[2017.03.28-18.01.26:857][  1]LogModuleManager: Shutting down and abandoning module Media (243)
[2017.03.28-18.01.26:857][  1]LogModuleManager: Shutting down and abandoning module CharacterAI (240)
[2017.03.28-18.01.26:857][  1]LogModuleManager: Shutting down and abandoning module SessionServices (238)
[2017.03.28-18.01.26:857][  1]LogModuleManager: Shutting down and abandoning module MovieSceneCapture (236)
[2017.03.28-18.01.26:857][  1]LogModuleManager: Shutting down and abandoning module GeometryCache (234)
[2017.03.28-18.01.26:857][  1]LogModuleManager: Shutting down and abandoning module GeometryCacheEd (233)
[2017.03.28-18.01.26:857][  1]LogModuleManager: Shutting down and abandoning module Niagara (230)
[2017.03.28-18.01.26:857][  1]LogModuleManager: Shutting down and abandoning module StreamingPauseRendering (228)
[2017.03.28-18.01.26:857][  1]LogModuleManager: Shutting down and abandoning module PortalServices (226)
[2017.03.28-18.01.26:857][  1]LogModuleManager: Shutting down and abandoning module PortalRpc (224)
[2017.03.28-18.01.26:857][  1]LogModuleManager: Shutting down and abandoning module MessagingRpc (222)
[2017.03.28-18.01.26:857][  1]LogModuleManager: Shutting down and abandoning module ProfilerService (220)
[2017.03.28-18.01.27:070][  1]LogModuleManager: Shutting down and abandoning module TaskGraph (218)
[2017.03.28-18.01.27:070][  1]LogModuleManager: Shutting down and abandoning module SteamVRController (216)
[2017.03.28-18.01.27:070][  1]LogModuleManager: Shutting down and abandoning module SteamVR (214)
[2017.03.28-18.01.27:070][  1]LogModuleManager: Shutting down and abandoning module ProceduralMeshComponent (212)
[2017.03.28-18.01.27:070][  1]LogModuleManager: Shutting down and abandoning module OculusLibrary (210)
[2017.03.28-18.01.27:070][  1]LogModuleManager: Shutting down and abandoning module OculusInput (208)
[2017.03.28-18.01.27:070][  1]LogModuleManager: Shutting down and abandoning module MobilePatchingUtils (206)
[2017.03.28-18.01.27:070][  1]LogModuleManager: Shutting down and abandoning module CustomMeshComponent (204)
[2017.03.28-18.01.27:070][  1]LogModuleManager: Shutting down and abandoning module CableComponent (202)
[2017.03.28-18.01.27:070][  1]LogModuleManager: Shutting down and abandoning module ArchVisCharacter (200)
[2017.03.28-18.01.27:070][  1]LogModuleManager: Shutting down and abandoning module HTML5Networking (196)
[2017.03.28-18.01.27:070][  1]LogModuleManager: Shutting down and abandoning module VisualStudioSourceCodeAccess (194)
[2017.03.28-18.01.27:070][  1]LogModuleManager: Shutting down and abandoning module DesktopPlatform (193)
[2017.03.28-18.01.27:070][  1]LogModuleManager: Shutting down and abandoning module HotReload (191)
[2017.03.28-18.01.27:070][  1]LogModuleManager: Shutting down and abandoning module DirectoryWatcher (190)
[2017.03.28-18.01.27:070][  1]LogModuleManager: Shutting down and abandoning module UObjectPlugin (186)
[2017.03.28-18.01.27:070][  1]LogModuleManager: Shutting down and abandoning module SubversionSourceControl (184)
[2017.03.28-18.01.27:070][  1]LogModuleManager: Shutting down and abandoning module PerforceSourceControl (182)
[2017.03.28-18.01.27:070][  1]LogModuleManager: Shutting down and abandoning module SourceControl (181)
[2017.03.28-18.01.27:070][  1]LogModuleManager: Shutting down and abandoning module PhysXVehiclesEditor (178)
[2017.03.28-18.01.27:070][  1]LogModuleManager: Shutting down and abandoning module PhysXVehicles (176)
[2017.03.28-18.01.27:070][  1]LogModuleManager: Shutting down and abandoning module LocationServicesBPLibrary (174)
[2017.03.28-18.01.27:070][  1]LogModuleManager: Shutting down and abandoning module UdpMessaging (172)
[2017.03.28-18.01.27:170][  1]LogModuleManager: Shutting down and abandoning module TcpMessaging (170)
