Log file open, 03/30/17 11:42:05
LogInit:Display: Running engine for game: Beauftragte
LogPlatformFile: Not using cached read wrapper
LogInit:Display: RandInit(1874587284) SRandInit(1874587284).
LogTaskGraph: Started task graph with 5 named threads and 8 total threads with 1 sets of task threads.
LogStats: Stats thread started at 0.076599
LogInit: Using libcurl 7.47.1
LogInit:  - built for x86_64-pc-win32
LogInit:  - supports SSL with OpenSSL/1.0.2g
LogInit:  - supports HTTP deflate (compression) using libz 1.2.8
LogInit:  - other features:
LogInit:      CURL_VERSION_SSL
LogInit:      CURL_VERSION_LIBZ
LogInit:      CURL_VERSION_IPV6
LogInit:      CURL_VERSION_ASYNCHDNS
LogInit:      CURL_VERSION_LARGEFILE
LogInit:      CURL_VERSION_IDN
LogInit:  CurlRequestOptions (configurable via config and command line):
LogInit:  - bVerifyPeer = false  - Libcurl will NOT verify peer certificate
LogInit:  - bUseHttpProxy = false  - Libcurl will NOT use HTTP proxy
LogInit:  - bDontReuseConnections = false  - Libcurl will reuse connections
LogInit:  - CertBundlePath = nullptr  - Libcurl will use whatever was configured at build time.
LogInit: Build: ++UE4+Release-4.15-CL-3348071
LogInit: Engine Version: 4.15.1-3348071+++UE4+Release-4.15
LogInit: Compatible Engine Version: 4.15.0-3299760+++UE4+Release-4.15
LogInit: Net CL: 3299760
LogDevObjectVersion: Number of dev versions registered: 14
LogDevObjectVersion:   Dev-Blueprints (B0D832E4-1F89-4F0D-ACCF-7EB736FD4AA2): 8
LogDevObjectVersion:   Dev-Build (E1C64328-A22C-4D53-A36C-8E866417BD8C): 0
LogDevObjectVersion:   Dev-Core (375EC13C-06E4-48FB-B500-84F0262A717E): 2
LogDevObjectVersion:   Dev-Editor (E4B068ED-F494-42E9-A231-DA0B2E46BB41): 14
LogDevObjectVersion:   Dev-Framework (CFFC743F-43B0-4480-9391-14DF171D2073): 22
LogDevObjectVersion:   Dev-Mobile (B02B49B5-BB20-44E9-A304-32B752E40360): 0
LogDevObjectVersion:   Dev-Networking (A4E4105C-59A1-49B5-A7C5-40C4547EDFEE): 0
LogDevObjectVersion:   Dev-Online (39C831C9-5AE6-47DC-9A44-9C173E1C8E7C): 0
LogDevObjectVersion:   Dev-Physics (78F01B33-EBEA-4F98-B9B4-84EACCB95AA2): 0
LogDevObjectVersion:   Dev-Platform (6631380F-2D4D-43E0-8009-CF276956A95A): 0
LogDevObjectVersion:   Dev-Rendering (12F88B9F-8875-4AFC-A67C-D90C383ABD29): 12
LogDevObjectVersion:   Dev-Sequencer (7B5AE74C-D270-4C10-A958-57980B212A5A): 3
LogDevObjectVersion:   Dev-VR (D7296918-1DD6-4BDD-9DE2-64A83CC13884): 0
LogDevObjectVersion:   Dev-LoadTimes (C2A15278-BFE7-4AFE-6C17-90FF531DF755): 1
LogInit: Compiled (64-bit): Mar 15 2017 16:52:47
LogInit: Compiled with Visual C++: 19.00.23026.00
LogInit: Build Configuration: Development
LogInit: Branch Name: ++UE4+Release-4.15
LogInit: Command line: -EpicPortal 
LogInit: Base directory: C:/Program Files/Epic Games/UE_4.15/Engine/Binaries/Win64/
LogInit: Installed Engine Build: 1
LogInit: Presizing for max 8388607 objects, including 0 objects not considered by GC, pre-allocating 0 bytes for permanent pool.
LogInit: Object subsystem initialized
[2017.03.30-09.42.07:327][  0]LogInit: Selected Device Profile: [Windows]
[2017.03.30-09.42.07:327][  0]LogInit: Applying CVar settings loaded from the selected device profile: [Windows]
[2017.03.30-09.42.07:337][  0]LogInit: Computer: XARANA-PC
[2017.03.30-09.42.07:337][  0]LogInit: User: Xarana
[2017.03.30-09.42.07:337][  0]LogInit: CPU Page size=65536, Cores=4
[2017.03.30-09.42.07:337][  0]LogInit: High frequency timer resolution =2.742919 MHz
[2017.03.30-09.42.07:337][  0]LogMemory: Memory total: Physical=12.0GB (12GB approx)
[2017.03.30-09.42.07:337][  0]LogMemory: Platform Memory Stats for Windows
[2017.03.30-09.42.07:337][  0]LogMemory: Process Physical Memory: 263.46 MB used, 263.46 MB peak
[2017.03.30-09.42.07:337][  0]LogMemory: Process Virtual Memory: 264.11 MB used, 264.11 MB peak
[2017.03.30-09.42.07:337][  0]LogMemory: Physical Memory: 5133.08 MB used,  7152.98 MB free, 12286.05 MB total
[2017.03.30-09.42.07:337][  0]LogMemory: Virtual Memory: 632.63 MB used,  7152.98 MB free, 8388608.00 MB total
[2017.03.30-09.42.07:427][  0]LogTextLocalizationManager: No translations for ('de-DE') exist, falling back to 'en' for localization and internationalization data.
[2017.03.30-09.42.08:165][  0]LogD3D11RHI: D3D11 adapters:
[2017.03.30-09.42.08:180][  0]LogD3D11RHI:    0. 'NVIDIA GeForce GTX 550 Ti' (Feature Level 11_0)
[2017.03.30-09.42.08:180][  0]LogD3D11RHI:       977/0/3071 MB DedicatedVideo/DedicatedSystem/SharedSystem, Outputs:1, VendorId:0x10de
[2017.03.30-09.42.08:180][  0]LogD3D11RHI: Chosen D3D11 Adapter: 0
[2017.03.30-09.42.08:185][  0]LogD3D11RHI: Creating new Direct3DDevice
[2017.03.30-09.42.08:185][  0]LogD3D11RHI:     GPU DeviceId: 0x1244 (for the marketing name, search the web for "GPU Device Id")
[2017.03.30-09.42.08:185][  0]LogWindows: EnumDisplayDevices:
[2017.03.30-09.42.08:185][  0]LogWindows:    0. 'NVIDIA GeForce GTX 550 Ti' (P:1 D:1)
[2017.03.30-09.42.08:185][  0]LogWindows:    1. 'NVIDIA GeForce GTX 550 Ti' (P:0 D:0)
[2017.03.30-09.42.08:185][  0]LogWindows:    2. 'RDPDD Chained DD' (P:0 D:0)
[2017.03.30-09.42.08:185][  0]LogWindows:    3. 'RDP Encoder Mirror Driver' (P:0 D:0)
[2017.03.30-09.42.08:185][  0]LogWindows:    4. 'RDP Reflector Display Driver' (P:0 D:0)
[2017.03.30-09.42.08:185][  0]LogWindows: DebugString: GetVideoDriverDetailsInvalid PrimaryIsNotTheChoosenAdapter GetVideoDriverDetailsInvalid PrimaryIsNotTheChoosenAdapter GetVideoDriverDetailsInvalid PrimaryIsNotTheChoosenAdapter FoundDriverCount:2 
[2017.03.30-09.42.08:185][  0]LogD3D11RHI:     Adapter Name: NVIDIA GeForce GTX 550 Ti
[2017.03.30-09.42.08:185][  0]LogD3D11RHI:   Driver Version: 361.43 (internal:10.18.13.6143, unified:361.43)
[2017.03.30-09.42.08:185][  0]LogD3D11RHI:      Driver Date: 12-16-2015
[2017.03.30-09.42.08:185][  0]LogRHI: Texture pool is 684 MB (70% of 977 MB)
[2017.03.30-09.42.08:193][  0]LogD3D11RHI:Warning: Timestamp queries are currently disabled on this hardware due to instability. Realtime GPU stats will not be available. You can override this behaviour by setting r.NVIDIATimestampWorkaround to 0
[2017.03.30-09.42.08:194][  0]LogD3D11RHI: NvAPI_D3D_GetCurrentSLIState failed: 0xfffffff7
[2017.03.30-09.42.08:194][  0]LogD3D11RHI: Async texture creation enabled
[2017.03.30-09.42.08:210][  0]LogD3D11RHI: GPU Timing Frequency: 1000.000000 (Debug: 2 2)
[2017.03.30-09.42.08:211][  0]LogShaderCompilers: Guid format shader working directory is -27 characters bigger than the processId version (../../../../../../Users/Xarana/Desktop/Die Beauftragten_GITHUB/Beauftragte/Intermediate/Shaders/WorkingDirectory/3340/).
[2017.03.30-09.42.08:211][  0]LogShaderCompilers: Cleaned the shader compiler working directory 'C:/Users/Xarana/AppData/Local/Temp/UnrealShaderWorkingDir/B63B871C4457C7EBEFA1D997767D8E6F/'.
[2017.03.30-09.42.08:211][  0]LogShaderCompilers:Display: Using Local Shader Compiler.
[2017.03.30-09.42.09:577][  0]LogTemp:Display: Loaded TP AllDesktopTargetPlatform
[2017.03.30-09.42.09:647][  0]LogTemp:Display: Loaded TP MacClientTargetPlatform
[2017.03.30-09.42.09:713][  0]LogTemp:Display: Loaded TP MacNoEditorTargetPlatform
[2017.03.30-09.42.09:780][  0]LogTemp:Display: Loaded TP MacServerTargetPlatform
[2017.03.30-09.42.09:849][  0]LogTemp:Display: Loaded TP MacTargetPlatform
[2017.03.30-09.42.09:915][  0]LogTemp:Display: Loaded TP WindowsClientTargetPlatform
[2017.03.30-09.42.09:983][  0]LogTemp:Display: Loaded TP WindowsNoEditorTargetPlatform
[2017.03.30-09.42.10:051][  0]LogTemp:Display: Loaded TP WindowsServerTargetPlatform
[2017.03.30-09.42.10:103][  0]LogTemp:Display: Loaded TP WindowsTargetPlatform
[2017.03.30-09.42.10:169][  0]LogTemp:Display: Loaded TP AndroidTargetPlatform
[2017.03.30-09.42.10:236][  0]LogTemp:Display: Loaded TP Android_ASTCTargetPlatform
[2017.03.30-09.42.10:304][  0]LogTemp:Display: Loaded TP Android_ATCTargetPlatform
[2017.03.30-09.42.10:368][  0]LogTemp:Display: Loaded TP Android_DXTTargetPlatform
[2017.03.30-09.42.10:434][  0]LogTemp:Display: Loaded TP Android_ETC1TargetPlatform
[2017.03.30-09.42.10:500][  0]LogTemp:Display: Loaded TP Android_ETC2TargetPlatform
[2017.03.30-09.42.10:632][  0]LogTemp:Display: Loaded TP Android_MultiTargetPlatform
[2017.03.30-09.42.10:632][  0]LogTemp:Display: Loaded TP Android_PVRTCTargetPlatform
[2017.03.30-09.42.10:674][  0]LogTemp:Display: Loaded TP HTML5TargetPlatform
[2017.03.30-09.42.10:782][  0]LogTemp:Display: Loaded TP IOSTargetPlatform
[2017.03.30-09.42.10:826][  0]LogTemp:Display: Loaded TP TVOSTargetPlatform
[2017.03.30-09.42.10:892][  0]LogTemp:Display: Loaded TP LinuxClientTargetPlatform
[2017.03.30-09.42.10:957][  0]LogTemp:Display: Loaded TP LinuxNoEditorTargetPlatform
[2017.03.30-09.42.11:024][  0]LogTemp:Display: Loaded TP LinuxServerTargetPlatform
[2017.03.30-09.42.11:090][  0]LogTemp:Display: Loaded TP LinuxTargetPlatform
[2017.03.30-09.42.11:090][  0]LogTargetPlatformManager:Display: Building Assets For Windows
[2017.03.30-09.42.11:552][  0]LogDerivedDataCache:Display: Max Cache Size: 512 MB
[2017.03.30-09.42.11:622][  0]LogDerivedDataCache: Loaded boot cache 0.07s 50MB C:/Users/Xarana/AppData/Local/UnrealEngine/4.15/DerivedDataCache/Boot.ddc.
[2017.03.30-09.42.11:622][  0]LogDerivedDataCache:Display: Loaded Boot cache: C:/Users/Xarana/AppData/Local/UnrealEngine/4.15/DerivedDataCache/Boot.ddc
[2017.03.30-09.42.11:622][  0]LogDerivedDataCache: FDerivedDataBackendGraph:  Pak pak cache file ../../../../../../Users/Xarana/Desktop/Die Beauftragten_GITHUB/Beauftragte/DerivedDataCache/DDC.ddp not found, will not use a pak cache.
[2017.03.30-09.42.11:622][  0]LogDerivedDataCache: Unable to find inner node Pak for hierarchical cache Hierarchy.
[2017.03.30-09.42.11:622][  0]LogDerivedDataCache: FDerivedDataBackendGraph:  CompressedPak pak cache file ../../../../../../Users/Xarana/Desktop/Die Beauftragten_GITHUB/Beauftragte/DerivedDataCache/Compressed.ddp not found, will not use a pak cache.
[2017.03.30-09.42.11:622][  0]LogDerivedDataCache: Unable to find inner node CompressedPak for hierarchical cache Hierarchy.
[2017.03.30-09.42.11:651][  0]LogDerivedDataCache:Display: Pak cache opened for reading ../../../Engine/DerivedDataCache/Compressed.ddp.
[2017.03.30-09.42.11:662][  0]LogDerivedDataCache: Using Local data cache path C:/Users/Xarana/AppData/Local/UnrealEngine/Common/DerivedDataCache: Writable
[2017.03.30-09.42.11:675][  0]LogSlate: Using Freetype 2.6.0
[2017.03.30-09.42.11:675][  0]LogSlate: SlateFontCache - WITH_FREETYPE: 1, WITH_HARFBUZZ: 1
[2017.03.30-09.42.11:675][  0]LogSlate: SlateFontCache - WITH_FREETYPE: 1, WITH_HARFBUZZ: 1
[2017.03.30-09.42.12:056][  0]LogInit: Selected Device Profile: [Windows]
[2017.03.30-09.42.12:059][  0]LogContentStreaming: Texture pool size is 0.00 MB
[2017.03.30-09.42.12:312][  0]LogMeshUtilities: Using QuadricMeshReduction for automatic static mesh reduction
[2017.03.30-09.42.12:358][  0]LogSimplygon: Simplygon DLL not present - disabling.
[2017.03.30-09.42.12:408][  0]LogMeshUtilities: Using SimplygonSwarm for distributed automatic mesh merging
[2017.03.30-09.42.12:408][  0]LogMeshUtilities: No automatic skeletal mesh reduction module available
[2017.03.30-09.42.12:408][  0]LogMeshUtilities: No automatic mesh merging module available
[2017.03.30-09.42.13:035][  0]LogNetVersion: GetLocalNetworkVersion: CL: 3299760, ProjectName: beauftragte, ProjectVersion: , EngineNetworkVersion: 2, GameNetworkVersion: 0, NetworkChecksum: 1917097569
[2017.03.30-09.42.13:082][  0]LogAssetRegistry: FAssetRegistry took 0.0201 seconds to start up
[2017.03.30-09.42.13:119][  0]LogPackageLocalizationCache: Processed 3 localized package path(s) for 1 prioritized culture(s) in 0.012941 seconds
[2017.03.30-09.42.13:126][  0]LogUObjectArray: 32493 objects as part of root set at end of initial load.
[2017.03.30-09.42.13:126][  0]LogUObjectAllocator: 7077024 out of 0 bytes used by permanent object pool.
[2017.03.30-09.42.13:126][  0]LogUObjectArray: CloseDisregardForGC: 0/0 objects in disregard for GC pool
[2017.03.30-09.42.13:195][  0]LogInit: WinSock: version 1.1 (2.2), MaxSocks=32767, MaxUdp=65467
[2017.03.30-09.42.14:601][  0]LogWmfMedia: Failed to load mf.dll
[2017.03.30-09.42.14:601][  0]LogWmfMedia: Failed to load required Windows Media Foundation libraries
[2017.03.30-09.42.14:651][  0]LogWindowsMoviePlayer: Could not load mf.dll. Library not found.
[2017.03.30-09.42.14:651][  0]LogWindowsMoviePlayer: Could not load mfplat.dll. Library not found.
[2017.03.30-09.42.14:651][  0]LogWindowsMoviePlayer: Could not load mfplay.dll. Library not found.
[2017.03.30-09.42.14:976][  0]LogTcpMessaging: Initializing TcpMessaging bridge
[2017.03.30-09.42.15:018][  0]LogUdpMessaging: Initializing bridge on interface 0.0.0.0:0 to multicast group 230.0.0.1:6666.
[2017.03.30-09.42.15:512][  0]LogMaterial: Uniform references updated for custom material expression Custom.
[2017.03.30-09.42.15:931][  0]SourceControl: Info Source control is disabled
[2017.03.30-09.42.15:932][  0]SourceControl: Info Source control is disabled
[2017.03.30-09.42.15:981][  0]SourceControl: Info Source control is disabled
[2017.03.30-09.42.16:034][  0]SourceControl: Info Source control is disabled
[2017.03.30-09.42.17:398][  0]LogEngine: Initializing Engine...
[2017.03.30-09.42.17:398][  0]LogHMD: Failed to initialize OpenVR with code 110
[2017.03.30-09.42.17:675][  0]LogAIModule: Creating AISystem for world Untitled
[2017.03.30-09.42.17:685][  0]LogInit: XAudio2 using 'Speakers (High Definition Audio Device)' : 2 channels at 44.1 kHz using 16 bits per sample (channel mask 0x3)
[2017.03.30-09.42.17:692][  0]LogInit: FAudioDevice initialized.
[2017.03.30-09.42.17:724][  0]LogDerivedDataCache: Saved boot cache 0.03s 50MB C:/Users/Xarana/AppData/Local/UnrealEngine/4.15/DerivedDataCache/Boot.ddc.
[2017.03.30-09.42.17:732][  0]LogInit: Texture streaming: Enabled
[2017.03.30-09.42.17:830][  0]LogEngineSessionManager: EngineSessionManager initialized
[2017.03.30-09.42.17:922][  0]LogInit: Transaction tracking system initialized
[2017.03.30-09.42.18:296][  0]BlueprintLog: New page: Editor Load
[2017.03.30-09.42.19:238][  0]LocalizationService: Info Localization service is disabled
[2017.03.30-09.42.19:947][  0]LogConsoleResponse:Display: 
[2017.03.30-09.42.20:103][  0]LogCook:Display: Max memory allowance for cook 16384mb min free memory 0mb
[2017.03.30-09.42.20:103][  0]LogCook:Display: Mobile HDR setting 1
[2017.03.30-09.42.20:502][  0]LogFileCache: Scanning file cache for directory 'C:/Users/Xarana/Desktop/Die Beauftragten_GITHUB/Beauftragte/Content/' took 0.01s
[2017.03.30-09.42.21:182][  0]SourceControl: Info Source control is disabled
[2017.03.30-09.42.21:182][  0]Cmd: MAP LOAD FILE="../../../../../../Users/Xarana/Desktop/Die Beauftragten_GITHUB/Beauftragte/Content/TileBased/Maps/TestMap.umap" TEMPLATE=0 SHOWPROGRESS=1 FEATURELEVEL=3
[2017.03.30-09.42.21:183][  0]LightingResults: New page: Lighting Build
[2017.03.30-09.42.21:226][  0]MapCheck: New page: Map Check
[2017.03.30-09.42.21:226][  0]LightingResults: New page: Lighting Build
[2017.03.30-09.42.22:216][  0]LogBlueprint:Warning: [TB_PlayerController] 'DisplayPathAsSpline' variable not found. Base class was probably changed.
[2017.03.30-09.42.22:217][  0]LogBlueprint:Warning: [TB_PlayerController] 'Square Visibility' variable not found. Base class was probably changed.
[2017.03.30-09.42.22:349][  0]LogBlueprint:Warning: [TB_AI_Controller] 'Square Visibility' variable not found. Base class was probably changed.
[2017.03.30-09.42.25:013][  0]LogBlueprint:Warning: [TB_AI_Controller] 'Square Visibility' variable not found. Base class was probably changed.
[2017.03.30-09.42.25:162][  0]LogBlueprint:Warning: [TB_PlayerController] 'DisplayPathAsSpline' variable not found. Base class was probably changed.
[2017.03.30-09.42.25:163][  0]LogBlueprint:Warning: [TB_PlayerController] 'Square Visibility' variable not found. Base class was probably changed.
[2017.03.30-09.42.29:319][  0]LogAIModule: Creating AISystem for world TestMap
[2017.03.30-09.42.29:467][  0]LogEditorServer: Finished looking for orphan Actors (0.000 secs)
[2017.03.30-09.42.29:467][  0]Cmd: MAP CHECKDEP NOCLEARLOG
[2017.03.30-09.42.29:530][  0]MapCheck: Info Map check complete: 0 Error(s), 0 Warning(s), took 62.221ms to complete.
[2017.03.30-09.42.29:530][  0]LogFileHelpers: Loading map 'TestMap' took 8.348
[2017.03.30-09.42.29:750][  0]LogCollectionManager: Loaded 0 collections in 0.001722 seconds
[2017.03.30-09.42.29:847][  0]LogFileCache: Scanning file cache for directory 'C:/Users/Xarana/Desktop/Die Beauftragten_GITHUB/Beauftragte/Saved/Collections/' took 0.01s
[2017.03.30-09.42.29:847][  0]LogFileCache: Scanning file cache for directory 'C:/Users/Xarana/Desktop/Die Beauftragten_GITHUB/Beauftragte/Content/Developers/Xarana/Collections/' took 0.01s
[2017.03.30-09.42.29:847][  0]LogFileCache: Scanning file cache for directory 'C:/Users/Xarana/Desktop/Die Beauftragten_GITHUB/Beauftragte/Content/Collections/' took 0.01s
[2017.03.30-09.42.29:848][  0]LogCollectionManager: Rebuilt the GUID cache for 0 collections in 0.000002 seconds
[2017.03.30-09.42.29:860][  0]LogContentBrowser: Native class hierarchy populated in 0.0123 seconds. Added 2245 classes and 453 folders.
[2017.03.30-09.42.29:865][  0]LogStats: UGameplayTagsManager::ConstructGameplayTagTree: Construct from data asset -  0.000 s
[2017.03.30-09.42.29:865][  0]LogStats: UGameplayTagsManager::ConstructGameplayTagTree: GameplayTagTreeChangedEvent.Broadcast -  0.000 s
[2017.03.30-09.42.29:931][  0]LogContentBrowser: Native class hierarchy updated for 'WidgetCarousel' in 0.0007 seconds. Added 0 classes and 0 folders.
[2017.03.30-09.42.29:974][  0]LogContentBrowser: Native class hierarchy updated for 'AddContentDialog' in 0.0006 seconds. Added 0 classes and 0 folders.
[2017.03.30-09.42.30:021][  0]LogContentBrowser: Native class hierarchy updated for 'SceneOutliner' in 0.0006 seconds. Added 1 classes and 2 folders.
[2017.03.30-09.42.30:079][  0]LogCrashTracker: Crashtracker disabled due to settings.
[2017.03.30-09.42.30:085][  0]LogUObjectGlobals:Warning: Failed to find object 'Class None.'
[2017.03.30-09.42.30:152][  0]LogContentBrowser: Native class hierarchy updated for 'HierarchicalLODOutliner' in 0.0006 seconds. Added 1 classes and 2 folders.
[2017.03.30-09.42.30:153][  0]LogLoad: (Engine Initialization) Total time: 25.24 seconds
[2017.03.30-09.42.30:153][  0]LogLoad: (Engine Initialization) Total Blueprint compile time: 3.55 seconds
[2017.03.30-09.42.30:153][  0]LogExternalProfiler: No external profilers were discovered.  External profiling features will not be available.
[2017.03.30-09.42.30:492][  0]LogOcInput: OculusInput pre-init called
[2017.03.30-09.42.30:518][  0]LogContentStreaming: Texture pool size now 800 MB
[2017.03.30-09.42.30:521][  0]LogSlate: Took 0.000322 seconds to synchronously load lazily loaded font '../../../Engine/Content/Slate/Fonts/Roboto-Regular.ttf' (155K)
[2017.03.30-09.42.30:531][  0]LogSlate: Took 0.000391 seconds to synchronously load lazily loaded font '../../../Engine/Content/Slate/Fonts/Roboto-Bold.ttf' (160K)
[2017.03.30-09.42.30:542][  0]LogSlate: Took 0.000220 seconds to synchronously load lazily loaded font '../../../Engine/Content/Editor/Slate/Fonts/FontAwesome.ttf' (139K)
[2017.03.30-09.42.30:737][  0]LogRenderer: Reallocating scene render targets to support 1084x480 NumSamples 1 (Frame:2).
[2017.03.30-09.42.31:547][  3]LogAssetRegistry: Asset discovery search completed in 18.4855 seconds
[2017.03.30-09.42.31:547][  3]LogCollectionManager: Rebuilt the object cache for 0 collections in 0.000008 seconds (found 0 objects)
[2017.03.30-09.42.31:547][  3]LogCollectionManager: Fixed up redirectors for 0 collections in 0.000051 seconds (updated 0 objects)
[2017.03.30-09.42.34:885][ 13]LogSlate: Took 0.000292 seconds to synchronously load lazily loaded font '../../../Engine/Content/Slate/Fonts/Roboto-Light.ttf' (159K)
[2017.03.30-09.42.57:438][537]LogSlate: Took 0.000209 seconds to synchronously load lazily loaded font '../../../Engine/Content/Slate/Fonts/Roboto-Light.ttf' (159K)
[2017.03.30-09.42.58:471][537]LogSlate: Took 0.000189 seconds to synchronously load lazily loaded font '../../../Engine/Content/Slate/Fonts/Roboto-Regular.ttf' (155K)
[2017.03.30-09.42.58:832][537]LogAIModule: Creating AISystem for world Base
[2017.03.30-09.42.58:975][537]Cmd: MAP LOAD FILE="../../../../../../Users/Xarana/Desktop/Die Beauftragten_GITHUB/Beauftragte/Content/Base/Base.umap" TEMPLATE=0 SHOWPROGRESS=1 FEATURELEVEL=3
[2017.03.30-09.42.58:975][537]LightingResults: New page: Lighting Build
[2017.03.30-09.42.58:977][537]LoadErrors: New page: Loading map: Base.umap
[2017.03.30-09.42.58:979][537]MapCheck: New page: Map Check
[2017.03.30-09.42.58:979][537]LightingResults: New page: Lighting Build
[2017.03.30-09.42.59:007][537]LogEditorServer: Finished looking for orphan Actors (0.000 secs)
[2017.03.30-09.42.59:043][537]Cmd: MAP CHECKDEP NOCLEARLOG
[2017.03.30-09.42.59:112][537]MapCheck: Info Map check complete: 0 Error(s), 0 Warning(s), took 68.92ms to complete.
[2017.03.30-09.42.59:112][537]LogFileHelpers: Loading map 'Base' took 0.138
[2017.03.30-09.43.00:262][642]LogTemp: Repeting last play command: Selected Viewport
[2017.03.30-09.43.00:283][642]LogBlueprintUserMessages: Early PlayInEditor Detection: Level '/Game/Base/Base.Base:PersistentLevel' has LevelScriptBlueprint '/Game/Base/Base.Base:PersistentLevel.Base' with GeneratedClass '/Game/Base/Base.Base_C' with ClassGeneratedBy '/Game/Base/Base.Base:PersistentLevel.Base'
[2017.03.30-09.43.00:283][642]LogPlayLevel: PlayLevel: No blueprints needed recompiling
[2017.03.30-09.43.00:284][642]PIE: New page: PIE session: Base (Mar 30, 2017, 1:43:00 PM)
[2017.03.30-09.43.00:284][642]LogPlayLevel: Creating play world package: /Game/Base/UEDPIE_0_Base
[2017.03.30-09.43.00:286][642]LogPlayLevel: PIE: StaticDuplicateObject took: (0.001609s)
[2017.03.30-09.43.00:286][642]LogAIModule: Creating AISystem for world Base
[2017.03.30-09.43.00:286][642]LogPlayLevel: PIE: World Init took: (0.000792s)
[2017.03.30-09.43.00:287][642]LogPlayLevel: PIE: Created PIE world by copying editor world from /Game/Base/Base.Base to /Game/Base/UEDPIE_0_Base.Base (0.002818s)
[2017.03.30-09.43.00:309][642]LogInit: XAudio2 using 'Speakers (High Definition Audio Device)' : 2 channels at 44.1 kHz using 16 bits per sample (channel mask 0x3)
[2017.03.30-09.43.00:315][642]LogInit: FAudioDevice initialized.
[2017.03.30-09.43.00:359][642]LogLoad: Game class is 'Base_GameMode_C'
[2017.03.30-09.43.00:361][642]LogWorld: Bringing World /Game/Base/UEDPIE_0_Base.Base up for play (max tick rate 0) at 2017.03.30-11.43.00
[2017.03.30-09.43.00:362][642]LogWorld: Bringing up level for play took: 0.000958
[2017.03.30-09.43.00:409][642]LogContentBrowser: Native class hierarchy updated for 'MovieSceneCapture' in 0.0007 seconds. Added 11 classes and 0 folders.
[2017.03.30-09.43.00:409][642]LogGameMode:Display: Match State Changed from EnteringMap to WaitingToStart
[2017.03.30-09.43.00:409][642]LogGameState: Match State Changed from EnteringMap to WaitingToStart
[2017.03.30-09.43.00:409][642]LogGameMode:Display: Match State Changed from WaitingToStart to InProgress
[2017.03.30-09.43.00:414][642]LogGameState: Match State Changed from WaitingToStart to InProgress
[2017.03.30-09.43.00:414][642]PIE: Info Play in editor start time for /Game/Base/UEDPIE_0_Base 0.319
[2017.03.30-09.43.00:414][642]LogBlueprintUserMessages: Late PlayInEditor Detection: Level '/Game/Base/Base.Base:PersistentLevel' has LevelScriptBlueprint '/Game/Base/Base.Base:PersistentLevel.Base' with GeneratedClass '/Game/Base/Base.Base_C' with ClassGeneratedBy '/Game/Base/Base.Base:PersistentLevel.Base'
[2017.03.30-09.43.04:300][982]LogBlueprintUserMessages: Early EndPlayMap Detection: Level '/Game/Base/Base.Base:PersistentLevel' has LevelScriptBlueprint '/Game/Base/Base.Base:PersistentLevel.Base' with GeneratedClass '/Game/Base/Base.Base_C' with ClassGeneratedBy '/Game/Base/Base.Base:PersistentLevel.Base'
[2017.03.30-09.43.04:341][982]LogBlueprintUserMessages: Late EndPlayMap Detection: Level '/Game/Base/Base.Base:PersistentLevel' has LevelScriptBlueprint '/Game/Base/Base.Base:PersistentLevel.Base' with GeneratedClass '/Game/Base/Base.Base_C' with ClassGeneratedBy '/Game/Base/Base.Base:PersistentLevel.Base'
[2017.03.30-09.43.22:586][610]LogContentBrowser: Native class hierarchy updated for 'BlueprintGraph' in 0.0013 seconds. Added 112 classes and 0 folders.
[2017.03.30-09.43.23:825][610]LogSlate: Took 0.000191 seconds to synchronously load lazily loaded font '../../../Engine/Content/Slate/Fonts/Roboto-Light.ttf' (159K)
[2017.03.30-09.43.23:826][610]LogSlate: Took 0.000169 seconds to synchronously load lazily loaded font '../../../Engine/Content/Editor/Slate/Fonts/Roboto-BoldCondensed.ttf' (158K)
[2017.03.30-10.30.54:887][272]LogTemp: Repeting last play command: Selected Viewport
[2017.03.30-10.30.54:914][272]LogBlueprintUserMessages: Early PlayInEditor Detection: Level '/Game/Base/Base.Base:PersistentLevel' has LevelScriptBlueprint '/Game/Base/Base.Base:PersistentLevel.Base' with GeneratedClass '/Game/Base/Base.Base_C' with ClassGeneratedBy '/Game/Base/Base.Base:PersistentLevel.Base'
[2017.03.30-10.30.54:914][272]LogPlayLevel: PlayLevel: No blueprints needed recompiling
[2017.03.30-10.30.54:914][272]PIE: New page: PIE session: Base (Mar 30, 2017, 2:30:54 PM)
[2017.03.30-10.30.54:914][272]LogPlayLevel: Creating play world package: /Game/Base/UEDPIE_0_Base
[2017.03.30-10.30.54:915][272]LogPlayLevel: PIE: StaticDuplicateObject took: (0.001487s)
[2017.03.30-10.30.54:916][272]LogAIModule: Creating AISystem for world Base
[2017.03.30-10.30.54:917][272]LogPlayLevel: PIE: World Init took: (0.001122s)
[2017.03.30-10.30.54:917][272]LogPlayLevel: PIE: Created PIE world by copying editor world from /Game/Base/Base.Base to /Game/Base/UEDPIE_0_Base.Base (0.002944s)
[2017.03.30-10.30.54:962][272]LogInit: XAudio2 using 'Speakers (High Definition Audio Device)' : 2 channels at 44.1 kHz using 16 bits per sample (channel mask 0x3)
[2017.03.30-10.30.54:968][272]LogInit: FAudioDevice initialized.
[2017.03.30-10.30.54:999][272]LogLoad: Game class is 'Base_GameMode_C'
[2017.03.30-10.30.55:001][272]LogWorld: Bringing World /Game/Base/UEDPIE_0_Base.Base up for play (max tick rate 0) at 2017.03.30-12.30.55
[2017.03.30-10.30.55:001][272]LogWorld: Bringing up level for play took: 0.001191
[2017.03.30-10.30.55:002][272]LogGameMode:Display: Match State Changed from EnteringMap to WaitingToStart
[2017.03.30-10.30.55:002][272]LogGameState: Match State Changed from EnteringMap to WaitingToStart
[2017.03.30-10.30.55:002][272]LogGameMode:Display: Match State Changed from WaitingToStart to InProgress
[2017.03.30-10.30.55:007][272]LogGameState: Match State Changed from WaitingToStart to InProgress
[2017.03.30-10.30.55:007][272]PIE: Info Play in editor start time for /Game/Base/UEDPIE_0_Base 0.878
[2017.03.30-10.30.55:007][272]LogBlueprintUserMessages: Late PlayInEditor Detection: Level '/Game/Base/Base.Base:PersistentLevel' has LevelScriptBlueprint '/Game/Base/Base.Base:PersistentLevel.Base' with GeneratedClass '/Game/Base/Base.Base_C' with ClassGeneratedBy '/Game/Base/Base.Base:PersistentLevel.Base'
[2017.03.30-10.30.57:851][536]LogBlueprintUserMessages: Early EndPlayMap Detection: Level '/Game/Base/Base.Base:PersistentLevel' has LevelScriptBlueprint '/Game/Base/Base.Base:PersistentLevel.Base' with GeneratedClass '/Game/Base/Base.Base_C' with ClassGeneratedBy '/Game/Base/Base.Base:PersistentLevel.Base'
[2017.03.30-10.30.57:890][536]LogBlueprintUserMessages: Late EndPlayMap Detection: Level '/Game/Base/Base.Base:PersistentLevel' has LevelScriptBlueprint '/Game/Base/Base.Base:PersistentLevel.Base' with GeneratedClass '/Game/Base/Base.Base_C' with ClassGeneratedBy '/Game/Base/Base.Base:PersistentLevel.Base'
[2017.03.30-10.30.59:776][618]LogSlate: Took 0.000226 seconds to synchronously load lazily loaded font '../../../Engine/Content/Editor/Slate/Fonts/Roboto-Italic.ttf' (157K)
[2017.03.30-10.33.21:631][724]BlueprintLog: New page: Compile Base_Interface
[2017.03.30-10.33.22:963][814]LogTemp: Repeting last play command: Selected Viewport
[2017.03.30-10.33.22:989][814]LogBlueprintUserMessages: Early PlayInEditor Detection: Level '/Game/Base/Base.Base:PersistentLevel' has LevelScriptBlueprint '/Game/Base/Base.Base:PersistentLevel.Base' with GeneratedClass '/Game/Base/Base.Base_C' with ClassGeneratedBy '/Game/Base/Base.Base:PersistentLevel.Base'
[2017.03.30-10.33.22:989][814]LogPlayLevel: PlayLevel: No blueprints needed recompiling
[2017.03.30-10.33.22:989][814]PIE: New page: PIE session: Base (Mar 30, 2017, 2:33:22 PM)
[2017.03.30-10.33.22:989][814]LogPlayLevel: Creating play world package: /Game/Base/UEDPIE_0_Base
[2017.03.30-10.33.22:990][814]LogPlayLevel: PIE: StaticDuplicateObject took: (0.001342s)
[2017.03.30-10.33.22:991][814]LogAIModule: Creating AISystem for world Base
[2017.03.30-10.33.22:991][814]LogPlayLevel: PIE: World Init took: (0.000870s)
[2017.03.30-10.33.22:992][814]LogPlayLevel: PIE: Created PIE world by copying editor world from /Game/Base/Base.Base to /Game/Base/UEDPIE_0_Base.Base (0.002477s)
[2017.03.30-10.33.23:021][814]LogInit: XAudio2 using 'Speakers (High Definition Audio Device)' : 2 channels at 44.1 kHz using 16 bits per sample (channel mask 0x3)
[2017.03.30-10.33.23:026][814]LogInit: FAudioDevice initialized.
[2017.03.30-10.33.23:055][814]LogLoad: Game class is 'Base_GameMode_C'
[2017.03.30-10.33.23:057][814]LogWorld: Bringing World /Game/Base/UEDPIE_0_Base.Base up for play (max tick rate 0) at 2017.03.30-12.33.23
[2017.03.30-10.33.23:057][814]LogWorld: Bringing up level for play took: 0.001036
[2017.03.30-10.33.23:058][814]LogGameMode:Display: Match State Changed from EnteringMap to WaitingToStart
[2017.03.30-10.33.23:058][814]LogGameState: Match State Changed from EnteringMap to WaitingToStart
[2017.03.30-10.33.23:058][814]LogGameMode:Display: Match State Changed from WaitingToStart to InProgress
[2017.03.30-10.33.23:062][814]LogGameState: Match State Changed from WaitingToStart to InProgress
[2017.03.30-10.33.23:062][814]PIE: Info Play in editor start time for /Game/Base/UEDPIE_0_Base 0.931
[2017.03.30-10.33.23:063][814]LogBlueprintUserMessages: Late PlayInEditor Detection: Level '/Game/Base/Base.Base:PersistentLevel' has LevelScriptBlueprint '/Game/Base/Base.Base:PersistentLevel.Base' with GeneratedClass '/Game/Base/Base.Base_C' with ClassGeneratedBy '/Game/Base/Base.Base:PersistentLevel.Base'
[2017.03.30-10.33.23:679][870]LogScript:Warning: Accessed None trying to read property CurrentWidget
	Base_Interface_C /Engine/Transient.UnrealEdEngine_0:GameInstance_2.Base_Interface_C_1
	Function /Game/Base/Interfaces/Base_Interface.Base_Interface_C:ExecuteUbergraph_Base_Interface:00A6
[2017.03.30-10.33.33:495][862]LogBlueprintUserMessages: Early EndPlayMap Detection: Level '/Game/Base/Base.Base:PersistentLevel' has LevelScriptBlueprint '/Game/Base/Base.Base:PersistentLevel.Base' with GeneratedClass '/Game/Base/Base.Base_C' with ClassGeneratedBy '/Game/Base/Base.Base:PersistentLevel.Base'
[2017.03.30-10.33.33:527][862]LogBlueprintUserMessages: Late EndPlayMap Detection: Level '/Game/Base/Base.Base:PersistentLevel' has LevelScriptBlueprint '/Game/Base/Base.Base:PersistentLevel.Base' with GeneratedClass '/Game/Base/Base.Base_C' with ClassGeneratedBy '/Game/Base/Base.Base:PersistentLevel.Base'
[2017.03.30-10.34.18:352][196]LogTemp: Repeting last play command: Selected Viewport
[2017.03.30-10.34.18:373][196]LogBlueprintUserMessages: Early PlayInEditor Detection: Level '/Game/Base/Base.Base:PersistentLevel' has LevelScriptBlueprint '/Game/Base/Base.Base:PersistentLevel.Base' with GeneratedClass '/Game/Base/Base.Base_C' with ClassGeneratedBy '/Game/Base/Base.Base:PersistentLevel.Base'
[2017.03.30-10.34.18:373][196]LogPlayLevel: PlayLevel: No blueprints needed recompiling
[2017.03.30-10.34.18:373][196]PIE: New page: PIE session: Base (Mar 30, 2017, 2:34:18 PM)
[2017.03.30-10.34.18:373][196]LogPlayLevel: Creating play world package: /Game/Base/UEDPIE_0_Base
[2017.03.30-10.34.18:375][196]LogPlayLevel: PIE: StaticDuplicateObject took: (0.001528s)
[2017.03.30-10.34.18:376][196]LogAIModule: Creating AISystem for world Base
[2017.03.30-10.34.18:376][196]LogPlayLevel: PIE: World Init took: (0.001212s)
[2017.03.30-10.34.18:376][196]LogPlayLevel: PIE: Created PIE world by copying editor world from /Game/Base/Base.Base to /Game/Base/UEDPIE_0_Base.Base (0.003071s)
[2017.03.30-10.34.18:406][196]LogInit: XAudio2 using 'Speakers (High Definition Audio Device)' : 2 channels at 44.1 kHz using 16 bits per sample (channel mask 0x3)
[2017.03.30-10.34.18:411][196]LogInit: FAudioDevice initialized.
[2017.03.30-10.34.18:438][196]LogLoad: Game class is 'Base_GameMode_C'
[2017.03.30-10.34.18:440][196]LogWorld: Bringing World /Game/Base/UEDPIE_0_Base.Base up for play (max tick rate 0) at 2017.03.30-12.34.18
[2017.03.30-10.34.18:440][196]LogWorld: Bringing up level for play took: 0.000957
[2017.03.30-10.34.18:441][196]LogGameMode:Display: Match State Changed from EnteringMap to WaitingToStart
[2017.03.30-10.34.18:441][196]LogGameState: Match State Changed from EnteringMap to WaitingToStart
[2017.03.30-10.34.18:441][196]LogGameMode:Display: Match State Changed from WaitingToStart to InProgress
[2017.03.30-10.34.18:445][196]LogGameState: Match State Changed from WaitingToStart to InProgress
[2017.03.30-10.34.18:445][196]PIE: Info Play in editor start time for /Game/Base/UEDPIE_0_Base 0.313
[2017.03.30-10.34.18:445][196]LogBlueprintUserMessages: Late PlayInEditor Detection: Level '/Game/Base/Base.Base:PersistentLevel' has LevelScriptBlueprint '/Game/Base/Base.Base:PersistentLevel.Base' with GeneratedClass '/Game/Base/Base.Base_C' with ClassGeneratedBy '/Game/Base/Base.Base:PersistentLevel.Base'
[2017.03.30-10.34.19:082][254]LogScript:Warning: Accessed None trying to read property CurrentWidget
	Base_Interface_C /Engine/Transient.UnrealEdEngine_0:GameInstance_3.Base_Interface_C_4
	Function /Game/Base/Interfaces/Base_Interface.Base_Interface_C:ExecuteUbergraph_Base_Interface:01E5
[2017.03.30-10.34.20:567][375]LogBlueprintUserMessages: Early EndPlayMap Detection: Level '/Game/Base/Base.Base:PersistentLevel' has LevelScriptBlueprint '/Game/Base/Base.Base:PersistentLevel.Base' with GeneratedClass '/Game/Base/Base.Base_C' with ClassGeneratedBy '/Game/Base/Base.Base:PersistentLevel.Base'
[2017.03.30-10.34.20:600][375]LogBlueprintUserMessages: Late EndPlayMap Detection: Level '/Game/Base/Base.Base:PersistentLevel' has LevelScriptBlueprint '/Game/Base/Base.Base:PersistentLevel.Base' with GeneratedClass '/Game/Base/Base.Base_C' with ClassGeneratedBy '/Game/Base/Base.Base:PersistentLevel.Base'
[2017.03.30-10.34.22:041][488]LogTemp: Repeting last play command: Selected Viewport
[2017.03.30-10.34.22:062][488]LogBlueprintUserMessages: Early PlayInEditor Detection: Level '/Game/Base/Base.Base:PersistentLevel' has LevelScriptBlueprint '/Game/Base/Base.Base:PersistentLevel.Base' with GeneratedClass '/Game/Base/Base.Base_C' with ClassGeneratedBy '/Game/Base/Base.Base:PersistentLevel.Base'
[2017.03.30-10.34.22:062][488]LogPlayLevel: PlayLevel: No blueprints needed recompiling
[2017.03.30-10.34.22:062][488]PIE: New page: PIE session: Base (Mar 30, 2017, 2:34:22 PM)
[2017.03.30-10.34.22:062][488]LogPlayLevel: Creating play world package: /Game/Base/UEDPIE_0_Base
[2017.03.30-10.34.22:064][488]LogPlayLevel: PIE: StaticDuplicateObject took: (0.001949s)
[2017.03.30-10.34.22:067][488]LogAIModule: Creating AISystem for world Base
[2017.03.30-10.34.22:068][488]LogPlayLevel: PIE: World Init took: (0.003140s)
[2017.03.30-10.34.22:068][488]LogPlayLevel: PIE: Created PIE world by copying editor world from /Game/Base/Base.Base to /Game/Base/UEDPIE_0_Base.Base (0.005356s)
[2017.03.30-10.34.22:095][488]LogInit: XAudio2 using 'Speakers (High Definition Audio Device)' : 2 channels at 44.1 kHz using 16 bits per sample (channel mask 0x3)
[2017.03.30-10.34.22:099][488]LogInit: FAudioDevice initialized.
[2017.03.30-10.34.22:128][488]LogLoad: Game class is 'Base_GameMode_C'
[2017.03.30-10.34.22:130][488]LogWorld: Bringing World /Game/Base/UEDPIE_0_Base.Base up for play (max tick rate 0) at 2017.03.30-12.34.22
[2017.03.30-10.34.22:130][488]LogWorld: Bringing up level for play took: 0.000918
[2017.03.30-10.34.22:131][488]LogGameMode:Display: Match State Changed from EnteringMap to WaitingToStart
[2017.03.30-10.34.22:131][488]LogGameState: Match State Changed from EnteringMap to WaitingToStart
[2017.03.30-10.34.22:131][488]LogGameMode:Display: Match State Changed from WaitingToStart to InProgress
[2017.03.30-10.34.22:135][488]LogGameState: Match State Changed from WaitingToStart to InProgress
[2017.03.30-10.34.22:135][488]PIE: Info Play in editor start time for /Game/Base/UEDPIE_0_Base 0.003
[2017.03.30-10.34.22:135][488]LogBlueprintUserMessages: Late PlayInEditor Detection: Level '/Game/Base/Base.Base:PersistentLevel' has LevelScriptBlueprint '/Game/Base/Base.Base:PersistentLevel.Base' with GeneratedClass '/Game/Base/Base.Base_C' with ClassGeneratedBy '/Game/Base/Base.Base:PersistentLevel.Base'
[2017.03.30-10.34.22:537][526]LogScript:Warning: Accessed None trying to read property CurrentWidget
	Base_Interface_C /Engine/Transient.UnrealEdEngine_0:GameInstance_4.Base_Interface_C_5
	Function /Game/Base/Interfaces/Base_Interface.Base_Interface_C:ExecuteUbergraph_Base_Interface:01E5
[2017.03.30-10.34.27:981][ 61]LogBlueprintUserMessages: Early EndPlayMap Detection: Level '/Game/Base/Base.Base:PersistentLevel' has LevelScriptBlueprint '/Game/Base/Base.Base:PersistentLevel.Base' with GeneratedClass '/Game/Base/Base.Base_C' with ClassGeneratedBy '/Game/Base/Base.Base:PersistentLevel.Base'
[2017.03.30-10.34.28:015][ 61]LogBlueprintUserMessages: Late EndPlayMap Detection: Level '/Game/Base/Base.Base:PersistentLevel' has LevelScriptBlueprint '/Game/Base/Base.Base:PersistentLevel.Base' with GeneratedClass '/Game/Base/Base.Base_C' with ClassGeneratedBy '/Game/Base/Base.Base:PersistentLevel.Base'
[2017.03.30-10.34.38:067][605]BlueprintLog: New page: Compile Base_Interface
[2017.03.30-10.34.42:038][861]LogTemp: Repeting last play command: Selected Viewport
[2017.03.30-10.34.42:059][861]LogBlueprintUserMessages: Early PlayInEditor Detection: Level '/Game/Base/Base.Base:PersistentLevel' has LevelScriptBlueprint '/Game/Base/Base.Base:PersistentLevel.Base' with GeneratedClass '/Game/Base/Base.Base_C' with ClassGeneratedBy '/Game/Base/Base.Base:PersistentLevel.Base'
[2017.03.30-10.34.42:059][861]LogPlayLevel: PlayLevel: No blueprints needed recompiling
[2017.03.30-10.34.42:059][861]PIE: New page: PIE session: Base (Mar 30, 2017, 2:34:42 PM)
[2017.03.30-10.34.42:059][861]LogPlayLevel: Creating play world package: /Game/Base/UEDPIE_0_Base
[2017.03.30-10.34.42:061][861]LogPlayLevel: PIE: StaticDuplicateObject took: (0.001322s)
[2017.03.30-10.34.42:061][861]LogAIModule: Creating AISystem for world Base
[2017.03.30-10.34.42:061][861]LogPlayLevel: PIE: World Init took: (0.000762s)
[2017.03.30-10.34.42:062][861]LogPlayLevel: PIE: Created PIE world by copying editor world from /Game/Base/Base.Base to /Game/Base/UEDPIE_0_Base.Base (0.002799s)
[2017.03.30-10.34.42:093][861]LogInit: XAudio2 using 'Speakers (High Definition Audio Device)' : 2 channels at 44.1 kHz using 16 bits per sample (channel mask 0x3)
[2017.03.30-10.34.42:098][861]LogInit: FAudioDevice initialized.
[2017.03.30-10.34.42:126][861]LogLoad: Game class is 'Base_GameMode_C'
[2017.03.30-10.34.42:128][861]LogWorld: Bringing World /Game/Base/UEDPIE_0_Base.Base up for play (max tick rate 0) at 2017.03.30-12.34.42
[2017.03.30-10.34.42:128][861]LogWorld: Bringing up level for play took: 0.000917
[2017.03.30-10.34.42:129][861]LogGameMode:Display: Match State Changed from EnteringMap to WaitingToStart
[2017.03.30-10.34.42:129][861]LogGameState: Match State Changed from EnteringMap to WaitingToStart
[2017.03.30-10.34.42:129][861]LogGameMode:Display: Match State Changed from WaitingToStart to InProgress
[2017.03.30-10.34.42:133][861]LogGameState: Match State Changed from WaitingToStart to InProgress
[2017.03.30-10.34.42:133][861]PIE: Info Play in editor start time for /Game/Base/UEDPIE_0_Base 0.001
[2017.03.30-10.34.42:134][861]LogBlueprintUserMessages: Late PlayInEditor Detection: Level '/Game/Base/Base.Base:PersistentLevel' has LevelScriptBlueprint '/Game/Base/Base.Base:PersistentLevel.Base' with GeneratedClass '/Game/Base/Base.Base_C' with ClassGeneratedBy '/Game/Base/Base.Base:PersistentLevel.Base'
[2017.03.30-10.34.42:720][917]LogScript:Warning: Accessed None trying to read property CurrentWidget
	Base_Interface_C /Engine/Transient.UnrealEdEngine_0:GameInstance_5.Base_Interface_C_1
	Function /Game/Base/Interfaces/Base_Interface.Base_Interface_C:ExecuteUbergraph_Base_Interface:0015
[2017.03.30-10.34.43:788][ 15]LogBlueprintUserMessages: Early EndPlayMap Detection: Level '/Game/Base/Base.Base:PersistentLevel' has LevelScriptBlueprint '/Game/Base/Base.Base:PersistentLevel.Base' with GeneratedClass '/Game/Base/Base.Base_C' with ClassGeneratedBy '/Game/Base/Base.Base:PersistentLevel.Base'
[2017.03.30-10.34.43:823][ 15]LogBlueprintUserMessages: Late EndPlayMap Detection: Level '/Game/Base/Base.Base:PersistentLevel' has LevelScriptBlueprint '/Game/Base/Base.Base:PersistentLevel.Base' with GeneratedClass '/Game/Base/Base.Base_C' with ClassGeneratedBy '/Game/Base/Base.Base:PersistentLevel.Base'
[2017.03.30-10.34.53:867][656]LogEditorTransaction: Undo Delete current selection
[2017.03.30-10.34.54:201][667]LogEditorTransaction: Undo Delete current selection
[2017.03.30-10.35.14:424][967]BlueprintLog: New page: Compile Base_Interface
[2017.03.30-10.35.15:695][ 50]LogTemp: Repeting last play command: Selected Viewport
[2017.03.30-10.35.15:716][ 50]LogBlueprintUserMessages: Early PlayInEditor Detection: Level '/Game/Base/Base.Base:PersistentLevel' has LevelScriptBlueprint '/Game/Base/Base.Base:PersistentLevel.Base' with GeneratedClass '/Game/Base/Base.Base_C' with ClassGeneratedBy '/Game/Base/Base.Base:PersistentLevel.Base'
[2017.03.30-10.35.15:716][ 50]LogPlayLevel: PlayLevel: No blueprints needed recompiling
[2017.03.30-10.35.15:716][ 50]PIE: New page: PIE session: Base (Mar 30, 2017, 2:35:15 PM)
[2017.03.30-10.35.15:716][ 50]LogPlayLevel: Creating play world package: /Game/Base/UEDPIE_0_Base
[2017.03.30-10.35.15:717][ 50]LogPlayLevel: PIE: StaticDuplicateObject took: (0.001213s)
[2017.03.30-10.35.15:718][ 50]LogAIModule: Creating AISystem for world Base
[2017.03.30-10.35.15:718][ 50]LogPlayLevel: PIE: World Init took: (0.000779s)
[2017.03.30-10.35.15:718][ 50]LogPlayLevel: PIE: Created PIE world by copying editor world from /Game/Base/Base.Base to /Game/Base/UEDPIE_0_Base.Base (0.002238s)
[2017.03.30-10.35.15:751][ 50]LogInit: XAudio2 using 'Speakers (High Definition Audio Device)' : 2 channels at 44.1 kHz using 16 bits per sample (channel mask 0x3)
[2017.03.30-10.35.15:757][ 50]LogInit: FAudioDevice initialized.
[2017.03.30-10.35.15:789][ 50]LogLoad: Game class is 'Base_GameMode_C'
[2017.03.30-10.35.15:792][ 50]LogWorld: Bringing World /Game/Base/UEDPIE_0_Base.Base up for play (max tick rate 0) at 2017.03.30-12.35.15
[2017.03.30-10.35.15:792][ 50]LogWorld: Bringing up level for play took: 0.001025
[2017.03.30-10.35.15:793][ 50]LogGameMode:Display: Match State Changed from EnteringMap to WaitingToStart
[2017.03.30-10.35.15:793][ 50]LogGameState: Match State Changed from EnteringMap to WaitingToStart
[2017.03.30-10.35.15:793][ 50]LogGameMode:Display: Match State Changed from WaitingToStart to InProgress
[2017.03.30-10.35.15:797][ 50]LogGameState: Match State Changed from WaitingToStart to InProgress
[2017.03.30-10.35.15:797][ 50]PIE: Info Play in editor start time for /Game/Base/UEDPIE_0_Base -0.335
[2017.03.30-10.35.15:798][ 50]LogBlueprintUserMessages: Late PlayInEditor Detection: Level '/Game/Base/Base.Base:PersistentLevel' has LevelScriptBlueprint '/Game/Base/Base.Base:PersistentLevel.Base' with GeneratedClass '/Game/Base/Base.Base_C' with ClassGeneratedBy '/Game/Base/Base.Base:PersistentLevel.Base'
[2017.03.30-10.35.16:422][107]LogScript:Warning: Accessed None trying to read property CurrentWidget
	Base_Interface_C /Engine/Transient.UnrealEdEngine_0:GameInstance_6.Base_Interface_C_1
	Function /Game/Base/Interfaces/Base_Interface.Base_Interface_C:ExecuteUbergraph_Base_Interface:0015
[2017.03.30-10.35.41:941][687]LogBlueprintUserMessages: Early EndPlayMap Detection: Level '/Game/Base/Base.Base:PersistentLevel' has LevelScriptBlueprint '/Game/Base/Base.Base:PersistentLevel.Base' with GeneratedClass '/Game/Base/Base.Base_C' with ClassGeneratedBy '/Game/Base/Base.Base:PersistentLevel.Base'
[2017.03.30-10.35.41:978][687]LogBlueprintUserMessages: Late EndPlayMap Detection: Level '/Game/Base/Base.Base:PersistentLevel' has LevelScriptBlueprint '/Game/Base/Base.Base:PersistentLevel.Base' with GeneratedClass '/Game/Base/Base.Base_C' with ClassGeneratedBy '/Game/Base/Base.Base:PersistentLevel.Base'
[2017.03.30-10.35.44:760][989]LogTemp: Repeting last play command: Selected Viewport
[2017.03.30-10.35.44:781][989]LogBlueprintUserMessages: Early PlayInEditor Detection: Level '/Game/Base/Base.Base:PersistentLevel' has LevelScriptBlueprint '/Game/Base/Base.Base:PersistentLevel.Base' with GeneratedClass '/Game/Base/Base.Base_C' with ClassGeneratedBy '/Game/Base/Base.Base:PersistentLevel.Base'
[2017.03.30-10.35.44:781][989]LogPlayLevel: PlayLevel: No blueprints needed recompiling
[2017.03.30-10.35.44:781][989]PIE: New page: PIE session: Base (Mar 30, 2017, 2:35:44 PM)
[2017.03.30-10.35.44:781][989]LogPlayLevel: Creating play world package: /Game/Base/UEDPIE_0_Base
[2017.03.30-10.35.44:783][989]LogPlayLevel: PIE: StaticDuplicateObject took: (0.001679s)
[2017.03.30-10.35.44:784][989]LogAIModule: Creating AISystem for world Base
[2017.03.30-10.35.44:784][989]LogPlayLevel: PIE: World Init took: (0.000983s)
[2017.03.30-10.35.44:784][989]LogPlayLevel: PIE: Created PIE world by copying editor world from /Game/Base/Base.Base to /Game/Base/UEDPIE_0_Base.Base (0.002960s)
[2017.03.30-10.35.44:814][989]LogInit: XAudio2 using 'Speakers (High Definition Audio Device)' : 2 channels at 44.1 kHz using 16 bits per sample (channel mask 0x3)
[2017.03.30-10.35.44:819][989]LogInit: FAudioDevice initialized.
[2017.03.30-10.35.44:850][989]LogLoad: Game class is 'Base_GameMode_C'
[2017.03.30-10.35.44:852][989]LogWorld: Bringing World /Game/Base/UEDPIE_0_Base.Base up for play (max tick rate 0) at 2017.03.30-12.35.44
[2017.03.30-10.35.44:852][989]LogWorld: Bringing up level for play took: 0.000914
[2017.03.30-10.35.44:853][989]LogGameMode:Display: Match State Changed from EnteringMap to WaitingToStart
[2017.03.30-10.35.44:853][989]LogGameState: Match State Changed from EnteringMap to WaitingToStart
[2017.03.30-10.35.44:853][989]LogGameMode:Display: Match State Changed from WaitingToStart to InProgress
[2017.03.30-10.35.44:857][989]LogGameState: Match State Changed from WaitingToStart to InProgress
[2017.03.30-10.35.44:857][989]PIE: Info Play in editor start time for /Game/Base/UEDPIE_0_Base 0.724
[2017.03.30-10.35.44:857][989]LogBlueprintUserMessages: Late PlayInEditor Detection: Level '/Game/Base/Base.Base:PersistentLevel' has LevelScriptBlueprint '/Game/Base/Base.Base:PersistentLevel.Base' with GeneratedClass '/Game/Base/Base.Base_C' with ClassGeneratedBy '/Game/Base/Base.Base:PersistentLevel.Base'
[2017.03.30-10.35.45:689][ 71]LogScript:Warning: Accessed None trying to read property CurrentWidget
	Base_Interface_C /Engine/Transient.UnrealEdEngine_0:GameInstance_7.Base_Interface_C_2
	Function /Game/Base/Interfaces/Base_Interface.Base_Interface_C:ExecuteUbergraph_Base_Interface:018F
[2017.03.30-10.36.11:718][648]LogBlueprintUserMessages: Early EndPlayMap Detection: Level '/Game/Base/Base.Base:PersistentLevel' has LevelScriptBlueprint '/Game/Base/Base.Base:PersistentLevel.Base' with GeneratedClass '/Game/Base/Base.Base_C' with ClassGeneratedBy '/Game/Base/Base.Base:PersistentLevel.Base'
[2017.03.30-10.36.11:751][648]LogBlueprintUserMessages: Late EndPlayMap Detection: Level '/Game/Base/Base.Base:PersistentLevel' has LevelScriptBlueprint '/Game/Base/Base.Base:PersistentLevel.Base' with GeneratedClass '/Game/Base/Base.Base_C' with ClassGeneratedBy '/Game/Base/Base.Base:PersistentLevel.Base'
[2017.03.30-10.36.40:350][855]LogFileHelpers: Editor autosave (incl. sublevels) for '/Game/Base/Base' took 0.033
[2017.03.30-10.36.40:353][855]OBJ SavePackage: Generating thumbnails for [0] asset(s) in package [/Game/Base/Interfaces/Base_Interface] ([1] browsable assets)...
[2017.03.30-10.36.40:353][855]OBJ SavePackage: Finished generating thumbnails for package [/Game/Base/Interfaces/Base_Interface]
[2017.03.30-10.36.40:447][855]LogSavePackage: Save=61.40ms
[2017.03.30-10.36.40:447][855]LogSavePackage: Moving '../../../../../../Users/Xarana/Desktop/Die Beauftragten_GITHUB/Beauftragte/Saved/Base_Interface_Auto14806E8734E77F23664CEBCB7D903BE3E.tmp' to '../../../../../../Users/Xarana/Desktop/Die Beauftragten_GITHUB/Beauftragte/Saved/Autosaves/Game/Base/Interfaces/Base_Interface_Auto1.uasset'
[2017.03.30-10.36.40:469][855]LogSavePackage:Display: Finished SavePackage ../../../../../../Users/Xarana/Desktop/Die Beauftragten_GITHUB/Beauftragte/Saved/Autosaves/Game/Base/Interfaces/Base_Interface_Auto1.uasset
[2017.03.30-10.36.40:469][855]LogFileHelpers: Auto-saving content packages took 0.118
[2017.03.30-10.46.32:414][807]LogTemp: Repeting last play command: Selected Viewport
[2017.03.30-10.46.32:436][807]LogBlueprintUserMessages: Early PlayInEditor Detection: Level '/Game/Base/Base.Base:PersistentLevel' has LevelScriptBlueprint '/Game/Base/Base.Base:PersistentLevel.Base' with GeneratedClass '/Game/Base/Base.Base_C' with ClassGeneratedBy '/Game/Base/Base.Base:PersistentLevel.Base'
[2017.03.30-10.46.32:436][807]LogPlayLevel: PlayLevel: No blueprints needed recompiling
[2017.03.30-10.46.32:436][807]PIE: New page: PIE session: Base (Mar 30, 2017, 2:46:32 PM)
[2017.03.30-10.46.32:436][807]LogPlayLevel: Creating play world package: /Game/Base/UEDPIE_0_Base
[2017.03.30-10.46.32:438][807]LogPlayLevel: PIE: StaticDuplicateObject took: (0.001485s)
[2017.03.30-10.46.32:438][807]LogAIModule: Creating AISystem for world Base
[2017.03.30-10.46.32:439][807]LogPlayLevel: PIE: World Init took: (0.000942s)
[2017.03.30-10.46.32:439][807]LogPlayLevel: PIE: Created PIE world by copying editor world from /Game/Base/Base.Base to /Game/Base/UEDPIE_0_Base.Base (0.002749s)
[2017.03.30-10.46.32:476][807]LogInit: XAudio2 using 'Speakers (High Definition Audio Device)' : 2 channels at 44.1 kHz using 16 bits per sample (channel mask 0x3)
[2017.03.30-10.46.32:481][807]LogInit: FAudioDevice initialized.
[2017.03.30-10.46.32:515][807]LogLoad: Game class is 'Base_GameMode_C'
[2017.03.30-10.46.32:517][807]LogWorld: Bringing World /Game/Base/UEDPIE_0_Base.Base up for play (max tick rate 0) at 2017.03.30-12.46.32
[2017.03.30-10.46.32:517][807]LogWorld: Bringing up level for play took: 0.001051
[2017.03.30-10.46.32:518][807]LogGameMode:Display: Match State Changed from EnteringMap to WaitingToStart
[2017.03.30-10.46.32:518][807]LogGameState: Match State Changed from EnteringMap to WaitingToStart
[2017.03.30-10.46.32:518][807]LogGameMode:Display: Match State Changed from WaitingToStart to InProgress
[2017.03.30-10.46.32:523][807]LogGameState: Match State Changed from WaitingToStart to InProgress
[2017.03.30-10.46.32:523][807]PIE: Info Play in editor start time for /Game/Base/UEDPIE_0_Base 0.382
[2017.03.30-10.46.32:523][807]LogBlueprintUserMessages: Late PlayInEditor Detection: Level '/Game/Base/Base.Base:PersistentLevel' has LevelScriptBlueprint '/Game/Base/Base.Base:PersistentLevel.Base' with GeneratedClass '/Game/Base/Base.Base_C' with ClassGeneratedBy '/Game/Base/Base.Base:PersistentLevel.Base'
[2017.03.30-10.46.33:197][869]LogScript:Warning: Accessed None trying to read property CurrentWidget
	Base_Interface_C /Engine/Transient.UnrealEdEngine_0:GameInstance_8.Base_Interface_C_3
	Function /Game/Base/Interfaces/Base_Interface.Base_Interface_C:ExecuteUbergraph_Base_Interface:018F
[2017.03.30-10.46.44:794][479]LogBlueprintUserMessages: Early EndPlayMap Detection: Level '/Game/Base/Base.Base:PersistentLevel' has LevelScriptBlueprint '/Game/Base/Base.Base:PersistentLevel.Base' with GeneratedClass '/Game/Base/Base.Base_C' with ClassGeneratedBy '/Game/Base/Base.Base:PersistentLevel.Base'
[2017.03.30-10.46.44:834][479]LogBlueprintUserMessages: Late EndPlayMap Detection: Level '/Game/Base/Base.Base:PersistentLevel' has LevelScriptBlueprint '/Game/Base/Base.Base:PersistentLevel.Base' with GeneratedClass '/Game/Base/Base.Base_C' with ClassGeneratedBy '/Game/Base/Base.Base:PersistentLevel.Base'
[2017.03.30-10.47.24:602][896]BlueprintLog: New page: Compile Barrack_Interface
[2017.03.30-10.47.27:391][973]LogTemp: Repeting last play command: Selected Viewport
[2017.03.30-10.47.27:414][973]LogBlueprintUserMessages: Early PlayInEditor Detection: Level '/Game/Base/Base.Base:PersistentLevel' has LevelScriptBlueprint '/Game/Base/Base.Base:PersistentLevel.Base' with GeneratedClass '/Game/Base/Base.Base_C' with ClassGeneratedBy '/Game/Base/Base.Base:PersistentLevel.Base'
[2017.03.30-10.47.27:414][973]LogPlayLevel: PlayLevel: No blueprints needed recompiling
[2017.03.30-10.47.27:414][973]PIE: New page: PIE session: Base (Mar 30, 2017, 2:47:27 PM)
[2017.03.30-10.47.27:414][973]LogPlayLevel: Creating play world package: /Game/Base/UEDPIE_0_Base
[2017.03.30-10.47.27:415][973]LogPlayLevel: PIE: StaticDuplicateObject took: (0.001335s)
[2017.03.30-10.47.27:416][973]LogAIModule: Creating AISystem for world Base
[2017.03.30-10.47.27:416][973]LogPlayLevel: PIE: World Init took: (0.000892s)
[2017.03.30-10.47.27:416][973]LogPlayLevel: PIE: Created PIE world by copying editor world from /Game/Base/Base.Base to /Game/Base/UEDPIE_0_Base.Base (0.002483s)
[2017.03.30-10.47.27:452][973]LogInit: XAudio2 using 'Speakers (High Definition Audio Device)' : 2 channels at 44.1 kHz using 16 bits per sample (channel mask 0x3)
[2017.03.30-10.47.27:458][973]LogInit: FAudioDevice initialized.
[2017.03.30-10.47.27:488][973]LogLoad: Game class is 'Base_GameMode_C'
[2017.03.30-10.47.27:490][973]LogWorld: Bringing World /Game/Base/UEDPIE_0_Base.Base up for play (max tick rate 0) at 2017.03.30-12.47.27
[2017.03.30-10.47.27:490][973]LogWorld: Bringing up level for play took: 0.001223
[2017.03.30-10.47.27:491][973]LogGameMode:Display: Match State Changed from EnteringMap to WaitingToStart
[2017.03.30-10.47.27:491][973]LogGameState: Match State Changed from EnteringMap to WaitingToStart
[2017.03.30-10.47.27:491][973]LogGameMode:Display: Match State Changed from WaitingToStart to InProgress
[2017.03.30-10.47.27:496][973]LogGameState: Match State Changed from WaitingToStart to InProgress
[2017.03.30-10.47.27:497][973]PIE: Info Play in editor start time for /Game/Base/UEDPIE_0_Base -0.645
[2017.03.30-10.47.27:497][973]LogBlueprintUserMessages: Late PlayInEditor Detection: Level '/Game/Base/Base.Base:PersistentLevel' has LevelScriptBlueprint '/Game/Base/Base.Base:PersistentLevel.Base' with GeneratedClass '/Game/Base/Base.Base_C' with ClassGeneratedBy '/Game/Base/Base.Base:PersistentLevel.Base'
[2017.03.30-10.47.28:282][ 17]LogScript:Warning: Accessed None trying to read property CurrentWidget
	Base_Interface_C /Engine/Transient.UnrealEdEngine_0:GameInstance_9.Base_Interface_C_4
	Function /Game/Base/Interfaces/Base_Interface.Base_Interface_C:ExecuteUbergraph_Base_Interface:018F
[2017.03.30-10.47.30:281][115]LogBlueprintUserMessages: Early EndPlayMap Detection: Level '/Game/Base/Base.Base:PersistentLevel' has LevelScriptBlueprint '/Game/Base/Base.Base:PersistentLevel.Base' with GeneratedClass '/Game/Base/Base.Base_C' with ClassGeneratedBy '/Game/Base/Base.Base:PersistentLevel.Base'
[2017.03.30-10.47.30:318][115]LogBlueprintUserMessages: Late EndPlayMap Detection: Level '/Game/Base/Base.Base:PersistentLevel' has LevelScriptBlueprint '/Game/Base/Base.Base:PersistentLevel.Base' with GeneratedClass '/Game/Base/Base.Base_C' with ClassGeneratedBy '/Game/Base/Base.Base:PersistentLevel.Base'
[2017.03.30-10.47.39:133][404]BlueprintLog: New page: Compile Barrack_Interface
[2017.03.30-10.47.44:465][608]LogTemp: Repeting last play command: Selected Viewport
[2017.03.30-10.47.44:491][608]LogBlueprintUserMessages: Early PlayInEditor Detection: Level '/Game/Base/Base.Base:PersistentLevel' has LevelScriptBlueprint '/Game/Base/Base.Base:PersistentLevel.Base' with GeneratedClass '/Game/Base/Base.Base_C' with ClassGeneratedBy '/Game/Base/Base.Base:PersistentLevel.Base'
[2017.03.30-10.47.44:491][608]LogPlayLevel: PlayLevel: No blueprints needed recompiling
[2017.03.30-10.47.44:491][608]PIE: New page: PIE session: Base (Mar 30, 2017, 2:47:44 PM)
[2017.03.30-10.47.44:491][608]LogPlayLevel: Creating play world package: /Game/Base/UEDPIE_0_Base
[2017.03.30-10.47.44:492][608]LogPlayLevel: PIE: StaticDuplicateObject took: (0.001336s)
[2017.03.30-10.47.44:493][608]LogAIModule: Creating AISystem for world Base
[2017.03.30-10.47.44:493][608]LogPlayLevel: PIE: World Init took: (0.000844s)
[2017.03.30-10.47.44:493][608]LogPlayLevel: PIE: Created PIE world by copying editor world from /Game/Base/Base.Base to /Game/Base/UEDPIE_0_Base.Base (0.002439s)
[2017.03.30-10.47.44:535][608]LogInit: XAudio2 using 'Speakers (High Definition Audio Device)' : 2 channels at 44.1 kHz using 16 bits per sample (channel mask 0x3)
[2017.03.30-10.47.44:541][608]LogInit: FAudioDevice initialized.
[2017.03.30-10.47.44:576][608]LogLoad: Game class is 'Base_GameMode_C'
[2017.03.30-10.47.44:578][608]LogWorld: Bringing World /Game/Base/UEDPIE_0_Base.Base up for play (max tick rate 0) at 2017.03.30-12.47.44
[2017.03.30-10.47.44:579][608]LogWorld: Bringing up level for play took: 0.001723
[2017.03.30-10.47.44:580][608]LogGameMode:Display: Match State Changed from EnteringMap to WaitingToStart
[2017.03.30-10.47.44:580][608]LogGameState: Match State Changed from EnteringMap to WaitingToStart
[2017.03.30-10.47.44:580][608]LogGameMode:Display: Match State Changed from WaitingToStart to InProgress
[2017.03.30-10.47.44:585][608]LogGameState: Match State Changed from WaitingToStart to InProgress
[2017.03.30-10.47.44:585][608]PIE: Info Play in editor start time for /Game/Base/UEDPIE_0_Base 0.443
[2017.03.30-10.47.44:585][608]LogBlueprintUserMessages: Late PlayInEditor Detection: Level '/Game/Base/Base.Base:PersistentLevel' has LevelScriptBlueprint '/Game/Base/Base.Base:PersistentLevel.Base' with GeneratedClass '/Game/Base/Base.Base_C' with ClassGeneratedBy '/Game/Base/Base.Base:PersistentLevel.Base'
[2017.03.30-10.47.45:248][635]LogScript:Warning: Accessed None trying to read property CurrentWidget
	Base_Interface_C /Engine/Transient.UnrealEdEngine_0:GameInstance_10.Base_Interface_C_5
	Function /Game/Base/Interfaces/Base_Interface.Base_Interface_C:ExecuteUbergraph_Base_Interface:018F
[2017.03.30-10.47.51:907][994]LogBlueprintUserMessages: Early EndPlayMap Detection: Level '/Game/Base/Base.Base:PersistentLevel' has LevelScriptBlueprint '/Game/Base/Base.Base:PersistentLevel.Base' with GeneratedClass '/Game/Base/Base.Base_C' with ClassGeneratedBy '/Game/Base/Base.Base:PersistentLevel.Base'
[2017.03.30-10.47.51:945][994]LogBlueprintUserMessages: Late EndPlayMap Detection: Level '/Game/Base/Base.Base:PersistentLevel' has LevelScriptBlueprint '/Game/Base/Base.Base:PersistentLevel.Base' with GeneratedClass '/Game/Base/Base.Base_C' with ClassGeneratedBy '/Game/Base/Base.Base:PersistentLevel.Base'
[2017.03.30-10.48.16:517][195]LogFileHelpers: Editor autosave (incl. sublevels) for '/Game/Base/Base' took 0.030
[2017.03.30-10.48.16:520][195]OBJ SavePackage: Generating thumbnails for [0] asset(s) in package [/Game/Base/Interfaces/Barrack_Interface] ([1] browsable assets)...
[2017.03.30-10.48.16:520][195]OBJ SavePackage: Finished generating thumbnails for package [/Game/Base/Interfaces/Barrack_Interface]
[2017.03.30-10.48.16:846][195]LogSavePackage: Save=298.03ms
[2017.03.30-10.48.16:846][195]LogSavePackage: Moving '../../../../../../Users/Xarana/Desktop/Die Beauftragten_GITHUB/Beauftragte/Saved/Barrack_Interface_Auto2064DD2B34921F8AD53D3FE909F53D6D4.tmp' to '../../../../../../Users/Xarana/Desktop/Die Beauftragten_GITHUB/Beauftragte/Saved/Autosaves/Game/Base/Interfaces/Barrack_Interface_Auto2.uasset'
[2017.03.30-10.48.16:856][195]LogSavePackage:Display: Finished SavePackage ../../../../../../Users/Xarana/Desktop/Die Beauftragten_GITHUB/Beauftragte/Saved/Autosaves/Game/Base/Interfaces/Barrack_Interface_Auto2.uasset
[2017.03.30-10.48.16:856][195]LogFileHelpers: Auto-saving content packages took 0.337
[2017.03.30-11.24.59:133][ 61]LogTemp: Repeting last play command: Selected Viewport
[2017.03.30-11.24.59:155][ 61]LogBlueprintUserMessages: Early PlayInEditor Detection: Level '/Game/Base/Base.Base:PersistentLevel' has LevelScriptBlueprint '/Game/Base/Base.Base:PersistentLevel.Base' with GeneratedClass '/Game/Base/Base.Base_C' with ClassGeneratedBy '/Game/Base/Base.Base:PersistentLevel.Base'
[2017.03.30-11.24.59:155][ 61]LogPlayLevel: PlayLevel: No blueprints needed recompiling
[2017.03.30-11.24.59:155][ 61]PIE: New page: PIE session: Base (Mar 30, 2017, 3:24:59 PM)
[2017.03.30-11.24.59:155][ 61]LogPlayLevel: Creating play world package: /Game/Base/UEDPIE_0_Base
[2017.03.30-11.24.59:157][ 61]LogPlayLevel: PIE: StaticDuplicateObject took: (0.001779s)
[2017.03.30-11.24.59:158][ 61]LogAIModule: Creating AISystem for world Base
[2017.03.30-11.24.59:158][ 61]LogPlayLevel: PIE: World Init took: (0.001013s)
[2017.03.30-11.24.59:158][ 61]LogPlayLevel: PIE: Created PIE world by copying editor world from /Game/Base/Base.Base to /Game/Base/UEDPIE_0_Base.Base (0.003125s)
[2017.03.30-11.24.59:214][ 61]LogInit: XAudio2 using 'Speakers (High Definition Audio Device)' : 2 channels at 44.1 kHz using 16 bits per sample (channel mask 0x3)
[2017.03.30-11.24.59:428][ 61]LogInit: FAudioDevice initialized.
[2017.03.30-11.24.59:459][ 61]LogLoad: Game class is 'Base_GameMode_C'
[2017.03.30-11.24.59:461][ 61]LogWorld: Bringing World /Game/Base/UEDPIE_0_Base.Base up for play (max tick rate 0) at 2017.03.30-13.24.59
[2017.03.30-11.24.59:461][ 61]LogWorld: Bringing up level for play took: 0.001231
[2017.03.30-11.24.59:462][ 61]LogGameMode:Display: Match State Changed from EnteringMap to WaitingToStart
[2017.03.30-11.24.59:462][ 61]LogGameState: Match State Changed from EnteringMap to WaitingToStart
[2017.03.30-11.24.59:462][ 61]LogGameMode:Display: Match State Changed from WaitingToStart to InProgress
[2017.03.30-11.24.59:467][ 61]LogGameState: Match State Changed from WaitingToStart to InProgress
[2017.03.30-11.24.59:467][ 61]PIE: Info Play in editor start time for /Game/Base/UEDPIE_0_Base 1.298
[2017.03.30-11.24.59:467][ 61]LogBlueprintUserMessages: Late PlayInEditor Detection: Level '/Game/Base/Base.Base:PersistentLevel' has LevelScriptBlueprint '/Game/Base/Base.Base:PersistentLevel.Base' with GeneratedClass '/Game/Base/Base.Base_C' with ClassGeneratedBy '/Game/Base/Base.Base:PersistentLevel.Base'
[2017.03.30-11.24.59:739][ 87]LogScript:Warning: Accessed None trying to read property CurrentWidget
	Base_Interface_C /Engine/Transient.UnrealEdEngine_0:GameInstance_11.Base_Interface_C_6
	Function /Game/Base/Interfaces/Base_Interface.Base_Interface_C:ExecuteUbergraph_Base_Interface:0015
[2017.03.30-11.25.07:255][587]LogBlueprintUserMessages: Early EndPlayMap Detection: Level '/Game/Base/Base.Base:PersistentLevel' has LevelScriptBlueprint '/Game/Base/Base.Base:PersistentLevel.Base' with GeneratedClass '/Game/Base/Base.Base_C' with ClassGeneratedBy '/Game/Base/Base.Base:PersistentLevel.Base'
[2017.03.30-11.25.07:291][587]LogBlueprintUserMessages: Late EndPlayMap Detection: Level '/Game/Base/Base.Base:PersistentLevel' has LevelScriptBlueprint '/Game/Base/Base.Base:PersistentLevel.Base' with GeneratedClass '/Game/Base/Base.Base_C' with ClassGeneratedBy '/Game/Base/Base.Base:PersistentLevel.Base'
[2017.03.30-11.29.37:394][990]LogScriptCore:Warning: Script Msg: Attempted to access index 0 from array CallFunc_GetAllActorsOfClass_OutActors of length 0!
[2017.03.30-11.29.37:394][990]LogScriptCore:Warning: Script Msg: Attempted to access index 0 from array CallFunc_GetAllActorsOfClass_OutActors of length 0!
[2017.03.30-11.29.37:394][990]LogScript:Warning: Accessed None trying to read property CallFunc_Array_Get_Item3
	Unit_C /Engine/Transient.World_18:PersistentLevel.Unit_C_0
	Function /Game/TileBased/Blueprints/Pawns/Unit.Unit_C:UserConstructionScript:0193
[2017.03.30-11.29.37:394][990]LogScriptCore:Warning: Script Msg: Attempted to access index 0 from array CallFunc_GetAllActorsOfClass_OutActors of length 0!
[2017.03.30-11.29.37:394][990]LogScript:Warning: Accessed None trying to read property CallFunc_Array_Get_Item3
	Unit_C /Engine/Transient.World_18:PersistentLevel.Unit_C_0
	Function /Game/TileBased/Blueprints/Pawns/Unit.Unit_C:UserConstructionScript:03CC
[2017.03.30-11.29.37:394][990]LogScript:Warning: Accessed None trying to read property GridManager_Ref
	Unit_C /Engine/Transient.World_18:PersistentLevel.Unit_C_0
	Function /Game/TileBased/Blueprints/Pawns/Unit.Unit_C:UserConstructionScript:0343
[2017.03.30-11.30.46:861][ 42]LogTemp: Dropped BuildingsManager_REF on Category Refereces
[2017.03.30-11.30.51:341][216]LogTemp: Dropped Base_GameMode_REF on Category Refereces
[2017.03.30-11.31.31:155][882]BlueprintLog: New page: Compile Headquater_Interface
[2017.03.30-11.31.57:911][ 20]LogSavePackage: Save=245.32ms
[2017.03.30-11.31.57:911][ 20]LogSavePackage: Moving '../../../../../../Users/Xarana/Desktop/Die Beauftragten_GITHUB/Beauftragte/Saved/Headquater_Interface4AD152524F9EB2FC4BAB90AE781C65DF.tmp' to '../../../../../../Users/Xarana/Desktop/Die Beauftragten_GITHUB/Beauftragte/Content/Base/Interfaces/Headquater_Interface.uasset'
[2017.03.30-11.31.57:913][ 20]LogSavePackage:Display: Finished SavePackage ../../../../../../Users/Xarana/Desktop/Die Beauftragten_GITHUB/Beauftragte/Content/Base/Interfaces/Headquater_Interface.uasset
[2017.03.30-11.32.07:717][442]LogTemp: Dropped Buy_Button on Category Buttons
[2017.03.30-11.32.15:849][796]LogTemp: Dropped Buy_Button on Category Buttons
[2017.03.30-11.32.29:788][405]LogTemp: Dropped Close_Button on Category Buttons
[2017.03.30-11.32.39:615][811]LogTemp: Dropped TopButton_1 on Category Buttons
[2017.03.30-11.32.41:542][891]LogTemp: Dropped TopButton_2 on Category Buttons
[2017.03.30-11.32.43:644][975]LogTemp: Dropped TopButton_3 on Category Buttons
[2017.03.30-11.32.50:417][264]BlueprintLog: New page: Compile Headquater_Interface
[2017.03.30-11.32.53:453][358]LogSavePackage: Save=244.25ms
[2017.03.30-11.32.53:453][358]LogSavePackage: Moving '../../../../../../Users/Xarana/Desktop/Die Beauftragten_GITHUB/Beauftragte/Saved/Headquater_Interface3DEFD25E489ED384397BA5A91B25484C.tmp' to '../../../../../../Users/Xarana/Desktop/Die Beauftragten_GITHUB/Beauftragte/Content/Base/Interfaces/Headquater_Interface.uasset'
[2017.03.30-11.32.53:455][358]LogSavePackage:Display: Finished SavePackage ../../../../../../Users/Xarana/Desktop/Die Beauftragten_GITHUB/Beauftragte/Content/Base/Interfaces/Headquater_Interface.uasset
[2017.03.30-11.33.03:167][890]LogSavePackage: Save=318.24ms
[2017.03.30-11.33.03:167][890]LogSavePackage: Moving '../../../../../../Users/Xarana/Desktop/Die Beauftragten_GITHUB/Beauftragte/Saved/UnitEA15ED8D476AD0E4214658BBBFDCF299.tmp' to '../../../../../../Users/Xarana/Desktop/Die Beauftragten_GITHUB/Beauftragte/Content/TileBased/Blueprints/Pawns/Unit.uasset'
[2017.03.30-11.33.03:169][890]LogSavePackage:Display: Finished SavePackage ../../../../../../Users/Xarana/Desktop/Die Beauftragten_GITHUB/Beauftragte/Content/TileBased/Blueprints/Pawns/Unit.uasset
[2017.03.30-11.33.03:439][890]LogSavePackage: Save=251.25ms
[2017.03.30-11.33.03:439][890]LogSavePackage: Moving '../../../../../../Users/Xarana/Desktop/Die Beauftragten_GITHUB/Beauftragte/Saved/Barrack_InterfaceCDE372D945E0A0A0C7AC4A83004D916B.tmp' to '../../../../../../Users/Xarana/Desktop/Die Beauftragten_GITHUB/Beauftragte/Content/Base/Interfaces/Barrack_Interface.uasset'
[2017.03.30-11.33.03:440][890]LogSavePackage:Display: Finished SavePackage ../../../../../../Users/Xarana/Desktop/Die Beauftragten_GITHUB/Beauftragte/Content/Base/Interfaces/Barrack_Interface.uasset
[2017.03.30-11.33.03:503][890]LogSavePackage: Save=49.60ms
[2017.03.30-11.33.03:503][890]LogSavePackage: Moving '../../../../../../Users/Xarana/Desktop/Die Beauftragten_GITHUB/Beauftragte/Saved/Base_Interface124C33D949598F06ABC45391061FAD2D.tmp' to '../../../../../../Users/Xarana/Desktop/Die Beauftragten_GITHUB/Beauftragte/Content/Base/Interfaces/Base_Interface.uasset'
[2017.03.30-11.33.03:505][890]LogSavePackage:Display: Finished SavePackage ../../../../../../Users/Xarana/Desktop/Die Beauftragten_GITHUB/Beauftragte/Content/Base/Interfaces/Base_Interface.uasset
[2017.03.30-11.33.31:124][209]BlueprintLog: New page: Compile Headquater_Interface
[2017.03.30-11.33.32:393][229]LogSavePackage: Save=251.58ms
[2017.03.30-11.33.32:393][229]LogSavePackage: Moving '../../../../../../Users/Xarana/Desktop/Die Beauftragten_GITHUB/Beauftragte/Saved/Headquater_Interface418E72024BB2C7D635184698E6C6EC29.tmp' to '../../../../../../Users/Xarana/Desktop/Die Beauftragten_GITHUB/Beauftragte/Content/Base/Interfaces/Headquater_Interface.uasset'
[2017.03.30-11.33.32:395][229]LogSavePackage:Display: Finished SavePackage ../../../../../../Users/Xarana/Desktop/Die Beauftragten_GITHUB/Beauftragte/Content/Base/Interfaces/Headquater_Interface.uasset
[2017.03.30-11.35.32:402][258]Cmd: QUIT_EDITOR
[2017.03.30-11.35.32:471][258]LogExit: Preparing to exit.
[2017.03.30-11.35.33:641][258]LogDirectoryWatcher: A directory notification for 'C:/Users/Xarana/Desktop/Die Beauftragten_GITHUB/Beauftragte/Content/' was aborted.
[2017.03.30-11.35.33:730][258]LogExit: Editor shut down
[2017.03.30-11.35.33:731][258]LogExit: Transaction tracking system shut down
[2017.03.30-11.35.33:896][258]LogObj: Freed 0b from 0 cluster array pools.
[2017.03.30-11.35.33:896][258]LogExit: Object subsystem successfully closed.
[2017.03.30-11.35.33:915][258]LogD3D11RHI: Shutdown
[2017.03.30-11.35.33:915][258]LogD3D11RHI: CleanupD3DDevice
[2017.03.30-11.35.34:013][258]LogD3D11RHI: ~FD3D11DynamicRHI
[2017.03.30-11.35.34:050][258]LogModuleManager: Shutting down and abandoning module SequencerWidgets (506)
[2017.03.30-11.35.34:050][258]LogModuleManager: Shutting down and abandoning module BlueprintGraph (504)
[2017.03.30-11.35.34:050][258]LogModuleManager: Shutting down and abandoning module BlueprintProfiler (502)
[2017.03.30-11.35.34:106][258]LogModuleManager: Shutting down and abandoning module MovieSceneCapture (500)
[2017.03.30-11.35.34:137][258]LogModuleManager: Shutting down and abandoning module HierarchicalLODOutliner (498)
[2017.03.30-11.35.34:137][258]LogModuleManager: Shutting down and abandoning module CrashTracker (496)
[2017.03.30-11.35.34:137][258]LogModuleManager: Shutting down and abandoning module SceneOutliner (494)
[2017.03.30-11.35.34:137][258]LogModuleManager: Shutting down and abandoning module AddContentDialog (492)
[2017.03.30-11.35.34:167][258]LogDirectoryWatcher: A directory notification for 'C:/Program Files/Epic Games/UE_4.15/FeaturePacks/' was aborted.
[2017.03.30-11.35.34:170][258]LogModuleManager: Shutting down and abandoning module WidgetCarousel (491)
[2017.03.30-11.35.34:170][258]LogModuleManager: Shutting down and abandoning module EditorWidgets (488)
[2017.03.30-11.35.34:170][258]LogModuleManager: Shutting down and abandoning module CollectionManager (486)
[2017.03.30-11.35.34:170][258]LogDirectoryWatcher: A directory notification for 'C:/Users/Xarana/Desktop/Die Beauftragten_GITHUB/Beauftragte/Content/Collections/' was aborted.
[2017.03.30-11.35.34:170][258]LogDirectoryWatcher: A directory notification for 'C:/Users/Xarana/Desktop/Die Beauftragten_GITHUB/Beauftragte/Content/Developers/Xarana/Collections/' was aborted.
[2017.03.30-11.35.34:170][258]LogDirectoryWatcher: A directory notification for 'C:/Users/Xarana/Desktop/Die Beauftragten_GITHUB/Beauftragte/Saved/Collections/' was aborted.
[2017.03.30-11.35.34:170][258]LogModuleManager: Shutting down and abandoning module StatsViewer (484)
[2017.03.30-11.35.34:171][258]LogModuleManager: Shutting down and abandoning module FoliageEdit (482)
[2017.03.30-11.35.34:171][258]LogModuleManager: Shutting down and abandoning module LandscapeEditor (480)
[2017.03.30-11.35.34:171][258]LogModuleManager: Shutting down and abandoning module SceneDepthPickerMode (478)
[2017.03.30-11.35.34:171][258]LogModuleManager: Shutting down and abandoning module ActorPickerMode (476)
[2017.03.30-11.35.34:171][258]LogModuleManager: Shutting down and abandoning module GeometryMode (474)
[2017.03.30-11.35.34:171][258]LogModuleManager: Shutting down and abandoning module TextureAlignMode (472)
[2017.03.30-11.35.34:171][258]LogModuleManager: Shutting down and abandoning module BspMode (470)
[2017.03.30-11.35.34:171][258]LogModuleManager: Shutting down and abandoning module HardwareSurvey (468)
[2017.03.30-11.35.34:171][258]LogModuleManager: Shutting down and abandoning module SequenceRecorderSections (466)
[2017.03.30-11.35.34:171][258]LogModuleManager: Shutting down and abandoning module AutomationWorker (464)
[2017.03.30-11.35.34:171][258]LogModuleManager: Shutting down and abandoning module MatineeToLevelSequence (462)
[2017.03.30-11.35.34:171][258]LogModuleManager: Shutting down and abandoning module LevelSequenceEditor (460)
[2017.03.30-11.35.34:171][258]LogModuleManager: Shutting down and abandoning module PlacementMode (459)
[2017.03.30-11.35.34:171][258]LogModuleManager: Shutting down and abandoning module WmfMediaFactory (456)
[2017.03.30-11.35.34:171][258]LogModuleManager: Shutting down and abandoning module WmfMediaEditor (454)
[2017.03.30-11.35.34:171][258]LogModuleManager: Shutting down and abandoning module MfMediaFactory (452)
[2017.03.30-11.35.34:171][258]LogModuleManager: Shutting down and abandoning module MfMediaEditor (450)
[2017.03.30-11.35.34:171][258]LogModuleManager: Shutting down and abandoning module AvfMediaFactory (448)
[2017.03.30-11.35.34:171][258]LogModuleManager: Shutting down and abandoning module AvfMediaEditor (446)
[2017.03.30-11.35.34:171][258]LogModuleManager: Shutting down and abandoning module AndroidMediaFactory (444)
[2017.03.30-11.35.34:171][258]LogModuleManager: Shutting down and abandoning module Media (443)
[2017.03.30-11.35.34:171][258]LogModuleManager: Shutting down and abandoning module AndroidMediaEditor (440)
[2017.03.30-11.35.34:172][258]LogModuleManager: Shutting down and abandoning module CharacterAI (438)
[2017.03.30-11.35.34:172][258]LogModuleManager: Shutting down and abandoning module AudioCapture (436)
[2017.03.30-11.35.34:172][258]LogModuleManager: Shutting down and abandoning module SequenceRecorder (435)
[2017.03.30-11.35.34:172][258]LogModuleManager: Shutting down and abandoning module SmartSnapping (432)
[2017.03.30-11.35.34:172][258]LogModuleManager: Shutting down and abandoning module SessionServices (430)
[2017.03.30-11.35.34:172][258]LogModuleManager: Shutting down and abandoning module ViewportSnapping (428)
[2017.03.30-11.35.34:172][258]LogModuleManager: Shutting down and abandoning module ViewportInteraction (426)
[2017.03.30-11.35.34:172][258]LogModuleManager: Shutting down and abandoning module LogVisualizer (424)
[2017.03.30-11.35.34:172][258]LogModuleManager: Shutting down and abandoning module IntroTutorials (422)
[2017.03.30-11.35.34:172][258]LogModuleManager: Shutting down and abandoning module GameProjectGeneration (421)
[2017.03.30-11.35.34:172][258]LogModuleManager: Shutting down and abandoning module EditorLiveStreaming (418)
[2017.03.30-11.35.34:172][258]LogModuleManager: Shutting down and abandoning module IOSPlatformEditor (416)
[2017.03.30-11.35.34:172][258]LogModuleManager: Shutting down and abandoning module HTML5PlatformEditor (414)
[2017.03.30-11.35.34:172][258]LogModuleManager: Shutting down and abandoning module AndroidPlatformEditor (412)
[2017.03.30-11.35.34:172][258]LogModuleManager: Shutting down and abandoning module AndroidDeviceDetection (411)
[2017.03.30-11.35.35:034][258]LogModuleManager: Shutting down and abandoning module IOSRuntimeSettings (408)
[2017.03.30-11.35.35:034][258]LogModuleManager: Shutting down and abandoning module AndroidRuntimeSettings (406)
[2017.03.30-11.35.35:034][258]LogModuleManager: Shutting down and abandoning module InputBindingEditor (404)
[2017.03.30-11.35.35:034][258]LogModuleManager: Shutting down and abandoning module NiagaraEditor (402)
[2017.03.30-11.35.35:034][258]LogModuleManager: Shutting down and abandoning module MergeActors (400)
[2017.03.30-11.35.35:034][258]LogModuleManager: Shutting down and abandoning module SizeMap (398)
[2017.03.30-11.35.35:034][258]LogModuleManager: Shutting down and abandoning module TreeMap (396)
[2017.03.30-11.35.35:034][258]LogModuleManager: Shutting down and abandoning module ReferenceViewer (394)
[2017.03.30-11.35.35:034][258]LogModuleManager: Shutting down and abandoning module LocalizationDashboard (392)
[2017.03.30-11.35.35:034][258]LogModuleManager: Shutting down and abandoning module LocalizationService (391)
[2017.03.30-11.35.35:034][258]LogModuleManager: Shutting down and abandoning module HardwareTargeting (388)
[2017.03.30-11.35.35:034][258]LogModuleManager: Shutting down and abandoning module DeviceProfileEditor (386)
[2017.03.30-11.35.35:034][258]LogModuleManager: Shutting down and abandoning module UndoHistory (384)
[2017.03.30-11.35.35:034][258]LogModuleManager: Shutting down and abandoning module UserFeedback (382)
[2017.03.30-11.35.35:034][258]LogModuleManager: Shutting down and abandoning module XmlParser (380)
[2017.03.30-11.35.35:035][258]LogModuleManager: Shutting down and abandoning module Blutility (378)
[2017.03.30-11.35.35:035][258]LogModuleManager: Shutting down and abandoning module ProjectSettingsViewer (376)
[2017.03.30-11.35.35:035][258]LogModuleManager: Shutting down and abandoning module ProjectTargetPlatformEditor (375)
[2017.03.30-11.35.35:035][258]LogModuleManager: Shutting down and abandoning module EditorSettingsViewer (372)
[2017.03.30-11.35.35:035][258]LogModuleManager: Shutting down and abandoning module SettingsEditor (370)
[2017.03.30-11.35.35:035][258]LogModuleManager: Shutting down and abandoning module ProjectLauncher (368)
[2017.03.30-11.35.35:035][258]LogModuleManager: Shutting down and abandoning module SessionFrontend (366)
[2017.03.30-11.35.35:035][258]LogModuleManager: Shutting down and abandoning module ProfilerClient (364)
[2017.03.30-11.35.35:035][258]LogModuleManager: Shutting down and abandoning module DeviceManager (362)
[2017.03.30-11.35.35:035][258]LogModuleManager: Shutting down and abandoning module TargetDeviceServices (361)
[2017.03.30-11.35.35:085][258]LogModuleManager: Shutting down and abandoning module AutomationController (358)
[2017.03.30-11.35.35:085][258]LogModuleManager: Shutting down and abandoning module AutomationWindow (356)
[2017.03.30-11.35.35:085][258]LogModuleManager: Shutting down and abandoning module Layers (354)
[2017.03.30-11.35.35:085][258]LogModuleManager: Shutting down and abandoning module ComponentVisualizers (352)
[2017.03.30-11.35.35:085][258]LogModuleManager: Shutting down and abandoning module DetailCustomizations (350)
[2017.03.30-11.35.35:085][258]LogModuleManager: Shutting down and abandoning module PackagesDialog (348)
[2017.03.30-11.35.35:085][258]LogModuleManager: Shutting down and abandoning module Persona (346)
[2017.03.30-11.35.35:085][258]LogModuleManager: Shutting down and abandoning module AnimGraph (345)
[2017.03.30-11.35.35:085][258]LogModuleManager: Shutting down and abandoning module Kismet (342)
[2017.03.30-11.35.35:109][258]LogModuleManager: Shutting down and abandoning module GraphEditor (340)
[2017.03.30-11.35.35:109][258]LogModuleManager: Shutting down and abandoning module ClassViewer (338)
[2017.03.30-11.35.35:111][258]LogModuleManager: Shutting down and abandoning module Toolbox (336)
[2017.03.30-11.35.35:111][258]LogModuleManager: Shutting down and abandoning module ModuleUI (334)
[2017.03.30-11.35.35:111][258]LogModuleManager: Shutting down and abandoning module MovieSceneTools (332)
[2017.03.30-11.35.35:111][258]LogModuleManager: Shutting down and abandoning module OutputLog (330)
[2017.03.30-11.35.35:111][258]LogModuleManager: Shutting down and abandoning module GammaUI (328)
[2017.03.30-11.35.35:111][258]LogModuleManager: Shutting down and abandoning module Documentation (326)
[2017.03.30-11.35.35:111][258]LogModuleManager: Shutting down and abandoning module Niagara (324)
[2017.03.30-11.35.35:111][258]LogModuleManager: Shutting down and abandoning module StreamingPauseRendering (322)
[2017.03.30-11.35.35:111][258]LogModuleManager: Shutting down and abandoning module AnalyticsET (320)
[2017.03.30-11.35.35:111][258]LogModuleManager: Shutting down and abandoning module PortalServices (318)
[2017.03.30-11.35.35:111][258]LogModuleManager: Shutting down and abandoning module PortalRpc (316)
[2017.03.30-11.35.35:111][258]LogModuleManager: Shutting down and abandoning module MessagingRpc (314)
[2017.03.30-11.35.35:111][258]LogModuleManager: Shutting down and abandoning module AIModule (312)
[2017.03.30-11.35.35:111][258]LogModuleManager: Shutting down and abandoning module GameplayDebugger (311)
[2017.03.30-11.35.35:111][258]LogModuleManager: Shutting down and abandoning module AITestSuite (309)
[2017.03.30-11.35.35:111][258]LogModuleManager: Shutting down and abandoning module ProfilerService (306)
[2017.03.30-11.35.35:132][258]LogModuleManager: Shutting down and abandoning module TaskGraph (304)
[2017.03.30-11.35.35:132][258]LogModuleManager: Shutting down and abandoning module SteamVRController (302)
[2017.03.30-11.35.35:132][258]LogModuleManager: Shutting down and abandoning module SteamVR (300)
[2017.03.30-11.35.35:132][258]LogModuleManager: Shutting down and abandoning module ProceduralMeshComponentEditor (298)
[2017.03.30-11.35.35:132][258]LogModuleManager: Shutting down and abandoning module ProceduralMeshComponent (296)
[2017.03.30-11.35.35:132][258]LogModuleManager: Shutting down and abandoning module OculusLibrary (294)
[2017.03.30-11.35.35:132][258]LogModuleManager: Shutting down and abandoning module OculusInput (292)
[2017.03.30-11.35.35:132][258]LogModuleManager: Shutting down and abandoning module MobilePatchingUtils (290)
[2017.03.30-11.35.35:132][258]LogModuleManager: Shutting down and abandoning module CustomMeshComponent (288)
[2017.03.30-11.35.35:132][258]LogModuleManager: Shutting down and abandoning module CableComponent (286)
[2017.03.30-11.35.35:132][258]LogModuleManager: Shutting down and abandoning module ArchVisCharacter (284)
[2017.03.30-11.35.35:132][258]LogModuleManager: Shutting down and abandoning module MediaPlayerEditor (280)
[2017.03.30-11.35.35:132][258]LogModuleManager: Shutting down and abandoning module HTML5Networking (278)
[2017.03.30-11.35.35:132][258]LogModuleManager: Shutting down and abandoning module AlembicImporter (276)
[2017.03.30-11.35.35:132][258]LogModuleManager: Shutting down and abandoning module AlembicLibrary (275)
[2017.03.30-11.35.35:132][258]LogModuleManager: Shutting down and abandoning module GeometryCache (274)
[2017.03.30-11.35.35:132][258]LogModuleManager: Shutting down and abandoning module GeometryCacheEd (273)
[2017.03.30-11.35.35:132][258]LogModuleManager: Shutting down and abandoning module SuperSearchEditor (268)
[2017.03.30-11.35.35:132][258]LogModuleManager: Shutting down and abandoning module SuperSearch (267)
[2017.03.30-11.35.35:132][258]LogModuleManager: Shutting down and abandoning module SpeedTreeImporter (264)
[2017.03.30-11.35.35:132][258]LogModuleManager: Shutting down and abandoning module PluginBrowser (262)
[2017.03.30-11.35.35:133][258]LogModuleManager: Shutting down and abandoning module MobileLauncherProfileWizard (260)
[2017.03.30-11.35.35:133][258]LogModuleManager: Shutting down and abandoning module EpicSurvey (258)
[2017.03.30-11.35.35:133][258]LogModuleManager: Shutting down and abandoning module VisualStudioSourceCodeAccess (256)
[2017.03.30-11.35.35:133][258]LogModuleManager: Shutting down and abandoning module DesktopPlatform (255)
[2017.03.30-11.35.35:133][258]LogModuleManager: Shutting down and abandoning module UObjectPlugin (252)
[2017.03.30-11.35.35:133][258]LogModuleManager: Shutting down and abandoning module SubversionSourceControl (250)
[2017.03.30-11.35.35:133][258]LogModuleManager: Shutting down and abandoning module PerforceSourceControl (248)
[2017.03.30-11.35.35:133][258]LogModuleManager: Shutting down and abandoning module GitSourceControl (246)
[2017.03.30-11.35.35:133][258]LogModuleManager: Shutting down and abandoning module SourceControl (245)
[2017.03.30-11.35.35:133][258]LogModuleManager: Shutting down and abandoning module LightPropagationVolumeEditor (242)
[2017.03.30-11.35.35:133][258]LogModuleManager: Shutting down and abandoning module PaperTiledImporter (240)
[2017.03.30-11.35.35:133][258]LogModuleManager: Shutting down and abandoning module PaperSpriteSheetImporter (238)
[2017.03.30-11.35.35:133][258]LogModuleManager: Shutting down and abandoning module Paper2DEditor (236)
[2017.03.30-11.35.35:133][258]LogModuleManager: Shutting down and abandoning module MeshPaint (235)
[2017.03.30-11.35.35:133][258]LogModuleManager: Shutting down and abandoning module LevelEditor (233)
[2017.03.30-11.35.35:134][258]LogModuleManager: Shutting down and abandoning module PixelInspectorModule (232)
[2017.03.30-11.35.35:134][258]LogModuleManager: Shutting down and abandoning module MainFrame (230)
[2017.03.30-11.35.35:134][258]LogModuleManager: Shutting down and abandoning module HotReload (229)
[2017.03.30-11.35.35:134][258]LogModuleManager: Shutting down and abandoning module ContentBrowser (225)
[2017.03.30-11.35.35:135][258]LogModuleManager: Shutting down and abandoning module PhysXVehiclesEditor (222)
[2017.03.30-11.35.35:135][258]LogModuleManager: Shutting down and abandoning module PhysXVehicles (220)
[2017.03.30-11.35.35:135][258]LogModuleManager: Shutting down and abandoning module LocationServicesBPLibrary (218)
[2017.03.30-11.35.35:135][258]LogModuleManager: Shutting down and abandoning module UdpMessaging (216)
[2017.03.30-11.35.35:235][258]LogModuleManager: Shutting down and abandoning module TcpMessaging (214)
[2017.03.30-11.35.35:335][258]LogModuleManager: Shutting down and abandoning module GameplayTagsEditor (212)
[2017.03.30-11.35.35:335][258]LogModuleManager: Shutting down and abandoning module FacialAnimationEditor (210)
[2017.03.30-11.35.35:335][258]LogModuleManager: Shutting down and abandoning module FacialAnimation (208)
[2017.03.30-11.35.35:335][258]LogModuleManager: Shutting down and abandoning module LightPropagationVolumeRuntime (206)
[2017.03.30-11.35.35:335][258]LogModuleManager: Shutting down and abandoning module Paper2D (204)
[2017.03.30-11.35.35:335][258]LogModuleManager: Shutting down and abandoning module WindowsMoviePlayer (202)
[2017.03.30-11.35.35:335][258]LogModuleManager: Shutting down and abandoning module WmfMedia (200)
[2017.03.30-11.35.35:335][258]LogModuleManager: Shutting down and abandoning module MfMedia (198)
[2017.03.30-11.35.35:335][258]LogModuleManager: Shutting down and abandoning module MediaAssets (196)
[2017.03.30-11.35.35:335][258]LogModuleManager: Shutting down and abandoning module GameLiveStreaming (194)
[2017.03.30-11.35.35:335][258]LogModuleManager: Shutting down and abandoning module VREditor (192)
[2017.03.30-11.35.35:335][258]LogModuleManager: Shutting down and abandoning module GameplayTasksEditor (190)
[2017.03.30-11.35.35:335][258]LogModuleManager: Shutting down and abandoning module BehaviorTreeEditor (188)
[2017.03.30-11.35.35:335][258]LogModuleManager: Shutting down and abandoning module FunctionalTesting (186)
[2017.03.30-11.35.35:335][258]LogModuleManager: Shutting down and abandoning module CollisionAnalyzer (184)
[2017.03.30-11.35.35:335][258]LogModuleManager: Shutting down and abandoning module UMG (182)
[2017.03.30-11.35.35:335][258]LogModuleManager: Shutting down and abandoning module UMGEditor (181)
[2017.03.30-11.35.35:335][258]LogModuleManager: Shutting down and abandoning module Sequencer (180)
[2017.03.30-11.35.35:335][258]LogModuleManager: Shutting down and abandoning module AssetTools (178)
[2017.03.30-11.35.35:335][258]LogModuleManager: Shutting down and abandoning module MessageLog (177)
[2017.03.30-11.35.35:335][258]LogModuleManager: Shutting down and abandoning module WorkspaceMenuStructure (176)
[2017.03.30-11.35.35:335][258]LogModuleManager: Shutting down and abandoning module SlateReflector (170)
[2017.03.30-11.35.35:335][258]LogModuleManager: Shutting down and abandoning module Slate (168)
[2017.03.30-11.35.35:335][258]LogModuleManager: Shutting down and abandoning module EditorStyle (166)
[2017.03.30-11.35.35:338][258]LogModuleManager: Shutting down and abandoning module SourceCodeAccess (164)
[2017.03.30-11.35.35:338][258]LogModuleManager: Shutting down and abandoning module HeadMountedDisplay (162)
[2017.03.30-11.35.35:338][258]LogModuleManager: Shutting down and abandoning module XAudio2 (160)
[2017.03.30-11.35.35:338][258]LogModuleManager: Shutting down and abandoning module Networking (158)
[2017.03.30-11.35.35:338][258]LogModuleManager: Shutting down and abandoning module Core (154)
[2017.03.30-11.35.35:338][258]LogModuleManager: Shutting down and abandoning module AssetRegistry (152)
[2017.03.30-11.35.35:463][258]LogDirectoryWatcher: A directory notification for '../../../Engine/Content/' was aborted.
[2017.03.30-11.35.35:463][258]LogDirectoryWatcher: A directory notification for '../../../../../../Users/Xarana/Desktop/Die Beauftragten_GITHUB/Beauftragte/Content/' was aborted.
[2017.03.30-11.35.35:463][258]LogDirectoryWatcher: A directory notification for '../../../Engine/Plugins/2D/Paper2D/Content/' was aborted.
[2017.03.30-11.35.35:463][258]LogModuleManager: Shutting down and abandoning module DirectoryWatcher (151)
[2017.03.30-11.35.35:464][258]LogModuleManager: Shutting down and abandoning module KismetCompiler (148)
[2017.03.30-11.35.35:464][258]LogModuleManager: Shutting down and abandoning module PhysXFormats (146)
[2017.03.30-11.35.35:464][258]LogModuleManager: Shutting down and abandoning module MeshUtilities (144)
[2017.03.30-11.35.35:464][258]LogModuleManager: Shutting down and abandoning module SimplygonSwarm (143)
[2017.03.30-11.35.35:464][258]LogModuleManager: Shutting down and abandoning module SimplygonMeshReduction (141)
[2017.03.30-11.35.35:464][258]LogModuleManager: Shutting down and abandoning module QuadricMeshReduction (139)
[2017.03.30-11.35.35:464][258]LogModuleManager: Shutting down and abandoning module PropertyEditor (137)
[2017.03.30-11.35.35:464][258]LogModuleManager: Shutting down and abandoning module DerivedDataCache (134)
[2017.03.30-11.35.35:542][258]LogDerivedDataCache: Shutdown
[2017.03.30-11.35.35:542][258]LogModuleManager: Shutting down and abandoning module TargetPlatform (132)
[2017.03.30-11.35.35:542][258]LogModuleManager: Shutting down and abandoning module VulkanShaderFormat (131)
[2017.03.30-11.35.35:542][258]LogModuleManager: Shutting down and abandoning module ShaderFormatOpenGL (129)
[2017.03.30-11.35.35:542][258]LogModuleManager: Shutting down and abandoning module ShaderFormatD3D (127)
[2017.03.30-11.35.35:542][258]LogModuleManager: Shutting down and abandoning module MetalShaderFormat (125)
[2017.03.30-11.35.35:542][258]LogModuleManager: Shutting down and abandoning module TextureFormatUncompressed (123)
[2017.03.30-11.35.35:542][258]LogModuleManager: Shutting down and abandoning module TextureFormatPVR (121)
[2017.03.30-11.35.35:542][258]LogModuleManager: Shutting down and abandoning module TextureFormatDXT (119)
[2017.03.30-11.35.35:542][258]LogModuleManager: Shutting down and abandoning module TextureFormatIntelISPCTexComp (117)
[2017.03.30-11.35.35:542][258]LogModuleManager: Shutting down and abandoning module TextureFormatASTC (115)
[2017.03.30-11.35.35:542][258]LogModuleManager: Shutting down and abandoning module ImageWrapper (114)
[2017.03.30-11.35.35:543][258]LogModuleManager: Shutting down and abandoning module TextureFormatAndroid (111)
[2017.03.30-11.35.35:543][258]LogModuleManager: Shutting down and abandoning module AudioFormatOpus (109)
[2017.03.30-11.35.35:543][258]LogModuleManager: Shutting down and abandoning module AudioFormatOgg (107)
[2017.03.30-11.35.35:543][258]LogModuleManager: Shutting down and abandoning module AudioFormatADPCM (105)
[2017.03.30-11.35.35:543][258]LogModuleManager: Shutting down and abandoning module LinuxTargetPlatform (103)
[2017.03.30-11.35.35:543][258]LogModuleManager: Shutting down and abandoning module LinuxServerTargetPlatform (101)
[2017.03.30-11.35.35:543][258]LogModuleManager: Shutting down and abandoning module LinuxNoEditorTargetPlatform (99)
[2017.03.30-11.35.35:543][258]LogModuleManager: Shutting down and abandoning module LinuxClientTargetPlatform (97)
[2017.03.30-11.35.35:543][258]LogModuleManager: Shutting down and abandoning module TVOSTargetPlatform (95)
[2017.03.30-11.35.35:543][258]LogModuleManager: Shutting down and abandoning module Messaging (93)
[2017.03.30-11.35.35:543][258]LogModuleManager: Shutting down and abandoning module IOSTargetPlatform (91)
[2017.03.30-11.35.35:543][258]LogModuleManager: Shutting down and abandoning module HTML5TargetPlatform (89)
[2017.03.30-11.35.35:543][258]LogModuleManager: Shutting down and abandoning module Android_PVRTCTargetPlatform (87)
[2017.03.30-11.35.35:543][258]LogModuleManager: Shutting down and abandoning module Android_MultiTargetPlatform (85)
[2017.03.30-11.35.35:543][258]LogModuleManager: Shutting down and abandoning module Android_ETC2TargetPlatform (83)
[2017.03.30-11.35.35:543][258]LogModuleManager: Shutting down and abandoning module Android_ETC1TargetPlatform (81)
[2017.03.30-11.35.35:543][258]LogModuleManager: Shutting down and abandoning module Android_DXTTargetPlatform (79)
[2017.03.30-11.35.35:543][258]LogModuleManager: Shutting down and abandoning module Android_ATCTargetPlatform (77)
[2017.03.30-11.35.35:543][258]LogModuleManager: Shutting down and abandoning module Android_ASTCTargetPlatform (75)
[2017.03.30-11.35.35:543][258]LogModuleManager: Shutting down and abandoning module AndroidTargetPlatform (73)
[2017.03.30-11.35.35:543][258]LogModuleManager: Shutting down and abandoning module WindowsTargetPlatform (71)
[2017.03.30-11.35.35:543][258]LogModuleManager: Shutting down and abandoning module WindowsServerTargetPlatform (69)
[2017.03.30-11.35.35:543][258]LogModuleManager: Shutting down and abandoning module WindowsNoEditorTargetPlatform (67)
[2017.03.30-11.35.35:543][258]LogModuleManager: Shutting down and abandoning module WindowsClientTargetPlatform (65)
[2017.03.30-11.35.35:543][258]LogModuleManager: Shutting down and abandoning module MacTargetPlatform (63)
[2017.03.30-11.35.35:543][258]LogModuleManager: Shutting down and abandoning module MacServerTargetPlatform (61)
[2017.03.30-11.35.35:543][258]LogModuleManager: Shutting down and abandoning module MacNoEditorTargetPlatform (59)
[2017.03.30-11.35.35:543][258]LogModuleManager: Shutting down and abandoning module MacClientTargetPlatform (57)
[2017.03.30-11.35.35:543][258]LogModuleManager: Shutting down and abandoning module AllDesktopTargetPlatform (55)
[2017.03.30-11.35.35:543][258]LogModuleManager: Shutting down and abandoning module InputCore (52)
[2017.03.30-11.35.35:543][258]LogModuleManager: Shutting down and abandoning module Settings (50)
[2017.03.30-11.35.35:543][258]LogModuleManager: Shutting down and abandoning module OculusRift (48)
[2017.03.30-11.35.35:543][258]LogModuleManager: Shutting down and abandoning module GearVR (46)
[2017.03.30-11.35.35:543][258]LogModuleManager: Shutting down and abandoning module ExampleDeviceProfileSelector (44)
[2017.03.30-11.35.35:543][258]LogModuleManager: Shutting down and abandoning module OnlineBlueprintSupport (42)
[2017.03.30-11.35.35:543][258]LogModuleManager: Shutting down and abandoning module OnlineSubsystem (38)
[2017.03.30-11.35.35:543][258]LogOnline:Display: Unloading online subsystem: NULL
[2017.03.30-11.35.35:543][258]LogModuleManager: Shutting down and abandoning module XMPP (37)
[2017.03.30-11.35.35:543][258]LogModuleManager: Shutting down and abandoning module HTTP (35)
[2017.03.30-11.35.35:543][258]LogHttp:Display: Http module shutting down, but needs to wait on 1 outstanding Http requests:
[2017.03.30-11.35.35:543][258]LogHttp:Display: 	verb=[POST] url=[https://datarouter.ol.epicgames.com/datarouter/api/v1/public/data?SessionID=%7B9D79759F-436E-490D-A728-66B1B1C871EC%7D&AppID=UEEditor.Rocket.Release&AppVersion=4.15.1-3348071%2B%2B%2BUE4%2BRelease-4.15&UserID=88d668f44c400c760af3cea5f8517170%7C72ea6c91e559470b8316fc909c1650da%7C3e68f398-52d6-481b-bcaf-b2d01b5b9b84&AppEnvironment=datacollector-binary&UploadType=eteventstream] status=Processing
[2017.03.30-11.35.35:571][258]LogModuleManager: Shutting down and abandoning module SSL (34)
[2017.03.30-11.35.35:572][258]LogModuleManager: Shutting down and abandoning module AudioEditor (30)
[2017.03.30-11.35.35:572][258]LogModuleManager: Shutting down and abandoning module TextureCompressor (28)
[2017.03.30-11.35.35:572][258]LogModuleManager: Shutting down and abandoning module ShaderCore (26)
[2017.03.30-11.35.35:572][258]LogModuleManager: Shutting down and abandoning module Landscape (24)
[2017.03.30-11.35.35:572][258]LogModuleManager: Shutting down and abandoning module SlateRHIRenderer (22)
[2017.03.30-11.35.35:578][258]LogModuleManager: Shutting down and abandoning module OpenGLDrv (20)
[2017.03.30-11.35.35:578][258]LogModuleManager: Shutting down and abandoning module D3D11RHI (18)
[2017.03.30-11.35.35:578][258]LogModuleManager: Shutting down and abandoning module AnimGraphRuntime (16)
[2017.03.30-11.35.35:578][258]LogModuleManager: Shutting down and abandoning module Renderer (14)
[2017.03.30-11.35.35:578][258]LogModuleManager: Shutting down and abandoning module Engine (12)
[2017.03.30-11.35.35:578][258]LogModuleManager: Shutting down and abandoning module CoreUObject (10)
[2017.03.30-11.35.35:578][258]LogModuleManager: Shutting down and abandoning module NetworkFile (8)
[2017.03.30-11.35.35:578][258]LogModuleManager: Shutting down and abandoning module StreamingFile (6)
[2017.03.30-11.35.35:578][258]LogModuleManager: Shutting down and abandoning module SandboxFile (4)
[2017.03.30-11.35.35:578][258]LogModuleManager: Shutting down and abandoning module PakFile (2)
[2017.03.30-11.35.35:581][258]LogExit: Exiting.
[2017.03.30-11.35.35:583][258]Log file closed, 03/30/17 13:35:35
